1, enemy_healthbar_gone invisible_frame
2, enemy_healthbar_gone screenshot:0,0,160,144 invisible_frame
3, enemy_healthbar_gone invisible_frame
4, enemy_healthbar_gone invisible_frame
5, enemy_healthbar_gone invisible_frame
6, enemy_healthbar_gone invisible_frame
7, enemy_healthbar_gone invisible_frame
8, enemy_healthbar_gone
9, enemy_healthbar_gone
10, enemy_healthbar_gone
11, enemy_healthbar_gone
12, enemy_healthbar_gone
13, enemy_healthbar_gone
14, enemy_healthbar_gone
15, enemy_healthbar_gone
16, enemy_healthbar_gone
17, enemy_healthbar_gone
18, enemy_healthbar_gone
19, enemy_healthbar_gone
20, enemy_healthbar_gone
21, enemy_healthbar_gone
22, enemy_healthbar_gone
23, enemy_healthbar_gone
24, enemy_healthbar_gone
25, enemy_healthbar_gone
26, enemy_healthbar_gone
27, enemy_healthbar_gone
28, enemy_healthbar_gone
29, enemy_healthbar_gone
30, enemy_healthbar_gone
31, enemy_healthbar_gone
32, enemy_healthbar_gone
33, enemy_healthbar_gone
34, enemy_healthbar_gone
35, enemy_healthbar_gone
36, enemy_healthbar_gone
37, enemy_healthbar_gone
38, enemy_healthbar_gone
39, enemy_healthbar_gone
40, enemy_healthbar_gone
41, enemy_healthbar_gone
42, enemy_healthbar_gone
43, enemy_healthbar_gone
44, enemy_healthbar_gone
45, enemy_healthbar_gone
46, enemy_healthbar_gone
47, enemy_healthbar_gone
48, enemy_healthbar_gone
49, enemy_healthbar_gone
50, enemy_healthbar_gone
51, enemy_healthbar_gone
52, enemy_healthbar_gone
53, enemy_healthbar_gone
54, enemy_healthbar_gone
55, enemy_healthbar_gone
56, enemy_healthbar_gone
57, enemy_healthbar_gone
58, enemy_healthbar_gone
59, enemy_healthbar_gone
60, enemy_healthbar_gone
61, enemy_healthbar_gone
62, enemy_healthbar_gone
63, enemy_healthbar_gone
64, enemy_healthbar_gone
65, enemy_healthbar_gone
66, enemy_healthbar_gone
67, enemy_healthbar_gone
68, enemy_healthbar_gone
69, enemy_healthbar_gone
70, enemy_healthbar_gone
71, enemy_healthbar_gone
72, enemy_healthbar_gone
73, enemy_healthbar_gone
74, enemy_healthbar_gone
75, enemy_healthbar_gone
76, enemy_healthbar_gone
77, enemy_healthbar_gone
78, enemy_healthbar_gone
79, enemy_healthbar_gone
80, enemy_healthbar_gone
81, enemy_healthbar_gone
82, enemy_healthbar_gone
83, enemy_healthbar_gone
84, enemy_healthbar_gone
85, enemy_healthbar_gone
86, enemy_healthbar_gone
87, enemy_healthbar_gone
88, enemy_healthbar_gone
89, enemy_healthbar_gone
90, enemy_healthbar_gone
91, enemy_healthbar_gone
92, enemy_healthbar_gone
93, enemy_healthbar_gone
94, enemy_healthbar_gone
95, enemy_healthbar_gone
96, enemy_healthbar_gone
97, enemy_healthbar_gone
98, enemy_healthbar_gone
99, enemy_healthbar_gone
100, enemy_healthbar_gone
101, enemy_healthbar_gone
102, enemy_healthbar_gone
103, enemy_healthbar_gone
104, enemy_healthbar_gone
105, enemy_healthbar_gone
106, enemy_healthbar_gone
107, enemy_healthbar_gone
108, enemy_healthbar_gone
109, enemy_healthbar_gone
110, enemy_healthbar_gone
111, enemy_healthbar_gone
112, enemy_healthbar_gone
113, enemy_healthbar_gone
114, enemy_healthbar_gone
115, enemy_healthbar_gone
116, enemy_healthbar_gone
117, enemy_healthbar_gone
118, enemy_healthbar_gone
119, enemy_healthbar_gone
120, enemy_healthbar_gone
121, enemy_healthbar_gone
122, enemy_healthbar_gone
123, enemy_healthbar_gone
124, enemy_healthbar_gone
125, enemy_healthbar_gone
126, enemy_healthbar_gone
127, enemy_healthbar_gone
128, enemy_healthbar_gone
129, enemy_healthbar_gone
130, enemy_healthbar_gone
131, enemy_healthbar_gone
132, enemy_healthbar_gone
133, enemy_healthbar_gone
134, enemy_healthbar_gone
135, enemy_healthbar_gone
136, enemy_healthbar_gone
137, enemy_healthbar_gone
138, enemy_healthbar_gone
139, enemy_healthbar_gone
140, enemy_healthbar_gone
141, enemy_healthbar_gone
142, enemy_healthbar_gone
143, enemy_healthbar_gone
144, enemy_healthbar_gone
145, enemy_healthbar_gone
146, enemy_healthbar_gone
147, enemy_healthbar_gone
148, enemy_healthbar_gone
149, enemy_healthbar_gone
150, enemy_healthbar_gone
151, enemy_healthbar_gone
152, enemy_healthbar_gone
153, enemy_healthbar_gone
154, enemy_healthbar_gone
155, enemy_healthbar_gone
156, enemy_healthbar_gone
157, enemy_healthbar_gone
158, enemy_healthbar_gone
159, enemy_healthbar_gone
160, enemy_healthbar_gone
161, enemy_healthbar_gone
162, enemy_healthbar_gone
163, enemy_healthbar_gone
164, enemy_healthbar_gone
165, enemy_healthbar_gone
166, enemy_healthbar_gone row_copy:75,77 row_copy:76,77 row_copy:77,79
167, enemy_healthbar_gone row_copy:73,75 row_copy:74,77 row_copy:75,77 row_copy:76,78 row_copy:77,79 row_copy:78,81 row_copy:79,81
168, enemy_healthbar_gone row_copy:72,73 row_copy:73,75 row_copy:74,76 row_copy:75,78 row_copy:76,78 row_copy:77,80 row_copy:78,80 row_copy:79,81 row_copy:80,81
169, enemy_healthbar_gone row_copy:69,67 row_copy:70,68 row_copy:71,70 row_copy:73,74 row_copy:74,76 row_copy:75,77 row_copy:76,79 row_copy:77,79 row_copy:78,80 row_copy:79,80 row_copy:81,80 row_copy:82,80 row_copy:83,81
170, enemy_healthbar_gone row_copy:67,65 row_copy:68,66 row_copy:69,66 row_copy:70,68 row_copy:71,69 row_copy:72,71 row_copy:74,75 row_copy:75,77 row_copy:76,78 row_copy:77,79 row_copy:78,79 row_copy:80,79 row_copy:81,79 row_copy:82,80 row_copy:83,80 row_copy:84,82 row_copy:85,83
171, enemy_healthbar_gone row_copy:65,66 row_copy:67,66 row_copy:68,66 row_copy:69,67 row_copy:70,67 row_copy:71,69 row_copy:72,70 row_copy:73,72 row_copy:75,76 row_copy:76,78 row_copy:77,78 row_copy:79,78 row_copy:80,78 row_copy:81,79 row_copy:82,79 row_copy:83,81 row_copy:84,82 row_copy:85,84 row_copy:87,88
172, enemy_healthbar_gone row_copy:65,66 row_copy:67,66 row_copy:68,66 row_copy:69,67 row_copy:70,67 row_copy:71,69 row_copy:72,70 row_copy:73,72 row_copy:75,76 row_copy:76,78 row_copy:77,78 row_copy:79,78 row_copy:80,78 row_copy:81,79 row_copy:82,79 row_copy:83,81 row_copy:84,82 row_copy:85,84 row_copy:87,88
173, enemy_healthbar_gone row_copy:65,66 row_copy:67,66 row_copy:68,66 row_copy:69,67 row_copy:70,67 row_copy:71,69 row_copy:72,70 row_copy:73,72 row_copy:75,76 row_copy:76,78 row_copy:77,78 row_copy:79,78 row_copy:80,78 row_copy:81,79 row_copy:82,79 row_copy:83,81 row_copy:84,82 row_copy:85,84 row_copy:87,88
174, enemy_healthbar_gone row_copy:63,66 row_copy:64,66 row_copy:65,67 row_copy:66,67 row_copy:68,67 row_copy:69,67 row_copy:70,68 row_copy:71,68 row_copy:72,70 row_copy:73,71 row_copy:74,73 row_copy:76,77 row_copy:78,77 row_copy:79,77 row_copy:80,78 row_copy:81,78 row_copy:82,80 row_copy:83,81 row_copy:84,83 row_copy:86,87 row_copy:87,89 row_copy:88,90 row_copy:89,92
175, enemy_healthbar_gone row_copy:63,66 row_copy:64,66 row_copy:65,67 row_copy:66,67 row_copy:68,67 row_copy:69,67 row_copy:70,68 row_copy:71,68 row_copy:72,70 row_copy:73,71 row_copy:74,73 row_copy:76,77 row_copy:78,77 row_copy:79,77 row_copy:80,78 row_copy:81,78 row_copy:82,80 row_copy:83,81 row_copy:84,83 row_copy:86,87 row_copy:87,89 row_copy:88,90 row_copy:89,92
176, enemy_healthbar_gone row_copy:62,63 row_copy:63,64 row_copy:64,66 row_copy:65,66 row_copy:66,67 row_copy:70,69 row_copy:71,70 row_copy:72,70 row_copy:73,72 row_copy:74,73 row_copy:78,77 row_copy:79,78 row_copy:80,78 row_copy:81,80 row_copy:82,81 row_copy:86,87 row_copy:87,88 row_copy:88,90 row_copy:89,90 row_copy:90,91
177, enemy_healthbar_gone row_copy:62,63 row_copy:63,64 row_copy:64,66 row_copy:65,66 row_copy:66,67 row_copy:70,69 row_copy:71,70 row_copy:72,70 row_copy:73,72 row_copy:74,73 row_copy:78,77 row_copy:79,78 row_copy:80,78 row_copy:81,80 row_copy:82,81 row_copy:86,87 row_copy:87,88 row_copy:88,90 row_copy:89,90 row_copy:90,91
178, enemy_healthbar_gone row_copy:59,58 row_copy:63,64 row_copy:64,65 row_copy:65,67 row_copy:66,67 row_copy:67,68 row_copy:71,70 row_copy:72,71 row_copy:73,71 row_copy:74,73 row_copy:75,74 row_copy:77,76 row_copy:78,77 row_copy:79,77 row_copy:80,79 row_copy:81,80 row_copy:85,86 row_copy:86,87 row_copy:87,89 row_copy:88,89 row_copy:89,90 row_copy:93,92
179, enemy_healthbar_gone row_copy:59,58 row_copy:63,64 row_copy:64,65 row_copy:65,67 row_copy:66,67 row_copy:67,68 row_copy:71,70 row_copy:72,71 row_copy:73,71 row_copy:74,73 row_copy:75,74 row_copy:77,76 row_copy:78,77 row_copy:79,77 row_copy:80,79 row_copy:81,80 row_copy:85,86 row_copy:86,87 row_copy:87,89 row_copy:88,89 row_copy:89,90 row_copy:93,92
180, enemy_healthbar_gone row_copy:57,56 row_copy:58,56 row_copy:59,58 row_copy:60,59 row_copy:64,65 row_copy:65,66 row_copy:66,68 row_copy:67,68 row_copy:68,69 row_copy:72,71 row_copy:73,72 row_copy:74,72 row_copy:75,74 row_copy:76,75 row_copy:77,76 row_copy:78,76 row_copy:79,78 row_copy:80,79 row_copy:84,85 row_copy:85,86 row_copy:86,88 row_copy:87,88 row_copy:88,89 row_copy:92,91 row_copy:93,92 row_copy:94,92 row_copy:95,94
181, enemy_healthbar_gone row_copy:57,56 row_copy:58,56 row_copy:59,58 row_copy:60,59 row_copy:64,65 row_copy:65,66 row_copy:66,68 row_copy:67,68 row_copy:68,69 row_copy:72,71 row_copy:73,72 row_copy:74,72 row_copy:75,74 row_copy:76,75 row_copy:77,76 row_copy:78,76 row_copy:79,78 row_copy:80,79 row_copy:84,85 row_copy:85,86 row_copy:86,88 row_copy:87,88 row_copy:88,89 row_copy:92,91 row_copy:93,92 row_copy:94,92 row_copy:95,94
182, enemy_healthbar_gone row_copy:57,56 row_copy:58,57 row_copy:59,57 row_copy:60,59 row_copy:61,60 row_copy:65,66 row_copy:66,67 row_copy:67,69 row_copy:68,69 row_copy:69,70 row_copy:73,72 row_copy:74,73 row_copy:75,73 row_copy:76,75 row_copy:77,75 row_copy:78,77 row_copy:79,78 row_copy:83,84 row_copy:84,85 row_copy:85,87 row_copy:86,87 row_copy:87,88 row_copy:91,90 row_copy:92,91 row_copy:93,91 row_copy:94,93 row_copy:95,94
183, enemy_healthbar_gone row_copy:57,56 row_copy:58,57 row_copy:59,57 row_copy:60,59 row_copy:61,60 row_copy:65,66 row_copy:66,67 row_copy:67,69 row_copy:68,69 row_copy:69,70 row_copy:73,72 row_copy:74,73 row_copy:75,73 row_copy:76,75 row_copy:77,75 row_copy:78,77 row_copy:79,78 row_copy:83,84 row_copy:84,85 row_copy:85,87 row_copy:86,87 row_copy:87,88 row_copy:91,90 row_copy:92,91 row_copy:93,91 row_copy:94,93 row_copy:95,94
184, enemy_healthbar_gone row_copy:58,57 row_copy:59,58 row_copy:60,58 row_copy:61,60 row_copy:62,61 row_copy:66,67 row_copy:67,68 row_copy:68,70 row_copy:69,70 row_copy:70,71 row_copy:74,73 row_copy:75,74 row_copy:76,74 row_copy:77,76 row_copy:78,77 row_copy:82,83 row_copy:83,84 row_copy:84,86 row_copy:85,86 row_copy:86,87 row_copy:90,89 row_copy:91,90 row_copy:92,90 row_copy:93,92 row_copy:94,93
185, enemy_healthbar_gone row_copy:58,57 row_copy:59,58 row_copy:60,58 row_copy:61,60 row_copy:62,61 row_copy:66,67 row_copy:67,68 row_copy:68,70 row_copy:69,70 row_copy:70,71 row_copy:74,73 row_copy:75,74 row_copy:76,74 row_copy:77,76 row_copy:78,77 row_copy:82,83 row_copy:83,84 row_copy:84,86 row_copy:85,86 row_copy:86,87 row_copy:90,89 row_copy:91,90 row_copy:92,90 row_copy:93,92 row_copy:94,93
186, enemy_healthbar_gone row_copy:59,58 row_copy:60,59 row_copy:61,59 row_copy:62,61 row_copy:63,62 row_copy:67,68 row_copy:68,69 row_copy:69,71 row_copy:70,71 row_copy:71,72 row_copy:75,74 row_copy:76,75 row_copy:77,76 row_copy:81,82 row_copy:82,83 row_copy:83,85 row_copy:84,85 row_copy:85,86 row_copy:89,88 row_copy:90,89 row_copy:91,89 row_copy:92,91 row_copy:93,92
187, enemy_healthbar_gone row_copy:59,58 row_copy:60,59 row_copy:61,59 row_copy:62,61 row_copy:63,62 row_copy:67,68 row_copy:68,69 row_copy:69,71 row_copy:70,71 row_copy:71,72 row_copy:75,74 row_copy:76,75 row_copy:77,76 row_copy:81,82 row_copy:82,83 row_copy:83,85 row_copy:84,85 row_copy:85,86 row_copy:89,88 row_copy:90,89 row_copy:91,89 row_copy:92,91 row_copy:93,92
188, enemy_healthbar_gone row_copy:60,59 row_copy:61,60 row_copy:62,60 row_copy:63,62 row_copy:64,63 row_copy:68,69 row_copy:69,70 row_copy:70,72 row_copy:71,72 row_copy:72,73 row_copy:76,75 row_copy:80,81 row_copy:81,82 row_copy:82,84 row_copy:83,84 row_copy:84,85 row_copy:88,87 row_copy:89,88 row_copy:90,88 row_copy:91,90 row_copy:92,91
189, enemy_healthbar_gone row_copy:60,59 row_copy:61,60 row_copy:62,60 row_copy:63,62 row_copy:64,63 row_copy:68,69 row_copy:69,70 row_copy:70,72 row_copy:71,72 row_copy:72,73 row_copy:76,75 row_copy:80,81 row_copy:81,82 row_copy:82,84 row_copy:83,84 row_copy:84,85 row_copy:88,87 row_copy:89,88 row_copy:90,88 row_copy:91,90 row_copy:92,91
190, enemy_healthbar_gone
191, enemy_healthbar_gone
192, enemy_healthbar_gone
193, enemy_healthbar_gone
194, enemy_healthbar_gone
195, enemy_healthbar_gone
196, enemy_healthbar_gone
197, enemy_healthbar_gone
198, enemy_healthbar_gone
199, enemy_healthbar_gone
200, enemy_healthbar_gone
201, enemy_healthbar_gone
202, enemy_healthbar_gone
203, enemy_healthbar_gone
204, enemy_healthbar_gone
205, enemy_healthbar_gone
206, enemy_healthbar_gone
207, enemy_healthbar_gone
208, enemy_healthbar_gone
209, enemy_healthbar_gone
210, enemy_healthbar_gone
211, enemy_healthbar_gone
212, enemy_healthbar_gone
213, enemy_healthbar_gone
214, enemy_healthbar_gone
215, enemy_healthbar_gone
216, enemy_healthbar_gone invisible_frame
217, enemy_healthbar_gone invisible_frame
218, enemy_healthbar_gone invisible_frame
219, enemy_healthbar_gone invisible_frame