1, player_healthbar_gone invisible frame
2, player_healthbar_gone invisible frame
3, player_healthbar_gone invisible frame
4, player_healthbar_gone invisible frame
5, player_healthbar_gone invisible frame
6, player_healthbar_gone invisible frame
7, player_healthbar_gone screen_translate_x:4 inverse_colors invisible frame
8, player_healthbar_gone screen_translate_x:4 inverse_colors invisible frame
9, player_healthbar_gone screen_translate_x:-4 inverse_colors
10, player_healthbar_gone screen_translate_x:-4 inverse_colors
11, player_healthbar_gone screen_translate_x:4 inverse_colors
12, player_healthbar_gone screen_translate_x:4 inverse_colors
13, player_healthbar_gone screen_translate_x:-4 inverse_colors
14, player_healthbar_gone screen_translate_x:-4 inverse_colors
15, player_healthbar_gone screen_translate_x:4 inverse_colors
16, player_healthbar_gone screen_translate_x:4
17, player_healthbar_gone screen_translate_x:-4
18, player_healthbar_gone screen_translate_x:-4
19, player_healthbar_gone screen_translate_x:4
20, player_healthbar_gone screen_translate_x:4
21, player_healthbar_gone screen_translate_x:-4
22, player_healthbar_gone screen_translate_x:-4
23, player_healthbar_gone screen_translate_x:4
24, player_healthbar_gone screen_translate_x:4
25, player_healthbar_gone screen_translate_x:-4 inverse_colors
26, player_healthbar_gone screen_translate_x:-4 inverse_colors
27, player_healthbar_gone screen_translate_x:4 inverse_colors
28, player_healthbar_gone screen_translate_x:4 inverse_colors
29, player_healthbar_gone screen_translate_x:-4 inverse_colors
30, player_healthbar_gone screen_translate_x:-4 inverse_colors
31, player_healthbar_gone screen_translate_x:4 inverse_colors
32, player_healthbar_gone screen_translate_x:4 inverse_colors
33, player_healthbar_gone screen_translate_x:-4 inverse_colors
34, player_healthbar_gone screen_translate_x:-4
35, player_healthbar_gone screen_translate_x:4
36, player_healthbar_gone screen_translate_x:4
37, player_healthbar_gone screen_translate_x:-4
38, player_healthbar_gone screen_translate_x:-4
39, player_healthbar_gone screen_translate_x:4
40, player_healthbar_gone screen_translate_x:4
41, player_healthbar_gone screen_translate_x:-4
42, player_healthbar_gone screen_translate_x:-4
43, player_healthbar_gone screen_translate_x:4 inverse_colors
44, player_healthbar_gone screen_translate_x:4 inverse_colors
45, player_healthbar_gone screen_translate_x:-4 inverse_colors
46, player_healthbar_gone screen_translate_x:-4 inverse_colors
47, player_healthbar_gone screen_translate_x:4 inverse_colors
48, player_healthbar_gone screen_translate_x:4 inverse_colors
49, player_healthbar_gone screen_translate_x:-4 inverse_colors
50, player_healthbar_gone screen_translate_x:-4 inverse_colors
51, player_healthbar_gone screen_translate_x:4 inverse_colors
52, player_healthbar_gone screen_translate_x:4
53, player_healthbar_gone screen_translate_x:-4
54, player_healthbar_gone screen_translate_x:-4
55, player_healthbar_gone
56, player_healthbar_gone
57, player_healthbar_gone
58, player_healthbar_gone
59, player_healthbar_gone
60, player_healthbar_gone
61, player_healthbar_gone inverse_colors
62, player_healthbar_gone inverse_colors
63, player_healthbar_gone inverse_colors
64, player_healthbar_gone inverse_colors
65, player_healthbar_gone inverse_colors
66, player_healthbar_gone inverse_colors
67, player_healthbar_gone inverse_colors
68, player_healthbar_gone inverse_colors
69, player_healthbar_gone inverse_colors
70, player_healthbar_gone
71, player_healthbar_gone
72, player_healthbar_gone
73, player_healthbar_gone invisible frame
74, player_healthbar_gone invisible frame
75, player_healthbar_gone invisible frame
76, player_healthbar_gone invisible frame
77, player_healthbar_gone invisible frame
78, player_healthbar_gone invisible frame
79, player_healthbar_gone invisible frame
80, player_healthbar_gone invisible frame
81, player_healthbar_gone invisible frame
82, player_healthbar_gone invisible frame
83, player_healthbar_gone invisible frame
84, player_healthbar_gone invisible frame
85, player_healthbar_gone invisible frame
86, player_healthbar_gone invisible frame
87, player_healthbar_gone invisible frame
88, player_healthbar_gone invisible frame
89, player_healthbar_gone invisible frame
90, player_healthbar_gone invisible frame
91, player_healthbar_gone invisible frame
92, player_healthbar_gone invisible frame
93, player_healthbar_gone invisible frame
94, player_healthbar_gone invisible frame
95, player_healthbar_gone invisible frame
96, player_healthbar_gone invisible frame
97, player_healthbar_gone invisible frame
98, player_healthbar_gone invisible frame
99, player_healthbar_gone invisible frame
100, player_healthbar_gone invisible frame
101, player_healthbar_gone invisible frame
102, player_healthbar_gone invisible frame
103, player_healthbar_gone invisible frame
104, player_healthbar_gone invisible frame
105, player_healthbar_gone invisible frame
106, player_healthbar_gone invisible frame
107, player_healthbar_gone invisible frame
108, player_healthbar_gone invisible frame
109, player_healthbar_gone invisible frame
110, player_healthbar_gone invisible frame
111, player_healthbar_gone invisible frame
112, player_healthbar_gone invisible frame
113, player_healthbar_gone invisible frame
114, player_healthbar_gone invisible frame
115, player_healthbar_gone invisible frame
116, player_healthbar_gone invisible frame
117, player_healthbar_gone invisible frame
118, player_healthbar_gone invisible frame
119, player_healthbar_gone invisible frame
120, player_healthbar_gone invisible frame
121, player_healthbar_gone invisible frame
122, player_healthbar_gone invisible frame
123, player_healthbar_gone invisible frame
124, player_healthbar_gone invisible frame
125, player_healthbar_gone invisible frame
126, player_healthbar_gone invisible frame
127, player_healthbar_gone invisible frame
128, player_healthbar_gone invisible frame
129, player_healthbar_gone invisible frame
130, player_healthbar_gone invisible frame
131, player_healthbar_gone invisible frame
132, player_healthbar_gone invisible frame
133, player_healthbar_gone invisible frame
134, player_healthbar_gone invisible frame
135, player_healthbar_gone invisible frame
136, player_healthbar_gone invisible frame
137, player_healthbar_gone invisible frame
138, player_healthbar_gone invisible frame
139, player_healthbar_gone invisible frame
140, player_healthbar_gone invisible frame
141, player_healthbar_gone invisible frame