1, player_healthbar_gone
2, player_healthbar_gone
3, player_healthbar_gone
4, player_healthbar_gone
5, player_healthbar_gone
6, player_healthbar_gone
7, player_healthbar_gone
8, player_healthbar_gone
9, player_healthbar_gone
10, player_healthbar_gone
11, player_healthbar_gone
12, player_healthbar_gone
13, player_healthbar_gone
14, player_healthbar_gone
15, player_healthbar_gone
16, player_healthbar_gone
17, player_healthbar_gone
18, player_healthbar_gone
19, player_healthbar_gone
20, player_healthbar_gone
21, player_healthbar_gone
22, player_healthbar_gone
23, player_healthbar_gone
24, player_healthbar_gone
25, player_healthbar_gone
26, player_healthbar_gone
27, player_healthbar_gone
28, player_healthbar_gone
29, player_healthbar_gone
30, player_healthbar_gone
31, player_healthbar_gone
32, player_healthbar_gone
33, player_healthbar_gone
34, player_healthbar_gone
35, player_healthbar_gone
36, player_healthbar_gone
37, player_healthbar_gone
38, player_healthbar_gone
39, player_healthbar_gone
40, player_healthbar_gone
41, player_healthbar_gone
42, player_healthbar_gone
43, player_healthbar_gone
44, player_healthbar_gone
45, player_healthbar_gone
46, screen_translate_x:0
47, screen_translate_x:0
48, screen_translate_x:0
49, screen_translate_x:0
50, screen_translate_x:0
51, screen_translate_x:0
52, screen_translate_x:0
53, screen_translate_x:0
54, screen_translate_x:0
55, screen_translate_x:0
56, screen_translate_x:0
57, screen_translate_x:0
58, screen_translate_x:0
59, screen_translate_x:0
60, screen_translate_x:0
61, screen_translate_x:0
62, screen_translate_x:0
63, screen_translate_x:0
64, screen_translate_x:0
65, screen_translate_x:0
66, screen_translate_x:0
67, screen_translate_x:0
68, screen_translate_x:0
69, screen_translate_x:0
70, screen_translate_x:0
71, screen_translate_x:0
72, screen_translate_x:0
73, screen_translate_x:0
74, screen_translate_x:0
75, screen_translate_x:0
76, screen_translate_x:0
77, screen_translate_x:0
78, screen_translate_x:0
79, screen_translate_x:0
80, screen_translate_x:0
81, screen_translate_x:0
82, screen_translate_x:0
83, screen_translate_x:0
84, screen_translate_x:0
85, screen_translate_x:0
86, screen_translate_x:0
87, screen_translate_x:0
88, screen_translate_x:0
89, screen_translate_x:0
90, screen_translate_x:0
91, screen_translate_x:0
92, screen_translate_x:0
93, screen_translate_x:0
94, screen_translate_x:0
95, screen_translate_x:0
96, screen_translate_x:0
97, screen_translate_x:0
98, screen_translate_x:0
99, screen_translate_x:0
100, screen_translate_x:0
101, screen_translate_x:0
102, screen_translate_x:0
103, screen_translate_x:0
104, screen_translate_x:0
105, screen_translate_x:0
106, screen_translate_x:0