1, enemy_healthbar_gone invisible frame
2, enemy_healthbar_gone invisible frame
3, enemy_healthbar_gone invisible frame
4, enemy_healthbar_gone invisible frame
5, enemy_healthbar_gone invisible frame
6, enemy_healthbar_gone invisible frame
7, enemy_healthbar_gone invisible frame
8, enemy_healthbar_gone invisible frame
9, enemy_healthbar_gone screen_translate_x:1
10, enemy_healthbar_gone screen_translate_x:-1
11, enemy_healthbar_gone screen_translate_x:1
12, enemy_healthbar_gone screen_translate_x:-1
13, enemy_healthbar_gone screen_translate_x:1
14, enemy_healthbar_gone screen_translate_x:-1
15, enemy_healthbar_gone screen_translate_x:1
16, enemy_healthbar_gone screen_translate_x:-1
17, enemy_healthbar_gone screen_translate_x:1
18, enemy_healthbar_gone screen_translate_x:-1
19, enemy_healthbar_gone screen_translate_x:1
20, enemy_healthbar_gone screen_translate_x:-1
21, enemy_healthbar_gone screen_translate_x:1
22, enemy_healthbar_gone screen_translate_x:-1
23, enemy_healthbar_gone screen_translate_x:1
24, enemy_healthbar_gone screen_translate_x:-1
25, enemy_healthbar_gone screen_translate_x:1
26, enemy_healthbar_gone screen_translate_x:-1
27, enemy_healthbar_gone screen_translate_x:1
28, enemy_healthbar_gone screen_translate_x:-1
29, enemy_healthbar_gone screen_translate_x:1
30, enemy_healthbar_gone screen_translate_x:-1
31, enemy_healthbar_gone screen_translate_x:1
32, enemy_healthbar_gone screen_translate_x:-1
33, enemy_healthbar_gone screen_translate_x:1
34, enemy_healthbar_gone screen_translate_x:-1
35, enemy_healthbar_gone screen_translate_x:1
36, enemy_healthbar_gone screen_translate_x:-1
37, enemy_healthbar_gone screen_translate_x:1
38, enemy_healthbar_gone screen_translate_x:-1
39, enemy_healthbar_gone screen_translate_x:1
40, enemy_healthbar_gone screen_translate_x:-1
41, enemy_healthbar_gone screen_translate_x:1
42, enemy_healthbar_gone screen_translate_x:-1
43, enemy_healthbar_gone screen_translate_x:1
44, enemy_healthbar_gone screen_translate_x:-1
45, enemy_healthbar_gone screen_translate_x:1
46, enemy_healthbar_gone screen_translate_x:-1
47, enemy_healthbar_gone screen_translate_x:1
48, enemy_healthbar_gone screen_translate_x:-1
49, enemy_healthbar_gone screen_translate_x:1
50, enemy_healthbar_gone screen_translate_x:-1
51, enemy_healthbar_gone screen_translate_x:1
52, enemy_healthbar_gone screen_translate_x:-1
53, enemy_healthbar_gone screen_translate_x:1
54, enemy_healthbar_gone screen_translate_x:-1
55, enemy_healthbar_gone screen_translate_x:1
56, enemy_healthbar_gone screen_translate_x:-1
57, enemy_healthbar_gone screen_translate_x:1
58, enemy_healthbar_gone screen_translate_x:-1
59, enemy_healthbar_gone screen_translate_x:1
60, enemy_healthbar_gone screen_translate_x:-1
61, enemy_healthbar_gone screen_translate_x:1
62, enemy_healthbar_gone screen_translate_x:-1
63, enemy_healthbar_gone screen_translate_x:1
64, enemy_healthbar_gone screen_translate_x:-1
65, enemy_healthbar_gone screen_translate_x:1
66, enemy_healthbar_gone screen_translate_x:-1
67, enemy_healthbar_gone screen_translate_x:1
68, enemy_healthbar_gone screen_translate_x:-1
69, enemy_healthbar_gone screen_translate_x:1 invisible frame
70, enemy_healthbar_gone screen_translate_x:-1 invisible frame
71, enemy_healthbar_gone screen_translate_x:1 invisible frame
72, enemy_healthbar_gone screen_translate_x:-1 invisible frame
73, enemy_healthbar_gone screen_translate_x:1 invisible frame
74, enemy_healthbar_gone screen_translate_x:-1 invisible frame
75, enemy_healthbar_gone screen_translate_x:1 invisible frame
76, enemy_healthbar_gone screen_translate_x:-1 invisible frame
77, enemy_healthbar_gone screen_translate_x:1 invisible frame
78, enemy_healthbar_gone screen_translate_x:-1 invisible frame
79, enemy_healthbar_gone screen_translate_x:1 invisible frame
80, enemy_healthbar_gone screen_translate_x:-1 invisible frame
81, enemy_healthbar_gone screen_translate_x:1 invisible frame
82, enemy_healthbar_gone screen_translate_x:-1 invisible frame
83, enemy_healthbar_gone screen_translate_x:1 invisible frame
84, enemy_healthbar_gone screen_translate_x:-1 invisible frame
85, enemy_healthbar_gone screen_translate_x:1 invisible frame
86, enemy_healthbar_gone screen_translate_x:-1 invisible frame
87, enemy_healthbar_gone screen_translate_x:1 invisible frame
88, enemy_healthbar_gone screen_translate_x:-1 invisible frame
89, enemy_healthbar_gone screen_translate_x:1 invisible frame
90, enemy_healthbar_gone screen_translate_x:-1 invisible frame
91, enemy_healthbar_gone screen_translate_x:1 invisible frame
92, enemy_healthbar_gone screen_translate_x:-1 invisible frame
93, enemy_healthbar_gone screen_translate_x:1 invisible frame
94, enemy_healthbar_gone screen_translate_x:-1 invisible frame
95, enemy_healthbar_gone screen_translate_x:1 invisible frame
96, enemy_healthbar_gone screen_translate_x:-1 invisible frame
97, enemy_healthbar_gone screen_translate_x:1 invisible frame
98, enemy_healthbar_gone screen_translate_x:-1 invisible frame
99, enemy_healthbar_gone screen_translate_x:1 invisible frame
100, enemy_healthbar_gone screen_translate_x:-1 invisible frame
101, enemy_healthbar_gone screen_translate_x:1 invisible frame
102, enemy_healthbar_gone screen_translate_x:-1 invisible frame
103, enemy_healthbar_gone screen_translate_x:1 invisible frame
104, enemy_healthbar_gone screen_translate_x:-1 invisible frame
105, enemy_healthbar_gone invisible frame
106, enemy_healthbar_gone invisible frame
107, enemy_healthbar_gone invisible frame
108, enemy_healthbar_gone invisible frame
109, enemy_healthbar_gone invisible frame
110, enemy_healthbar_gone invisible frame
111, enemy_healthbar_gone invisible frame
112, enemy_healthbar_gone invisible frame
113, enemy_healthbar_gone invisible frame
114, enemy_healthbar_gone invisible frame
115, enemy_healthbar_gone invisible frame
116, enemy_healthbar_gone invisible frame
117, enemy_healthbar_gone invisible frame
118, enemy_healthbar_gone invisible frame
119, enemy_healthbar_gone invisible frame
120, enemy_healthbar_gone invisible frame
121, enemy_healthbar_gone invisible frame
122, enemy_healthbar_gone invisible frame