1, enemy_healthbar_gone
2, enemy_healthbar_gone screenshot:0,0,160,144
3, enemy_healthbar_gone
4, enemy_healthbar_gone
5, enemy_healthbar_gone
6, enemy_healthbar_gone
7, enemy_healthbar_gone
8, enemy_healthbar_gone
9, enemy_healthbar_gone
10, enemy_healthbar_gone
11, enemy_healthbar_gone
12, enemy_healthbar_gone
13, enemy_healthbar_gone
14, enemy_healthbar_gone
15, enemy_healthbar_gone
16, enemy_healthbar_gone
17, enemy_healthbar_gone
18, enemy_healthbar_gone
19, enemy_healthbar_gone
20, enemy_healthbar_gone
21, enemy_healthbar_gone
22, enemy_healthbar_gone
23, enemy_healthbar_gone
24, enemy_healthbar_gone
25, enemy_healthbar_gone
26, enemy_healthbar_gone
27, enemy_healthbar_gone
28, enemy_healthbar_gone
29, enemy_healthbar_gone row_copy:75,77 row_copy:76,77 row_copy:77,79
30, enemy_healthbar_gone row_copy:73,75 row_copy:74,77 row_copy:75,77 row_copy:76,78 row_copy:77,79 row_copy:78,81 row_copy:79,81
31, enemy_healthbar_gone row_copy:72,73 row_copy:73,75 row_copy:74,76 row_copy:75,78 row_copy:76,78 row_copy:77,80 row_copy:78,80 row_copy:79,81 row_copy:80,81
32, enemy_healthbar_gone row_copy:72,73 row_copy:73,75 row_copy:74,76 row_copy:75,78 row_copy:76,78 row_copy:77,80 row_copy:78,80 row_copy:79,81 row_copy:80,81
33, enemy_healthbar_gone row_copy:69,67 row_copy:70,68 row_copy:71,70 row_copy:73,74 row_copy:74,76 row_copy:75,77 row_copy:76,79 row_copy:77,79 row_copy:78,80 row_copy:79,80 row_copy:81,80 row_copy:82,80 row_copy:83,81
34, enemy_healthbar_gone row_copy:67,65 row_copy:68,66 row_copy:69,66 row_copy:70,68 row_copy:71,69 row_copy:72,71 row_copy:74,75 row_copy:75,77 row_copy:76,78 row_copy:77,79 row_copy:78,79 row_copy:80,79 row_copy:81,79 row_copy:82,80 row_copy:83,80 row_copy:84,82 row_copy:85,83
35, enemy_healthbar_gone row_copy:65,66 row_copy:67,66 row_copy:68,66 row_copy:69,67 row_copy:70,67 row_copy:71,69 row_copy:72,70 row_copy:73,72 row_copy:75,76 row_copy:76,78 row_copy:77,78 row_copy:79,78 row_copy:80,78 row_copy:81,79 row_copy:82,79 row_copy:83,81 row_copy:84,82 row_copy:85,84 row_copy:87,88
36, enemy_healthbar_gone row_copy:65,66 row_copy:67,66 row_copy:68,66 row_copy:69,67 row_copy:70,67 row_copy:71,69 row_copy:72,70 row_copy:73,72 row_copy:75,76 row_copy:76,78 row_copy:77,78 row_copy:79,78 row_copy:80,78 row_copy:81,79 row_copy:82,79 row_copy:83,81 row_copy:84,82 row_copy:85,84 row_copy:87,88
37, enemy_healthbar_gone row_copy:63,66 row_copy:64,66 row_copy:65,67 row_copy:66,67 row_copy:68,67 row_copy:69,67 row_copy:70,68 row_copy:71,68 row_copy:72,70 row_copy:73,71 row_copy:74,73 row_copy:76,77 row_copy:78,77 row_copy:79,77 row_copy:80,78 row_copy:81,78 row_copy:82,80 row_copy:83,81 row_copy:84,83 row_copy:86,87 row_copy:87,89 row_copy:88,90 row_copy:89,92
38, enemy_healthbar_gone row_copy:63,66 row_copy:64,66 row_copy:65,67 row_copy:66,67 row_copy:68,67 row_copy:69,67 row_copy:70,68 row_copy:71,68 row_copy:72,70 row_copy:73,71 row_copy:74,73 row_copy:76,77 row_copy:78,77 row_copy:79,77 row_copy:80,78 row_copy:81,78 row_copy:82,80 row_copy:83,81 row_copy:84,83 row_copy:86,87 row_copy:87,89 row_copy:88,90 row_copy:89,92
39, enemy_healthbar_gone row_copy:62,63 row_copy:63,64 row_copy:64,66 row_copy:65,66 row_copy:66,67 row_copy:70,69 row_copy:71,70 row_copy:72,70 row_copy:73,72 row_copy:74,73 row_copy:78,77 row_copy:79,78 row_copy:80,78 row_copy:81,80 row_copy:82,81 row_copy:86,87 row_copy:87,88 row_copy:88,90 row_copy:89,90 row_copy:90,91
40, enemy_healthbar_gone row_copy:62,63 row_copy:63,64 row_copy:64,66 row_copy:65,66 row_copy:66,67 row_copy:70,69 row_copy:71,70 row_copy:72,70 row_copy:73,72 row_copy:74,73 row_copy:78,77 row_copy:79,78 row_copy:80,78 row_copy:81,80 row_copy:82,81 row_copy:86,87 row_copy:87,88 row_copy:88,90 row_copy:89,90 row_copy:90,91
41, enemy_healthbar_gone row_copy:59,58 row_copy:63,64 row_copy:64,65 row_copy:65,67 row_copy:66,67 row_copy:67,68 row_copy:71,70 row_copy:72,71 row_copy:73,71 row_copy:74,73 row_copy:75,74 row_copy:77,76 row_copy:78,77 row_copy:79,77 row_copy:80,79 row_copy:81,80 row_copy:85,86 row_copy:86,87 row_copy:87,89 row_copy:88,89 row_copy:89,90 row_copy:93,92
42, enemy_healthbar_gone row_copy:59,58 row_copy:63,64 row_copy:64,65 row_copy:65,67 row_copy:66,67 row_copy:67,68 row_copy:71,70 row_copy:72,71 row_copy:73,71 row_copy:74,73 row_copy:75,74 row_copy:77,76 row_copy:78,77 row_copy:79,77 row_copy:80,79 row_copy:81,80 row_copy:85,86 row_copy:86,87 row_copy:87,89 row_copy:88,89 row_copy:89,90 row_copy:93,92
43, enemy_healthbar_gone row_copy:55,57 row_copy:56,57 row_copy:57,59 row_copy:58,56 row_copy:59,58 row_copy:60,59 row_copy:64,65 row_copy:65,66 row_copy:66,68 row_copy:67,68 row_copy:68,69 row_copy:72,71 row_copy:73,72 row_copy:74,72 row_copy:75,74 row_copy:76,75 row_copy:77,76 row_copy:78,76 row_copy:79,78 row_copy:80,79 row_copy:84,85 row_copy:85,86 row_copy:86,88 row_copy:87,88 row_copy:88,89 row_copy:92,91 row_copy:93,92 row_copy:94,92 row_copy:95,94
44, enemy_healthbar_gone row_copy:55,57 row_copy:56,57 row_copy:57,59 row_copy:58,56 row_copy:59,58 row_copy:60,59 row_copy:64,65 row_copy:65,66 row_copy:66,68 row_copy:67,68 row_copy:68,69 row_copy:72,71 row_copy:73,72 row_copy:74,72 row_copy:75,74 row_copy:76,75 row_copy:77,76 row_copy:78,76 row_copy:79,78 row_copy:80,79 row_copy:84,85 row_copy:85,86 row_copy:86,88 row_copy:87,88 row_copy:88,89 row_copy:92,91 row_copy:93,92 row_copy:94,92 row_copy:95,94
45, enemy_healthbar_gone row_copy:53,55 row_copy:54,57 row_copy:55,57 row_copy:56,58 row_copy:57,59 row_copy:58,61 row_copy:59,61 row_copy:60,59 row_copy:61,60 row_copy:65,66 row_copy:66,67 row_copy:67,69 row_copy:68,69 row_copy:69,70 row_copy:73,72 row_copy:74,73 row_copy:75,73 row_copy:76,75 row_copy:77,75 row_copy:78,77 row_copy:79,78 row_copy:83,84 row_copy:84,85 row_copy:85,87 row_copy:86,87 row_copy:87,88 row_copy:91,90 row_copy:92,91 row_copy:93,91 row_copy:94,93 row_copy:95,94
46, enemy_healthbar_gone row_copy:53,55 row_copy:54,57 row_copy:55,57 row_copy:56,58 row_copy:57,59 row_copy:58,61 row_copy:59,61 row_copy:60,59 row_copy:61,60 row_copy:65,66 row_copy:66,67 row_copy:67,69 row_copy:68,69 row_copy:69,70 row_copy:73,72 row_copy:74,73 row_copy:75,73 row_copy:76,75 row_copy:77,75 row_copy:78,77 row_copy:79,78 row_copy:83,84 row_copy:84,85 row_copy:85,87 row_copy:86,87 row_copy:87,88 row_copy:91,90 row_copy:92,91 row_copy:93,91 row_copy:94,93 row_copy:95,94
47, enemy_healthbar_gone row_copy:52,53 row_copy:53,55 row_copy:54,56 row_copy:55,58 row_copy:56,58 row_copy:57,60 row_copy:58,60 row_copy:59,61 row_copy:60,61 row_copy:62,61 row_copy:66,67 row_copy:67,68 row_copy:68,70 row_copy:69,70 row_copy:70,71 row_copy:74,73 row_copy:75,74 row_copy:76,74 row_copy:77,76 row_copy:78,77 row_copy:82,83 row_copy:83,84 row_copy:84,86 row_copy:85,86 row_copy:86,87 row_copy:90,89 row_copy:91,90 row_copy:92,90 row_copy:93,92 row_copy:94,93
48, enemy_healthbar_gone row_copy:52,53 row_copy:53,55 row_copy:54,56 row_copy:55,58 row_copy:56,58 row_copy:57,60 row_copy:58,60 row_copy:59,61 row_copy:60,61 row_copy:62,61 row_copy:66,67 row_copy:67,68 row_copy:68,70 row_copy:69,70 row_copy:70,71 row_copy:74,73 row_copy:75,74 row_copy:76,74 row_copy:77,76 row_copy:78,77 row_copy:82,83 row_copy:83,84 row_copy:84,86 row_copy:85,86 row_copy:86,87 row_copy:90,89 row_copy:91,90 row_copy:92,90 row_copy:93,92 row_copy:94,93
49, enemy_healthbar_gone row_copy:52,53 row_copy:53,55 row_copy:54,56 row_copy:55,58 row_copy:56,58 row_copy:57,60 row_copy:58,60 row_copy:59,61 row_copy:60,61 row_copy:62,61 row_copy:66,67 row_copy:67,68 row_copy:68,70 row_copy:69,70 row_copy:70,71 row_copy:74,73 row_copy:75,74 row_copy:76,74 row_copy:77,76 row_copy:78,77 row_copy:82,83 row_copy:83,84 row_copy:84,86 row_copy:85,86 row_copy:86,87 row_copy:90,89 row_copy:91,90 row_copy:92,90 row_copy:93,92 row_copy:94,93
50, enemy_healthbar_gone row_copy:50,48 row_copy:51,50 row_copy:53,54 row_copy:54,56 row_copy:55,57 row_copy:56,59 row_copy:57,59 row_copy:58,60 row_copy:59,60 row_copy:61,60 row_copy:62,60 row_copy:63,61 row_copy:67,68 row_copy:68,69 row_copy:69,71 row_copy:70,71 row_copy:71,72 row_copy:75,74 row_copy:76,75 row_copy:77,76 row_copy:81,82 row_copy:82,83 row_copy:83,85 row_copy:84,85 row_copy:85,86 row_copy:89,88 row_copy:90,89 row_copy:91,89 row_copy:92,91 row_copy:93,92
51, enemy_healthbar_gone row_copy:50,48 row_copy:51,50 row_copy:53,54 row_copy:54,56 row_copy:55,57 row_copy:56,59 row_copy:57,59 row_copy:58,60 row_copy:59,60 row_copy:61,60 row_copy:62,60 row_copy:63,61 row_copy:67,68 row_copy:68,69 row_copy:69,71 row_copy:70,71 row_copy:71,72 row_copy:75,74 row_copy:76,75 row_copy:77,76 row_copy:81,82 row_copy:82,83 row_copy:83,85 row_copy:84,85 row_copy:85,86 row_copy:89,88 row_copy:90,89 row_copy:91,89 row_copy:92,91 row_copy:93,92
52, enemy_healthbar_gone row_copy:50,48 row_copy:51,49 row_copy:52,51 row_copy:54,55 row_copy:55,57 row_copy:56,58 row_copy:57,59 row_copy:58,59 row_copy:60,59 row_copy:61,59 row_copy:62,60 row_copy:63,60 row_copy:64,62 row_copy:65,63 row_copy:68,69 row_copy:69,70 row_copy:70,72 row_copy:71,72 row_copy:72,73 row_copy:76,75 row_copy:80,81 row_copy:81,82 row_copy:82,84 row_copy:83,84 row_copy:84,85 row_copy:88,87 row_copy:89,88 row_copy:90,88 row_copy:91,90 row_copy:92,91
53, enemy_healthbar_gone row_copy:50,48 row_copy:51,49 row_copy:52,51 row_copy:54,55 row_copy:55,57 row_copy:56,58 row_copy:57,59 row_copy:58,59 row_copy:60,59 row_copy:61,59 row_copy:62,60 row_copy:63,60 row_copy:64,62 row_copy:65,63 row_copy:68,69 row_copy:69,70 row_copy:70,72 row_copy:71,72 row_copy:72,73 row_copy:76,75 row_copy:80,81 row_copy:81,82 row_copy:82,84 row_copy:83,84 row_copy:84,85 row_copy:88,87 row_copy:89,88 row_copy:90,88 row_copy:91,90 row_copy:92,91
54, enemy_healthbar_gone row_copy:50,48 row_copy:51,49 row_copy:52,51 row_copy:54,55 row_copy:55,57 row_copy:56,58 row_copy:57,59 row_copy:58,59 row_copy:60,59 row_copy:61,59 row_copy:62,60 row_copy:63,60 row_copy:64,62 row_copy:65,63 row_copy:68,69 row_copy:69,70 row_copy:70,72 row_copy:71,72 row_copy:72,73 row_copy:76,75 row_copy:80,81 row_copy:81,82 row_copy:82,84 row_copy:83,84 row_copy:84,85 row_copy:88,87 row_copy:89,88 row_copy:90,88 row_copy:91,90 row_copy:92,91
55, enemy_healthbar_gone
56, enemy_healthbar_gone
57, enemy_healthbar_gone row_copy:50,48 row_copy:51,48 row_copy:52,50 row_copy:53,51 row_copy:54,53 row_copy:56,57 row_copy:58,57 row_copy:59,57 row_copy:60,58 row_copy:61,58 row_copy:62,60 row_copy:63,61 row_copy:64,63 row_copy:66,67 row_copy:67,69 row_copy:68,70 row_copy:69,72
58, enemy_healthbar_gone row_copy:50,48 row_copy:51,48 row_copy:52,50 row_copy:53,51 row_copy:54,53 row_copy:56,57 row_copy:58,57 row_copy:59,57 row_copy:60,58 row_copy:61,58 row_copy:62,60 row_copy:63,61 row_copy:64,63 row_copy:66,67 row_copy:67,69 row_copy:68,70 row_copy:69,72
59, enemy_healthbar_gone row_copy:50,49 row_copy:51,50 row_copy:52,50 row_copy:53,52 row_copy:54,53 row_copy:58,57 row_copy:59,58 row_copy:60,58 row_copy:61,60 row_copy:62,61 row_copy:66,67 row_copy:67,68 row_copy:68,70 row_copy:69,70 row_copy:70,71
60, enemy_healthbar_gone row_copy:50,49 row_copy:51,50 row_copy:52,50 row_copy:53,52 row_copy:54,53 row_copy:58,57 row_copy:59,58 row_copy:60,58 row_copy:61,60 row_copy:62,61 row_copy:66,67 row_copy:67,68 row_copy:68,70 row_copy:69,70 row_copy:70,71
61, enemy_healthbar_gone row_copy:51,50 row_copy:52,51 row_copy:53,51 row_copy:54,53 row_copy:55,54 row_copy:57,56 row_copy:58,57 row_copy:59,57 row_copy:60,59 row_copy:61,60 row_copy:65,66 row_copy:66,67 row_copy:67,69 row_copy:68,69 row_copy:69,70 row_copy:73,72
62, enemy_healthbar_gone row_copy:51,50 row_copy:52,51 row_copy:53,51 row_copy:54,53 row_copy:55,54 row_copy:57,56 row_copy:58,57 row_copy:59,57 row_copy:60,59 row_copy:61,60 row_copy:65,66 row_copy:66,67 row_copy:67,69 row_copy:68,69 row_copy:69,70 row_copy:73,72
63, enemy_healthbar_gone row_copy:52,51 row_copy:53,52 row_copy:54,52 row_copy:55,54 row_copy:56,55 row_copy:57,56 row_copy:58,56 row_copy:59,58 row_copy:60,59 row_copy:64,65 row_copy:65,66 row_copy:66,68 row_copy:67,68 row_copy:68,69 row_copy:72,71 row_copy:73,72 row_copy:74,72 row_copy:75,74 row_copy:95,96
64, enemy_healthbar_gone row_copy:52,51 row_copy:53,52 row_copy:54,52 row_copy:55,54 row_copy:56,55 row_copy:57,56 row_copy:58,56 row_copy:59,58 row_copy:60,59 row_copy:64,65 row_copy:65,66 row_copy:66,68 row_copy:67,68 row_copy:68,69 row_copy:72,71 row_copy:73,72 row_copy:74,72 row_copy:75,74 row_copy:95,96
65, enemy_healthbar_gone row_copy:49,50 row_copy:53,52 row_copy:54,53 row_copy:55,53 row_copy:56,55 row_copy:57,55 row_copy:58,57 row_copy:59,58 row_copy:63,64 row_copy:64,65 row_copy:65,67 row_copy:66,67 row_copy:67,68 row_copy:71,70 row_copy:72,71 row_copy:73,71 row_copy:74,73 row_copy:75,74 row_copy:93,95 row_copy:94,96 row_copy:95,96
66, enemy_healthbar_gone row_copy:49,50 row_copy:53,52 row_copy:54,53 row_copy:55,53 row_copy:56,55 row_copy:57,55 row_copy:58,57 row_copy:59,58 row_copy:63,64 row_copy:64,65 row_copy:65,67 row_copy:66,67 row_copy:67,68 row_copy:71,70 row_copy:72,71 row_copy:73,71 row_copy:74,73 row_copy:75,74 row_copy:93,95 row_copy:94,96 row_copy:95,96
67, enemy_healthbar_gone row_copy:49,50 row_copy:50,51 row_copy:54,53 row_copy:55,54 row_copy:56,54 row_copy:57,56 row_copy:58,57 row_copy:62,63 row_copy:63,64 row_copy:64,66 row_copy:65,66 row_copy:66,67 row_copy:70,69 row_copy:71,70 row_copy:72,70 row_copy:73,72 row_copy:74,73 row_copy:78,79 row_copy:79,80 row_copy:92,93 row_copy:93,95 row_copy:94,96 row_copy:95,96
68, enemy_healthbar_gone row_copy:49,50 row_copy:50,51 row_copy:54,53 row_copy:55,54 row_copy:56,54 row_copy:57,56 row_copy:58,57 row_copy:62,63 row_copy:63,64 row_copy:64,66 row_copy:65,66 row_copy:66,67 row_copy:70,69 row_copy:71,70 row_copy:72,70 row_copy:73,72 row_copy:74,73 row_copy:78,79 row_copy:79,80 row_copy:92,93 row_copy:93,95 row_copy:94,96 row_copy:95,96
69, enemy_healthbar_gone row_copy:49,51 row_copy:50,51 row_copy:51,52 row_copy:55,54 row_copy:56,55 row_copy:57,56 row_copy:61,62 row_copy:62,63 row_copy:63,65 row_copy:64,65 row_copy:65,66 row_copy:69,68 row_copy:70,69 row_copy:71,69 row_copy:72,71 row_copy:73,72 row_copy:77,78 row_copy:78,79 row_copy:79,81 row_copy:80,81 row_copy:81,82 row_copy:89,87 row_copy:90,88 row_copy:91,90 row_copy:93,94 row_copy:94,96 row_copy:95,96
70, enemy_healthbar_gone row_copy:49,51 row_copy:50,51 row_copy:51,52 row_copy:55,54 row_copy:56,55 row_copy:57,56 row_copy:61,62 row_copy:62,63 row_copy:63,65 row_copy:64,65 row_copy:65,66 row_copy:69,68 row_copy:70,69 row_copy:71,69 row_copy:72,71 row_copy:73,72 row_copy:77,78 row_copy:78,79 row_copy:79,81 row_copy:80,81 row_copy:81,82 row_copy:89,87 row_copy:90,88 row_copy:91,90 row_copy:93,94 row_copy:94,96 row_copy:95,96
71, enemy_healthbar_gone row_copy:49,50 row_copy:50,52 row_copy:51,52 row_copy:52,53 row_copy:56,55 row_copy:60,61 row_copy:61,62 row_copy:62,64 row_copy:63,64 row_copy:64,65 row_copy:68,67 row_copy:69,68 row_copy:70,68 row_copy:71,70 row_copy:72,71 row_copy:76,77 row_copy:77,78 row_copy:78,80 row_copy:79,80 row_copy:80,81 row_copy:87,85 row_copy:88,86 row_copy:89,86 row_copy:90,88 row_copy:91,89 row_copy:92,91 row_copy:94,95 row_copy:95,96
72, enemy_healthbar_gone row_copy:49,50 row_copy:50,52 row_copy:51,52 row_copy:52,53 row_copy:56,55 row_copy:60,61 row_copy:61,62 row_copy:62,64 row_copy:63,64 row_copy:64,65 row_copy:68,67 row_copy:69,68 row_copy:70,68 row_copy:71,70 row_copy:72,71 row_copy:76,77 row_copy:77,78 row_copy:78,80 row_copy:79,80 row_copy:80,81 row_copy:87,85 row_copy:88,86 row_copy:89,86 row_copy:90,88 row_copy:91,89 row_copy:92,91 row_copy:94,95 row_copy:95,96
73, enemy_healthbar_gone row_copy:49,50 row_copy:50,52 row_copy:51,52 row_copy:52,53 row_copy:56,55 row_copy:60,61 row_copy:61,62 row_copy:62,64 row_copy:63,64 row_copy:64,65 row_copy:68,67 row_copy:69,68 row_copy:70,68 row_copy:71,70 row_copy:72,71 row_copy:76,77 row_copy:77,78 row_copy:78,80 row_copy:79,80 row_copy:80,81 row_copy:87,85 row_copy:88,86 row_copy:89,86 row_copy:90,88 row_copy:91,89 row_copy:92,91 row_copy:94,95 row_copy:95,96
74, enemy_healthbar_gone row_copy:49,50 row_copy:50,51 row_copy:51,53 row_copy:52,53 row_copy:53,54 row_copy:59,60 row_copy:60,61 row_copy:61,63 row_copy:62,63 row_copy:63,64 row_copy:67,66 row_copy:68,67 row_copy:69,67 row_copy:70,69 row_copy:71,70 row_copy:75,76 row_copy:76,77 row_copy:77,79 row_copy:78,79 row_copy:79,80 row_copy:83,82 row_copy:84,83 row_copy:85,83 row_copy:87,86 row_copy:88,86 row_copy:89,87
75, enemy_healthbar_gone
76, enemy_healthbar_gone
77, enemy_healthbar_gone
78, enemy_healthbar_gone row_copy:82,83 row_copy:83,84 row_copy:84,86 row_copy:85,86 row_copy:86,87 row_copy:90,89 row_copy:91,90 row_copy:92,90 row_copy:93,92 row_copy:94,93
79, enemy_healthbar_gone row_copy:82,83 row_copy:83,84 row_copy:84,86 row_copy:85,86 row_copy:86,87 row_copy:90,89 row_copy:91,90 row_copy:92,90 row_copy:93,92 row_copy:94,93
80, enemy_healthbar_gone row_copy:82,83 row_copy:83,84 row_copy:84,86 row_copy:85,86 row_copy:86,87 row_copy:90,89 row_copy:91,90 row_copy:92,90 row_copy:93,92 row_copy:94,93
81, enemy_healthbar_gone row_copy:79,78 row_copy:83,84 row_copy:84,85 row_copy:85,87 row_copy:86,87 row_copy:87,88 row_copy:91,90 row_copy:92,91 row_copy:93,91 row_copy:94,93 row_copy:95,94
82, enemy_healthbar_gone row_copy:79,78 row_copy:83,84 row_copy:84,85 row_copy:85,87 row_copy:86,87 row_copy:87,88 row_copy:91,90 row_copy:92,91 row_copy:93,91 row_copy:94,93 row_copy:95,94
83, enemy_healthbar_gone row_copy:75,77 row_copy:76,77 row_copy:77,79 row_copy:78,76 row_copy:79,78 row_copy:80,79 row_copy:84,85 row_copy:85,86 row_copy:86,88 row_copy:87,88 row_copy:88,89 row_copy:92,91 row_copy:93,92 row_copy:94,92 row_copy:95,94 row_copy:96,95
84, enemy_healthbar_gone row_copy:75,77 row_copy:76,77 row_copy:77,79 row_copy:78,76 row_copy:79,78 row_copy:80,79 row_copy:84,85 row_copy:85,86 row_copy:86,88 row_copy:87,88 row_copy:88,89 row_copy:92,91 row_copy:93,92 row_copy:94,92 row_copy:95,94 row_copy:96,95
85, enemy_healthbar_gone row_copy:73,75 row_copy:74,77 row_copy:75,77 row_copy:76,78 row_copy:77,79 row_copy:78,81 row_copy:79,81 row_copy:80,79 row_copy:81,80 row_copy:85,86 row_copy:86,87 row_copy:87,89 row_copy:88,89 row_copy:89,90 row_copy:93,92 row_copy:94,93 row_copy:95,93 row_copy:96,95
86, enemy_healthbar_gone row_copy:73,75 row_copy:74,77 row_copy:75,77 row_copy:76,78 row_copy:77,79 row_copy:78,81 row_copy:79,81 row_copy:80,79 row_copy:81,80 row_copy:85,86 row_copy:86,87 row_copy:87,89 row_copy:88,89 row_copy:89,90 row_copy:93,92 row_copy:94,93 row_copy:95,93 row_copy:96,95
87, enemy_healthbar_gone row_copy:72,73 row_copy:73,75 row_copy:74,76 row_copy:75,78 row_copy:76,78 row_copy:77,80 row_copy:78,80 row_copy:79,81 row_copy:80,81 row_copy:82,81 row_copy:86,87 row_copy:87,88 row_copy:88,90 row_copy:89,90 row_copy:90,91 row_copy:94,93 row_copy:95,94 row_copy:96,94
88, enemy_healthbar_gone row_copy:72,73 row_copy:73,75 row_copy:74,76 row_copy:75,78 row_copy:76,78 row_copy:77,80 row_copy:78,80 row_copy:79,81 row_copy:80,81 row_copy:82,81 row_copy:86,87 row_copy:87,88 row_copy:88,90 row_copy:89,90 row_copy:90,91 row_copy:94,93 row_copy:95,94 row_copy:96,94
89, enemy_healthbar_gone row_copy:69,67 row_copy:70,68 row_copy:71,70 row_copy:73,74 row_copy:74,76 row_copy:75,77 row_copy:76,79 row_copy:77,79 row_copy:78,80 row_copy:79,80 row_copy:81,80 row_copy:82,80 row_copy:83,81 row_copy:87,88 row_copy:88,89 row_copy:89,91 row_copy:90,91 row_copy:91,92 row_copy:95,94 row_copy:96,95
90, enemy_healthbar_gone row_copy:69,67 row_copy:70,68 row_copy:71,70 row_copy:73,74 row_copy:74,76 row_copy:75,77 row_copy:76,79 row_copy:77,79 row_copy:78,80 row_copy:79,80 row_copy:81,80 row_copy:82,80 row_copy:83,81 row_copy:87,88 row_copy:88,89 row_copy:89,91 row_copy:90,91 row_copy:91,92 row_copy:95,94 row_copy:96,95
91, enemy_healthbar_gone row_copy:69,67 row_copy:70,68 row_copy:71,70 row_copy:73,74 row_copy:74,76 row_copy:75,77 row_copy:76,79 row_copy:77,79 row_copy:78,80 row_copy:79,80 row_copy:81,80 row_copy:82,80 row_copy:83,81 row_copy:87,88 row_copy:88,89 row_copy:89,91 row_copy:90,91 row_copy:91,92 row_copy:95,94 row_copy:96,95
92, enemy_healthbar_gone row_copy:67,65 row_copy:68,66 row_copy:69,66 row_copy:70,68 row_copy:71,69 row_copy:72,71 row_copy:74,75 row_copy:75,77 row_copy:76,78 row_copy:77,79 row_copy:78,79 row_copy:80,79 row_copy:81,79 row_copy:82,80 row_copy:83,80 row_copy:84,82 row_copy:85,83 row_copy:88,89 row_copy:89,90 row_copy:90,92 row_copy:91,92 row_copy:92,93 row_copy:96,95
93, enemy_healthbar_gone row_copy:67,65 row_copy:68,66 row_copy:69,66 row_copy:70,68 row_copy:71,69 row_copy:72,71 row_copy:74,75 row_copy:75,77 row_copy:76,78 row_copy:77,79 row_copy:78,79 row_copy:80,79 row_copy:81,79 row_copy:82,80 row_copy:83,80 row_copy:84,82 row_copy:85,83 row_copy:88,89 row_copy:89,90 row_copy:90,92 row_copy:91,92 row_copy:92,93 row_copy:96,95
94, enemy_healthbar_gone
95, enemy_healthbar_gone
96, enemy_healthbar_gone row_copy:63,66 row_copy:64,66 row_copy:65,67 row_copy:66,67 row_copy:68,67 row_copy:69,67 row_copy:70,68 row_copy:71,68 row_copy:72,70 row_copy:73,71 row_copy:74,73 row_copy:76,77 row_copy:78,77 row_copy:79,77 row_copy:80,78 row_copy:81,78 row_copy:82,80 row_copy:83,81 row_copy:84,83 row_copy:86,87 row_copy:87,89 row_copy:88,90 row_copy:89,92
97, enemy_healthbar_gone row_copy:63,66 row_copy:64,66 row_copy:65,67 row_copy:66,67 row_copy:68,67 row_copy:69,67 row_copy:70,68 row_copy:71,68 row_copy:72,70 row_copy:73,71 row_copy:74,73 row_copy:76,77 row_copy:78,77 row_copy:79,77 row_copy:80,78 row_copy:81,78 row_copy:82,80 row_copy:83,81 row_copy:84,83 row_copy:86,87 row_copy:87,89 row_copy:88,90 row_copy:89,92
98, enemy_healthbar_gone row_copy:62,63 row_copy:63,64 row_copy:64,66 row_copy:65,66 row_copy:66,67 row_copy:70,69 row_copy:71,70 row_copy:72,70 row_copy:73,72 row_copy:74,73 row_copy:78,77 row_copy:79,78 row_copy:80,78 row_copy:81,80 row_copy:82,81 row_copy:86,87 row_copy:87,88 row_copy:88,90 row_copy:89,90 row_copy:90,91
99, enemy_healthbar_gone row_copy:62,63 row_copy:63,64 row_copy:64,66 row_copy:65,66 row_copy:66,67 row_copy:70,69 row_copy:71,70 row_copy:72,70 row_copy:73,72 row_copy:74,73 row_copy:78,77 row_copy:79,78 row_copy:80,78 row_copy:81,80 row_copy:82,81 row_copy:86,87 row_copy:87,88 row_copy:88,90 row_copy:89,90 row_copy:90,91
100, enemy_healthbar_gone row_copy:62,63 row_copy:63,64 row_copy:64,66 row_copy:65,66 row_copy:66,67 row_copy:70,69 row_copy:71,70 row_copy:72,70 row_copy:73,72 row_copy:74,73 row_copy:78,77 row_copy:79,78 row_copy:80,78 row_copy:81,80 row_copy:82,81 row_copy:86,87 row_copy:87,88 row_copy:88,90 row_copy:89,90 row_copy:90,91
101, enemy_healthbar_gone row_copy:59,58 row_copy:63,64 row_copy:64,65 row_copy:65,67 row_copy:66,67 row_copy:67,68 row_copy:71,70 row_copy:72,71 row_copy:73,71 row_copy:74,73 row_copy:75,74 row_copy:77,76 row_copy:78,77 row_copy:79,77 row_copy:80,79 row_copy:81,80 row_copy:85,86 row_copy:86,87 row_copy:87,89 row_copy:88,89 row_copy:89,90 row_copy:93,92
102, enemy_healthbar_gone row_copy:59,58 row_copy:63,64 row_copy:64,65 row_copy:65,67 row_copy:66,67 row_copy:67,68 row_copy:71,70 row_copy:72,71 row_copy:73,71 row_copy:74,73 row_copy:75,74 row_copy:77,76 row_copy:78,77 row_copy:79,77 row_copy:80,79 row_copy:81,80 row_copy:85,86 row_copy:86,87 row_copy:87,89 row_copy:88,89 row_copy:89,90 row_copy:93,92
103, enemy_healthbar_gone row_copy:55,57 row_copy:56,57 row_copy:57,56 row_copy:58,56 row_copy:59,58 row_copy:60,59 row_copy:64,65 row_copy:65,66 row_copy:66,68 row_copy:67,68 row_copy:68,69 row_copy:72,71 row_copy:73,72 row_copy:74,72 row_copy:75,74 row_copy:76,75 row_copy:77,76 row_copy:78,76 row_copy:79,78 row_copy:80,79 row_copy:84,85 row_copy:85,86 row_copy:86,88 row_copy:87,88 row_copy:88,89 row_copy:92,91 row_copy:93,92 row_copy:94,92 row_copy:95,94
104, enemy_healthbar_gone row_copy:55,57 row_copy:56,57 row_copy:57,56 row_copy:58,56 row_copy:59,58 row_copy:60,59 row_copy:64,65 row_copy:65,66 row_copy:66,68 row_copy:67,68 row_copy:68,69 row_copy:72,71 row_copy:73,72 row_copy:74,72 row_copy:75,74 row_copy:76,75 row_copy:77,76 row_copy:78,76 row_copy:79,78 row_copy:80,79 row_copy:84,85 row_copy:85,86 row_copy:86,88 row_copy:87,88 row_copy:88,89 row_copy:92,91 row_copy:93,92 row_copy:94,92 row_copy:95,94
105, enemy_healthbar_gone row_copy:53,55 row_copy:54,57 row_copy:57,56 row_copy:58,57 row_copy:59,57 row_copy:60,59 row_copy:61,60 row_copy:65,66 row_copy:66,67 row_copy:67,69 row_copy:68,69 row_copy:69,70 row_copy:73,72 row_copy:74,73 row_copy:75,73 row_copy:76,75 row_copy:77,75 row_copy:78,77 row_copy:79,78 row_copy:83,84 row_copy:84,85 row_copy:85,87 row_copy:86,87 row_copy:87,88 row_copy:91,90 row_copy:92,91 row_copy:93,91 row_copy:94,93 row_copy:95,94
106, enemy_healthbar_gone row_copy:53,55 row_copy:54,57 row_copy:57,56 row_copy:58,57 row_copy:59,57 row_copy:60,59 row_copy:61,60 row_copy:65,66 row_copy:66,67 row_copy:67,69 row_copy:68,69 row_copy:69,70 row_copy:73,72 row_copy:74,73 row_copy:75,73 row_copy:76,75 row_copy:77,75 row_copy:78,77 row_copy:79,78 row_copy:83,84 row_copy:84,85 row_copy:85,87 row_copy:86,87 row_copy:87,88 row_copy:91,90 row_copy:92,91 row_copy:93,91 row_copy:94,93 row_copy:95,94
107, enemy_healthbar_gone row_copy:52,53 row_copy:53,54 row_copy:54,55 row_copy:58,57 row_copy:59,58 row_copy:60,58 row_copy:61,60 row_copy:62,61 row_copy:66,67 row_copy:67,68 row_copy:68,70 row_copy:69,70 row_copy:70,71 row_copy:74,73 row_copy:75,74 row_copy:76,74 row_copy:77,76 row_copy:78,77 row_copy:82,83 row_copy:83,84 row_copy:84,86 row_copy:85,86 row_copy:86,87 row_copy:90,89 row_copy:91,90 row_copy:92,90 row_copy:93,92 row_copy:94,93
108, enemy_healthbar_gone row_copy:52,53 row_copy:53,54 row_copy:54,55 row_copy:58,57 row_copy:59,58 row_copy:60,58 row_copy:61,60 row_copy:62,61 row_copy:66,67 row_copy:67,68 row_copy:68,70 row_copy:69,70 row_copy:70,71 row_copy:74,73 row_copy:75,74 row_copy:76,74 row_copy:77,76 row_copy:78,77 row_copy:82,83 row_copy:83,84 row_copy:84,86 row_copy:85,86 row_copy:86,87 row_copy:90,89 row_copy:91,90 row_copy:92,90 row_copy:93,92 row_copy:94,93
109, enemy_healthbar_gone row_copy:52,53 row_copy:53,54 row_copy:54,55 row_copy:58,57 row_copy:59,58 row_copy:60,58 row_copy:61,60 row_copy:62,61 row_copy:66,67 row_copy:67,68 row_copy:68,70 row_copy:69,70 row_copy:70,71 row_copy:74,73 row_copy:75,74 row_copy:76,74 row_copy:77,76 row_copy:78,77 row_copy:82,83 row_copy:83,84 row_copy:84,86 row_copy:85,86 row_copy:86,87 row_copy:90,89 row_copy:91,90 row_copy:92,90 row_copy:93,92 row_copy:94,93
110, enemy_healthbar_gone row_copy:50,48 row_copy:51,52 row_copy:52,53 row_copy:53,55 row_copy:54,55 row_copy:55,56 row_copy:59,58 row_copy:60,59 row_copy:61,59 row_copy:62,61 row_copy:63,62 row_copy:67,68 row_copy:68,69 row_copy:69,71 row_copy:70,71 row_copy:71,72 row_copy:75,74 row_copy:76,75 row_copy:77,76 row_copy:81,82 row_copy:82,83 row_copy:83,85 row_copy:84,85 row_copy:85,86 row_copy:89,88 row_copy:90,89 row_copy:91,89 row_copy:92,91 row_copy:93,92
111, enemy_healthbar_gone row_copy:50,48 row_copy:51,52 row_copy:52,53 row_copy:53,55 row_copy:54,55 row_copy:55,56 row_copy:59,58 row_copy:60,59 row_copy:61,59 row_copy:62,61 row_copy:63,62 row_copy:67,68 row_copy:68,69 row_copy:69,71 row_copy:70,71 row_copy:71,72 row_copy:75,74 row_copy:76,75 row_copy:77,76 row_copy:81,82 row_copy:82,83 row_copy:83,85 row_copy:84,85 row_copy:85,86 row_copy:89,88 row_copy:90,89 row_copy:91,89 row_copy:92,91 row_copy:93,92
112, enemy_healthbar_gone row_copy:52,53 row_copy:53,54 row_copy:54,56 row_copy:55,56 row_copy:56,57 row_copy:60,59 row_copy:61,60 row_copy:62,60 row_copy:63,62 row_copy:64,63 row_copy:68,69 row_copy:69,70 row_copy:70,72 row_copy:71,72 row_copy:72,73 row_copy:76,75 row_copy:80,81 row_copy:81,82 row_copy:82,84 row_copy:83,84 row_copy:84,85 row_copy:88,87 row_copy:89,88 row_copy:90,88 row_copy:91,90 row_copy:92,91
113, enemy_healthbar_gone row_copy:52,53 row_copy:53,54 row_copy:54,56 row_copy:55,56 row_copy:56,57 row_copy:60,59 row_copy:61,60 row_copy:62,60 row_copy:63,62 row_copy:64,63 row_copy:68,69 row_copy:69,70 row_copy:70,72 row_copy:71,72 row_copy:72,73 row_copy:76,75 row_copy:80,81 row_copy:81,82 row_copy:82,84 row_copy:83,84 row_copy:84,85 row_copy:88,87 row_copy:89,88 row_copy:90,88 row_copy:91,90 row_copy:92,91
114, enemy_healthbar_gone row_copy:49,48 row_copy:53,54 row_copy:54,55 row_copy:55,57 row_copy:56,57 row_copy:57,58 row_copy:61,60 row_copy:62,61 row_copy:63,61 row_copy:64,63 row_copy:65,64 row_copy:69,70 row_copy:70,71 row_copy:71,73 row_copy:72,73 row_copy:73,74 row_copy:79,80 row_copy:80,81 row_copy:81,83 row_copy:82,83 row_copy:83,84 row_copy:87,86 row_copy:88,87 row_copy:89,87 row_copy:90,89
115, enemy_healthbar_gone
116, enemy_healthbar_gone
117, enemy_healthbar_gone
118, enemy_healthbar_gone row_copy:50,49 row_copy:51,50 row_copy:52,50 row_copy:53,52 row_copy:54,53 row_copy:58,57 row_copy:59,58 row_copy:60,58 row_copy:61,60 row_copy:62,61 row_copy:66,67 row_copy:67,68 row_copy:68,70 row_copy:69,70 row_copy:70,71
119, enemy_healthbar_gone row_copy:50,49 row_copy:51,50 row_copy:52,50 row_copy:53,52 row_copy:54,53 row_copy:58,57 row_copy:59,58 row_copy:60,58 row_copy:61,60 row_copy:62,61 row_copy:66,67 row_copy:67,68 row_copy:68,70 row_copy:69,70 row_copy:70,71
120, enemy_healthbar_gone row_copy:50,49 row_copy:51,50 row_copy:52,50 row_copy:53,52 row_copy:54,53 row_copy:58,57 row_copy:59,58 row_copy:60,58 row_copy:61,60 row_copy:62,61 row_copy:66,67 row_copy:67,68 row_copy:68,70 row_copy:69,70 row_copy:70,71
121, enemy_healthbar_gone row_copy:51,50 row_copy:52,51 row_copy:53,51 row_copy:54,53 row_copy:55,54 row_copy:57,56 row_copy:58,57 row_copy:59,57 row_copy:60,59 row_copy:61,60 row_copy:65,66 row_copy:66,67 row_copy:67,69 row_copy:68,69 row_copy:69,70 row_copy:73,72
122, enemy_healthbar_gone row_copy:51,50 row_copy:52,51 row_copy:53,51 row_copy:54,53 row_copy:55,54 row_copy:57,56 row_copy:58,57 row_copy:59,57 row_copy:60,59 row_copy:61,60 row_copy:65,66 row_copy:66,67 row_copy:67,69 row_copy:68,69 row_copy:69,70 row_copy:73,72
123, enemy_healthbar_gone row_copy:52,51 row_copy:53,52 row_copy:54,52 row_copy:55,54 row_copy:56,55 row_copy:57,56 row_copy:58,56 row_copy:59,58 row_copy:60,59 row_copy:64,65 row_copy:65,66 row_copy:66,68 row_copy:67,68 row_copy:68,69 row_copy:72,71 row_copy:73,72 row_copy:74,72 row_copy:75,74 row_copy:95,96
124, enemy_healthbar_gone row_copy:52,51 row_copy:53,52 row_copy:54,52 row_copy:55,54 row_copy:56,55 row_copy:57,56 row_copy:58,56 row_copy:59,58 row_copy:60,59 row_copy:64,65 row_copy:65,66 row_copy:66,68 row_copy:67,68 row_copy:68,69 row_copy:72,71 row_copy:73,72 row_copy:74,72 row_copy:75,74 row_copy:95,96
125, enemy_healthbar_gone row_copy:49,50 row_copy:53,52 row_copy:54,53 row_copy:55,53 row_copy:56,55 row_copy:57,55 row_copy:58,57 row_copy:59,58 row_copy:63,64 row_copy:64,65 row_copy:65,67 row_copy:66,67 row_copy:67,68 row_copy:71,70 row_copy:72,71 row_copy:73,71 row_copy:74,73 row_copy:75,74 row_copy:93,95 row_copy:94,96 row_copy:95,96
126, enemy_healthbar_gone row_copy:49,50 row_copy:53,52 row_copy:54,53 row_copy:55,53 row_copy:56,55 row_copy:57,55 row_copy:58,57 row_copy:59,58 row_copy:63,64 row_copy:64,65 row_copy:65,67 row_copy:66,67 row_copy:67,68 row_copy:71,70 row_copy:72,71 row_copy:73,71 row_copy:74,73 row_copy:75,74 row_copy:93,95 row_copy:94,96 row_copy:95,96
127, enemy_healthbar_gone row_copy:49,50 row_copy:50,51 row_copy:54,53 row_copy:55,54 row_copy:56,54 row_copy:57,56 row_copy:58,57 row_copy:62,63 row_copy:63,64 row_copy:64,66 row_copy:65,66 row_copy:66,67 row_copy:70,69 row_copy:71,70 row_copy:72,70 row_copy:73,72 row_copy:74,73 row_copy:78,79 row_copy:79,80 row_copy:92,93 row_copy:93,95 row_copy:94,96 row_copy:95,96
128, enemy_healthbar_gone row_copy:49,50 row_copy:50,51 row_copy:54,53 row_copy:55,54 row_copy:56,54 row_copy:57,56 row_copy:58,57 row_copy:62,63 row_copy:63,64 row_copy:64,66 row_copy:65,66 row_copy:66,67 row_copy:70,69 row_copy:71,70 row_copy:72,70 row_copy:73,72 row_copy:74,73 row_copy:78,79 row_copy:79,80 row_copy:92,93 row_copy:93,95 row_copy:94,96 row_copy:95,96
129, enemy_healthbar_gone row_copy:49,50 row_copy:50,51 row_copy:54,53 row_copy:55,54 row_copy:56,54 row_copy:57,56 row_copy:58,57 row_copy:62,63 row_copy:63,64 row_copy:64,66 row_copy:65,66 row_copy:66,67 row_copy:70,69 row_copy:71,70 row_copy:72,70 row_copy:73,72 row_copy:74,73 row_copy:78,79 row_copy:79,80 row_copy:92,93 row_copy:93,95 row_copy:94,96 row_copy:95,96
130, enemy_healthbar_gone row_copy:49,51 row_copy:50,51 row_copy:51,52 row_copy:55,54 row_copy:56,55 row_copy:57,56 row_copy:61,62 row_copy:62,63 row_copy:63,65 row_copy:64,65 row_copy:65,66 row_copy:69,68 row_copy:70,69 row_copy:71,69 row_copy:72,71 row_copy:73,72 row_copy:77,78 row_copy:78,79 row_copy:79,81 row_copy:80,81 row_copy:81,82 row_copy:89,87 row_copy:90,88 row_copy:91,90 row_copy:93,94 row_copy:94,96 row_copy:95,96
131, enemy_healthbar_gone row_copy:49,51 row_copy:50,51 row_copy:51,52 row_copy:55,54 row_copy:56,55 row_copy:57,56 row_copy:61,62 row_copy:62,63 row_copy:63,65 row_copy:64,65 row_copy:65,66 row_copy:69,68 row_copy:70,69 row_copy:71,69 row_copy:72,71 row_copy:73,72 row_copy:77,78 row_copy:78,79 row_copy:79,81 row_copy:80,81 row_copy:81,82 row_copy:89,87 row_copy:90,88 row_copy:91,90 row_copy:93,94 row_copy:94,96 row_copy:95,96
132, enemy_healthbar_gone row_copy:49,50 row_copy:50,52 row_copy:51,52 row_copy:52,53 row_copy:56,55 row_copy:60,61 row_copy:61,62 row_copy:62,64 row_copy:63,64 row_copy:64,65 row_copy:68,67 row_copy:69,68 row_copy:70,68 row_copy:71,70 row_copy:72,71 row_copy:76,77 row_copy:77,78 row_copy:78,80 row_copy:79,80 row_copy:80,81 row_copy:87,85 row_copy:88,86 row_copy:89,86 row_copy:90,88 row_copy:91,89 row_copy:92,91 row_copy:94,95 row_copy:95,96
133, enemy_healthbar_gone row_copy:49,50 row_copy:50,52 row_copy:51,52 row_copy:52,53 row_copy:56,55 row_copy:60,61 row_copy:61,62 row_copy:62,64 row_copy:63,64 row_copy:64,65 row_copy:68,67 row_copy:69,68 row_copy:70,68 row_copy:71,70 row_copy:72,71 row_copy:76,77 row_copy:77,78 row_copy:78,80 row_copy:79,80 row_copy:80,81 row_copy:87,85 row_copy:88,86 row_copy:89,86 row_copy:90,88 row_copy:91,89 row_copy:92,91 row_copy:94,95 row_copy:95,96
134, enemy_healthbar_gone
135, enemy_healthbar_gone
136, enemy_healthbar_gone row_copy:83,86 row_copy:84,86 row_copy:85,87 row_copy:86,87 row_copy:88,87 row_copy:89,87 row_copy:90,88 row_copy:91,88 row_copy:92,90 row_copy:93,91 row_copy:94,93
137, enemy_healthbar_gone row_copy:83,86 row_copy:84,86 row_copy:85,87 row_copy:86,87 row_copy:88,87 row_copy:89,87 row_copy:90,88 row_copy:91,88 row_copy:92,90 row_copy:93,91 row_copy:94,93
138, enemy_healthbar_gone row_copy:82,83 row_copy:83,84 row_copy:84,86 row_copy:85,86 row_copy:86,87 row_copy:90,89 row_copy:91,90 row_copy:92,90 row_copy:93,92 row_copy:94,93
139, enemy_healthbar_gone row_copy:82,83 row_copy:83,84 row_copy:84,86 row_copy:85,86 row_copy:86,87 row_copy:90,89 row_copy:91,90 row_copy:92,90 row_copy:93,92 row_copy:94,93
140, enemy_healthbar_gone row_copy:79,78 row_copy:83,84 row_copy:84,85 row_copy:85,87 row_copy:86,87 row_copy:87,88 row_copy:91,90 row_copy:92,91 row_copy:93,91 row_copy:94,93 row_copy:95,94
141, enemy_healthbar_gone row_copy:79,78 row_copy:83,84 row_copy:84,85 row_copy:85,87 row_copy:86,87 row_copy:87,88 row_copy:91,90 row_copy:92,91 row_copy:93,91 row_copy:94,93 row_copy:95,94
142, enemy_healthbar_gone row_copy:75,77 row_copy:76,77 row_copy:77,76 row_copy:78,76 row_copy:79,78 row_copy:80,79 row_copy:84,85 row_copy:85,86 row_copy:86,88 row_copy:87,88 row_copy:88,89 row_copy:92,91 row_copy:93,92 row_copy:94,92 row_copy:95,94 row_copy:96,95
143, enemy_healthbar_gone row_copy:75,77 row_copy:76,77 row_copy:77,76 row_copy:78,76 row_copy:79,78 row_copy:80,79 row_copy:84,85 row_copy:85,86 row_copy:86,88 row_copy:87,88 row_copy:88,89 row_copy:92,91 row_copy:93,92 row_copy:94,92 row_copy:95,94 row_copy:96,95
144, enemy_healthbar_gone row_copy:73,75 row_copy:74,77 row_copy:77,76 row_copy:78,77 row_copy:79,77 row_copy:80,79 row_copy:81,80 row_copy:85,86 row_copy:86,87 row_copy:87,89 row_copy:88,89 row_copy:89,90 row_copy:93,92 row_copy:94,93 row_copy:95,93 row_copy:96,95
145, enemy_healthbar_gone row_copy:73,75 row_copy:74,77 row_copy:77,76 row_copy:78,77 row_copy:79,77 row_copy:80,79 row_copy:81,80 row_copy:85,86 row_copy:86,87 row_copy:87,89 row_copy:88,89 row_copy:89,90 row_copy:93,92 row_copy:94,93 row_copy:95,93 row_copy:96,95
146, enemy_healthbar_gone row_copy:72,73 row_copy:73,74 row_copy:74,75 row_copy:78,77 row_copy:79,78 row_copy:80,78 row_copy:81,80 row_copy:82,81 row_copy:86,87 row_copy:87,88 row_copy:88,90 row_copy:89,90 row_copy:90,91 row_copy:94,93 row_copy:95,94 row_copy:96,94
147, enemy_healthbar_gone row_copy:72,73 row_copy:73,74 row_copy:74,75 row_copy:78,77 row_copy:79,78 row_copy:80,78 row_copy:81,80 row_copy:82,81 row_copy:86,87 row_copy:87,88 row_copy:88,90 row_copy:89,90 row_copy:90,91 row_copy:94,93 row_copy:95,94 row_copy:96,94
148, enemy_healthbar_gone row_copy:69,67 row_copy:70,68 row_copy:71,72 row_copy:72,73 row_copy:73,75 row_copy:74,75 row_copy:75,76 row_copy:79,78 row_copy:80,79 row_copy:81,79 row_copy:82,81 row_copy:83,82 row_copy:87,88 row_copy:88,89 row_copy:89,91 row_copy:90,91 row_copy:91,92 row_copy:95,94 row_copy:96,95
149, enemy_healthbar_gone row_copy:69,67 row_copy:70,68 row_copy:71,72 row_copy:72,73 row_copy:73,75 row_copy:74,75 row_copy:75,76 row_copy:79,78 row_copy:80,79 row_copy:81,79 row_copy:82,81 row_copy:83,82 row_copy:87,88 row_copy:88,89 row_copy:89,91 row_copy:90,91 row_copy:91,92 row_copy:95,94 row_copy:96,95
150, enemy_healthbar_gone row_copy:67,65 row_copy:68,66 row_copy:72,73 row_copy:73,74 row_copy:74,76 row_copy:75,76 row_copy:76,77 row_copy:80,79 row_copy:81,80 row_copy:82,80 row_copy:83,82 row_copy:84,83 row_copy:88,89 row_copy:89,90 row_copy:90,92 row_copy:91,92 row_copy:92,93 row_copy:96,95
151, enemy_healthbar_gone row_copy:67,65 row_copy:68,66 row_copy:72,73 row_copy:73,74 row_copy:74,76 row_copy:75,76 row_copy:76,77 row_copy:80,79 row_copy:81,80 row_copy:82,80 row_copy:83,82 row_copy:84,83 row_copy:88,89 row_copy:89,90 row_copy:90,92 row_copy:91,92 row_copy:92,93 row_copy:96,95
152, enemy_healthbar_gone row_copy:67,65 row_copy:68,66 row_copy:72,73 row_copy:73,74 row_copy:74,76 row_copy:75,76 row_copy:76,77 row_copy:80,79 row_copy:81,80 row_copy:82,80 row_copy:83,82 row_copy:84,83 row_copy:88,89 row_copy:89,90 row_copy:90,92 row_copy:91,92 row_copy:92,93 row_copy:96,95
153, enemy_healthbar_gone row_copy:65,66 row_copy:67,65 row_copy:68,67 row_copy:69,68 row_copy:73,74 row_copy:74,75 row_copy:75,77 row_copy:76,77 row_copy:77,78 row_copy:81,80 row_copy:82,81 row_copy:83,81 row_copy:84,83 row_copy:85,84 row_copy:89,90 row_copy:90,91
154, enemy_healthbar_gone
155, enemy_healthbar_gone
156, enemy_healthbar_gone
157, enemy_healthbar_gone row_copy:62,63 row_copy:63,64 row_copy:64,66 row_copy:65,66 row_copy:66,67 row_copy:70,69 row_copy:71,70 row_copy:72,70 row_copy:73,72 row_copy:74,73 row_copy:78,77 row_copy:79,78 row_copy:80,78 row_copy:81,80 row_copy:82,81 row_copy:86,87 row_copy:87,88 row_copy:88,90 row_copy:89,90 row_copy:90,91
158, enemy_healthbar_gone row_copy:62,63 row_copy:63,64 row_copy:64,66 row_copy:65,66 row_copy:66,67 row_copy:70,69 row_copy:71,70 row_copy:72,70 row_copy:73,72 row_copy:74,73 row_copy:78,77 row_copy:79,78 row_copy:80,78 row_copy:81,80 row_copy:82,81 row_copy:86,87 row_copy:87,88 row_copy:88,90 row_copy:89,90 row_copy:90,91
159, enemy_healthbar_gone row_copy:59,58 row_copy:63,64 row_copy:64,65 row_copy:65,67 row_copy:66,67 row_copy:67,68 row_copy:71,70 row_copy:72,71 row_copy:73,71 row_copy:74,73 row_copy:75,74 row_copy:77,76 row_copy:78,77 row_copy:79,77 row_copy:80,79 row_copy:81,80 row_copy:85,86 row_copy:86,87 row_copy:87,89 row_copy:88,89 row_copy:89,90 row_copy:93,92
160, enemy_healthbar_gone row_copy:59,58 row_copy:63,64 row_copy:64,65 row_copy:65,67 row_copy:66,67 row_copy:67,68 row_copy:71,70 row_copy:72,71 row_copy:73,71 row_copy:74,73 row_copy:75,74 row_copy:77,76 row_copy:78,77 row_copy:79,77 row_copy:80,79 row_copy:81,80 row_copy:85,86 row_copy:86,87 row_copy:87,89 row_copy:88,89 row_copy:89,90 row_copy:93,92
161, enemy_healthbar_gone row_copy:57,56 row_copy:58,56 row_copy:59,58 row_copy:60,59 row_copy:64,65 row_copy:65,66 row_copy:66,68 row_copy:67,68 row_copy:68,69 row_copy:72,71 row_copy:73,72 row_copy:74,72 row_copy:75,74 row_copy:76,75 row_copy:77,76 row_copy:78,76 row_copy:79,78 row_copy:80,79 row_copy:84,85 row_copy:85,86 row_copy:86,88 row_copy:87,88 row_copy:88,89 row_copy:92,91 row_copy:93,92 row_copy:94,92 row_copy:95,94
162, enemy_healthbar_gone row_copy:57,56 row_copy:58,56 row_copy:59,58 row_copy:60,59 row_copy:64,65 row_copy:65,66 row_copy:66,68 row_copy:67,68 row_copy:68,69 row_copy:72,71 row_copy:73,72 row_copy:74,72 row_copy:75,74 row_copy:76,75 row_copy:77,76 row_copy:78,76 row_copy:79,78 row_copy:80,79 row_copy:84,85 row_copy:85,86 row_copy:86,88 row_copy:87,88 row_copy:88,89 row_copy:92,91 row_copy:93,92 row_copy:94,92 row_copy:95,94
163, enemy_healthbar_gone row_copy:57,56 row_copy:58,57 row_copy:59,57 row_copy:60,59 row_copy:61,60 row_copy:65,66 row_copy:66,67 row_copy:67,69 row_copy:68,69 row_copy:69,70 row_copy:73,72 row_copy:74,73 row_copy:75,73 row_copy:76,75 row_copy:77,75 row_copy:78,77 row_copy:79,78 row_copy:83,84 row_copy:84,85 row_copy:85,87 row_copy:86,87 row_copy:87,88 row_copy:91,90 row_copy:92,91 row_copy:93,91 row_copy:94,93 row_copy:95,94
164, enemy_healthbar_gone row_copy:57,56 row_copy:58,57 row_copy:59,57 row_copy:60,59 row_copy:61,60 row_copy:65,66 row_copy:66,67 row_copy:67,69 row_copy:68,69 row_copy:69,70 row_copy:73,72 row_copy:74,73 row_copy:75,73 row_copy:76,75 row_copy:77,75 row_copy:78,77 row_copy:79,78 row_copy:83,84 row_copy:84,85 row_copy:85,87 row_copy:86,87 row_copy:87,88 row_copy:91,90 row_copy:92,91 row_copy:93,91 row_copy:94,93 row_copy:95,94
165, enemy_healthbar_gone row_copy:53,54 row_copy:54,55 row_copy:58,57 row_copy:59,58 row_copy:60,58 row_copy:61,60 row_copy:62,61 row_copy:66,67 row_copy:67,68 row_copy:68,70 row_copy:69,70 row_copy:70,71 row_copy:74,73 row_copy:75,74 row_copy:76,74 row_copy:77,76 row_copy:78,77 row_copy:82,83 row_copy:83,84 row_copy:84,86 row_copy:85,86 row_copy:86,87 row_copy:90,89 row_copy:91,90 row_copy:92,90 row_copy:93,92 row_copy:94,93
166, enemy_healthbar_gone row_copy:53,54 row_copy:54,55 row_copy:58,57 row_copy:59,58 row_copy:60,58 row_copy:61,60 row_copy:62,61 row_copy:66,67 row_copy:67,68 row_copy:68,70 row_copy:69,70 row_copy:70,71 row_copy:74,73 row_copy:75,74 row_copy:76,74 row_copy:77,76 row_copy:78,77 row_copy:82,83 row_copy:83,84 row_copy:84,86 row_copy:85,86 row_copy:86,87 row_copy:90,89 row_copy:91,90 row_copy:92,90 row_copy:93,92 row_copy:94,93
167, enemy_healthbar_gone row_copy:51,52 row_copy:52,53 row_copy:53,55 row_copy:54,55 row_copy:55,56 row_copy:59,58 row_copy:60,59 row_copy:61,59 row_copy:62,61 row_copy:63,62 row_copy:67,68 row_copy:68,69 row_copy:69,71 row_copy:70,71 row_copy:71,72 row_copy:75,74 row_copy:76,75 row_copy:77,76 row_copy:81,82 row_copy:82,83 row_copy:83,85 row_copy:84,85 row_copy:85,86 row_copy:89,88 row_copy:90,89 row_copy:91,89 row_copy:92,91 row_copy:93,92
168, enemy_healthbar_gone row_copy:51,52 row_copy:52,53 row_copy:53,55 row_copy:54,55 row_copy:55,56 row_copy:59,58 row_copy:60,59 row_copy:61,59 row_copy:62,61 row_copy:63,62 row_copy:67,68 row_copy:68,69 row_copy:69,71 row_copy:70,71 row_copy:71,72 row_copy:75,74 row_copy:76,75 row_copy:77,76 row_copy:81,82 row_copy:82,83 row_copy:83,85 row_copy:84,85 row_copy:85,86 row_copy:89,88 row_copy:90,89 row_copy:91,89 row_copy:92,91 row_copy:93,92
169, enemy_healthbar_gone row_copy:52,53 row_copy:53,54 row_copy:54,56 row_copy:55,56 row_copy:56,57 row_copy:60,59 row_copy:61,60 row_copy:62,60 row_copy:63,62 row_copy:64,63 row_copy:68,69 row_copy:69,70 row_copy:70,72 row_copy:71,72 row_copy:72,73 row_copy:76,75 row_copy:80,81 row_copy:81,82 row_copy:82,84 row_copy:83,84 row_copy:84,85 row_copy:88,87 row_copy:89,88 row_copy:90,88 row_copy:91,90 row_copy:92,91
170, enemy_healthbar_gone row_copy:52,53 row_copy:53,54 row_copy:54,56 row_copy:55,56 row_copy:56,57 row_copy:60,59 row_copy:61,60 row_copy:62,60 row_copy:63,62 row_copy:64,63 row_copy:68,69 row_copy:69,70 row_copy:70,72 row_copy:71,72 row_copy:72,73 row_copy:76,75 row_copy:80,81 row_copy:81,82 row_copy:82,84 row_copy:83,84 row_copy:84,85 row_copy:88,87 row_copy:89,88 row_copy:90,88 row_copy:91,90 row_copy:92,91
171, enemy_healthbar_gone
172, enemy_healthbar_gone
173, enemy_healthbar_gone
174, enemy_healthbar_gone
175, enemy_healthbar_gone
176, enemy_healthbar_gone
177, enemy_healthbar_gone
178, enemy_healthbar_gone
179, enemy_healthbar_gone
180, enemy_healthbar_gone
181, enemy_healthbar_gone
182, enemy_healthbar_gone
183, enemy_healthbar_gone
184, enemy_healthbar_gone
185, enemy_healthbar_gone
186, enemy_healthbar_gone
187, enemy_healthbar_gone
188, enemy_healthbar_gone
189, enemy_healthbar_gone
190, enemy_healthbar_gone
191, enemy_healthbar_gone
192, enemy_healthbar_gone
193, enemy_healthbar_gone
194, enemy_healthbar_gone
195, enemy_healthbar_gone
196, enemy_healthbar_gone
197, enemy_healthbar_gone
198, enemy_healthbar_gone
199, enemy_healthbar_gone
200, enemy_healthbar_gone
201, enemy_healthbar_gone
202, enemy_healthbar_gone
203, enemy_healthbar_gone
204, enemy_healthbar_gone
205, enemy_healthbar_gone
206, enemy_healthbar_gone
207, enemy_healthbar_gone
208, enemy_healthbar_gone
209, enemy_healthbar_gone
210, enemy_healthbar_gone
211, enemy_healthbar_gone
212, enemy_healthbar_gone
213, enemy_healthbar_gone
214, enemy_healthbar_gone
215, enemy_healthbar_gone
216, enemy_healthbar_gone
217, enemy_healthbar_gone
218, enemy_healthbar_gone
219, enemy_healthbar_gone
220, enemy_healthbar_gone
221, enemy_healthbar_gone