1, invisible_frame
2, invisible_frame
3, invisible_frame
4, invisible_frame
5, invisible_frame
6, invisible_frame
7, invisible_frame
8, invisible_frame
9, invisible_frame
10, invisible_frame
11, invisible_frame
12, invisible_frame
13, invisible_frame
14, invisible_frame
15, invisible_frame
16, invisible_frame
17, invisible_frame
18, invisible_frame
19, invisible_frame
20, invisible_frame
39, invisible_frame
40, invisible_frame
41, invisible_frame
42, invisible_frame
43, invisible_frame
44, invisible_frame
45, invisible_frame
46, invisible_frame
47, invisible_frame
48, invisible_frame
49, invisible_frame
50, invisible_frame
51, invisible_frame
52, invisible_frame
53, invisible_frame
54, invisible_frame
55, invisible_frame
56, invisible_frame
57, invisible_frame
58, invisible_frame
59, invisible_frame
60, invisible_frame
61, invisible_frame
62, invisible_frame
63, invisible_frame
64, invisible_frame
65, invisible_frame
66, invisible_frame
67, invisible_frame
68, invisible_frame
69, invisible_frame
70, invisible_frame
71, invisible_frame