1, invisible_frame
2, invisible_frame
3, invisible_frame
4, invisible_frame
5, invisible_frame
6, invisible_frame
7, invisible_frame
8, invisible_frame
9, invisible_frame
10, invisible_frame
11, invisible_frame
12, invisible_frame
13, invisible_frame
14, invisible_frame
15, invisible_frame
16, invisible_frame
17, invisible_frame
18, invisible_frame
19, invisible_frame
20, invisible_frame
21, invisible_frame
22, invisible_frame
23, invisible_frame
24, invisible_frame
25, invisible_frame
26, invisible_frame
27, invisible_frame
28, invisible_frame
53, invisible_frame
54, invisible_frame
55, invisible_frame
56, invisible_frame
57, invisible_frame
58, invisible_frame
59, invisible_frame
60, invisible_frame
61, invisible_frame
62, invisible_frame
63, invisible_frame