1, player_healthbar_gone invisible_frame
2, player_healthbar_gone invisible_frame
3, player_healthbar_gone invisible_frame
4, player_healthbar_gone invisible_frame
5, player_healthbar_gone invisible_frame
6, player_healthbar_gone invisible_frame
7, player_healthbar_gone invisible_frame
8, player_healthbar_gone invisible_frame
9, player_healthbar_gone invisible_frame
10, player_healthbar_gone invisible_frame
11, player_healthbar_gone invisible_frame
12, player_healthbar_gone player_translate_x:-8 invisible_frame
13, player_healthbar_gone player_translate_x:-8 invisible_frame
14, player_healthbar_gone player_translate_x:-8 invisible_frame
15, player_healthbar_gone player_translate_x:-8 invisible_frame
16, player_healthbar_gone player_translate_x:-16 invisible_frame
17, player_healthbar_gone player_translate_x:-16 invisible_frame
18, player_healthbar_gone player_translate_x:-16 invisible_frame
19, player_healthbar_gone player_translate_x:-16 invisible_frame
20, player_healthbar_gone player_translate_x:-24 invisible_frame
21, player_healthbar_gone player_translate_x:-24 invisible_frame
22, player_healthbar_gone player_translate_x:-24 invisible_frame
23, player_healthbar_gone player_translate_x:-24 invisible_frame
24, player_healthbar_gone player_translate_x:-32 invisible_frame
25, player_healthbar_gone player_translate_x:-32 invisible_frame
26, player_healthbar_gone player_translate_x:-32 invisible_frame
27, player_healthbar_gone player_translate_x:-32 invisible_frame
28, player_healthbar_gone player_translate_x:-40 invisible_frame
29, player_healthbar_gone player_translate_x:-40 invisible_frame
30, player_healthbar_gone player_translate_x:-40 invisible_frame
31, player_healthbar_gone player_translate_x:-40 invisible_frame
32, player_healthbar_gone player_translate_x:-48 invisible_frame
33, player_healthbar_gone player_translate_x:-48 invisible_frame
34, player_healthbar_gone player_translate_x:-48 invisible_frame
35, player_healthbar_gone player_translate_x:-48 invisible_frame
36, player_healthbar_gone player_translate_x:-48 invisible_frame
37, player_healthbar_gone player_translate_x:-56 invisible_frame
38, player_healthbar_gone player_translate_x:-64 invisible_frame
39, player_healthbar_gone player_translate_x:-64 invisible_frame
40, player_healthbar_gone player_translate_x:-64 invisible_frame
41, player_healthbar_gone player_translate_x:-64 invisible_frame
42, player_healthbar_gone player_translate_x:-64 invisible_frame
43, player_healthbar_gone player_translate_x:-64 invisible_frame
44, player_healthbar_gone player_translate_x:-64 invisible_frame
45, player_healthbar_gone player_translate_x:-64
46, player_healthbar_gone player_translate_x:-64
47, player_healthbar_gone player_translate_x:-64
48, player_healthbar_gone player_translate_x:-64
49, player_healthbar_gone player_translate_x:-64
50, player_healthbar_gone player_translate_x:-64
51, player_healthbar_gone player_translate_x:-64
52, player_healthbar_gone player_translate_x:-64
53, player_healthbar_gone player_translate_x:-64
54, player_healthbar_gone player_translate_x:-64
55, player_healthbar_gone player_translate_x:-64
56, player_healthbar_gone player_translate_x:-64
57, player_healthbar_gone player_translate_x:-64
58, player_healthbar_gone player_translate_x:-64
59, player_healthbar_gone player_translate_x:-64
60, player_healthbar_gone player_translate_x:-64
61, player_healthbar_gone player_translate_x:-64
62, player_healthbar_gone player_translate_x:-64
63, player_healthbar_gone player_translate_x:-64
64, player_healthbar_gone player_translate_x:-64
65, player_healthbar_gone player_translate_x:-64
66, player_healthbar_gone player_translate_x:-64
67, player_healthbar_gone player_translate_x:-64
68, player_healthbar_gone player_translate_x:-64
69, player_healthbar_gone player_translate_x:-64
70, player_healthbar_gone player_translate_x:-64
71, player_healthbar_gone player_translate_x:-64
72, player_healthbar_gone player_translate_x:-64
73, player_healthbar_gone player_translate_x:-64
74, player_healthbar_gone player_translate_x:-64
75, player_healthbar_gone player_translate_x:-64
76, player_healthbar_gone player_translate_x:-64
77, player_healthbar_gone player_translate_x:-64
78, player_healthbar_gone player_translate_x:-64
79, player_healthbar_gone player_translate_x:-64
80, player_healthbar_gone player_translate_x:-64
81, player_healthbar_gone player_translate_x:-64
82, player_healthbar_gone player_translate_x:-64
83, player_healthbar_gone player_translate_x:-64
84, player_healthbar_gone player_translate_x:-64
85, player_healthbar_gone player_translate_x:-64
86, player_healthbar_gone player_translate_x:-64
87, player_healthbar_gone player_translate_x:-64
88, player_healthbar_gone player_translate_x:-64
89, player_healthbar_gone player_translate_x:-64
90, player_healthbar_gone player_translate_x:-64
91, player_healthbar_gone player_translate_x:-64
92, player_healthbar_gone player_translate_x:-64
93, player_healthbar_gone player_translate_x:-64
94, player_healthbar_gone player_translate_x:-64
95, player_healthbar_gone player_translate_x:-64
96, player_healthbar_gone player_translate_x:-64
97, player_healthbar_gone player_translate_x:-64
98, player_healthbar_gone player_translate_x:-64
99, player_healthbar_gone player_translate_x:-64
100, player_healthbar_gone player_translate_x:-64
101, player_healthbar_gone player_translate_x:-64
102, player_healthbar_gone player_translate_x:-64
103, player_healthbar_gone player_translate_x:-64
104, player_healthbar_gone player_translate_x:-64
105, player_healthbar_gone player_translate_x:-64
106, player_healthbar_gone player_translate_x:-64
107, player_healthbar_gone player_translate_x:-64
108, player_healthbar_gone player_translate_x:-64
109, player_healthbar_gone player_translate_x:-64
110, player_healthbar_gone player_translate_x:-64
111, player_healthbar_gone player_translate_x:-64
112, player_healthbar_gone player_translate_x:-64
113, player_healthbar_gone player_translate_x:-64
114, player_healthbar_gone player_translate_x:-64
115, player_healthbar_gone player_translate_x:-64
116, player_healthbar_gone player_translate_x:-64
117, player_healthbar_gone player_translate_x:-64
118, player_healthbar_gone player_translate_x:-64
119, player_healthbar_gone player_translate_x:-64
120, player_healthbar_gone player_translate_x:-64
121, player_healthbar_gone player_translate_x:-64
122, player_healthbar_gone player_translate_x:-64
123, player_healthbar_gone player_translate_x:-64
124, player_healthbar_gone player_translate_x:-64
125, player_healthbar_gone player_translate_x:-64
126, player_healthbar_gone player_translate_x:-64
127, player_healthbar_gone player_translate_x:-64
128, player_healthbar_gone player_translate_x:-64
129, player_healthbar_gone player_translate_x:-64
130, player_healthbar_gone player_translate_x:-64
131, player_healthbar_gone player_translate_x:-64
132, player_healthbar_gone player_translate_x:-64 enemy_darken_effect1
133, player_healthbar_gone player_translate_x:-64 enemy_darken_effect1
134, player_healthbar_gone player_translate_x:-64 enemy_darken_effect1
135, player_healthbar_gone player_translate_x:-64 enemy_darken_effect2
136, player_healthbar_gone player_translate_x:-64 enemy_darken_effect2
137, player_healthbar_gone player_translate_x:-64 enemy_darken_effect2
138, player_healthbar_gone player_translate_x:-64 enemy_darken_effect1
139, player_healthbar_gone player_translate_x:-64 enemy_darken_effect1
140, player_healthbar_gone player_translate_x:-64 enemy_darken_effect1
141, player_healthbar_gone player_translate_x:-64
142, player_healthbar_gone player_translate_x:-64
143, player_healthbar_gone player_translate_x:-64
144, player_healthbar_gone player_translate_x:-64 enemy_lighten_effect1
145, player_healthbar_gone player_translate_x:-64 enemy_lighten_effect1
146, player_healthbar_gone player_translate_x:-64 enemy_lighten_effect1
147, player_healthbar_gone player_translate_x:-64 enemy_lighten_effect2
148, player_healthbar_gone player_translate_x:-64 enemy_lighten_effect2
149, player_healthbar_gone player_translate_x:-64 enemy_lighten_effect2
150, player_healthbar_gone player_translate_x:-64 enemy_lighten_effect1
151, player_healthbar_gone player_translate_x:-64 enemy_lighten_effect1
152, player_healthbar_gone player_translate_x:-64 enemy_lighten_effect1
153, player_healthbar_gone player_translate_x:-64
154, player_healthbar_gone player_translate_x:-64
155, player_healthbar_gone player_translate_x:-64
156, player_healthbar_gone player_translate_x:-64 enemy_darken_effect1
157, player_healthbar_gone player_translate_x:-64 enemy_darken_effect1
158, player_healthbar_gone player_translate_x:-64 enemy_darken_effect1
159, player_healthbar_gone player_translate_x:-64 enemy_darken_effect2
160, player_healthbar_gone player_translate_x:-64 enemy_darken_effect2
161, player_healthbar_gone player_translate_x:-64 enemy_darken_effect2
162, player_healthbar_gone player_translate_x:-64 enemy_darken_effect1
163, player_healthbar_gone player_translate_x:-64 enemy_darken_effect1
164, player_healthbar_gone player_translate_x:-64 enemy_darken_effect1
165, player_healthbar_gone player_translate_x:-64
166, player_healthbar_gone player_translate_x:-64
167, player_healthbar_gone player_translate_x:-64
168, player_healthbar_gone player_translate_x:-64 enemy_lighten_effect1
169, player_healthbar_gone player_translate_x:-64 enemy_lighten_effect1
170, player_healthbar_gone player_translate_x:-64 enemy_lighten_effect1
171, player_healthbar_gone player_translate_x:-64 enemy_lighten_effect2
172, player_healthbar_gone player_translate_x:-64 enemy_lighten_effect2
173, player_healthbar_gone player_translate_x:-64 enemy_lighten_effect2
174, player_healthbar_gone player_translate_x:-64 enemy_lighten_effect1
175, player_healthbar_gone player_translate_x:-64 enemy_lighten_effect1
176, player_healthbar_gone player_translate_x:-64 enemy_lighten_effect1
177, player_healthbar_gone player_translate_x:-64
178, player_healthbar_gone player_translate_x:-64
179, player_healthbar_gone player_translate_x:-64
180, player_healthbar_gone player_translate_x:-64 enemy_darken_effect1
181, player_healthbar_gone player_translate_x:-64 enemy_darken_effect1
182, player_healthbar_gone player_translate_x:-64 enemy_darken_effect1
183, player_healthbar_gone player_translate_x:-64 enemy_darken_effect2
184, player_healthbar_gone player_translate_x:-64 enemy_darken_effect2
185, player_healthbar_gone player_translate_x:-64 enemy_darken_effect2
186, player_healthbar_gone player_translate_x:-64 enemy_darken_effect1
187, player_healthbar_gone player_translate_x:-64 enemy_darken_effect1
188, player_healthbar_gone player_translate_x:-64 enemy_darken_effect1
189, player_healthbar_gone player_translate_x:-64
190, player_healthbar_gone player_translate_x:-64
191, player_healthbar_gone player_translate_x:-64
192, player_healthbar_gone player_translate_x:-64 enemy_lighten_effect1
193, player_healthbar_gone player_translate_x:-64 enemy_lighten_effect1
194, player_healthbar_gone player_translate_x:-64 enemy_lighten_effect1
195, player_healthbar_gone player_translate_x:-64 enemy_lighten_effect2
196, player_healthbar_gone player_translate_x:-64 enemy_lighten_effect2
197, player_healthbar_gone player_translate_x:-64 enemy_lighten_effect2
198, player_healthbar_gone player_translate_x:-64 enemy_lighten_effect1
199, player_healthbar_gone player_translate_x:-64 enemy_lighten_effect1
200, player_healthbar_gone player_translate_x:-64 enemy_lighten_effect1
201, player_healthbar_gone player_translate_x:-64
202, player_healthbar_gone player_translate_x:-64
203, player_healthbar_gone player_translate_x:-64
204, player_healthbar_gone player_translate_x:-64 enemy_darken_effect1
205, player_healthbar_gone player_translate_x:-64 enemy_darken_effect1
206, player_healthbar_gone player_translate_x:-64 enemy_darken_effect1
207, player_healthbar_gone player_translate_x:-64 enemy_darken_effect2
208, player_healthbar_gone player_translate_x:-64 enemy_darken_effect2
209, player_healthbar_gone player_translate_x:-64 enemy_darken_effect2
210, player_healthbar_gone player_translate_x:-64 enemy_darken_effect1
211, player_healthbar_gone player_translate_x:-64 enemy_darken_effect1
212, player_healthbar_gone player_translate_x:-64 enemy_darken_effect1
213, player_healthbar_gone player_translate_x:-64
214, player_healthbar_gone player_translate_x:-64
215, player_healthbar_gone player_translate_x:-64 invisible_frame
216, player_healthbar_gone player_translate_x:-64 enemy_lighten_effect1 invisible_frame
217, player_healthbar_gone player_translate_x:-64 enemy_lighten_effect1 invisible_frame
218, player_healthbar_gone player_translate_x:-64 enemy_lighten_effect1 invisible_frame
219, player_healthbar_gone player_translate_x:-64 enemy_lighten_effect2 invisible_frame
220, player_healthbar_gone player_translate_x:-64 enemy_lighten_effect2 invisible_frame
221, player_healthbar_gone player_translate_x:-64 enemy_lighten_effect2 invisible_frame
222, player_healthbar_gone player_translate_x:-64 enemy_lighten_effect1 invisible_frame
223, player_healthbar_gone player_translate_x:-64 enemy_lighten_effect1 invisible_frame
224, player_healthbar_gone player_translate_x:-64 enemy_lighten_effect1 invisible_frame
225, player_healthbar_gone player_translate_x:-64 invisible_frame
226, player_healthbar_gone player_translate_x:-64 invisible_frame
227, player_healthbar_gone player_translate_x:-64 invisible_frame
228, player_healthbar_gone player_translate_x:-64 enemy_darken_effect1 invisible_frame
229, player_healthbar_gone player_translate_x:-64 enemy_darken_effect1 invisible_frame
230, player_healthbar_gone player_translate_x:-64 enemy_darken_effect1 invisible_frame
231, player_healthbar_gone player_translate_x:-64 enemy_darken_effect2 invisible_frame
232, player_healthbar_gone player_translate_x:-64 enemy_darken_effect2 invisible_frame
233, player_healthbar_gone player_translate_x:-64 enemy_darken_effect2 invisible_frame
234, player_healthbar_gone player_translate_x:-64 enemy_darken_effect1 invisible_frame
235, player_healthbar_gone player_translate_x:-64 enemy_darken_effect1 invisible_frame
236, player_healthbar_gone player_translate_x:-64 enemy_darken_effect1 invisible_frame
237, player_healthbar_gone player_translate_x:-64 invisible_frame
238, player_healthbar_gone player_translate_x:-64 invisible_frame
239, player_healthbar_gone player_translate_x:-64 invisible_frame
240, player_healthbar_gone player_translate_x:-64 enemy_lighten_effect1 invisible_frame
241, player_healthbar_gone player_translate_x:-64 enemy_lighten_effect1 invisible_frame
242, player_healthbar_gone player_translate_x:-64 enemy_lighten_effect1 invisible_frame
243, player_healthbar_gone player_translate_x:-64 enemy_lighten_effect2 invisible_frame
244, player_healthbar_gone player_translate_x:-64 enemy_lighten_effect2 invisible_frame
245, player_healthbar_gone player_translate_x:-64 enemy_lighten_effect2 invisible_frame
246, player_healthbar_gone player_translate_x:-64 enemy_lighten_effect1 invisible_frame
247, player_healthbar_gone player_translate_x:-64 invisible_frame
248, player_healthbar_gone player_translate_x:-64 invisible_frame
249, player_healthbar_gone player_translate_x:-64 invisible_frame
250, player_healthbar_gone player_translate_x:-64 invisible_frame
251, player_healthbar_gone invisible_frame