1, invisible_frame
2, invisible_frame
3, invisible_frame
4, invisible_frame
5, invisible_frame
6, invisible_frame
7, invisible_frame
8, invisible_frame
9, invisible_frame
10, invisible_frame
11, invisible_frame
12, invisible_frame
13, invisible_frame
14, invisible_frame
15, invisible_frame
16, invisible_frame
17, invisible_frame
18, invisible_frame
19, invisible_frame
20, invisible_frame
21, invisible_frame
22, invisible_frame
23, invisible_frame
24, invisible_frame
25, invisible_frame
26, invisible_frame
27, invisible_frame
28, invisible_frame
29, invisible_frame
30, invisible_frame
31, invisible_frame
32, invisible_frame
33, invisible_frame
34, invisible_frame
35, invisible_frame
36, invisible_frame
37, invisible_frame
38, invisible_frame
39, invisible_frame
40, invisible_frame
41, invisible_frame
42, invisible_frame
43, invisible_frame
44, invisible_frame
45, invisible_frame
46, invisible_frame
47, invisible_frame
48, invisible_frame
49, invisible_frame
50, invisible_frame
51, invisible_frame
52, invisible_frame
53, invisible_frame
54, invisible_frame
55, invisible_frame
61, invisible_frame
62, invisible_frame
63, invisible_frame
69, invisible_frame
70, invisible_frame
71, invisible_frame
77, invisible_frame
78, invisible_frame
79, invisible_frame
85, invisible_frame
86, invisible_frame
87, invisible_frame
88, invisible_frame
89, invisible_frame
90, invisible_frame
91, invisible_frame
92, invisible_frame
93, invisible_frame
94, invisible_frame
95, invisible_frame
96, invisible_frame
97, invisible_frame