97, sprite_greyscale
98, sprite_greyscale
99, sprite_greyscale
100, sprite_greyscale
101, sprite_greyscale
102, sprite_greyscale
103, sprite_greyscale
104, sprite_greyscale
105, sprite_greyscale
106, sprite_greyscale
107, sprite_greyscale
108, sprite_greyscale
109, sprite_greyscale
110, sprite_greyscale
111, sprite_greyscale
112, sprite_greyscale
113, sprite_greyscale evo_top_sprite_changed
114, sprite_greyscale evo_bottom_sprite_changed evo_top_sprite_changed
115, sprite_greyscale evo_bottom_sprite_changed evo_top_sprite_changed
116, sprite_greyscale evo_bottom_sprite_changed evo_top_sprite_changed
117, sprite_greyscale evo_top_sprite_changed
118, sprite_greyscale evo_top_sprite_changed
119, sprite_greyscale
120, sprite_greyscale
121, sprite_greyscale
122, sprite_greyscale
123, sprite_greyscale
124, sprite_greyscale
125, sprite_greyscale
126, sprite_greyscale
127, sprite_greyscale
128, sprite_greyscale
129, sprite_greyscale
130, sprite_greyscale
131, sprite_greyscale
132, sprite_greyscale
133, sprite_greyscale
134, sprite_greyscale
135, sprite_greyscale evo_bottom_sprite_changed
136, sprite_greyscale evo_bottom_sprite_changed
137, sprite_greyscale evo_bottom_sprite_changed evo_top_sprite_changed
138, sprite_greyscale evo_bottom_sprite_changed evo_top_sprite_changed
139, sprite_greyscale evo_bottom_sprite_changed evo_top_sprite_changed
140, sprite_greyscale evo_bottom_sprite_changed
141, sprite_greyscale
142, sprite_greyscale
143, sprite_greyscale evo_top_sprite_changed
144, sprite_greyscale evo_bottom_sprite_changed evo_top_sprite_changed
145, sprite_greyscale evo_bottom_sprite_changed evo_top_sprite_changed
146, sprite_greyscale evo_bottom_sprite_changed evo_top_sprite_changed
147, sprite_greyscale evo_top_sprite_changed
148, sprite_greyscale evo_top_sprite_changed
149, sprite_greyscale
150, sprite_greyscale
151, sprite_greyscale
152, sprite_greyscale
153, sprite_greyscale
154, sprite_greyscale
155, sprite_greyscale
156, sprite_greyscale
157, sprite_greyscale
158, sprite_greyscale
159, sprite_greyscale
160, sprite_greyscale
161, sprite_greyscale
162, sprite_greyscale
163, sprite_greyscale
164, sprite_greyscale evo_top_sprite_changed
165, sprite_greyscale evo_bottom_sprite_changed evo_top_sprite_changed
166, sprite_greyscale evo_bottom_sprite_changed evo_top_sprite_changed
167, sprite_greyscale evo_bottom_sprite_changed
168, sprite_greyscale
169, sprite_greyscale
170, sprite_greyscale
171, sprite_greyscale evo_bottom_sprite_changed
172, sprite_greyscale evo_bottom_sprite_changed
173, sprite_greyscale evo_bottom_sprite_changed evo_top_sprite_changed
174, sprite_greyscale evo_bottom_sprite_changed evo_top_sprite_changed
175, sprite_greyscale evo_bottom_sprite_changed evo_top_sprite_changed
176, sprite_greyscale evo_bottom_sprite_changed
177, sprite_greyscale
178, sprite_greyscale
179, sprite_greyscale evo_top_sprite_changed
180, sprite_greyscale evo_bottom_sprite_changed evo_top_sprite_changed
181, sprite_greyscale evo_bottom_sprite_changed evo_top_sprite_changed
182, sprite_greyscale evo_bottom_sprite_changed evo_top_sprite_changed
183, sprite_greyscale evo_top_sprite_changed
184, sprite_greyscale evo_top_sprite_changed
185, sprite_greyscale
186, sprite_greyscale
187, sprite_greyscale
188, sprite_greyscale
189, sprite_greyscale
190, sprite_greyscale
191, sprite_greyscale
192, sprite_greyscale
193, sprite_greyscale
194, sprite_greyscale
195, sprite_greyscale
196, sprite_greyscale
197, sprite_greyscale evo_top_sprite_changed
198, sprite_greyscale evo_bottom_sprite_changed evo_top_sprite_changed
199, sprite_greyscale evo_bottom_sprite_changed evo_top_sprite_changed
200, sprite_greyscale evo_bottom_sprite_changed evo_top_sprite_changed
201, sprite_greyscale evo_top_sprite_changed
202, sprite_greyscale evo_top_sprite_changed
203, sprite_greyscale
204, sprite_greyscale
205, sprite_greyscale
206, sprite_greyscale evo_top_sprite_changed
207, sprite_greyscale evo_bottom_sprite_changed evo_top_sprite_changed
208, sprite_greyscale evo_bottom_sprite_changed evo_top_sprite_changed
209, sprite_greyscale evo_bottom_sprite_changed
210, sprite_greyscale
211, sprite_greyscale
212, sprite_greyscale
213, sprite_greyscale evo_bottom_sprite_changed
214, sprite_greyscale evo_bottom_sprite_changed
215, sprite_greyscale evo_bottom_sprite_changed evo_top_sprite_changed
216, sprite_greyscale evo_bottom_sprite_changed evo_top_sprite_changed
217, sprite_greyscale evo_bottom_sprite_changed evo_top_sprite_changed
218, sprite_greyscale evo_bottom_sprite_changed
219, sprite_greyscale
220, sprite_greyscale
221, sprite_greyscale evo_top_sprite_changed
222, sprite_greyscale evo_bottom_sprite_changed evo_top_sprite_changed
223, sprite_greyscale evo_bottom_sprite_changed evo_top_sprite_changed
224, sprite_greyscale evo_bottom_sprite_changed evo_top_sprite_changed
225, sprite_greyscale evo_top_sprite_changed
226, sprite_greyscale evo_top_sprite_changed
227, sprite_greyscale
228, sprite_greyscale
229, sprite_greyscale
230, sprite_greyscale
231, sprite_greyscale
232, sprite_greyscale
233, sprite_greyscale
234, sprite_greyscale
235, sprite_greyscale
236, sprite_greyscale
237, sprite_greyscale evo_bottom_sprite_changed
238, sprite_greyscale evo_bottom_sprite_changed
239, sprite_greyscale evo_bottom_sprite_changed evo_top_sprite_changed
240, sprite_greyscale evo_bottom_sprite_changed evo_top_sprite_changed
241, sprite_greyscale evo_bottom_sprite_changed evo_top_sprite_changed
242, sprite_greyscale evo_bottom_sprite_changed
243, sprite_greyscale
244, sprite_greyscale
245, sprite_greyscale evo_top_sprite_changed
246, sprite_greyscale evo_bottom_sprite_changed evo_top_sprite_changed
247, sprite_greyscale evo_bottom_sprite_changed evo_top_sprite_changed
248, sprite_greyscale evo_bottom_sprite_changed evo_top_sprite_changed
249, sprite_greyscale evo_top_sprite_changed
250, sprite_greyscale evo_top_sprite_changed
251, sprite_greyscale
252, sprite_greyscale
253, sprite_greyscale
254, sprite_greyscale evo_top_sprite_changed
255, sprite_greyscale evo_bottom_sprite_changed evo_top_sprite_changed
256, sprite_greyscale evo_bottom_sprite_changed evo_top_sprite_changed
257, sprite_greyscale evo_bottom_sprite_changed
258, sprite_greyscale
259, sprite_greyscale
260, sprite_greyscale
261, sprite_greyscale evo_bottom_sprite_changed
262, sprite_greyscale evo_bottom_sprite_changed
263, sprite_greyscale evo_bottom_sprite_changed evo_top_sprite_changed
264, sprite_greyscale evo_bottom_sprite_changed evo_top_sprite_changed
265, sprite_greyscale evo_bottom_sprite_changed evo_top_sprite_changed
266, sprite_greyscale evo_bottom_sprite_changed
267, sprite_greyscale
268, sprite_greyscale
269, sprite_greyscale evo_top_sprite_changed
270, sprite_greyscale evo_bottom_sprite_changed evo_top_sprite_changed
271, sprite_greyscale evo_bottom_sprite_changed evo_top_sprite_changed
272, sprite_greyscale evo_bottom_sprite_changed evo_top_sprite_changed
273, sprite_greyscale evo_top_sprite_changed
274, sprite_greyscale evo_top_sprite_changed
275, sprite_greyscale
276, sprite_greyscale
277, sprite_greyscale
278, sprite_greyscale
279, sprite_greyscale
280, sprite_greyscale
281, sprite_greyscale
282, sprite_greyscale
283, sprite_greyscale
284, sprite_greyscale evo_top_sprite_changed
285, sprite_greyscale evo_bottom_sprite_changed evo_top_sprite_changed
286, sprite_greyscale evo_bottom_sprite_changed evo_top_sprite_changed
287, sprite_greyscale evo_bottom_sprite_changed
288, sprite_greyscale
289, sprite_greyscale
290, sprite_greyscale
291, sprite_greyscale evo_bottom_sprite_changed
292, sprite_greyscale evo_bottom_sprite_changed
293, sprite_greyscale evo_bottom_sprite_changed evo_top_sprite_changed
294, sprite_greyscale evo_bottom_sprite_changed evo_top_sprite_changed
295, sprite_greyscale evo_bottom_sprite_changed evo_top_sprite_changed
296, sprite_greyscale evo_bottom_sprite_changed
297, sprite_greyscale
298, sprite_greyscale
299, sprite_greyscale evo_top_sprite_changed
300, sprite_greyscale evo_bottom_sprite_changed evo_top_sprite_changed
301, sprite_greyscale evo_bottom_sprite_changed evo_top_sprite_changed
302, sprite_greyscale evo_bottom_sprite_changed evo_top_sprite_changed
303, sprite_greyscale evo_top_sprite_changed
304, sprite_greyscale evo_top_sprite_changed
305, sprite_greyscale
306, sprite_greyscale
307, sprite_greyscale
308, sprite_greyscale evo_top_sprite_changed
309, sprite_greyscale evo_bottom_sprite_changed evo_top_sprite_changed
310, sprite_greyscale evo_bottom_sprite_changed evo_top_sprite_changed
311, sprite_greyscale evo_bottom_sprite_changed
312, sprite_greyscale
313, sprite_greyscale
314, sprite_greyscale
315, sprite_greyscale evo_bottom_sprite_changed
316, sprite_greyscale evo_bottom_sprite_changed
317, sprite_greyscale evo_bottom_sprite_changed evo_top_sprite_changed
318, sprite_greyscale evo_bottom_sprite_changed evo_top_sprite_changed
319, sprite_greyscale evo_bottom_sprite_changed evo_top_sprite_changed
320, sprite_greyscale evo_bottom_sprite_changed
321, sprite_greyscale
322, sprite_greyscale
323, sprite_greyscale evo_top_sprite_changed
324, sprite_greyscale evo_bottom_sprite_changed evo_top_sprite_changed
325, sprite_greyscale evo_bottom_sprite_changed evo_top_sprite_changed
326, sprite_greyscale evo_bottom_sprite_changed evo_top_sprite_changed
327, sprite_greyscale evo_top_sprite_changed
328, sprite_greyscale evo_top_sprite_changed
329, sprite_greyscale
330, sprite_greyscale
331, sprite_greyscale
332, sprite_greyscale
333, sprite_greyscale
334, sprite_greyscale
335, sprite_greyscale evo_top_sprite_changed
336, sprite_greyscale evo_bottom_sprite_changed evo_top_sprite_changed
337, sprite_greyscale evo_bottom_sprite_changed evo_top_sprite_changed
338, sprite_greyscale evo_bottom_sprite_changed evo_top_sprite_changed
339, sprite_greyscale evo_top_sprite_changed
340, sprite_greyscale evo_top_sprite_changed
341, sprite_greyscale
342, sprite_greyscale
343, sprite_greyscale
344, sprite_greyscale evo_top_sprite_changed
345, sprite_greyscale evo_bottom_sprite_changed evo_top_sprite_changed
346, sprite_greyscale evo_bottom_sprite_changed evo_top_sprite_changed
347, sprite_greyscale evo_bottom_sprite_changed
348, sprite_greyscale
349, sprite_greyscale
350, sprite_greyscale
351, sprite_greyscale evo_bottom_sprite_changed
352, sprite_greyscale evo_bottom_sprite_changed
353, sprite_greyscale evo_bottom_sprite_changed evo_top_sprite_changed
354, sprite_greyscale evo_bottom_sprite_changed evo_top_sprite_changed
355, sprite_greyscale evo_bottom_sprite_changed evo_top_sprite_changed
356, sprite_greyscale evo_bottom_sprite_changed
357, sprite_greyscale
358, sprite_greyscale
359, sprite_greyscale evo_top_sprite_changed
360, sprite_greyscale evo_bottom_sprite_changed evo_top_sprite_changed
361, sprite_greyscale evo_bottom_sprite_changed evo_top_sprite_changed
362, sprite_greyscale evo_bottom_sprite_changed evo_top_sprite_changed
363, sprite_greyscale evo_top_sprite_changed
364, sprite_greyscale evo_top_sprite_changed
365, sprite_greyscale
366, sprite_greyscale
367, sprite_greyscale
368, sprite_greyscale evo_top_sprite_changed
369, sprite_greyscale evo_bottom_sprite_changed evo_top_sprite_changed
370, sprite_greyscale evo_bottom_sprite_changed evo_top_sprite_changed
371, sprite_greyscale evo_bottom_sprite_changed
372, sprite_greyscale
373, sprite_greyscale
374, sprite_greyscale
375, sprite_greyscale evo_bottom_sprite_changed
376, sprite_greyscale evo_bottom_sprite_changed
377, sprite_greyscale evo_bottom_sprite_changed evo_top_sprite_changed
378, sprite_greyscale evo_bottom_sprite_changed evo_top_sprite_changed
379, sprite_greyscale evo_bottom_sprite_changed evo_top_sprite_changed
380, sprite_greyscale evo_bottom_sprite_changed
381, sprite_greyscale
382, sprite_greyscale
383, sprite_greyscale evo_top_sprite_changed
384, sprite_greyscale evo_bottom_sprite_changed evo_top_sprite_changed
385, sprite_greyscale evo_bottom_sprite_changed evo_top_sprite_changed
386, sprite_greyscale evo_bottom_sprite_changed evo_top_sprite_changed
387, sprite_greyscale evo_top_sprite_changed
388, sprite_greyscale evo_top_sprite_changed
389, sprite_greyscale
390, sprite_greyscale
391, sprite_greyscale
392, sprite_greyscale
393, sprite_greyscale evo_bottom_sprite_changed
394, sprite_greyscale evo_bottom_sprite_changed
395, sprite_greyscale evo_bottom_sprite_changed evo_top_sprite_changed
396, sprite_greyscale evo_bottom_sprite_changed evo_top_sprite_changed
397, sprite_greyscale evo_bottom_sprite_changed evo_top_sprite_changed
398, sprite_greyscale evo_bottom_sprite_changed
399, sprite_greyscale
400, sprite_greyscale
401, sprite_greyscale evo_top_sprite_changed
402, sprite_greyscale evo_bottom_sprite_changed evo_top_sprite_changed
403, sprite_greyscale evo_bottom_sprite_changed evo_top_sprite_changed
404, sprite_greyscale evo_bottom_sprite_changed evo_top_sprite_changed
405, sprite_greyscale evo_top_sprite_changed
406, sprite_greyscale evo_top_sprite_changed
407, sprite_greyscale
408, sprite_greyscale
409, sprite_greyscale
410, sprite_greyscale evo_top_sprite_changed
411, sprite_greyscale evo_bottom_sprite_changed evo_top_sprite_changed
412, sprite_greyscale evo_bottom_sprite_changed evo_top_sprite_changed
413, sprite_greyscale evo_bottom_sprite_changed
414, sprite_greyscale
415, sprite_greyscale
416, sprite_greyscale
417, sprite_greyscale evo_bottom_sprite_changed
418, sprite_greyscale evo_bottom_sprite_changed
419, sprite_greyscale evo_bottom_sprite_changed evo_top_sprite_changed
420, sprite_greyscale evo_bottom_sprite_changed evo_top_sprite_changed
421, sprite_greyscale evo_bottom_sprite_changed evo_top_sprite_changed
422, sprite_greyscale evo_bottom_sprite_changed
423, sprite_greyscale
424, sprite_greyscale
425, sprite_greyscale evo_top_sprite_changed
426, sprite_greyscale evo_bottom_sprite_changed evo_top_sprite_changed
427, sprite_greyscale evo_bottom_sprite_changed evo_top_sprite_changed
428, sprite_greyscale evo_bottom_sprite_changed evo_top_sprite_changed
429, sprite_greyscale evo_top_sprite_changed
430, sprite_greyscale evo_top_sprite_changed
431, sprite_greyscale
432, sprite_greyscale
433, sprite_greyscale
434, sprite_greyscale evo_top_sprite_changed
435, sprite_greyscale evo_bottom_sprite_changed evo_top_sprite_changed
436, sprite_greyscale evo_bottom_sprite_changed evo_top_sprite_changed
437, sprite_greyscale evo_bottom_sprite_changed
438, sprite_greyscale
439, sprite_greyscale
440, sprite_greyscale
441, sprite_greyscale evo_bottom_sprite_changed
442, sprite_greyscale evo_bottom_sprite_changed
443, sprite_greyscale evo_bottom_sprite_changed evo_top_sprite_changed
444, sprite_greyscale evo_bottom_sprite_changed evo_top_sprite_changed
445, sprite_greyscale evo_bottom_sprite_changed evo_top_sprite_changed
446, sprite_greyscale evo_bottom_sprite_changed
447, sprite_greyscale
448, sprite_greyscale
449, sprite_greyscale evo_top_sprite_changed
450, sprite_greyscale evo_bottom_sprite_changed evo_top_sprite_changed
451, sprite_greyscale evo_bottom_sprite_changed evo_top_sprite_changed
452, sprite_greyscale evo_bottom_sprite_changed evo_top_sprite_changed
453, sprite_greyscale evo_top_sprite_changed
454, sprite_greyscale evo_top_sprite_changed
455, sprite_greyscale
456, sprite_greyscale
457, sprite_greyscale
458, sprite_greyscale evo_top_sprite_changed
459, sprite_greyscale evo_bottom_sprite_changed evo_top_sprite_changed play_evo_fanfare
460, sprite_greyscale evo_bottom_sprite_changed evo_top_sprite_changed
461, sprite_greyscale evo_bottom_sprite_changed evo_top_sprite_changed
462, sprite_greyscale evo_bottom_sprite_changed evo_top_sprite_changed
463, sprite_greyscale evo_bottom_sprite_changed evo_top_sprite_changed
464, sprite_greyscale evo_bottom_sprite_changed evo_top_sprite_changed
465, evo_bottom_sprite_changed evo_top_sprite_changed
466, evo_bottom_sprite_changed evo_top_sprite_changed
467, evo_bottom_sprite_changed evo_top_sprite_changed
468, evo_bottom_sprite_changed evo_top_sprite_changed
469, evo_bottom_sprite_changed evo_top_sprite_changed
470, evo_bottom_sprite_changed evo_top_sprite_changed
471, evo_bottom_sprite_changed evo_top_sprite_changed
472, evo_bottom_sprite_changed evo_top_sprite_changed
473, evo_bottom_sprite_changed evo_top_sprite_changed
474, evo_bottom_sprite_changed evo_top_sprite_changed
475, evo_bottom_sprite_changed evo_top_sprite_changed
476, evo_bottom_sprite_changed evo_top_sprite_changed
477, evo_bottom_sprite_changed evo_top_sprite_changed
478, evo_bottom_sprite_changed evo_top_sprite_changed
479, evo_bottom_sprite_changed evo_top_sprite_changed
480, evo_bottom_sprite_changed evo_top_sprite_changed
481, evo_bottom_sprite_changed evo_top_sprite_changed
482, evo_bottom_sprite_changed evo_top_sprite_changed
483, evo_bottom_sprite_changed evo_top_sprite_changed
484, evo_bottom_sprite_changed evo_top_sprite_changed
485, evo_bottom_sprite_changed evo_top_sprite_changed
486, evo_bottom_sprite_changed evo_top_sprite_changed
487, evo_bottom_sprite_changed evo_top_sprite_changed
488, evo_bottom_sprite_changed evo_top_sprite_changed
489, evo_bottom_sprite_changed evo_top_sprite_changed
490, evo_bottom_sprite_changed evo_top_sprite_changed
491, evo_bottom_sprite_changed evo_top_sprite_changed
492, evo_bottom_sprite_changed evo_top_sprite_changed
493, evo_bottom_sprite_changed evo_top_sprite_changed
494, evo_bottom_sprite_changed evo_top_sprite_changed
495, evo_bottom_sprite_changed evo_top_sprite_changed
496, evo_bottom_sprite_changed evo_top_sprite_changed
497, evo_bottom_sprite_changed evo_top_sprite_changed
498, evo_bottom_sprite_changed evo_top_sprite_changed
499, evo_bottom_sprite_changed evo_top_sprite_changed
500, evo_bottom_sprite_changed evo_top_sprite_changed
501, evo_bottom_sprite_changed evo_top_sprite_changed
502, evo_bottom_sprite_changed evo_top_sprite_changed