1, player_healthbar_gone invisible frame
2, player_healthbar_gone screenshot:0,0,160,144 invisible frame
3, player_healthbar_gone invisible frame
4, player_healthbar_gone invisible frame
5, player_healthbar_gone invisible frame
6, player_healthbar_gone invisible frame
7, player_healthbar_gone invisible frame
8, player_healthbar_gone invisible frame
9, player_healthbar_gone invisible frame
10, player_healthbar_gone invisible frame
11, player_healthbar_gone row_displace:0.5
12, player_healthbar_gone row_displace:0.5 darken_effect2
13, player_healthbar_gone row_displace:0.5 darken_effect2
14, player_healthbar_gone row_displace:0.5 darken_effect2
15, player_healthbar_gone row_displace:0.5 darken_effect3
16, player_healthbar_gone row_displace:0.5 darken_effect3
17, player_healthbar_gone row_displace:0.5 darken_effect3
18, player_healthbar_gone row_displace:0.5 darken_effect2
19, player_healthbar_gone row_displace:0.5 darken_effect2
20, player_healthbar_gone row_displace:0.5 darken_effect2
21, player_healthbar_gone row_displace:0.5 darken_effect2
22, player_healthbar_gone row_displace:0.5
23, player_healthbar_gone row_displace:0.5
24, player_healthbar_gone row_displace:0.5
25, player_healthbar_gone row_displace:0.5 lighten_effect1
26, player_healthbar_gone row_displace:0.5 lighten_effect1
27, player_healthbar_gone row_displace:0.5 lighten_effect1
28, player_healthbar_gone row_displace:0.5 lighten_effect2
29, player_healthbar_gone row_displace:0.5 lighten_effect2
30, player_healthbar_gone row_displace:0.5 lighten_effect2
31, player_healthbar_gone row_displace:0.5 lighten_effect2
32, player_healthbar_gone row_displace:0.5 lighten_effect1
33, player_healthbar_gone row_displace:0.5 lighten_effect1
34, player_healthbar_gone row_displace:0.5 lighten_effect1
35, player_healthbar_gone row_displace:0.5
36, player_healthbar_gone row_displace:0.5
37, player_healthbar_gone row_displace:0.5
38, player_healthbar_gone row_displace:0.5 darken_effect2
39, player_healthbar_gone row_displace:0.5 darken_effect2
40, player_healthbar_gone row_displace:0.5 darken_effect2
41, player_healthbar_gone row_displace:0.5 darken_effect2
42, player_healthbar_gone row_displace:0.5 darken_effect3
43, player_healthbar_gone row_displace:0.5 darken_effect3
44, player_healthbar_gone row_displace:0.5 darken_effect3
45, player_healthbar_gone row_displace:0.5 darken_effect2
46, player_healthbar_gone row_displace:0.5 darken_effect2
47, player_healthbar_gone row_displace:0.5 darken_effect2
48, player_healthbar_gone row_displace:0.5
49, player_healthbar_gone row_displace:0.5
50, player_healthbar_gone row_displace:0.5
51, player_healthbar_gone row_displace:0.5
52, player_healthbar_gone row_displace:0.5
53, player_healthbar_gone row_displace:0.5 lighten_effect1
54, player_healthbar_gone row_displace:0.5 lighten_effect1
55, player_healthbar_gone row_displace:0.5 lighten_effect1
56, player_healthbar_gone row_displace:0.5 lighten_effect2
57, player_healthbar_gone row_displace:0.5 lighten_effect2
58, player_healthbar_gone row_displace:0.5 lighten_effect2
59, player_healthbar_gone row_displace:0.5 lighten_effect1
60, player_healthbar_gone row_displace:0.5 lighten_effect1
61, player_healthbar_gone row_displace:0.5 lighten_effect1
62, player_healthbar_gone row_displace:0.5 lighten_effect1
63, player_healthbar_gone row_displace:0.5
64, player_healthbar_gone row_displace:0.5
65, player_healthbar_gone row_displace:0.5
66, player_healthbar_gone row_displace:0.5
67, player_healthbar_gone row_displace:0.5 darken_effect2
68, player_healthbar_gone row_displace:0.5 darken_effect2
69, player_healthbar_gone row_displace:0.5 darken_effect2
70, player_healthbar_gone row_displace:0.5 darken_effect3
71, player_healthbar_gone row_displace:0.5 darken_effect3
72, player_healthbar_gone row_displace:0.5 darken_effect3
73, player_healthbar_gone row_displace:0.5 darken_effect3
74, player_healthbar_gone row_displace:0.5 darken_effect2
75, player_healthbar_gone row_displace:0.5 darken_effect2
76, player_healthbar_gone row_displace:0.5 darken_effect2
77, player_healthbar_gone row_displace:0.5
78, player_healthbar_gone row_displace:0.5
79, player_healthbar_gone row_displace:0.5
80, player_healthbar_gone row_displace:0.5 lighten_effect1
81, player_healthbar_gone row_displace:0.5 lighten_effect1
82, player_healthbar_gone row_displace:0.5 lighten_effect1
83, player_healthbar_gone row_displace:0.5 lighten_effect1
84, player_healthbar_gone row_displace:0.5 lighten_effect2
85, player_healthbar_gone row_displace:0.5 lighten_effect2
86, player_healthbar_gone row_displace:0.5 lighten_effect2
87, player_healthbar_gone row_displace:0.5 lighten_effect1
88, player_healthbar_gone row_displace:0.5 lighten_effect1
89, player_healthbar_gone row_displace:0.5 lighten_effect1
90, player_healthbar_gone row_displace:0.5
91, player_healthbar_gone row_displace:0.5
92, player_healthbar_gone row_displace:0.5
93, player_healthbar_gone row_displace:0.5 darken_effect2
94, player_healthbar_gone row_displace:0.5 darken_effect2
95, player_healthbar_gone row_displace:0.5 darken_effect2
96, player_healthbar_gone row_displace:0.5 darken_effect3
97, player_healthbar_gone row_displace:0.5 darken_effect3
98, player_healthbar_gone row_displace:0.5 darken_effect3
99, player_healthbar_gone row_displace:0.5 darken_effect2
100, player_healthbar_gone row_displace:0.5 darken_effect2
101, player_healthbar_gone row_displace:0.5 darken_effect2
102, player_healthbar_gone row_displace:0.5
103, player_healthbar_gone row_displace:0.5
104, player_healthbar_gone row_displace:0.5
105, player_healthbar_gone row_displace:0.5 lighten_effect1
106, player_healthbar_gone row_displace:0.5 lighten_effect1
107, player_healthbar_gone row_displace:0.5 lighten_effect1 invisible frame
108, player_healthbar_gone row_displace:0.5 lighten_effect2 invisible frame
109, player_healthbar_gone row_displace:0.5 lighten_effect2 invisible frame
110, player_healthbar_gone row_displace:0.5 lighten_effect2 invisible frame
111, player_healthbar_gone row_displace:0.5 lighten_effect1 invisible frame
112, player_healthbar_gone row_displace:0.5 lighten_effect1 invisible frame
113, player_healthbar_gone row_displace:0.5 lighten_effect1 invisible frame
114, player_healthbar_gone row_displace:0.5 invisible frame
115, player_healthbar_gone row_displace:0.5 invisible frame
116, player_healthbar_gone row_displace:0.5 invisible frame
117, player_healthbar_gone row_displace:0.5 darken_effect2 invisible frame
118, player_healthbar_gone row_displace:0.5 darken_effect2 invisible frame
119, player_healthbar_gone row_displace:0.5 darken_effect2 invisible frame
120, player_healthbar_gone row_displace:0.5 darken_effect3 invisible frame
121, player_healthbar_gone row_displace:0.5 darken_effect3 invisible frame
122, player_healthbar_gone row_displace:0.5 darken_effect3 invisible frame
123, player_healthbar_gone row_displace:0.5 darken_effect2 invisible frame
124, player_healthbar_gone row_displace:0.5 darken_effect2 invisible frame
125, player_healthbar_gone row_displace:0.5 darken_effect2 invisible frame
126, player_healthbar_gone row_displace:0.5 invisible frame
127, player_healthbar_gone row_displace:0.5 invisible frame
128, player_healthbar_gone row_displace:0.5 invisible frame
129, player_healthbar_gone row_displace:0.5 lighten_effect1 invisible frame
130, player_healthbar_gone row_displace:0.5 lighten_effect1 invisible frame
131, player_healthbar_gone row_displace:0.5 lighten_effect1 invisible frame
132, player_healthbar_gone row_displace:0.5 lighten_effect2 invisible frame
133, player_healthbar_gone row_displace:0.5 lighten_effect2 invisible frame
134, player_healthbar_gone row_displace:0.5 lighten_effect2 invisible frame
135, player_healthbar_gone row_displace:0.5 lighten_effect1 invisible frame
136, player_healthbar_gone row_displace:0.5 lighten_effect1 invisible frame
137, player_healthbar_gone row_displace:0.5 lighten_effect1 invisible frame
138, player_healthbar_gone row_displace:0.5 invisible frame
139, player_healthbar_gone row_displace:0.5 invisible frame
140, player_healthbar_gone row_displace:0.5 invisible frame
141, player_healthbar_gone row_displace:0.5 darken_effect2 invisible frame
142, player_healthbar_gone row_displace:0.5 darken_effect2 invisible frame
143, player_healthbar_gone row_displace:0.5 darken_effect2 invisible frame
144, player_healthbar_gone row_displace:0.5 darken_effect3 invisible frame
145, player_healthbar_gone row_displace:0.5 darken_effect3 invisible frame
146, player_healthbar_gone row_displace:0.5 darken_effect3 invisible frame
147, player_healthbar_gone row_displace:0.5 darken_effect2 invisible frame
148, player_healthbar_gone row_displace:0.5 darken_effect2 invisible frame
149, player_healthbar_gone row_displace:0.5 darken_effect2 invisible frame
150, player_healthbar_gone row_displace:0.5 invisible frame
151, player_healthbar_gone row_displace:0.5 invisible frame
152, player_healthbar_gone row_displace:0.5 invisible frame
153, player_healthbar_gone row_displace:0.5 lighten_effect1 invisible frame
154, player_healthbar_gone row_displace:0.5 lighten_effect1 invisible frame
155, player_healthbar_gone row_displace:0.5 lighten_effect1 invisible frame
156, player_healthbar_gone row_displace:0.5 lighten_effect2 invisible frame
157, player_healthbar_gone row_displace:0.5 lighten_effect2 invisible frame
158, player_healthbar_gone row_displace:0.5 lighten_effect2 invisible frame
159, player_healthbar_gone row_displace:0.5 lighten_effect1 invisible frame
160, player_healthbar_gone row_displace:0.5 lighten_effect1 invisible frame
161, player_healthbar_gone row_displace:0.5 lighten_effect1 invisible frame
162, player_healthbar_gone row_displace:0.5 invisible frame
163, player_healthbar_gone row_displace:0.5 invisible frame
164, player_healthbar_gone row_displace:0.5 invisible frame
165, player_healthbar_gone row_displace:0.5 darken_effect2 invisible frame
166, player_healthbar_gone row_displace:0.5 darken_effect2 invisible frame
167, player_healthbar_gone row_displace:0.5 darken_effect2 invisible frame
168, player_healthbar_gone row_displace:0.5 darken_effect3 invisible frame
169, player_healthbar_gone row_displace:0.5 darken_effect3 invisible frame
170, player_healthbar_gone row_displace:0.5 darken_effect3 invisible frame
171, player_healthbar_gone row_displace:0.5 darken_effect2 invisible frame
172, player_healthbar_gone row_displace:0.5 darken_effect2 invisible frame
173, player_healthbar_gone row_displace:0.5 darken_effect2 invisible frame
174, player_healthbar_gone row_displace:0.5 invisible frame
175, player_healthbar_gone row_displace:0.5 invisible frame
176, player_healthbar_gone row_displace:0.5 invisible frame
177, player_healthbar_gone row_displace:0.5 lighten_effect1 invisible frame
178, player_healthbar_gone row_displace:0.5 lighten_effect1 invisible frame
179, player_healthbar_gone row_displace:0.5 lighten_effect1 invisible frame
180, player_healthbar_gone row_displace:0.5 lighten_effect2 invisible frame
181, player_healthbar_gone row_displace:0.5 lighten_effect2 invisible frame
182, player_healthbar_gone row_displace:0.5 lighten_effect2 invisible frame
183, player_healthbar_gone row_displace:0.5 lighten_effect1 invisible frame
184, player_healthbar_gone row_displace:0.5 lighten_effect1 invisible frame
185, player_healthbar_gone row_displace:0.5 lighten_effect1 invisible frame
186, player_healthbar_gone row_displace:0.5 invisible frame
187, player_healthbar_gone row_displace:0.5 invisible frame
188, player_healthbar_gone invisible frame
189, player_healthbar_gone darken_effect2 invisible frame
190, player_healthbar_gone darken_effect2 invisible frame
191, player_healthbar_gone darken_effect2 invisible frame
192, player_healthbar_gone darken_effect3 invisible frame
193, player_healthbar_gone darken_effect3 invisible frame
194, player_healthbar_gone darken_effect3 invisible frame
195, player_healthbar_gone invisible frame
196, player_healthbar_gone invisible frame
197, player_healthbar_gone invisible frame
198, player_healthbar_gone invisible frame
199, player_healthbar_gone invisible frame