1, enemy_healthbar_gone invisible_frame
2, enemy_healthbar_gone invisible_frame
3, enemy_healthbar_gone invisible_frame
4, enemy_healthbar_gone invisible_frame
5, enemy_healthbar_gone invisible_frame
6, enemy_healthbar_gone invisible_frame
7, enemy_healthbar_gone invisible_frame
8, enemy_healthbar_gone
9, enemy_healthbar_gone lighten_effect1
10, enemy_healthbar_gone lighten_effect1
11, enemy_healthbar_gone lighten_effect1
12, enemy_healthbar_gone lighten_effect2
13, enemy_healthbar_gone lighten_effect2
14, enemy_healthbar_gone lighten_effect2
15, enemy_healthbar_gone lighten_effect1
16, enemy_healthbar_gone lighten_effect1
17, enemy_healthbar_gone lighten_effect1
18, enemy_healthbar_gone
19, enemy_healthbar_gone
20, enemy_healthbar_gone
21, enemy_healthbar_gone darken_effect1
22, enemy_healthbar_gone darken_effect1
23, enemy_healthbar_gone darken_effect1
24, enemy_healthbar_gone darken_effect2
25, enemy_healthbar_gone darken_effect2
26, enemy_healthbar_gone darken_effect2
27, enemy_healthbar_gone darken_effect1
28, enemy_healthbar_gone darken_effect1
29, enemy_healthbar_gone darken_effect1
30, enemy_healthbar_gone
31, enemy_healthbar_gone
32, enemy_healthbar_gone
33, enemy_healthbar_gone lighten_effect1
34, enemy_healthbar_gone lighten_effect1
35, enemy_healthbar_gone lighten_effect1
36, enemy_healthbar_gone lighten_effect2
37, enemy_healthbar_gone lighten_effect2
38, enemy_healthbar_gone lighten_effect2
39, enemy_healthbar_gone lighten_effect1
40, enemy_healthbar_gone lighten_effect1
41, enemy_healthbar_gone lighten_effect1
42, enemy_healthbar_gone
43, enemy_healthbar_gone
44, enemy_healthbar_gone
45, enemy_healthbar_gone darken_effect1
46, enemy_healthbar_gone darken_effect1
47, enemy_healthbar_gone darken_effect1
48, enemy_healthbar_gone darken_effect2
49, enemy_healthbar_gone darken_effect2
50, enemy_healthbar_gone darken_effect2
51, enemy_healthbar_gone darken_effect1
52, enemy_healthbar_gone darken_effect1
53, enemy_healthbar_gone darken_effect1
54, enemy_healthbar_gone
55, enemy_healthbar_gone
56, enemy_healthbar_gone
57, enemy_healthbar_gone lighten_effect1
58, enemy_healthbar_gone lighten_effect1
59, enemy_healthbar_gone lighten_effect1
60, enemy_healthbar_gone lighten_effect2
61, enemy_healthbar_gone lighten_effect2
62, enemy_healthbar_gone lighten_effect2
63, enemy_healthbar_gone lighten_effect1
64, enemy_healthbar_gone lighten_effect1
65, enemy_healthbar_gone lighten_effect1
66, enemy_healthbar_gone
67, enemy_healthbar_gone
68, enemy_healthbar_gone
69, enemy_healthbar_gone darken_effect1
70, enemy_healthbar_gone darken_effect1
71, enemy_healthbar_gone darken_effect1
72, enemy_healthbar_gone darken_effect2
73, enemy_healthbar_gone darken_effect2
74, enemy_healthbar_gone darken_effect2
75, enemy_healthbar_gone darken_effect1
76, enemy_healthbar_gone darken_effect1
77, enemy_healthbar_gone darken_effect1
78, enemy_healthbar_gone
79, enemy_healthbar_gone
80, enemy_healthbar_gone
81, enemy_healthbar_gone lighten_effect1
82, enemy_healthbar_gone lighten_effect1
83, enemy_healthbar_gone lighten_effect1
84, enemy_healthbar_gone lighten_effect2
85, enemy_healthbar_gone lighten_effect2
86, enemy_healthbar_gone lighten_effect2
87, enemy_healthbar_gone lighten_effect1
88, enemy_healthbar_gone lighten_effect1
89, enemy_healthbar_gone lighten_effect1
90, enemy_healthbar_gone
91, enemy_healthbar_gone
92, enemy_healthbar_gone
93, enemy_healthbar_gone darken_effect1
94, enemy_healthbar_gone darken_effect1
95, enemy_healthbar_gone darken_effect1
96, enemy_healthbar_gone darken_effect2
97, enemy_healthbar_gone darken_effect2
98, enemy_healthbar_gone darken_effect2
99, enemy_healthbar_gone darken_effect1
100, enemy_healthbar_gone darken_effect1
101, enemy_healthbar_gone darken_effect1
102, enemy_healthbar_gone
103, enemy_healthbar_gone
104, enemy_healthbar_gone
105, enemy_healthbar_gone lighten_effect1
106, enemy_healthbar_gone lighten_effect1
107, enemy_healthbar_gone lighten_effect1
108, enemy_healthbar_gone lighten_effect2
109, enemy_healthbar_gone lighten_effect2
110, enemy_healthbar_gone lighten_effect2
111, enemy_healthbar_gone lighten_effect1
112, enemy_healthbar_gone lighten_effect1
113, enemy_healthbar_gone lighten_effect1
114, enemy_healthbar_gone
115, enemy_healthbar_gone
116, enemy_healthbar_gone
117, enemy_healthbar_gone darken_effect1
118, enemy_healthbar_gone darken_effect1
119, enemy_healthbar_gone darken_effect1
120, enemy_healthbar_gone darken_effect2
121, enemy_healthbar_gone darken_effect2 invisible_frame
122, enemy_healthbar_gone darken_effect2 invisible_frame
123, enemy_healthbar_gone darken_effect1 invisible_frame
124, enemy_healthbar_gone darken_effect1 invisible_frame
125, enemy_healthbar_gone darken_effect1 invisible_frame
126, enemy_healthbar_gone invisible_frame
127, enemy_healthbar_gone invisible_frame
128, enemy_healthbar_gone invisible_frame
129, enemy_healthbar_gone lighten_effect1 invisible_frame
130, enemy_healthbar_gone lighten_effect1 invisible_frame
131, enemy_healthbar_gone lighten_effect1 invisible_frame
132, enemy_healthbar_gone lighten_effect2 invisible_frame
133, enemy_healthbar_gone lighten_effect2 invisible_frame
134, enemy_healthbar_gone lighten_effect2 invisible_frame
135, enemy_healthbar_gone lighten_effect1 invisible_frame
136, enemy_healthbar_gone lighten_effect1 invisible_frame
137, enemy_healthbar_gone lighten_effect1 invisible_frame
138, enemy_healthbar_gone invisible_frame
139, enemy_healthbar_gone invisible_frame
140, enemy_healthbar_gone invisible_frame
141, enemy_healthbar_gone darken_effect1 invisible_frame
142, enemy_healthbar_gone darken_effect1 invisible_frame
143, enemy_healthbar_gone darken_effect1 invisible_frame
144, enemy_healthbar_gone darken_effect2 invisible_frame
145, enemy_healthbar_gone darken_effect2 invisible_frame
146, enemy_healthbar_gone darken_effect2 invisible_frame
147, enemy_healthbar_gone darken_effect1 invisible_frame
148, enemy_healthbar_gone darken_effect1 invisible_frame
149, enemy_healthbar_gone darken_effect1 invisible_frame
150, enemy_healthbar_gone invisible_frame
151, enemy_healthbar_gone invisible_frame
152, enemy_healthbar_gone invisible_frame
153, enemy_healthbar_gone lighten_effect1 invisible_frame
154, enemy_healthbar_gone lighten_effect1 invisible_frame
155, enemy_healthbar_gone lighten_effect1 invisible_frame
156, enemy_healthbar_gone lighten_effect2 invisible_frame
157, enemy_healthbar_gone lighten_effect2 invisible_frame
158, enemy_healthbar_gone lighten_effect2 invisible_frame
159, enemy_healthbar_gone lighten_effect1 invisible_frame
160, enemy_healthbar_gone lighten_effect1 invisible_frame
161, enemy_healthbar_gone lighten_effect1 invisible_frame
162, enemy_healthbar_gone invisible_frame
163, enemy_healthbar_gone invisible_frame
164, enemy_healthbar_gone invisible_frame
165, enemy_healthbar_gone darken_effect1 invisible_frame
166, enemy_healthbar_gone darken_effect1 invisible_frame
167, enemy_healthbar_gone darken_effect1 invisible_frame
168, enemy_healthbar_gone darken_effect2 invisible_frame
169, enemy_healthbar_gone darken_effect2 invisible_frame
170, enemy_healthbar_gone darken_effect2 invisible_frame
171, enemy_healthbar_gone darken_effect1 invisible_frame
172, enemy_healthbar_gone darken_effect1 invisible_frame
173, enemy_healthbar_gone darken_effect1 invisible_frame
174, enemy_healthbar_gone invisible_frame
175, enemy_healthbar_gone invisible_frame
176, enemy_healthbar_gone invisible_frame
177, enemy_healthbar_gone lighten_effect1 invisible_frame
178, enemy_healthbar_gone lighten_effect1 invisible_frame
179, enemy_healthbar_gone lighten_effect1 invisible_frame
180, enemy_healthbar_gone lighten_effect2 invisible_frame
181, enemy_healthbar_gone lighten_effect2 invisible_frame
182, enemy_healthbar_gone lighten_effect2 invisible_frame
183, enemy_healthbar_gone lighten_effect1 invisible_frame
184, enemy_healthbar_gone lighten_effect1 invisible_frame
185, enemy_healthbar_gone lighten_effect1 invisible_frame
186, enemy_healthbar_gone invisible_frame
187, enemy_healthbar_gone invisible_frame
188, enemy_healthbar_gone invisible_frame
189, enemy_healthbar_gone darken_effect1 invisible_frame
190, enemy_healthbar_gone darken_effect1 invisible_frame
191, enemy_healthbar_gone darken_effect1 invisible_frame
192, enemy_healthbar_gone darken_effect2 invisible_frame
193, enemy_healthbar_gone darken_effect2 invisible_frame
194, enemy_healthbar_gone darken_effect2 invisible_frame
195, enemy_healthbar_gone darken_effect1 invisible_frame
196, enemy_healthbar_gone darken_effect1 invisible_frame
197, enemy_healthbar_gone darken_effect1 invisible_frame
198, enemy_healthbar_gone invisible_frame
199, enemy_healthbar_gone invisible_frame
200, enemy_healthbar_gone invisible_frame
201, enemy_healthbar_gone invisible_frame
202, enemy_healthbar_gone
203, enemy_healthbar_gone lighten_effect1
204, enemy_healthbar_gone lighten_effect1
205, enemy_healthbar_gone lighten_effect1
206, enemy_healthbar_gone lighten_effect2
207, enemy_healthbar_gone lighten_effect2
208, enemy_healthbar_gone lighten_effect2
209, enemy_healthbar_gone lighten_effect1
210, enemy_healthbar_gone lighten_effect1
211, enemy_healthbar_gone lighten_effect1
212, enemy_healthbar_gone
213, enemy_healthbar_gone
214, enemy_healthbar_gone
215, enemy_healthbar_gone darken_effect1
216, enemy_healthbar_gone darken_effect1
217, enemy_healthbar_gone darken_effect1
218, enemy_healthbar_gone darken_effect2
219, enemy_healthbar_gone darken_effect2
220, enemy_healthbar_gone darken_effect2
221, enemy_healthbar_gone darken_effect1
222, enemy_healthbar_gone darken_effect1
223, enemy_healthbar_gone darken_effect1
224, enemy_healthbar_gone
225, enemy_healthbar_gone
226, enemy_healthbar_gone
227, enemy_healthbar_gone
228, enemy_healthbar_gone invisible_frame
229, enemy_healthbar_gone invisible_frame
230, enemy_healthbar_gone invisible_frame
231, enemy_healthbar_gone invisible_frame
232, invisible_frame
233, invisible_frame
234, invisible_frame
235, invisible_frame
236, invisible_frame
237, invisible_frame
238, invisible_frame
239, invisible_frame
240, invisible_frame
241, invisible_frame
242, invisible_frame
243, invisible_frame
244, invisible_frame
245, invisible_frame
246, invisible_frame
247, invisible_frame
248, invisible_frame
249, invisible_frame
250, invisible_frame
251, invisible_frame
252, invisible_frame
253, invisible_frame
254, invisible_frame
255, invisible_frame
256, invisible_frame
257, invisible_frame
258, invisible_frame
259, invisible_frame
260, invisible_frame
261, invisible_frame
262, invisible_frame
263, invisible_frame
264, invisible_frame
265, invisible_frame
266, invisible_frame
267, invisible_frame
268, invisible_frame
269, invisible_frame
270, invisible_frame
271, invisible_frame
272, invisible_frame
273, invisible_frame
274, invisible_frame
275, invisible_frame
276, invisible_frame
277, invisible_frame
278, invisible_frame
279, invisible_frame
280, invisible_frame
281, invisible_frame
282, invisible_frame
283, invisible_frame
284, invisible_frame
285, invisible_frame
286, invisible_frame
287, invisible_frame
288, invisible_frame
289, invisible_frame
290, invisible_frame
291, invisible_frame
292, invisible_frame
293, invisible_frame
294, invisible_frame
295, invisible_frame
296, invisible_frame
297, invisible_frame
298, invisible_frame
299, invisible_frame
300, invisible_frame
301, invisible_frame
302, invisible_frame
303, invisible_frame
304, invisible_frame
305, invisible_frame
306, invisible_frame
307, invisible_frame
308, invisible_frame
309, invisible_frame
310, invisible_frame
311, invisible_frame
312, invisible_frame
313, invisible_frame
314, invisible_frame
315, invisible_frame
316, invisible_frame
317, invisible_frame
318, invisible_frame
319, invisible_frame
320, invisible_frame
321, invisible_frame
322, invisible_frame
323, invisible_frame
324, invisible_frame
325, invisible_frame
326, invisible_frame
327, invisible_frame
328, invisible_frame
329, invisible_frame
330, invisible_frame
331, invisible_frame
332, invisible_frame
333, invisible_frame
334, invisible_frame
335, invisible_frame
336, invisible_frame
337, invisible_frame
338, invisible_frame
339, invisible_frame
340, invisible_frame
341, invisible_frame
342, invisible_frame
343, invisible_frame
344, invisible_frame
345, invisible_frame
346, invisible_frame
347, invisible_frame