1, player_healthbar_gone invisible_frame
2, player_healthbar_gone invisible_frame
3, player_healthbar_gone invisible_frame
4, player_healthbar_gone invisible_frame
5, player_healthbar_gone invisible_frame
6, player_healthbar_gone invisible_frame
7, player_healthbar_gone invisible_frame
8, player_healthbar_gone invisible_frame
9, player_healthbar_gone invisible_frame
10, player_healthbar_gone invisible_frame
11, player_healthbar_gone invisible_frame
12, player_healthbar_gone invisible_frame
13, player_healthbar_gone invisible_frame
14, player_healthbar_gone invisible_frame
15, player_healthbar_gone invisible_frame
16, player_healthbar_gone invisible_frame
17, player_healthbar_gone invisible_frame
18, player_healthbar_gone invisible_frame
19, player_healthbar_gone invisible_frame
20, player_healthbar_gone invisible_frame
21, player_healthbar_gone invisible_frame
22, player_healthbar_gone invisible_frame
23, player_healthbar_gone invisible_frame
24, player_healthbar_gone invisible_frame
25, player_healthbar_gone invisible_frame
26, player_healthbar_gone invisible_frame
27, player_healthbar_gone invisible_frame
28, player_healthbar_gone invisible_frame
29, player_healthbar_gone invisible_frame
30, player_healthbar_gone invisible_frame
31, player_healthbar_gone invisible_frame
32, player_healthbar_gone invisible_frame
33, player_healthbar_gone invisible_frame
34, player_healthbar_gone player_darken_effect2 invisible_frame
35, player_healthbar_gone player_darken_effect2 invisible_frame
36, player_healthbar_gone player_darken_effect2 invisible_frame
37, player_healthbar_gone player_darken_effect2 invisible_frame
38, player_healthbar_gone player_darken_effect2 invisible_frame
39, player_healthbar_gone player_darken_effect3
40, player_healthbar_gone player_darken_effect3
41, player_healthbar_gone player_darken_effect3
42, player_healthbar_gone player_darken_effect3
43, player_healthbar_gone player_darken_effect3
44, player_healthbar_gone player_darken_effect3
45, player_healthbar_gone player_darken_effect3
46, player_healthbar_gone player_darken_effect3
47, player_healthbar_gone player_darken_effect3
48, player_healthbar_gone player_darken_effect3
49, player_healthbar_gone player_darken_effect3
50, player_healthbar_gone player_darken_effect3
51, player_healthbar_gone player_darken_effect3
52, player_healthbar_gone player_darken_effect3
53, player_healthbar_gone player_darken_effect3
54, player_healthbar_gone player_darken_effect3
55, player_healthbar_gone player_darken_effect3
56, player_healthbar_gone player_darken_effect3
57, player_healthbar_gone player_darken_effect3
58, player_healthbar_gone player_darken_effect3
59, player_healthbar_gone player_darken_effect3
60, player_healthbar_gone player_darken_effect3
61, player_healthbar_gone player_darken_effect3
62, player_healthbar_gone player_darken_effect3
63, player_healthbar_gone player_darken_effect3 invisible_frame
64, player_healthbar_gone player_darken_effect3 invisible_frame
65, player_healthbar_gone player_darken_effect3 invisible_frame
66, player_healthbar_gone player_darken_effect3 invisible_frame
67, player_healthbar_gone player_darken_effect3 invisible_frame
68, player_healthbar_gone player_darken_effect3 invisible_frame
69, player_healthbar_gone player_darken_effect3 invisible_frame
70, player_healthbar_gone player_darken_effect3
71, player_healthbar_gone player_darken_effect3
72, player_healthbar_gone player_darken_effect3
73, player_healthbar_gone player_darken_effect3
74, player_healthbar_gone player_darken_effect3
75, player_healthbar_gone player_darken_effect3
76, player_healthbar_gone player_darken_effect3
77, player_healthbar_gone player_darken_effect3
78, player_healthbar_gone player_darken_effect3
79, player_healthbar_gone player_darken_effect3
80, player_healthbar_gone player_darken_effect3
81, player_healthbar_gone player_darken_effect3
82, player_healthbar_gone player_darken_effect3
83, player_healthbar_gone player_darken_effect3
84, player_healthbar_gone player_darken_effect3
85, player_healthbar_gone player_darken_effect3
86, player_healthbar_gone player_darken_effect3
87, player_healthbar_gone player_darken_effect3
88, player_healthbar_gone player_darken_effect3
89, player_healthbar_gone player_darken_effect3
90, player_healthbar_gone player_darken_effect3
91, player_healthbar_gone player_darken_effect3
92, player_healthbar_gone player_darken_effect3
93, player_healthbar_gone player_darken_effect3
94, player_healthbar_gone player_darken_effect3
95, player_healthbar_gone player_darken_effect3
96, player_healthbar_gone player_darken_effect3 invisible_frame
97, player_healthbar_gone player_darken_effect3 invisible_frame
98, player_healthbar_gone player_darken_effect3 invisible_frame
99, player_healthbar_gone player_darken_effect3 invisible_frame
100, player_healthbar_gone player_darken_effect3 invisible_frame
101, player_healthbar_gone player_darken_effect3 invisible_frame
102, player_healthbar_gone player_darken_effect3 invisible_frame
103, player_healthbar_gone player_darken_effect3 invisible_frame
104, player_healthbar_gone player_darken_effect3 invisible_frame
105, player_healthbar_gone player_darken_effect3 invisible_frame
106, player_healthbar_gone player_darken_effect3 invisible_frame
107, player_healthbar_gone player_darken_effect3 invisible_frame
108, player_healthbar_gone player_darken_effect3 invisible_frame
109, player_healthbar_gone player_darken_effect3 invisible_frame
110, player_healthbar_gone player_darken_effect3 invisible_frame
111, player_healthbar_gone player_darken_effect3 invisible_frame
112, player_healthbar_gone player_darken_effect3 invisible_frame
113, player_healthbar_gone player_darken_effect3 invisible_frame
114, player_healthbar_gone player_darken_effect3 invisible_frame
115, player_healthbar_gone player_darken_effect3 invisible_frame
116, player_healthbar_gone player_darken_effect3 invisible_frame
117, player_healthbar_gone player_darken_effect3 invisible_frame
118, player_healthbar_gone player_darken_effect3 invisible_frame
119, player_healthbar_gone player_darken_effect3 invisible_frame
120, player_healthbar_gone player_darken_effect3 invisible_frame
121, player_healthbar_gone player_darken_effect3 invisible_frame
122, player_healthbar_gone player_darken_effect3 invisible_frame
123, player_healthbar_gone player_darken_effect3 invisible_frame
124, player_healthbar_gone player_darken_effect3 invisible_frame
125, player_healthbar_gone player_darken_effect3 invisible_frame
126, player_healthbar_gone player_darken_effect3 invisible_frame
127, player_healthbar_gone player_darken_effect3 invisible_frame
128, player_healthbar_gone player_darken_effect3 invisible_frame
129, player_healthbar_gone player_darken_effect3 invisible_frame
130, player_healthbar_gone player_darken_effect3 invisible_frame
131, player_healthbar_gone player_darken_effect3 invisible_frame
132, player_healthbar_gone player_darken_effect3 invisible_frame
133, player_healthbar_gone player_darken_effect3 invisible_frame
134, player_healthbar_gone player_darken_effect3 invisible_frame
135, player_healthbar_gone invisible_frame
136, player_healthbar_gone invisible_frame
137, player_healthbar_gone invisible_frame
138, player_healthbar_gone invisible_frame
139, player_healthbar_gone invisible_frame
140, player_healthbar_gone invisible_frame
141, player_healthbar_gone invisible_frame
142, player_healthbar_gone invisible_frame
143, player_healthbar_gone invisible_frame
144, player_healthbar_gone invisible_frame
145, player_healthbar_gone invisible_frame
146, player_healthbar_gone invisible_frame
147, player_healthbar_gone invisible_frame
148, player_healthbar_gone invisible_frame
149, player_healthbar_gone
150, player_healthbar_gone
151, player_healthbar_gone
152, player_healthbar_gone
153, player_healthbar_gone
154, player_healthbar_gone
155, player_healthbar_gone
156, player_healthbar_gone
157, player_healthbar_gone
158, player_healthbar_gone
159, player_healthbar_gone
160, player_healthbar_gone
161, player_healthbar_gone
162, player_healthbar_gone
163, player_healthbar_gone
164, player_healthbar_gone
165, player_healthbar_gone
166, player_healthbar_gone
167, player_healthbar_gone
168, player_healthbar_gone
169, player_healthbar_gone invisible_frame
170, player_healthbar_gone invisible_frame
171, player_healthbar_gone invisible_frame
172, player_healthbar_gone invisible_frame
173, player_healthbar_gone invisible_frame
174, player_healthbar_gone invisible_frame
175, player_healthbar_gone invisible_frame
176, player_healthbar_gone invisible_frame
177, player_healthbar_gone invisible_frame
178, player_healthbar_gone invisible_frame
179, player_healthbar_gone invisible_frame
180, player_healthbar_gone invisible_frame
181, player_healthbar_gone invisible_frame
182, player_healthbar_gone invisible_frame
183, player_healthbar_gone invisible_frame
184, invisible_frame
185, invisible_frame
186, invisible_frame
187, invisible_frame
188, invisible_frame
189, invisible_frame
190, invisible_frame
191, invisible_frame
192, invisible_frame
193, invisible_frame
194, invisible_frame
195, invisible_frame
196, invisible_frame
197, invisible_frame
198, invisible_frame
199, invisible_frame
200, invisible_frame
201, invisible_frame
202, invisible_frame
203, invisible_frame
204, invisible_frame
205, invisible_frame
206, invisible_frame
207, invisible_frame
208, invisible_frame
209, invisible_frame
210, invisible_frame
211, invisible_frame
212, invisible_frame
213, invisible_frame
214, invisible_frame
215, invisible_frame
216, invisible_frame
217, invisible_frame
218, invisible_frame
219, invisible_frame
220, invisible_frame
221, invisible_frame
222, invisible_frame
223, invisible_frame
224, invisible_frame
225, invisible_frame
226, invisible_frame
227, invisible_frame
228, invisible_frame
229, invisible_frame
230, invisible_frame
231, invisible_frame
232, invisible_frame
233, invisible_frame
234, invisible_frame
235, invisible_frame
236, invisible_frame
237, invisible_frame
238, invisible_frame
239, invisible_frame
240, invisible_frame
241, invisible_frame
242, invisible_frame
243, invisible_frame
244, invisible_frame