1, enemy_healthbar_gone invisible frame
2, enemy_healthbar_gone invisible frame
3, enemy_healthbar_gone invisible frame
4, enemy_healthbar_gone invisible frame
5, enemy_healthbar_gone invisible frame
6, enemy_healthbar_gone invisible frame
7, enemy_healthbar_gone invisible frame
8, enemy_healthbar_gone
9, enemy_healthbar_gone
10, enemy_healthbar_gone
11, enemy_healthbar_gone
12, enemy_healthbar_gone
13, enemy_healthbar_gone
14, enemy_healthbar_gone
15, enemy_healthbar_gone
16, enemy_healthbar_gone
17, enemy_healthbar_gone screen_translate_x:2
18, enemy_healthbar_gone screen_translate_x:-2
19, enemy_healthbar_gone screen_translate_x:2
20, enemy_healthbar_gone screen_translate_x:-2
21, enemy_healthbar_gone screen_translate_x:2
22, enemy_healthbar_gone screen_translate_x:-2
23, enemy_healthbar_gone screen_translate_x:2
24, enemy_healthbar_gone screen_translate_x:-2
25, enemy_healthbar_gone screen_translate_x:2
26, enemy_healthbar_gone screen_translate_x:-2
27, enemy_healthbar_gone screen_translate_x:2
28, enemy_healthbar_gone screen_translate_x:-2
29, enemy_healthbar_gone screen_translate_x:2
30, enemy_healthbar_gone screen_translate_x:-2
31, enemy_healthbar_gone screen_translate_x:2
32, enemy_healthbar_gone screen_translate_x:-2
33, enemy_healthbar_gone screen_translate_x:2
34, enemy_healthbar_gone screen_translate_x:-2
35, enemy_healthbar_gone screen_translate_x:2
36, enemy_healthbar_gone screen_translate_x:-2
37, enemy_healthbar_gone screen_translate_x:2
38, enemy_healthbar_gone screen_translate_x:-2
39, enemy_healthbar_gone screen_translate_x:2
40, enemy_healthbar_gone screen_translate_x:-2
41, enemy_healthbar_gone screen_translate_x:2
42, enemy_healthbar_gone screen_translate_x:-2
43, enemy_healthbar_gone screen_translate_x:2
44, enemy_healthbar_gone screen_translate_x:-2
45, enemy_healthbar_gone screen_translate_x:2
46, enemy_healthbar_gone screen_translate_x:-2
47, enemy_healthbar_gone screen_translate_x:2
48, enemy_healthbar_gone screen_translate_x:-2
49, enemy_healthbar_gone screen_translate_x:2
50, enemy_healthbar_gone screen_translate_x:-2
51, enemy_healthbar_gone screen_translate_x:2
52, enemy_healthbar_gone screen_translate_x:-2
53, enemy_healthbar_gone screen_translate_x:2
54, enemy_healthbar_gone screen_translate_x:-2
55, enemy_healthbar_gone screen_translate_x:2
56, enemy_healthbar_gone screen_translate_x:-2
57, enemy_healthbar_gone screen_translate_x:2
58, enemy_healthbar_gone screen_translate_x:-2
59, enemy_healthbar_gone screen_translate_x:2
60, enemy_healthbar_gone screen_translate_x:-2
61, enemy_healthbar_gone screen_translate_x:2
62, enemy_healthbar_gone screen_translate_x:-2
63, enemy_healthbar_gone screen_translate_x:2
64, enemy_healthbar_gone screen_translate_x:-2
65, enemy_healthbar_gone screen_translate_x:2
66, enemy_healthbar_gone screen_translate_x:-2
67, enemy_healthbar_gone screen_translate_x:2
68, enemy_healthbar_gone screen_translate_x:-2
69, enemy_healthbar_gone screen_translate_x:2
70, enemy_healthbar_gone screen_translate_x:-2
71, enemy_healthbar_gone screen_translate_x:2
72, enemy_healthbar_gone screen_translate_x:-2
73, enemy_healthbar_gone screen_translate_x:2
74, enemy_healthbar_gone screen_translate_x:-2
75, enemy_healthbar_gone screen_translate_x:2
76, enemy_healthbar_gone screen_translate_x:-2
77, enemy_healthbar_gone screen_translate_x:2
78, enemy_healthbar_gone screen_translate_x:-2
79, enemy_healthbar_gone screen_translate_x:2
80, enemy_healthbar_gone screen_translate_x:-2
81, enemy_healthbar_gone screen_translate_x:2
82, enemy_healthbar_gone screen_translate_x:-2
83, enemy_healthbar_gone screen_translate_x:2
84, enemy_healthbar_gone screen_translate_x:-2
85, enemy_healthbar_gone screen_translate_x:2
86, enemy_healthbar_gone screen_translate_x:-2
87, enemy_healthbar_gone screen_translate_x:2
88, enemy_healthbar_gone screen_translate_x:-2
89, enemy_healthbar_gone screen_translate_x:2
90, enemy_healthbar_gone screen_translate_x:-2
91, enemy_healthbar_gone screen_translate_x:2
92, enemy_healthbar_gone screen_translate_x:-2
93, enemy_healthbar_gone screen_translate_x:2
94, enemy_healthbar_gone screen_translate_x:-2
95, enemy_healthbar_gone screen_translate_x:2
96, enemy_healthbar_gone screen_translate_x:-2
97, enemy_healthbar_gone screen_translate_x:2
98, enemy_healthbar_gone screen_translate_x:-2
99, enemy_healthbar_gone screen_translate_x:2
100, enemy_healthbar_gone screen_translate_x:-2
101, enemy_healthbar_gone screen_translate_x:2
102, enemy_healthbar_gone screen_translate_x:-2
103, enemy_healthbar_gone screen_translate_x:2
104, enemy_healthbar_gone screen_translate_x:-2
105, enemy_healthbar_gone
106, enemy_healthbar_gone
107, enemy_healthbar_gone
108, enemy_healthbar_gone
109, enemy_healthbar_gone
110, enemy_healthbar_gone inverse_colors
111, enemy_healthbar_gone inverse_colors
112, enemy_healthbar_gone inverse_colors
113, enemy_healthbar_gone inverse_colors
114, enemy_healthbar_gone inverse_colors
115, enemy_healthbar_gone inverse_colors
116, enemy_healthbar_gone inverse_colors
117, enemy_healthbar_gone inverse_colors
118, enemy_healthbar_gone inverse_colors
119, enemy_healthbar_gone
120, enemy_healthbar_gone
121, enemy_healthbar_gone
122, enemy_healthbar_gone invisible frame
123, enemy_healthbar_gone invisible frame
124, enemy_healthbar_gone invisible frame
125, enemy_healthbar_gone
126, enemy_healthbar_gone
127, enemy_healthbar_gone
128, enemy_healthbar_gone
129, enemy_healthbar_gone invisible frame
130, enemy_healthbar_gone invisible frame
131, enemy_healthbar_gone invisible frame