1, enemy_healthbar_gone
2, enemy_healthbar_gone
3, enemy_healthbar_gone
4, enemy_healthbar_gone
5, enemy_healthbar_gone
6, enemy_healthbar_gone
7, enemy_healthbar_gone
8, enemy_healthbar_gone screen_translate_x:4 inverse_colors
9, enemy_healthbar_gone screen_translate_x:4 inverse_colors
10, enemy_healthbar_gone screen_translate_x:-4 inverse_colors
11, enemy_healthbar_gone screen_translate_x:-4 inverse_colors
12, enemy_healthbar_gone screen_translate_x:4 inverse_colors
13, enemy_healthbar_gone screen_translate_x:4 inverse_colors
14, enemy_healthbar_gone screen_translate_x:-4 inverse_colors
15, enemy_healthbar_gone screen_translate_x:-4 inverse_colors
16, enemy_healthbar_gone screen_translate_x:4 inverse_colors
17, enemy_healthbar_gone screen_translate_x:4
18, enemy_healthbar_gone screen_translate_x:-4
19, enemy_healthbar_gone screen_translate_x:-4
20, enemy_healthbar_gone screen_translate_x:4
21, enemy_healthbar_gone screen_translate_x:4
22, enemy_healthbar_gone screen_translate_x:-4
23, enemy_healthbar_gone screen_translate_x:-4
24, enemy_healthbar_gone screen_translate_x:-4
25, enemy_healthbar_gone screen_translate_x:4
26, enemy_healthbar_gone screen_translate_x:4
27, enemy_healthbar_gone screen_translate_x:-4 inverse_colors
28, enemy_healthbar_gone screen_translate_x:-4 inverse_colors
29, enemy_healthbar_gone screen_translate_x:4 inverse_colors
30, enemy_healthbar_gone screen_translate_x:4 inverse_colors
31, enemy_healthbar_gone screen_translate_x:-4 inverse_colors
32, enemy_healthbar_gone screen_translate_x:-4 inverse_colors
33, enemy_healthbar_gone screen_translate_x:4 inverse_colors
34, enemy_healthbar_gone screen_translate_x:4 inverse_colors
35, enemy_healthbar_gone screen_translate_x:-4 inverse_colors
36, enemy_healthbar_gone screen_translate_x:-4
37, enemy_healthbar_gone screen_translate_x:4
38, enemy_healthbar_gone screen_translate_x:4
39, enemy_healthbar_gone screen_translate_x:-4
40, enemy_healthbar_gone screen_translate_x:-4
41, enemy_healthbar_gone screen_translate_x:4
42, enemy_healthbar_gone screen_translate_x:4
43, enemy_healthbar_gone screen_translate_x:-4
44, enemy_healthbar_gone screen_translate_x:-4
45, enemy_healthbar_gone screen_translate_x:4 inverse_colors
46, enemy_healthbar_gone screen_translate_x:4 inverse_colors
47, enemy_healthbar_gone screen_translate_x:-4 inverse_colors
48, enemy_healthbar_gone screen_translate_x:-4 inverse_colors
49, enemy_healthbar_gone screen_translate_x:4 inverse_colors
50, enemy_healthbar_gone screen_translate_x:4 inverse_colors
51, enemy_healthbar_gone screen_translate_x:-4 inverse_colors
52, enemy_healthbar_gone screen_translate_x:-4 inverse_colors
53, enemy_healthbar_gone screen_translate_x:4 inverse_colors
54, enemy_healthbar_gone screen_translate_x:4
55, enemy_healthbar_gone screen_translate_x:-4
56, enemy_healthbar_gone screen_translate_x:-4
57, enemy_healthbar_gone
58, enemy_healthbar_gone
59, enemy_healthbar_gone
60, enemy_healthbar_gone
61, enemy_healthbar_gone
62, enemy_healthbar_gone
63, enemy_healthbar_gone inverse_colors
64, enemy_healthbar_gone inverse_colors
65, enemy_healthbar_gone inverse_colors
66, enemy_healthbar_gone inverse_colors
67, enemy_healthbar_gone inverse_colors
68, enemy_healthbar_gone inverse_colors
69, enemy_healthbar_gone inverse_colors
70, enemy_healthbar_gone inverse_colors
71, enemy_healthbar_gone inverse_colors
72, enemy_healthbar_gone
73, enemy_healthbar_gone
74, enemy_healthbar_gone
75, enemy_healthbar_gone
76, enemy_healthbar_gone
77, enemy_healthbar_gone
78, enemy_healthbar_gone