1, player_healthbar_gone invisible_frame
2, player_healthbar_gone invisible_frame
3, player_healthbar_gone invisible_frame
4, player_healthbar_gone invisible_frame
5, player_healthbar_gone invisible_frame
6, player_healthbar_gone invisible_frame
7, player_healthbar_gone invisible_frame
8, player_healthbar_gone screen_translate_x:1 invisible_frame
9, player_healthbar_gone screen_translate_x:-1 invisible_frame
10, player_healthbar_gone screen_translate_x:1 invisible_frame
11, player_healthbar_gone screen_translate_x:-1 invisible_frame
12, player_healthbar_gone screen_translate_x:1 invisible_frame
13, player_healthbar_gone screen_translate_x:-1 invisible_frame
14, player_healthbar_gone screen_translate_x:1 invisible_frame
15, player_healthbar_gone screen_translate_x:-1 invisible_frame
16, player_healthbar_gone screen_translate_x:1
17, player_healthbar_gone screen_translate_x:-1
18, player_healthbar_gone screen_translate_x:1
19, player_healthbar_gone screen_translate_x:-1
20, player_healthbar_gone screen_translate_x:1
21, player_healthbar_gone screen_translate_x:-1
22, player_healthbar_gone screen_translate_x:1
23, player_healthbar_gone screen_translate_x:-1
24, player_healthbar_gone screen_translate_x:1
25, player_healthbar_gone screen_translate_x:-1
26, player_healthbar_gone screen_translate_x:1
27, player_healthbar_gone screen_translate_x:-1
28, player_healthbar_gone screen_translate_x:1
29, player_healthbar_gone screen_translate_x:-1
30, player_healthbar_gone screen_translate_x:1
31, player_healthbar_gone screen_translate_x:-1
32, player_healthbar_gone screen_translate_x:1
33, player_healthbar_gone screen_translate_x:-1
34, player_healthbar_gone screen_translate_x:1
35, player_healthbar_gone screen_translate_x:-1
36, player_healthbar_gone screen_translate_x:1
37, player_healthbar_gone screen_translate_x:-1
38, player_healthbar_gone screen_translate_x:1
39, player_healthbar_gone screen_translate_x:-1
40, player_healthbar_gone screen_translate_x:1
41, player_healthbar_gone screen_translate_x:-1
42, player_healthbar_gone screen_translate_x:1
43, player_healthbar_gone screen_translate_x:-1
44, player_healthbar_gone screen_translate_x:1
45, player_healthbar_gone screen_translate_x:-1
46, player_healthbar_gone screen_translate_x:1
47, player_healthbar_gone screen_translate_x:-1
48, player_healthbar_gone screen_translate_x:1
49, player_healthbar_gone screen_translate_x:-1
50, player_healthbar_gone screen_translate_x:1
51, player_healthbar_gone screen_translate_x:-1
52, player_healthbar_gone screen_translate_x:1
53, player_healthbar_gone screen_translate_x:-1
54, player_healthbar_gone screen_translate_x:1
55, player_healthbar_gone screen_translate_x:-1
56, player_healthbar_gone screen_translate_x:1
57, player_healthbar_gone screen_translate_x:-1
58, player_healthbar_gone screen_translate_x:1
59, player_healthbar_gone screen_translate_x:-1
60, player_healthbar_gone screen_translate_x:1
61, player_healthbar_gone screen_translate_x:-1
62, player_healthbar_gone screen_translate_x:1
63, player_healthbar_gone screen_translate_x:-1
64, player_healthbar_gone screen_translate_x:1
65, player_healthbar_gone screen_translate_x:-1
66, player_healthbar_gone screen_translate_x:1
67, player_healthbar_gone screen_translate_x:-1
68, player_healthbar_gone screen_translate_x:1 invisible_frame
69, player_healthbar_gone screen_translate_x:-1 invisible_frame
70, player_healthbar_gone screen_translate_x:1 invisible_frame
71, player_healthbar_gone screen_translate_x:-1 invisible_frame
72, player_healthbar_gone screen_translate_x:1 invisible_frame
73, player_healthbar_gone screen_translate_x:-1 invisible_frame
74, player_healthbar_gone screen_translate_x:1 invisible_frame
75, player_healthbar_gone screen_translate_x:-1 invisible_frame
76, player_healthbar_gone screen_translate_x:1 invisible_frame
77, player_healthbar_gone screen_translate_x:-1 invisible_frame
78, player_healthbar_gone screen_translate_x:1 invisible_frame
79, player_healthbar_gone screen_translate_x:-1 invisible_frame
80, player_healthbar_gone screen_translate_x:1 invisible_frame
81, player_healthbar_gone screen_translate_x:-1 invisible_frame
82, player_healthbar_gone screen_translate_x:1 invisible_frame
83, player_healthbar_gone screen_translate_x:-1 invisible_frame
84, player_healthbar_gone screen_translate_x:1 invisible_frame
85, player_healthbar_gone screen_translate_x:-1 invisible_frame
86, player_healthbar_gone screen_translate_x:1 invisible_frame
87, player_healthbar_gone screen_translate_x:-1 invisible_frame
88, player_healthbar_gone screen_translate_x:1 invisible_frame
89, player_healthbar_gone screen_translate_x:-1 invisible_frame
90, player_healthbar_gone screen_translate_x:1 invisible_frame
91, player_healthbar_gone screen_translate_x:-1 invisible_frame
92, player_healthbar_gone screen_translate_x:1 invisible_frame
93, player_healthbar_gone screen_translate_x:-1 invisible_frame
94, player_healthbar_gone screen_translate_x:1 invisible_frame
95, player_healthbar_gone screen_translate_x:-1 invisible_frame
96, player_healthbar_gone screen_translate_x:1 invisible_frame
97, player_healthbar_gone screen_translate_x:-1 invisible_frame
98, player_healthbar_gone screen_translate_x:1 invisible_frame
99, player_healthbar_gone screen_translate_x:-1 invisible_frame
100, player_healthbar_gone screen_translate_x:1 invisible_frame
101, player_healthbar_gone screen_translate_x:-1 invisible_frame
102, player_healthbar_gone screen_translate_x:1 invisible_frame
103, player_healthbar_gone screen_translate_x:-1 invisible_frame
104, player_healthbar_gone invisible_frame
105, player_healthbar_gone invisible_frame
106, player_healthbar_gone invisible_frame
107, player_healthbar_gone invisible_frame
108, player_healthbar_gone invisible_frame
109, player_healthbar_gone invisible_frame
110, player_healthbar_gone invisible_frame
111, player_healthbar_gone invisible_frame
112, player_healthbar_gone invisible_frame
113, player_healthbar_gone invisible_frame
114, player_healthbar_gone invisible_frame
115, player_healthbar_gone invisible_frame
116, player_healthbar_gone invisible_frame
117, player_healthbar_gone invisible_frame
118, player_healthbar_gone invisible_frame
119, player_healthbar_gone invisible_frame
120, player_healthbar_gone invisible_frame
121, player_healthbar_gone invisible_frame
122, player_healthbar_gone invisible_frame