1, player_healthbar_gone invisible frame
2, player_healthbar_gone invisible frame
3, player_healthbar_gone invisible frame
4, player_healthbar_gone invisible frame
5, player_healthbar_gone invisible frame
6, player_healthbar_gone invisible frame
7, player_healthbar_gone
8, player_healthbar_gone
9, player_healthbar_gone
10, player_healthbar_gone
11, player_healthbar_gone
12, player_healthbar_gone
13, player_healthbar_gone
14, player_healthbar_gone
15, player_healthbar_gone
16, player_healthbar_gone
17, player_healthbar_gone
18, player_healthbar_gone
19, player_healthbar_gone
20, player_healthbar_gone
21, player_healthbar_gone
22, player_healthbar_gone
23, player_healthbar_gone
24, player_healthbar_gone
25, player_healthbar_gone
26, player_healthbar_gone
27, player_healthbar_gone
28, player_healthbar_gone
29, player_healthbar_gone
30, player_healthbar_gone
31, player_healthbar_gone
32, player_healthbar_gone
33, player_healthbar_gone
34, player_healthbar_gone
35, player_healthbar_gone
36, player_healthbar_gone
37, player_healthbar_gone
38, player_healthbar_gone
39, player_healthbar_gone
40, player_healthbar_gone
41, player_healthbar_gone
42, player_healthbar_gone
43, player_healthbar_gone
44, player_healthbar_gone
45, player_healthbar_gone
46, player_healthbar_gone
47, player_healthbar_gone
48, player_healthbar_gone
49, player_healthbar_gone
50, player_healthbar_gone
51, player_healthbar_gone
52, player_healthbar_gone
53, player_healthbar_gone
54, player_healthbar_gone
55, player_healthbar_gone
56, player_healthbar_gone
57, player_healthbar_gone
58, player_healthbar_gone
59, player_healthbar_gone
60, player_healthbar_gone
61, player_healthbar_gone
62, player_healthbar_gone
63, player_healthbar_gone
64, player_healthbar_gone
65, player_healthbar_gone
66, player_healthbar_gone
67, player_healthbar_gone
68, player_healthbar_gone
69, player_healthbar_gone
70, player_healthbar_gone
71, player_healthbar_gone
72, player_healthbar_gone
73, player_healthbar_gone
74, player_healthbar_gone
75, player_healthbar_gone
76, player_healthbar_gone
77, player_healthbar_gone
78, player_healthbar_gone
79, player_healthbar_gone
80, player_healthbar_gone
81, player_healthbar_gone
82, player_healthbar_gone
83, player_healthbar_gone
84, player_healthbar_gone
85, player_healthbar_gone
86, player_healthbar_gone
87, player_healthbar_gone
88, player_healthbar_gone
89, player_healthbar_gone
90, player_healthbar_gone
91, player_healthbar_gone
92, player_healthbar_gone
93, player_healthbar_gone
94, player_healthbar_gone
95, player_healthbar_gone
96, player_healthbar_gone
97, player_healthbar_gone
98, player_healthbar_gone
99, player_healthbar_gone
100, player_healthbar_gone
101, player_healthbar_gone
102, player_healthbar_gone
103, player_healthbar_gone
104, player_healthbar_gone
105, player_healthbar_gone
106, player_healthbar_gone
107, player_healthbar_gone
108, player_healthbar_gone
109, player_healthbar_gone
110, player_healthbar_gone
111, player_healthbar_gone
112, player_healthbar_gone
113, player_healthbar_gone
114, player_healthbar_gone
115, player_healthbar_gone
116, player_healthbar_gone
117, player_healthbar_gone
118, player_healthbar_gone
119, player_healthbar_gone
120, player_healthbar_gone
121, player_healthbar_gone
122, player_healthbar_gone
123, player_healthbar_gone
124, player_healthbar_gone
125, player_healthbar_gone
126, player_healthbar_gone
127, player_healthbar_gone
128, player_healthbar_gone
129, player_healthbar_gone
130, player_healthbar_gone
131, player_healthbar_gone
132, player_healthbar_gone
133, player_healthbar_gone
134, player_healthbar_gone
135, player_healthbar_gone
136, player_healthbar_gone
137, player_healthbar_gone
138, player_healthbar_gone
139, player_healthbar_gone
140, player_healthbar_gone
141, player_healthbar_gone
142, player_healthbar_gone
143, player_healthbar_gone
144, player_healthbar_gone
145, player_healthbar_gone
146, player_healthbar_gone
147, player_healthbar_gone
148, player_healthbar_gone
149, player_healthbar_gone
150, player_healthbar_gone
151, player_healthbar_gone
152, player_healthbar_gone
153, player_healthbar_gone
154, player_healthbar_gone
155, player_healthbar_gone
156, player_healthbar_gone invisible frame
157, player_healthbar_gone invisible frame
158, player_healthbar_gone invisible frame
159, player_healthbar_gone invisible frame
160, player_healthbar_gone invisible frame
161, player_healthbar_gone invisible frame
162, player_healthbar_gone invisible frame
163, player_healthbar_gone invisible frame
164, player_healthbar_gone invisible frame
165, player_healthbar_gone invisible frame
166, player_healthbar_gone invisible frame
167, player_healthbar_gone invisible frame
168, player_healthbar_gone invisible frame
169, player_healthbar_gone invisible frame
170, player_healthbar_gone invisible frame
171, player_healthbar_gone invisible frame
172, player_healthbar_gone invisible frame
173, player_healthbar_gone invisible frame
174, player_healthbar_gone invisible frame
175, player_healthbar_gone invisible frame
176, player_healthbar_gone invisible frame
177, player_healthbar_gone invisible frame
178, player_healthbar_gone invisible frame
179, player_healthbar_gone invisible frame
180, player_healthbar_gone invisible frame
181, player_healthbar_gone invisible frame
182, player_healthbar_gone player_translate_x:2 invisible frame
183, player_healthbar_gone player_translate_x:4 invisible frame
184, player_healthbar_gone player_translate_x:6 invisible frame
185, player_healthbar_gone player_translate_x:6
186, player_healthbar_gone player_translate_x:8
187, player_healthbar_gone player_translate_x:10
188, player_healthbar_gone player_translate_x:8
189, player_healthbar_gone player_translate_x:6
190, player_healthbar_gone player_translate_x:4
191, player_healthbar_gone inverse_colors
192, player_healthbar_gone inverse_colors
193, player_healthbar_gone inverse_colors
194, player_healthbar_gone inverse_colors
195, player_healthbar_gone inverse_colors
196, player_healthbar_gone
197, player_healthbar_gone
198, player_healthbar_gone
199, player_healthbar_gone
200, player_healthbar_gone
201, player_healthbar_gone
202, player_healthbar_gone
203, player_healthbar_gone
204, player_healthbar_gone
205, player_healthbar_gone
206, player_healthbar_gone
207, player_healthbar_gone
208, player_healthbar_gone
209, player_healthbar_gone
210, player_healthbar_gone
211, player_healthbar_gone invisible frame
212, player_healthbar_gone invisible frame
213, player_healthbar_gone invisible frame
214, player_healthbar_gone invisible frame
215, _ invisible frame
216, _ invisible frame
217, _ invisible frame
218, _ invisible frame
219, _ invisible frame
220, _ invisible frame
221, _ invisible frame
222, _ invisible frame
223, _ invisible frame
224, _ invisible frame
225, _ invisible frame
226, _ invisible frame
227, _ invisible frame
228, _ invisible frame
229, _ invisible frame
230, _ invisible frame
231, _ invisible frame
232, _ invisible frame
233, _ invisible frame
234, _ invisible frame
235, _ invisible frame
236, _ invisible frame
237, _ invisible frame
238, _ invisible frame
239, _ invisible frame
240, _ invisible frame
241, _ invisible frame
242, _ invisible frame
243, _ invisible frame
244, _ invisible frame
245, _ invisible frame
246, _ invisible frame
247, _ invisible frame
248, _ invisible frame
249, _ invisible frame
250, _ invisible frame
251, _ invisible frame
252, _ invisible frame
253, _ invisible frame
254, _ invisible frame
255, _ invisible frame
256, _ invisible frame
257, _ invisible frame
258, _ invisible frame
259, _ invisible frame
260, _ invisible frame
261, _ invisible frame
262, _ invisible frame
263, _ invisible frame
264, _ invisible frame
265, _ invisible frame
266, _ invisible frame
267, _ invisible frame
268, _ invisible frame
269, _ invisible frame
270, _ invisible frame
271, _ invisible frame
272, _ invisible frame
273, _ invisible frame
274, _ invisible frame
275, _ invisible frame
276, _ invisible frame
277, _ invisible frame
278, _ invisible frame
279, _ invisible frame
280, _ invisible frame
281, _ invisible frame
282, _ invisible frame
283, _ invisible frame
284, _ invisible frame
285, _ invisible frame
286, _ invisible frame
287, _ invisible frame
288, _ invisible frame
289, _ invisible frame
290, _ invisible frame
291, _ invisible frame
292, _ invisible frame
293, _ invisible frame
294, _ invisible frame
295, _ invisible frame
296, _ invisible frame
297, _ invisible frame
298, _ invisible frame
299, _ invisible frame
300, _ invisible frame
301, _ invisible frame
302, _ invisible frame
303, _ invisible frame
304, _ invisible frame
305, _ invisible frame
306, _ invisible frame
307, _ invisible frame
308, _ invisible frame
309, _ invisible frame
310, _ invisible frame
311, _ invisible frame
312, _ invisible frame
313, _ invisible frame
314, _ invisible frame
315, _ invisible frame
316, _ invisible frame
317, _ invisible frame
318, _ invisible frame
319, _ invisible frame
320, _ invisible frame
321, _ invisible frame
322, _ invisible frame
323, _ invisible frame
324, _ invisible frame
325, _ invisible frame
326, _ invisible frame
327, _ invisible frame
328, _ invisible frame
329, _ invisible frame
330, _ invisible frame