1, player_healthbar_gone invisible frame
2, player_healthbar_gone invisible frame
3, player_healthbar_gone invisible frame
4, player_healthbar_gone invisible frame
5, player_healthbar_gone invisible frame
6, player_healthbar_gone invisible frame
7, player_healthbar_gone inverse_colors invisible frame
8, player_healthbar_gone confuseray_effect1 invisible frame
9, player_healthbar_gone confuseray_effect1
10, player_healthbar_gone confuseray_effect1
11, player_healthbar_gone confuseray_effect1
12, player_healthbar_gone confuseray_effect1
13, player_healthbar_gone confuseray_effect2
14, player_healthbar_gone confuseray_effect2
15, player_healthbar_gone confuseray_effect2
16, player_healthbar_gone confuseray_effect2
17, player_healthbar_gone confuseray_effect2
18, player_healthbar_gone inverse_colors
19, player_healthbar_gone inverse_colors
20, player_healthbar_gone inverse_colors
21, player_healthbar_gone inverse_colors
22, player_healthbar_gone inverse_colors
23, player_healthbar_gone confuseray_effect1
24, player_healthbar_gone confuseray_effect1
25, player_healthbar_gone confuseray_effect1
26, player_healthbar_gone confuseray_effect1
27, player_healthbar_gone confuseray_effect1
28, player_healthbar_gone confuseray_effect2
29, player_healthbar_gone confuseray_effect2
30, player_healthbar_gone confuseray_effect2
31, player_healthbar_gone confuseray_effect2
32, player_healthbar_gone confuseray_effect2
33, player_healthbar_gone inverse_colors
34, player_healthbar_gone inverse_colors
35, player_healthbar_gone inverse_colors
36, player_healthbar_gone inverse_colors
37, player_healthbar_gone inverse_colors
38, player_healthbar_gone confuseray_effect1
39, player_healthbar_gone confuseray_effect1
40, player_healthbar_gone confuseray_effect1
41, player_healthbar_gone confuseray_effect1
42, player_healthbar_gone confuseray_effect1
43, player_healthbar_gone confuseray_effect2
44, player_healthbar_gone confuseray_effect2
45, player_healthbar_gone confuseray_effect2
46, player_healthbar_gone confuseray_effect2
47, player_healthbar_gone confuseray_effect2
48, player_healthbar_gone inverse_colors
49, player_healthbar_gone inverse_colors
50, player_healthbar_gone inverse_colors
51, player_healthbar_gone inverse_colors
52, player_healthbar_gone inverse_colors
53, player_healthbar_gone confuseray_effect1
54, player_healthbar_gone confuseray_effect1
55, player_healthbar_gone confuseray_effect1
56, player_healthbar_gone confuseray_effect1
57, player_healthbar_gone confuseray_effect1
58, player_healthbar_gone confuseray_effect2
59, player_healthbar_gone confuseray_effect2
60, player_healthbar_gone confuseray_effect2
61, player_healthbar_gone confuseray_effect2
62, player_healthbar_gone confuseray_effect2
63, player_healthbar_gone inverse_colors
64, player_healthbar_gone inverse_colors
65, player_healthbar_gone inverse_colors
66, player_healthbar_gone inverse_colors
67, player_healthbar_gone inverse_colors
68, player_healthbar_gone confuseray_effect1
69, player_healthbar_gone confuseray_effect1
70, player_healthbar_gone confuseray_effect1
71, player_healthbar_gone confuseray_effect1 invisible frame
72, player_healthbar_gone confuseray_effect1 invisible frame
73, player_healthbar_gone confuseray_effect2 invisible frame
74, player_healthbar_gone confuseray_effect2 invisible frame
75, player_healthbar_gone confuseray_effect2 invisible frame
76, player_healthbar_gone confuseray_effect2 invisible frame
77, player_healthbar_gone confuseray_effect2 invisible frame
78, player_healthbar_gone inverse_colors invisible frame
79, player_healthbar_gone inverse_colors invisible frame
80, player_healthbar_gone inverse_colors invisible frame
81, player_healthbar_gone inverse_colors invisible frame
82, player_healthbar_gone inverse_colors invisible frame
83, player_healthbar_gone confuseray_effect1 invisible frame
84, player_healthbar_gone confuseray_effect1 invisible frame
85, player_healthbar_gone confuseray_effect1 invisible frame
86, player_healthbar_gone confuseray_effect1 invisible frame
87, player_healthbar_gone confuseray_effect1 invisible frame
88, player_healthbar_gone confuseray_effect2 invisible frame
89, player_healthbar_gone confuseray_effect2 invisible frame
90, player_healthbar_gone confuseray_effect2 invisible frame
91, player_healthbar_gone confuseray_effect2 invisible frame
92, player_healthbar_gone confuseray_effect2 invisible frame
93, player_healthbar_gone inverse_colors invisible frame
94, player_healthbar_gone inverse_colors invisible frame
95, player_healthbar_gone inverse_colors invisible frame
96, player_healthbar_gone inverse_colors invisible frame
97, player_healthbar_gone inverse_colors invisible frame
98, player_healthbar_gone confuseray_effect1 invisible frame
99, player_healthbar_gone confuseray_effect1 invisible frame
100, player_healthbar_gone confuseray_effect1 invisible frame
101, player_healthbar_gone confuseray_effect1 invisible frame
102, player_healthbar_gone confuseray_effect1 invisible frame
103, player_healthbar_gone confuseray_effect2 invisible frame
104, player_healthbar_gone confuseray_effect2 invisible frame
105, player_healthbar_gone confuseray_effect2 invisible frame
106, player_healthbar_gone confuseray_effect2 invisible frame
107, player_healthbar_gone invisible frame
108, player_healthbar_gone invisible frame
109, player_healthbar_gone invisible frame
110, player_healthbar_gone invisible frame
111, player_healthbar_gone invisible frame
112, player_healthbar_gone invisible frame
113, player_healthbar_gone invisible frame
114, player_healthbar_gone invisible frame
115, player_healthbar_gone invisible frame
116, player_healthbar_gone invisible frame
117, player_healthbar_gone invisible frame
118, player_healthbar_gone invisible frame
119, player_healthbar_gone invisible frame
120, player_healthbar_gone invisible frame
121, player_healthbar_gone invisible frame
122, player_healthbar_gone invisible frame
123, player_healthbar_gone invisible frame
124, player_healthbar_gone invisible frame
125, player_healthbar_gone invisible frame
126, player_healthbar_gone invisible frame
127, player_healthbar_gone invisible frame
128, player_healthbar_gone invisible frame
129, player_healthbar_gone invisible frame
130, player_healthbar_gone invisible frame
131, player_healthbar_gone invisible frame
132, player_healthbar_gone invisible frame
133, player_healthbar_gone invisible frame
134, player_healthbar_gone invisible frame
135, player_healthbar_gone invisible frame
136, player_healthbar_gone invisible frame
137, player_healthbar_gone invisible frame
138, player_healthbar_gone invisible frame
139, player_healthbar_gone invisible frame
140, player_healthbar_gone invisible frame
141, player_healthbar_gone invisible frame
142, player_healthbar_gone invisible frame
143, player_healthbar_gone invisible frame
144, player_healthbar_gone invisible frame
145, player_healthbar_gone invisible frame
146, player_healthbar_gone invisible frame
147, player_healthbar_gone invisible frame
148, player_healthbar_gone invisible frame
149, player_healthbar_gone invisible frame
150, player_healthbar_gone invisible frame
151, player_healthbar_gone invisible frame
152, player_healthbar_gone invisible frame
153, player_healthbar_gone invisible frame
154, player_healthbar_gone invisible frame
155, player_healthbar_gone invisible frame
156, player_healthbar_gone invisible frame
157, player_healthbar_gone invisible frame
158, player_healthbar_gone invisible frame
159, player_healthbar_gone invisible frame
160, player_healthbar_gone invisible frame
161, player_healthbar_gone invisible frame
162, player_healthbar_gone invisible frame
163, player_healthbar_gone invisible frame
164, player_healthbar_gone invisible frame
165, player_healthbar_gone invisible frame
166, player_healthbar_gone invisible frame
167, player_healthbar_gone invisible frame
168, player_healthbar_gone invisible frame
169, player_healthbar_gone invisible frame
170, player_healthbar_gone invisible frame
171, player_healthbar_gone invisible frame
172, player_healthbar_gone invisible frame
173, player_healthbar_gone invisible frame
174, player_healthbar_gone invisible frame
175, player_healthbar_gone invisible frame
176, player_healthbar_gone invisible frame
177, player_healthbar_gone invisible frame
178, player_healthbar_gone invisible frame
179, player_healthbar_gone invisible frame
180, player_healthbar_gone invisible frame
181, player_healthbar_gone invisible frame
182, player_healthbar_gone invisible frame
183, player_healthbar_gone invisible frame
184, player_healthbar_gone invisible frame
185, player_healthbar_gone invisible frame
186, player_healthbar_gone invisible frame
187, player_healthbar_gone invisible frame
188, player_healthbar_gone invisible frame
189, player_healthbar_gone invisible frame
190, player_healthbar_gone invisible frame
191, player_healthbar_gone invisible frame
192, player_healthbar_gone invisible frame
193, player_healthbar_gone invisible frame