1, player_healthbar_gone invisible frame
2, player_healthbar_gone invisible frame
3, player_healthbar_gone invisible frame
4, player_healthbar_gone invisible frame
5, player_healthbar_gone invisible frame
6, player_healthbar_gone invisible frame
7, player_healthbar_gone invisible frame
8, player_healthbar_gone invisible frame
9, player_healthbar_gone invisible frame
10, player_healthbar_gone invisible frame
11, player_healthbar_gone invisible frame
12, player_healthbar_gone invisible frame
13, player_healthbar_gone invisible frame
14, player_healthbar_gone invisible frame
15, player_healthbar_gone invisible frame
16, player_healthbar_gone invisible frame
17, player_healthbar_gone invisible frame
18, player_healthbar_gone invisible frame
19, player_healthbar_gone invisible frame
20, player_healthbar_gone invisible frame
21, player_healthbar_gone invisible frame
22, player_healthbar_gone invisible frame
23, player_healthbar_gone invisible frame
24, player_healthbar_gone invisible frame
25, player_healthbar_gone invisible frame
26, player_healthbar_gone invisible frame
27, player_healthbar_gone invisible frame
28, player_healthbar_gone invisible frame
29, player_healthbar_gone inverse_colors invisible frame
30, player_healthbar_gone inverse_colors invisible frame
31, player_healthbar_gone inverse_colors player_translate_x:1 invisible frame
32, player_healthbar_gone inverse_colors player_translate_x:2 invisible frame
33, player_healthbar_gone inverse_colors player_translate_x:4
34, player_healthbar_gone player_translate_x:6
35, player_healthbar_gone player_translate_x:10
36, player_healthbar_gone player_translate_x:8
37, player_healthbar_gone player_translate_x:6
38, player_healthbar_gone player_translate_x:4
39, player_healthbar_gone inverse_colors player_translate_x:2
40, player_healthbar_gone inverse_colors
41, player_healthbar_gone inverse_colors
42, player_healthbar_gone inverse_colors
43, player_healthbar_gone inverse_colors
44, player_healthbar_gone
45, player_healthbar_gone
46, player_healthbar_gone
47, player_healthbar_gone invisible frame
48, player_healthbar_gone invisible frame
49, player_healthbar_gone inverse_colors invisible frame
50, player_healthbar_gone inverse_colors invisible frame
51, player_healthbar_gone inverse_colors invisible frame
52, player_healthbar_gone inverse_colors invisible frame
53, player_healthbar_gone inverse_colors invisible frame
54, player_healthbar_gone invisible frame
55, player_healthbar_gone invisible frame
56, player_healthbar_gone invisible frame
57, player_healthbar_gone invisible frame
58, player_healthbar_gone invisible frame