1, player_healthbar_gone invisible frame
2, player_healthbar_gone invisible frame
3, player_healthbar_gone invisible frame
4, player_healthbar_gone invisible frame
5, player_healthbar_gone invisible frame
6, player_healthbar_gone invisible frame
7, player_healthbar_gone screen_translate_x:1
8, player_healthbar_gone screen_translate_x:1
9, player_healthbar_gone screen_translate_x:1
10, player_healthbar_gone screen_translate_x:-1
11, player_healthbar_gone screen_translate_x:-1
12, player_healthbar_gone screen_translate_x:-1
13, player_healthbar_gone screen_translate_x:1
14, player_healthbar_gone screen_translate_x:1
15, player_healthbar_gone
16, player_healthbar_gone
17, player_healthbar_gone
18, player_healthbar_gone
19, player_healthbar_gone
20, player_healthbar_gone
21, player_healthbar_gone
22, player_healthbar_gone
23, player_healthbar_gone
24, player_healthbar_gone
25, player_healthbar_gone
26, player_healthbar_gone
27, player_healthbar_gone
28, player_healthbar_gone
29, player_healthbar_gone
30, player_healthbar_gone
31, player_healthbar_gone
32, player_healthbar_gone
33, player_healthbar_gone
34, player_healthbar_gone
35, player_healthbar_gone invisible frame
36, player_healthbar_gone invisible frame
37, player_healthbar_gone invisible frame
38, player_healthbar_gone invisible frame
39, player_healthbar_gone invisible frame
40, player_healthbar_gone invisible frame
41, player_healthbar_gone invisible frame
42, player_healthbar_gone invisible frame
43, player_healthbar_gone invisible frame
44, player_healthbar_gone invisible frame
45, player_healthbar_gone invisible frame
46, player_healthbar_gone invisible frame
47, player_healthbar_gone invisible frame
48, player_healthbar_gone invisible frame
49, player_healthbar_gone invisible frame
50, player_healthbar_gone invisible frame
51, player_healthbar_gone invisible frame
52, player_healthbar_gone invisible frame
53, player_healthbar_gone invisible frame
54, player_healthbar_gone invisible frame
55, player_healthbar_gone invisible frame
56, player_healthbar_gone invisible frame
57, player_healthbar_gone invisible frame
58, player_healthbar_gone invisible frame
59, player_healthbar_gone invisible frame
60, player_healthbar_gone invisible frame
61, player_healthbar_gone invisible frame
62, player_healthbar_gone invisible frame
63, player_healthbar_gone invisible frame
64, player_healthbar_gone invisible frame
65, player_healthbar_gone invisible frame
66, player_healthbar_gone invisible frame
67, player_healthbar_gone invisible frame
68, player_healthbar_gone invisible frame
69, player_healthbar_gone invisible frame
70, player_healthbar_gone invisible frame
71, player_healthbar_gone invisible frame
72, player_healthbar_gone invisible frame
73, player_healthbar_gone invisible frame
74, player_healthbar_gone invisible frame
75, player_healthbar_gone invisible frame
76, player_healthbar_gone invisible frame
77, player_healthbar_gone invisible frame
78, player_healthbar_gone invisible frame
79, player_healthbar_gone invisible frame
80, player_healthbar_gone invisible frame
81, player_healthbar_gone invisible frame
82, player_healthbar_gone invisible frame
83, player_healthbar_gone invisible frame
84, player_healthbar_gone invisible frame
85, player_healthbar_gone invisible frame
86, player_healthbar_gone invisible frame
87, player_healthbar_gone invisible frame
88, player_healthbar_gone invisible frame
89, player_healthbar_gone invisible frame
90, player_healthbar_gone invisible frame
91, player_healthbar_gone invisible frame
92, player_healthbar_gone invisible frame
93, player_healthbar_gone invisible frame
94, player_healthbar_gone invisible frame
95, player_healthbar_gone invisible frame
96, player_healthbar_gone invisible frame
97, player_healthbar_gone invisible frame
98, player_healthbar_gone invisible frame
99, player_healthbar_gone invisible frame
100, player_healthbar_gone invisible frame
101, player_healthbar_gone invisible frame
102, player_healthbar_gone invisible frame
103, player_healthbar_gone invisible frame
104, player_healthbar_gone invisible frame
105, player_healthbar_gone invisible frame
106, player_healthbar_gone invisible frame
107, player_healthbar_gone invisible frame
108, player_healthbar_gone invisible frame
109, player_healthbar_gone invisible frame
110, player_healthbar_gone invisible frame