1, player_healthbar_gone invisible_frame
2, player_healthbar_gone invisible_frame
3, player_healthbar_gone invisible_frame
4, player_healthbar_gone invisible_frame
5, player_healthbar_gone invisible_frame
6, player_healthbar_gone invisible_frame
7, player_healthbar_gone invisible_frame
8, player_healthbar_gone invisible_frame
9, player_healthbar_gone invisible_frame
10, player_healthbar_gone invisible_frame
11, player_healthbar_gone invisible_frame
12, player_healthbar_gone
13, player_healthbar_gone
14, player_healthbar_gone
15, player_healthbar_gone
16, player_healthbar_gone
17, player_healthbar_gone
18, player_healthbar_gone
19, player_healthbar_gone
20, player_healthbar_gone
21, player_healthbar_gone
22, player_healthbar_gone
23, player_healthbar_gone
24, player_healthbar_gone
25, player_healthbar_gone
26, player_healthbar_gone
27, player_healthbar_gone
28, player_healthbar_gone
29, player_healthbar_gone
30, player_healthbar_gone
31, player_healthbar_gone
32, player_healthbar_gone
33, player_healthbar_gone
34, player_healthbar_gone
35, player_healthbar_gone
36, player_healthbar_gone
37, player_healthbar_gone
38, player_healthbar_gone
39, player_healthbar_gone
40, player_healthbar_gone
41, player_healthbar_gone
42, player_healthbar_gone
43, player_healthbar_gone
44, player_healthbar_gone
45, player_healthbar_gone
46, player_healthbar_gone
47, player_healthbar_gone
48, player_healthbar_gone
49, player_healthbar_gone
50, player_healthbar_gone
51, player_healthbar_gone
52, player_healthbar_gone
53, player_healthbar_gone
54, player_healthbar_gone
55, player_healthbar_gone
56, player_healthbar_gone
57, player_healthbar_gone
58, player_healthbar_gone
59, player_healthbar_gone
60, player_healthbar_gone
61, player_healthbar_gone
62, player_healthbar_gone
63, player_healthbar_gone
64, player_healthbar_gone
65, player_healthbar_gone
66, player_healthbar_gone
67, player_healthbar_gone
68, player_healthbar_gone
69, player_healthbar_gone
70, player_healthbar_gone
71, player_healthbar_gone
72, player_healthbar_gone
73, player_healthbar_gone
74, player_healthbar_gone
75, player_healthbar_gone
76, player_healthbar_gone
77, player_healthbar_gone
78, player_healthbar_gone
79, player_healthbar_gone
80, player_healthbar_gone
81, player_healthbar_gone
82, player_healthbar_gone
83, player_healthbar_gone
84, player_healthbar_gone
85, player_healthbar_gone
86, player_healthbar_gone
87, player_healthbar_gone
88, player_healthbar_gone
89, player_healthbar_gone
90, player_healthbar_gone
91, player_healthbar_gone
92, player_healthbar_gone
93, player_healthbar_gone
94, player_healthbar_gone
95, player_healthbar_gone
96, player_healthbar_gone
97, player_healthbar_gone
98, player_healthbar_gone
99, player_healthbar_gone
100, player_healthbar_gone invisible_frame
101, player_healthbar_gone
102, player_healthbar_gone inverse_colors
103, player_healthbar_gone inverse_colors
104, player_healthbar_gone inverse_colors
105, player_healthbar_gone inverse_colors
106, player_healthbar_gone inverse_colors
107, player_healthbar_gone
108, player_healthbar_gone
109, player_healthbar_gone
110, player_healthbar_gone
111, player_healthbar_gone
112, player_healthbar_gone inverse_colors
113, player_healthbar_gone inverse_colors
114, player_healthbar_gone inverse_colors
115, player_healthbar_gone inverse_colors
116, player_healthbar_gone inverse_colors
117, player_healthbar_gone
118, player_healthbar_gone
119, player_healthbar_gone
120, player_healthbar_gone
121, player_healthbar_gone invisible_frame
122, player_healthbar_gone invisible_frame
123, player_healthbar_gone invisible_frame
124, player_healthbar_gone invisible_frame
125, invisible_frame
126, invisible_frame
127, invisible_frame
128, invisible_frame
129, invisible_frame
130, invisible_frame
131, invisible_frame
132, invisible_frame
133, invisible_frame
134, invisible_frame
135, invisible_frame
136, invisible_frame
137, invisible_frame
138, invisible_frame
139, invisible_frame
140, invisible_frame
141, invisible_frame
142, invisible_frame
143, invisible_frame
144, invisible_frame
145, invisible_frame
146, invisible_frame
147, invisible_frame
148, invisible_frame
149, invisible_frame
150, invisible_frame
151, invisible_frame
152, invisible_frame
153, invisible_frame
154, invisible_frame
155, invisible_frame
156, invisible_frame
157, invisible_frame
158, invisible_frame
159, invisible_frame
160, invisible_frame
161, invisible_frame
162, invisible_frame
163, invisible_frame
164, invisible_frame
165, invisible_frame
166, invisible_frame
167, invisible_frame
168, invisible_frame
169, invisible_frame
170, invisible_frame
171, invisible_frame
172, invisible_frame
173, invisible_frame
174, invisible_frame
175, invisible_frame