1, enemy_healthbar_gone invisible_frame
2, enemy_healthbar_gone invisible_frame
3, enemy_healthbar_gone invisible_frame
4, enemy_healthbar_gone invisible_frame
5, enemy_healthbar_gone invisible_frame
6, enemy_healthbar_gone invisible_frame
7, enemy_healthbar_gone invisible_frame
8, enemy_healthbar_gone invisible_frame
9, enemy_healthbar_gone screen_translate_x:2 invisible_frame
10, enemy_healthbar_gone screen_translate_x:-2 invisible_frame
11, enemy_healthbar_gone screen_translate_x:2 invisible_frame
12, enemy_healthbar_gone screen_translate_x:-2 invisible_frame
13, enemy_healthbar_gone screen_translate_x:2 invisible_frame
14, enemy_healthbar_gone screen_translate_x:-2 invisible_frame
15, enemy_healthbar_gone screen_translate_x:2 invisible_frame
16, enemy_healthbar_gone screen_translate_x:-2 invisible_frame
17, enemy_healthbar_gone screen_translate_x:2 invisible_frame
18, enemy_healthbar_gone screen_translate_x:-2 invisible_frame
19, enemy_healthbar_gone screen_translate_x:2 invisible_frame
20, enemy_healthbar_gone screen_translate_x:-2 invisible_frame
21, enemy_healthbar_gone screen_translate_x:2 invisible_frame
22, enemy_healthbar_gone screen_translate_x:-2 invisible_frame
23, enemy_healthbar_gone screen_translate_x:2 invisible_frame
24, enemy_healthbar_gone screen_translate_x:-2 invisible_frame
25, enemy_healthbar_gone screen_translate_x:2 invisible_frame
26, enemy_healthbar_gone screen_translate_x:-2 invisible_frame
27, enemy_healthbar_gone screen_translate_x:2 invisible_frame
28, enemy_healthbar_gone screen_translate_x:-2 invisible_frame
29, enemy_healthbar_gone screen_translate_x:2 invisible_frame
30, enemy_healthbar_gone screen_translate_x:-2 invisible_frame
31, enemy_healthbar_gone screen_translate_x:2 invisible_frame
32, enemy_healthbar_gone screen_translate_x:-2 invisible_frame
33, enemy_healthbar_gone screen_translate_x:2 invisible_frame
34, enemy_healthbar_gone screen_translate_x:-2 invisible_frame
35, enemy_healthbar_gone screen_translate_x:2 invisible_frame
36, enemy_healthbar_gone screen_translate_x:-2 invisible_frame
37, enemy_healthbar_gone screen_translate_x:2 invisible_frame
38, enemy_healthbar_gone screen_translate_x:-2 invisible_frame
39, enemy_healthbar_gone screen_translate_x:2 invisible_frame
40, enemy_healthbar_gone screen_translate_x:-2 invisible_frame
41, enemy_healthbar_gone screen_translate_x:2 invisible_frame
42, enemy_healthbar_gone screen_translate_x:-2 invisible_frame
43, enemy_healthbar_gone screen_translate_x:2 invisible_frame
44, enemy_healthbar_gone screen_translate_x:-2 invisible_frame
45, enemy_healthbar_gone screen_translate_x:2 invisible_frame
46, enemy_healthbar_gone screen_translate_x:-2 invisible_frame
47, enemy_healthbar_gone screen_translate_x:2 invisible_frame
48, enemy_healthbar_gone screen_translate_x:-2 invisible_frame
49, enemy_healthbar_gone screen_translate_x:2 invisible_frame
50, enemy_healthbar_gone screen_translate_x:-2 invisible_frame
51, enemy_healthbar_gone screen_translate_x:2 invisible_frame
52, enemy_healthbar_gone screen_translate_x:-2 invisible_frame
53, enemy_healthbar_gone screen_translate_x:2 invisible_frame
54, enemy_healthbar_gone screen_translate_x:-2 invisible_frame
55, enemy_healthbar_gone screen_translate_x:2 invisible_frame
56, enemy_healthbar_gone screen_translate_x:-2 invisible_frame
57, enemy_healthbar_gone screen_translate_x:2 invisible_frame
58, enemy_healthbar_gone screen_translate_x:-2
59, enemy_healthbar_gone screen_translate_x:2
60, enemy_healthbar_gone screen_translate_x:-2
61, enemy_healthbar_gone screen_translate_x:2
62, enemy_healthbar_gone screen_translate_x:-2
63, enemy_healthbar_gone screen_translate_x:2
64, enemy_healthbar_gone screen_translate_x:-2
65, enemy_healthbar_gone screen_translate_x:2
66, enemy_healthbar_gone screen_translate_x:-2
67, enemy_healthbar_gone screen_translate_x:2 inverse_colors
68, enemy_healthbar_gone screen_translate_x:-2 inverse_colors
69, enemy_healthbar_gone screen_translate_x:2 inverse_colors
70, enemy_healthbar_gone screen_translate_x:-2 inverse_colors
71, enemy_healthbar_gone screen_translate_x:2 inverse_colors
72, enemy_healthbar_gone screen_translate_x:-2 inverse_colors
73, enemy_healthbar_gone inverse_colors
74, enemy_healthbar_gone inverse_colors
75, enemy_healthbar_gone inverse_colors
76, enemy_healthbar_gone
77, enemy_healthbar_gone
78, enemy_healthbar_gone
79, enemy_healthbar_gone
80, enemy_healthbar_gone
81, enemy_healthbar_gone
82, enemy_healthbar_gone
83, enemy_healthbar_gone
84, enemy_healthbar_gone
85, enemy_healthbar_gone
86, enemy_healthbar_gone
87, enemy_healthbar_gone
88, enemy_healthbar_gone
89, enemy_healthbar_gone
90, enemy_healthbar_gone
91, enemy_healthbar_gone
92, enemy_healthbar_gone
93, enemy_healthbar_gone
94, enemy_healthbar_gone
95, enemy_healthbar_gone
96, enemy_healthbar_gone
97, enemy_healthbar_gone
98, enemy_healthbar_gone
99, enemy_healthbar_gone
100, enemy_healthbar_gone invisible_frame
101, enemy_healthbar_gone invisible_frame
102, enemy_healthbar_gone invisible_frame
103, enemy_healthbar_gone invisible_frame
104, enemy_healthbar_gone invisible_frame
105, invisible_frame
106, invisible_frame
107, invisible_frame
108, invisible_frame
109, invisible_frame
110, invisible_frame
111, invisible_frame
112, invisible_frame
113, invisible_frame
114, invisible_frame
115, invisible_frame
116, invisible_frame
117, invisible_frame
118, invisible_frame
119, invisible_frame