1, enemy_healthbar_gone invisible frame
2, enemy_healthbar_gone invisible frame
3, enemy_healthbar_gone invisible frame
4, enemy_healthbar_gone invisible frame
5, enemy_healthbar_gone invisible frame
6, enemy_healthbar_gone invisible frame
7, enemy_healthbar_gone invisible frame
8, enemy_healthbar_gone invisible frame
9, enemy_healthbar_gone invisible frame
10, enemy_healthbar_gone invisible frame
11, enemy_healthbar_gone invisible frame
12, enemy_healthbar_gone invisible frame
13, enemy_healthbar_gone invisible frame
14, enemy_healthbar_gone invisible frame
15, enemy_healthbar_gone invisible frame
16, enemy_healthbar_gone invisible frame
17, enemy_healthbar_gone invisible frame
18, enemy_healthbar_gone invisible frame
19, enemy_healthbar_gone invisible frame
20, enemy_healthbar_gone invisible frame
21, enemy_healthbar_gone invisible frame
22, enemy_healthbar_gone lighten_effect1 invisible frame
23, enemy_healthbar_gone lighten_effect1 invisible frame
24, enemy_healthbar_gone lighten_effect1 invisible frame
25, enemy_healthbar_gone lighten_effect2 invisible frame
26, enemy_healthbar_gone lighten_effect2 invisible frame
27, enemy_healthbar_gone lighten_effect2 invisible frame
28, enemy_healthbar_gone lighten_effect1 invisible frame
29, enemy_healthbar_gone lighten_effect1 invisible frame
30, enemy_healthbar_gone lighten_effect1 invisible frame
31, enemy_healthbar_gone invisible frame
32, enemy_healthbar_gone invisible frame
33, enemy_healthbar_gone invisible frame
34, enemy_healthbar_gone darken_effect1 invisible frame
35, enemy_healthbar_gone darken_effect1 invisible frame
36, enemy_healthbar_gone darken_effect1 invisible frame
37, enemy_healthbar_gone darken_effect2 invisible frame
38, enemy_healthbar_gone darken_effect2 invisible frame
39, enemy_healthbar_gone darken_effect2 invisible frame
40, enemy_healthbar_gone darken_effect1 invisible frame
41, enemy_healthbar_gone darken_effect1 invisible frame
42, enemy_healthbar_gone darken_effect1 invisible frame
43, enemy_healthbar_gone invisible frame
44, enemy_healthbar_gone invisible frame
45, enemy_healthbar_gone invisible frame
46, enemy_healthbar_gone lighten_effect1 invisible frame
47, enemy_healthbar_gone lighten_effect1 invisible frame
48, enemy_healthbar_gone lighten_effect1 invisible frame
49, enemy_healthbar_gone lighten_effect2 invisible frame
50, enemy_healthbar_gone lighten_effect2 invisible frame
51, enemy_healthbar_gone lighten_effect2 invisible frame
52, enemy_healthbar_gone lighten_effect1 invisible frame
53, enemy_healthbar_gone lighten_effect1 invisible frame
54, enemy_healthbar_gone lighten_effect1 invisible frame
55, enemy_healthbar_gone invisible frame
56, enemy_healthbar_gone invisible frame
57, enemy_healthbar_gone invisible frame
58, enemy_healthbar_gone darken_effect1 invisible frame
59, enemy_healthbar_gone darken_effect1 invisible frame
60, enemy_healthbar_gone darken_effect1 invisible frame
61, enemy_healthbar_gone darken_effect2 invisible frame
62, enemy_healthbar_gone darken_effect2 invisible frame
63, enemy_healthbar_gone darken_effect2 invisible frame
64, enemy_healthbar_gone darken_effect1 invisible frame
65, enemy_healthbar_gone darken_effect1 invisible frame
66, enemy_healthbar_gone darken_effect1 invisible frame
67, enemy_healthbar_gone invisible frame
68, enemy_healthbar_gone invisible frame
69, enemy_healthbar_gone invisible frame
70, enemy_healthbar_gone lighten_effect1 invisible frame
71, enemy_healthbar_gone lighten_effect1 invisible frame
72, enemy_healthbar_gone lighten_effect1 invisible frame
73, enemy_healthbar_gone lighten_effect2 invisible frame
74, enemy_healthbar_gone lighten_effect2
75, enemy_healthbar_gone lighten_effect2
76, enemy_healthbar_gone lighten_effect1
77, enemy_healthbar_gone lighten_effect1
78, enemy_healthbar_gone lighten_effect1
79, enemy_healthbar_gone
80, enemy_healthbar_gone
81, enemy_healthbar_gone
82, enemy_healthbar_gone darken_effect1
83, enemy_healthbar_gone darken_effect1
84, enemy_healthbar_gone darken_effect1
85, enemy_healthbar_gone darken_effect2
86, enemy_healthbar_gone darken_effect2
87, enemy_healthbar_gone darken_effect2
88, enemy_healthbar_gone darken_effect1
89, enemy_healthbar_gone darken_effect1
90, enemy_healthbar_gone darken_effect1
91, enemy_healthbar_gone
92, enemy_healthbar_gone
93, enemy_healthbar_gone
94, enemy_healthbar_gone lighten_effect1
95, enemy_healthbar_gone lighten_effect1
96, enemy_healthbar_gone lighten_effect1
97, enemy_healthbar_gone lighten_effect2
98, enemy_healthbar_gone lighten_effect2
99, enemy_healthbar_gone lighten_effect2
100, enemy_healthbar_gone lighten_effect1
101, enemy_healthbar_gone lighten_effect1
102, enemy_healthbar_gone lighten_effect1
103, enemy_healthbar_gone
104, enemy_healthbar_gone
105, enemy_healthbar_gone
106, enemy_healthbar_gone darken_effect1
107, enemy_healthbar_gone darken_effect1
108, enemy_healthbar_gone darken_effect1
109, enemy_healthbar_gone darken_effect2
110, enemy_healthbar_gone darken_effect2
111, enemy_healthbar_gone darken_effect2
112, enemy_healthbar_gone darken_effect1
113, enemy_healthbar_gone darken_effect1
114, enemy_healthbar_gone darken_effect1
115, enemy_healthbar_gone
116, enemy_healthbar_gone
117, enemy_healthbar_gone
118, enemy_healthbar_gone lighten_effect1
119, enemy_healthbar_gone lighten_effect1
120, enemy_healthbar_gone lighten_effect1
121, enemy_healthbar_gone lighten_effect2
122, enemy_healthbar_gone lighten_effect2
123, enemy_healthbar_gone lighten_effect2
124, enemy_healthbar_gone lighten_effect1
125, enemy_healthbar_gone lighten_effect1
126, enemy_healthbar_gone lighten_effect1
127, enemy_healthbar_gone
128, enemy_healthbar_gone
129, enemy_healthbar_gone
130, enemy_healthbar_gone darken_effect1
131, enemy_healthbar_gone darken_effect1
132, enemy_healthbar_gone darken_effect1
133, enemy_healthbar_gone darken_effect2
134, enemy_healthbar_gone darken_effect2
135, enemy_healthbar_gone darken_effect2
136, enemy_healthbar_gone darken_effect1
137, enemy_healthbar_gone darken_effect1
138, enemy_healthbar_gone darken_effect1
139, enemy_healthbar_gone
140, enemy_healthbar_gone invisible frame
141, enemy_healthbar_gone invisible frame
142, enemy_healthbar_gone lighten_effect1 invisible frame
143, enemy_healthbar_gone lighten_effect1 invisible frame
144, enemy_healthbar_gone lighten_effect1 invisible frame
145, enemy_healthbar_gone lighten_effect2 invisible frame
146, enemy_healthbar_gone lighten_effect2 invisible frame
147, enemy_healthbar_gone lighten_effect2 invisible frame
148, enemy_healthbar_gone lighten_effect1 invisible frame
149, enemy_healthbar_gone lighten_effect1 invisible frame
150, enemy_healthbar_gone lighten_effect1 invisible frame
151, enemy_healthbar_gone invisible frame
152, enemy_healthbar_gone invisible frame
153, enemy_healthbar_gone invisible frame
154, enemy_healthbar_gone darken_effect1 invisible frame
155, enemy_healthbar_gone darken_effect1 invisible frame
156, enemy_healthbar_gone darken_effect1 invisible frame
157, enemy_healthbar_gone darken_effect2 invisible frame
158, enemy_healthbar_gone darken_effect2 invisible frame
159, enemy_healthbar_gone darken_effect2 invisible frame
160, enemy_healthbar_gone darken_effect1 invisible frame
161, enemy_healthbar_gone darken_effect1 invisible frame
162, enemy_healthbar_gone darken_effect1 invisible frame
163, enemy_healthbar_gone invisible frame
164, enemy_healthbar_gone invisible frame
165, enemy_healthbar_gone invisible frame
166, enemy_healthbar_gone lighten_effect1 invisible frame
167, enemy_healthbar_gone lighten_effect1 invisible frame
168, enemy_healthbar_gone lighten_effect1 invisible frame
169, enemy_healthbar_gone lighten_effect2 invisible frame
170, enemy_healthbar_gone lighten_effect2 invisible frame
171, enemy_healthbar_gone lighten_effect2 invisible frame
172, enemy_healthbar_gone lighten_effect1 invisible frame
173, enemy_healthbar_gone lighten_effect1 invisible frame
174, enemy_healthbar_gone lighten_effect1 invisible frame
175, enemy_healthbar_gone invisible frame
176, enemy_healthbar_gone invisible frame
177, enemy_healthbar_gone invisible frame
178, enemy_healthbar_gone darken_effect1 invisible frame
179, enemy_healthbar_gone darken_effect1 invisible frame
180, enemy_healthbar_gone darken_effect1 invisible frame
181, enemy_healthbar_gone darken_effect2 invisible frame
182, enemy_healthbar_gone darken_effect2 invisible frame
183, enemy_healthbar_gone darken_effect2 invisible frame
184, enemy_healthbar_gone darken_effect1 invisible frame
185, enemy_healthbar_gone darken_effect1 invisible frame
186, enemy_healthbar_gone darken_effect1 invisible frame
187, enemy_healthbar_gone invisible frame
188, enemy_healthbar_gone invisible frame
189, enemy_healthbar_gone invisible frame
190, enemy_healthbar_gone lighten_effect1 invisible frame
191, enemy_healthbar_gone lighten_effect1 invisible frame
192, enemy_healthbar_gone lighten_effect1 invisible frame
193, enemy_healthbar_gone lighten_effect2 invisible frame
194, enemy_healthbar_gone lighten_effect2 invisible frame
195, enemy_healthbar_gone lighten_effect2 invisible frame
196, enemy_healthbar_gone lighten_effect1 invisible frame
197, enemy_healthbar_gone lighten_effect1 invisible frame
198, enemy_healthbar_gone lighten_effect1 invisible frame
199, enemy_healthbar_gone invisible frame
200, enemy_healthbar_gone invisible frame
201, enemy_healthbar_gone invisible frame
202, enemy_healthbar_gone invisible frame
203, enemy_healthbar_gone invisible frame
204, enemy_healthbar_gone invisible frame
205, enemy_healthbar_gone invisible frame
206, enemy_healthbar_gone invisible frame
207, enemy_healthbar_gone invisible frame