1, screen_translate_x:-1
2, screen_translate_x:-2
3, screen_translate_x:-3
4, screen_translate_x:-4
5, screen_translate_x:-4
6, screen_translate_x:-5
7, screen_translate_x:-5
8, screen_translate_x:-6
9, screen_translate_x:-5
10, screen_translate_x:-5
11, screen_translate_x:-4
12, screen_translate_x:-4
13, screen_translate_x:-3
14, screen_translate_x:-2
15, screen_translate_x:-1
17, screen_translate_x:1
18, screen_translate_x:2
19, screen_translate_x:3
20, screen_translate_x:4
21, screen_translate_x:4
22, screen_translate_x:5
23, screen_translate_x:5
24, screen_translate_x:6
25, screen_translate_x:5
26, screen_translate_x:5
27, screen_translate_x:4
28, screen_translate_x:4
29, screen_translate_x:3
30, screen_translate_x:2
31, screen_translate_x:1