1, player_healthbar_gone invisible_frame
2, player_healthbar_gone screenshot:0,0,160,144 invisible_frame
3, player_healthbar_gone invisible_frame
4, player_healthbar_gone invisible_frame
5, player_healthbar_gone invisible_frame
6, player_healthbar_gone invisible_frame
7, player_healthbar_gone invisible_frame
8, player_healthbar_gone invisible_frame
9, player_healthbar_gone invisible_frame
10, player_healthbar_gone invisible_frame
11, player_healthbar_gone invisible_frame
12, player_healthbar_gone invisible_frame
13, player_healthbar_gone invisible_frame
14, player_healthbar_gone invisible_frame
15, player_healthbar_gone invisible_frame
16, player_healthbar_gone invisible_frame
17, player_healthbar_gone invisible_frame
18, player_healthbar_gone invisible_frame
19, player_healthbar_gone invisible_frame
20, player_healthbar_gone invisible_frame
21, player_healthbar_gone invisible_frame
22, player_healthbar_gone invisible_frame
23, player_healthbar_gone invisible_frame
24, player_healthbar_gone invisible_frame
25, player_healthbar_gone invisible_frame
26, player_healthbar_gone
27, player_healthbar_gone
28, player_healthbar_gone row_copy:28,30 row_copy:29,30 row_copy:30,32
29, player_healthbar_gone row_copy:26,28 row_copy:27,30 row_copy:28,30 row_copy:29,31 row_copy:30,32 row_copy:31,34 row_copy:32,34
30, player_healthbar_gone row_copy:25,26 row_copy:26,28 row_copy:27,29 row_copy:28,31 row_copy:29,31 row_copy:30,33 row_copy:31,33 row_copy:32,34 row_copy:33,34
31, player_healthbar_gone row_copy:22,20 row_copy:23,21 row_copy:24,23 row_copy:26,27 row_copy:27,29 row_copy:28,30 row_copy:29,32 row_copy:30,32 row_copy:31,33 row_copy:32,33 row_copy:34,33 row_copy:35,33 row_copy:36,34
32, player_healthbar_gone row_copy:20,18 row_copy:21,19 row_copy:22,19 row_copy:23,21 row_copy:24,22 row_copy:25,24 row_copy:27,28 row_copy:28,30 row_copy:29,31 row_copy:30,32 row_copy:31,32 row_copy:33,32 row_copy:34,32 row_copy:35,33 row_copy:36,33 row_copy:37,35 row_copy:38,36
33, player_healthbar_gone row_copy:18,19 row_copy:20,19 row_copy:21,19 row_copy:22,20 row_copy:23,20 row_copy:24,22 row_copy:25,23 row_copy:26,25 row_copy:28,29 row_copy:29,31 row_copy:30,31 row_copy:32,31 row_copy:33,31 row_copy:34,32 row_copy:35,32 row_copy:36,34 row_copy:37,35 row_copy:38,37 row_copy:40,41
34, player_healthbar_gone row_copy:18,19 row_copy:20,19 row_copy:21,19 row_copy:22,20 row_copy:23,20 row_copy:24,22 row_copy:25,23 row_copy:26,25 row_copy:28,29 row_copy:29,31 row_copy:30,31 row_copy:32,31 row_copy:33,31 row_copy:34,32 row_copy:35,32 row_copy:36,34 row_copy:37,35 row_copy:38,37 row_copy:40,41
35, player_healthbar_gone row_copy:16,19 row_copy:17,19 row_copy:18,20 row_copy:19,20 row_copy:21,20 row_copy:22,20 row_copy:23,21 row_copy:24,21 row_copy:25,23 row_copy:26,24 row_copy:27,26 row_copy:29,30 row_copy:31,30 row_copy:32,30 row_copy:33,31 row_copy:34,31 row_copy:35,33 row_copy:36,34 row_copy:37,36 row_copy:39,40 row_copy:40,42 row_copy:41,43 row_copy:42,45
36, player_healthbar_gone row_copy:16,19 row_copy:17,19 row_copy:18,20 row_copy:19,20 row_copy:21,20 row_copy:22,20 row_copy:23,21 row_copy:24,21 row_copy:25,23 row_copy:26,24 row_copy:27,26 row_copy:29,30 row_copy:31,30 row_copy:32,30 row_copy:33,31 row_copy:34,31 row_copy:35,33 row_copy:36,34 row_copy:37,36 row_copy:39,40 row_copy:40,42 row_copy:41,43 row_copy:42,45
37, player_healthbar_gone row_copy:15,16 row_copy:16,17 row_copy:17,19 row_copy:18,19 row_copy:19,20 row_copy:23,22 row_copy:24,23 row_copy:25,23 row_copy:26,25 row_copy:27,26 row_copy:31,30 row_copy:32,31 row_copy:33,31 row_copy:34,33 row_copy:35,34 row_copy:39,40 row_copy:40,41 row_copy:41,43 row_copy:42,43 row_copy:43,44
38, player_healthbar_gone row_copy:15,16 row_copy:16,17 row_copy:17,19 row_copy:18,19 row_copy:19,20 row_copy:23,22 row_copy:24,23 row_copy:25,23 row_copy:26,25 row_copy:27,26 row_copy:31,30 row_copy:32,31 row_copy:33,31 row_copy:34,33 row_copy:35,34 row_copy:39,40 row_copy:40,41 row_copy:41,43 row_copy:42,43 row_copy:43,44
39, player_healthbar_gone row_copy:12,11 row_copy:16,17 row_copy:17,18 row_copy:18,20 row_copy:19,20 row_copy:20,21 row_copy:24,23 row_copy:25,24 row_copy:26,24 row_copy:27,26 row_copy:28,27 row_copy:30,29 row_copy:31,30 row_copy:32,30 row_copy:33,32 row_copy:34,33 row_copy:38,39 row_copy:39,40 row_copy:40,42 row_copy:41,42 row_copy:42,43 row_copy:46,45
40, player_healthbar_gone row_copy:12,11 row_copy:16,17 row_copy:17,18 row_copy:18,20 row_copy:19,20 row_copy:20,21 row_copy:24,23 row_copy:25,24 row_copy:26,24 row_copy:27,26 row_copy:28,27 row_copy:30,29 row_copy:31,30 row_copy:32,30 row_copy:33,32 row_copy:34,33 row_copy:38,39 row_copy:39,40 row_copy:40,42 row_copy:41,42 row_copy:42,43 row_copy:46,45
41, player_healthbar_gone row_copy:8,10 row_copy:9,10 row_copy:10,12 row_copy:11,9 row_copy:12,11 row_copy:13,12 row_copy:17,18 row_copy:18,19 row_copy:19,21 row_copy:20,21 row_copy:21,22 row_copy:25,24 row_copy:26,25 row_copy:27,25 row_copy:28,27 row_copy:29,28 row_copy:30,29 row_copy:31,29 row_copy:32,31 row_copy:33,32 row_copy:37,38 row_copy:38,39 row_copy:39,41 row_copy:40,41 row_copy:41,42 row_copy:45,44 row_copy:46,45 row_copy:47,45 row_copy:48,47
42, player_healthbar_gone row_copy:8,10 row_copy:9,10 row_copy:10,12 row_copy:11,9 row_copy:12,11 row_copy:13,12 row_copy:17,18 row_copy:18,19 row_copy:19,21 row_copy:20,21 row_copy:21,22 row_copy:25,24 row_copy:26,25 row_copy:27,25 row_copy:28,27 row_copy:29,28 row_copy:30,29 row_copy:31,29 row_copy:32,31 row_copy:33,32 row_copy:37,38 row_copy:38,39 row_copy:39,41 row_copy:40,41 row_copy:41,42 row_copy:45,44 row_copy:46,45 row_copy:47,45 row_copy:48,47
43, player_healthbar_gone row_copy:6,8 row_copy:7,10 row_copy:8,10 row_copy:9,11 row_copy:10,12 row_copy:11,14 row_copy:12,14 row_copy:13,12 row_copy:14,13 row_copy:18,19 row_copy:19,20 row_copy:20,22 row_copy:21,22 row_copy:22,23 row_copy:26,25 row_copy:27,26 row_copy:28,26 row_copy:29,28 row_copy:30,28 row_copy:31,30 row_copy:32,31 row_copy:36,37 row_copy:37,38 row_copy:38,40 row_copy:39,40 row_copy:40,41 row_copy:44,43 row_copy:45,44 row_copy:46,44 row_copy:47,46 row_copy:48,47
44, player_healthbar_gone row_copy:6,8 row_copy:7,10 row_copy:8,10 row_copy:9,11 row_copy:10,12 row_copy:11,14 row_copy:12,14 row_copy:13,12 row_copy:14,13 row_copy:18,19 row_copy:19,20 row_copy:20,22 row_copy:21,22 row_copy:22,23 row_copy:26,25 row_copy:27,26 row_copy:28,26 row_copy:29,28 row_copy:30,28 row_copy:31,30 row_copy:32,31 row_copy:36,37 row_copy:37,38 row_copy:38,40 row_copy:39,40 row_copy:40,41 row_copy:44,43 row_copy:45,44 row_copy:46,44 row_copy:47,46 row_copy:48,47
45, player_healthbar_gone row_copy:5,6 row_copy:6,8 row_copy:7,9 row_copy:8,11 row_copy:9,11 row_copy:10,13 row_copy:11,13 row_copy:12,14 row_copy:13,14 row_copy:15,14 row_copy:19,20 row_copy:20,21 row_copy:21,23 row_copy:22,23 row_copy:23,24 row_copy:27,26 row_copy:28,27 row_copy:29,27 row_copy:30,29 row_copy:31,30 row_copy:35,36 row_copy:36,37 row_copy:37,39 row_copy:38,39 row_copy:39,40 row_copy:43,42 row_copy:44,43 row_copy:45,43 row_copy:46,45 row_copy:47,46 row_copy:51,52 row_copy:52,53
46, player_healthbar_gone row_copy:5,6 row_copy:6,8 row_copy:7,9 row_copy:8,11 row_copy:9,11 row_copy:10,13 row_copy:11,13 row_copy:12,14 row_copy:13,14 row_copy:15,14 row_copy:19,20 row_copy:20,21 row_copy:21,23 row_copy:22,23 row_copy:23,24 row_copy:27,26 row_copy:28,27 row_copy:29,27 row_copy:30,29 row_copy:31,30 row_copy:35,36 row_copy:36,37 row_copy:37,39 row_copy:38,39 row_copy:39,40 row_copy:43,42 row_copy:44,43 row_copy:45,43 row_copy:46,45 row_copy:47,46 row_copy:51,52 row_copy:52,53
47, player_healthbar_gone row_copy:5,6 row_copy:6,8 row_copy:7,9 row_copy:8,11 row_copy:9,11 row_copy:10,13 row_copy:11,13 row_copy:12,14 row_copy:13,14 row_copy:15,14 row_copy:19,20 row_copy:20,21 row_copy:21,23 row_copy:22,23 row_copy:23,24 row_copy:27,26 row_copy:28,27 row_copy:29,27 row_copy:30,29 row_copy:31,30 row_copy:35,36 row_copy:36,37 row_copy:37,39 row_copy:38,39 row_copy:39,40 row_copy:43,42 row_copy:44,43 row_copy:45,43 row_copy:46,45 row_copy:47,46 row_copy:51,52 row_copy:52,53
48, player_healthbar_gone row_copy:2,0 row_copy:3,1 row_copy:4,3 row_copy:6,7 row_copy:7,9 row_copy:8,10 row_copy:9,12 row_copy:10,12 row_copy:11,13 row_copy:12,13 row_copy:14,13 row_copy:15,13 row_copy:16,14 row_copy:20,21 row_copy:21,22 row_copy:22,24 row_copy:23,24 row_copy:24,25 row_copy:28,27 row_copy:29,28 row_copy:30,29 row_copy:34,35 row_copy:35,36 row_copy:36,38 row_copy:37,38 row_copy:38,39 row_copy:42,41 row_copy:43,42 row_copy:44,42 row_copy:45,44 row_copy:46,45 row_copy:50,51 row_copy:51,52 row_copy:52,54 row_copy:53,54 row_copy:54,55
49, player_healthbar_gone row_copy:2,0 row_copy:3,1 row_copy:4,3 row_copy:6,7 row_copy:7,9 row_copy:8,10 row_copy:9,12 row_copy:10,12 row_copy:11,13 row_copy:12,13 row_copy:14,13 row_copy:15,13 row_copy:16,14 row_copy:20,21 row_copy:21,22 row_copy:22,24 row_copy:23,24 row_copy:24,25 row_copy:28,27 row_copy:29,28 row_copy:30,29 row_copy:34,35 row_copy:35,36 row_copy:36,38 row_copy:37,38 row_copy:38,39 row_copy:42,41 row_copy:43,42 row_copy:44,42 row_copy:45,44 row_copy:46,45 row_copy:50,51 row_copy:51,52 row_copy:52,54 row_copy:53,54 row_copy:54,55
50, player_healthbar_gone row_copy:3,1 row_copy:4,2 row_copy:5,4 row_copy:7,8 row_copy:8,10 row_copy:9,11 row_copy:10,12 row_copy:11,12 row_copy:13,12 row_copy:14,12 row_copy:15,13 row_copy:16,13 row_copy:17,15 row_copy:18,16 row_copy:21,22 row_copy:22,23 row_copy:23,25 row_copy:24,25 row_copy:25,26 row_copy:29,28 row_copy:33,34 row_copy:34,35 row_copy:35,37 row_copy:36,37 row_copy:37,38 row_copy:41,40 row_copy:42,41 row_copy:43,41 row_copy:44,43 row_copy:45,44 row_copy:49,50 row_copy:50,51 row_copy:51,53 row_copy:52,53 row_copy:53,54
51, player_healthbar_gone row_copy:3,1 row_copy:4,2 row_copy:5,4 row_copy:7,8 row_copy:8,10 row_copy:9,11 row_copy:10,12 row_copy:11,12 row_copy:13,12 row_copy:14,12 row_copy:15,13 row_copy:16,13 row_copy:17,15 row_copy:18,16 row_copy:21,22 row_copy:22,23 row_copy:23,25 row_copy:24,25 row_copy:25,26 row_copy:29,28 row_copy:33,34 row_copy:34,35 row_copy:35,37 row_copy:36,37 row_copy:37,38 row_copy:41,40 row_copy:42,41 row_copy:43,41 row_copy:44,43 row_copy:45,44 row_copy:49,50 row_copy:50,51 row_copy:51,53 row_copy:52,53 row_copy:53,54
52, player_healthbar_gone row_copy:3,1 row_copy:4,2 row_copy:5,4 row_copy:7,8 row_copy:8,10 row_copy:9,11 row_copy:10,12 row_copy:11,12 row_copy:13,12 row_copy:14,12 row_copy:15,13 row_copy:16,13 row_copy:17,15 row_copy:18,16 row_copy:21,22 row_copy:22,23 row_copy:23,25 row_copy:24,25 row_copy:25,26 row_copy:29,28 row_copy:33,34 row_copy:34,35 row_copy:35,37 row_copy:36,37 row_copy:37,38 row_copy:41,40 row_copy:42,41 row_copy:43,41 row_copy:44,43 row_copy:45,44 row_copy:49,50 row_copy:50,51 row_copy:51,53 row_copy:52,53 row_copy:53,54
53, player_healthbar_gone row_copy:2,0 row_copy:3,0 row_copy:4,2 row_copy:5,3 row_copy:6,5 row_copy:8,9 row_copy:9,11 row_copy:10,11 row_copy:12,11 row_copy:13,11 row_copy:14,12 row_copy:15,12 row_copy:16,14 row_copy:17,15 row_copy:18,17 row_copy:20,21 row_copy:22,23 row_copy:23,24 row_copy:24,26 row_copy:25,26 row_copy:26,27
54, player_healthbar_gone
55, player_healthbar_gone row_copy:2,0 row_copy:3,1 row_copy:4,1 row_copy:5,3 row_copy:6,4 row_copy:7,6 row_copy:9,10 row_copy:11,10 row_copy:12,10 row_copy:13,11 row_copy:14,11 row_copy:15,13 row_copy:16,14 row_copy:17,16 row_copy:19,20 row_copy:20,22 row_copy:21,23 row_copy:22,25
56, player_healthbar_gone row_copy:2,0 row_copy:3,1 row_copy:4,1 row_copy:5,3 row_copy:6,4 row_copy:7,6 row_copy:9,10 row_copy:11,10 row_copy:12,10 row_copy:13,11 row_copy:14,11 row_copy:15,13 row_copy:16,14 row_copy:17,16 row_copy:19,20 row_copy:20,22 row_copy:21,23 row_copy:22,25
57, player_healthbar_gone row_copy:3,2 row_copy:4,3 row_copy:5,3 row_copy:6,5 row_copy:7,6 row_copy:11,10 row_copy:12,11 row_copy:13,11 row_copy:14,13 row_copy:15,14 row_copy:19,20 row_copy:20,21 row_copy:21,23 row_copy:22,23 row_copy:23,24
58, player_healthbar_gone row_copy:3,2 row_copy:4,3 row_copy:5,3 row_copy:6,5 row_copy:7,6 row_copy:11,10 row_copy:12,11 row_copy:13,11 row_copy:14,13 row_copy:15,14 row_copy:19,20 row_copy:20,21 row_copy:21,23 row_copy:22,23 row_copy:23,24
59, player_healthbar_gone row_copy:4,3 row_copy:5,4 row_copy:6,4 row_copy:7,6 row_copy:8,7 row_copy:10,9 row_copy:11,10 row_copy:12,10 row_copy:13,12 row_copy:14,13 row_copy:18,19 row_copy:19,20 row_copy:20,22 row_copy:21,22 row_copy:22,23 row_copy:26,25
60, player_healthbar_gone row_copy:4,3 row_copy:5,4 row_copy:6,4 row_copy:7,6 row_copy:8,7 row_copy:10,9 row_copy:11,10 row_copy:12,10 row_copy:13,12 row_copy:14,13 row_copy:18,19 row_copy:19,20 row_copy:20,22 row_copy:21,22 row_copy:22,23 row_copy:26,25
61, player_healthbar_gone row_copy:5,4 row_copy:6,5 row_copy:7,5 row_copy:8,7 row_copy:9,8 row_copy:10,9 row_copy:11,9 row_copy:12,11 row_copy:13,12 row_copy:17,18 row_copy:18,19 row_copy:19,21 row_copy:20,21 row_copy:21,22 row_copy:25,24 row_copy:26,25 row_copy:27,25 row_copy:28,27 row_copy:48,50 row_copy:49,50 row_copy:50,52
62, player_healthbar_gone row_copy:5,4 row_copy:6,5 row_copy:7,5 row_copy:8,7 row_copy:9,8 row_copy:10,9 row_copy:11,9 row_copy:12,11 row_copy:13,12 row_copy:17,18 row_copy:18,19 row_copy:19,21 row_copy:20,21 row_copy:21,22 row_copy:25,24 row_copy:26,25 row_copy:27,25 row_copy:28,27 row_copy:48,50 row_copy:49,50 row_copy:50,52
63, player_healthbar_gone row_copy:2,3 row_copy:6,5 row_copy:7,6 row_copy:8,6 row_copy:9,8 row_copy:10,8 row_copy:11,10 row_copy:12,11 row_copy:16,17 row_copy:17,18 row_copy:18,20 row_copy:19,20 row_copy:20,21 row_copy:24,23 row_copy:25,24 row_copy:26,24 row_copy:27,26 row_copy:28,27 row_copy:46,48 row_copy:47,50 row_copy:48,50 row_copy:49,51 row_copy:50,52 row_copy:51,54 row_copy:52,54
64, player_healthbar_gone row_copy:2,3 row_copy:6,5 row_copy:7,6 row_copy:8,6 row_copy:9,8 row_copy:10,8 row_copy:11,10 row_copy:12,11 row_copy:16,17 row_copy:17,18 row_copy:18,20 row_copy:19,20 row_copy:20,21 row_copy:24,23 row_copy:25,24 row_copy:26,24 row_copy:27,26 row_copy:28,27 row_copy:46,48 row_copy:47,50 row_copy:48,50 row_copy:49,51 row_copy:50,52 row_copy:51,54 row_copy:52,54
65, player_healthbar_gone row_copy:2,3 row_copy:3,4 row_copy:7,6 row_copy:8,7 row_copy:9,7 row_copy:10,9 row_copy:11,10 row_copy:15,16 row_copy:16,17 row_copy:17,19 row_copy:18,19 row_copy:19,20 row_copy:23,22 row_copy:24,23 row_copy:25,23 row_copy:26,25 row_copy:27,26 row_copy:31,32 row_copy:32,33 row_copy:45,46 row_copy:46,48 row_copy:47,49 row_copy:48,51 row_copy:49,51 row_copy:50,53 row_copy:51,53 row_copy:52,54 row_copy:53,54
66, player_healthbar_gone row_copy:2,3 row_copy:3,4 row_copy:7,6 row_copy:8,7 row_copy:9,7 row_copy:10,9 row_copy:11,10 row_copy:15,16 row_copy:16,17 row_copy:17,19 row_copy:18,19 row_copy:19,20 row_copy:23,22 row_copy:24,23 row_copy:25,23 row_copy:26,25 row_copy:27,26 row_copy:31,32 row_copy:32,33 row_copy:45,46 row_copy:46,48 row_copy:47,49 row_copy:48,51 row_copy:49,51 row_copy:50,53 row_copy:51,53 row_copy:52,54 row_copy:53,54
67, player_healthbar_gone row_copy:2,3 row_copy:3,4 row_copy:7,6 row_copy:8,7 row_copy:9,7 row_copy:10,9 row_copy:11,10 row_copy:15,16 row_copy:16,17 row_copy:17,19 row_copy:18,19 row_copy:19,20 row_copy:23,22 row_copy:24,23 row_copy:25,23 row_copy:26,25 row_copy:27,26 row_copy:31,32 row_copy:32,33 row_copy:45,46 row_copy:46,48 row_copy:47,49 row_copy:48,51 row_copy:49,51 row_copy:50,53 row_copy:51,53 row_copy:52,54 row_copy:53,54
68, player_healthbar_gone row_copy:2,4 row_copy:3,4 row_copy:4,5 row_copy:8,7 row_copy:9,8 row_copy:10,9 row_copy:14,15 row_copy:15,16 row_copy:16,18 row_copy:17,18 row_copy:18,19 row_copy:22,21 row_copy:23,22 row_copy:24,22 row_copy:25,24 row_copy:26,25 row_copy:30,31 row_copy:31,32 row_copy:32,34 row_copy:33,34 row_copy:34,35 row_copy:42,40 row_copy:43,41 row_copy:44,43 row_copy:46,47 row_copy:47,49 row_copy:48,50 row_copy:49,52 row_copy:50,52 row_copy:51,53 row_copy:52,53 row_copy:54,53 row_copy:55,53
69, player_healthbar_gone row_copy:2,4 row_copy:3,4 row_copy:4,5 row_copy:8,7 row_copy:9,8 row_copy:10,9 row_copy:14,15 row_copy:15,16 row_copy:16,18 row_copy:17,18 row_copy:18,19 row_copy:22,21 row_copy:23,22 row_copy:24,22 row_copy:25,24 row_copy:26,25 row_copy:30,31 row_copy:31,32 row_copy:32,34 row_copy:33,34 row_copy:34,35 row_copy:42,40 row_copy:43,41 row_copy:44,43 row_copy:46,47 row_copy:47,49 row_copy:48,50 row_copy:49,52 row_copy:50,52 row_copy:51,53 row_copy:52,53 row_copy:54,53 row_copy:55,53
70, player_healthbar_gone row_copy:2,3 row_copy:3,5 row_copy:4,5 row_copy:5,6 row_copy:9,8 row_copy:13,14 row_copy:14,15 row_copy:15,17 row_copy:16,17 row_copy:17,18 row_copy:21,20 row_copy:22,21 row_copy:23,21 row_copy:24,23 row_copy:25,24 row_copy:29,30 row_copy:30,31 row_copy:31,33 row_copy:32,33 row_copy:33,34 row_copy:40,38 row_copy:41,39 row_copy:42,39 row_copy:43,41 row_copy:44,42 row_copy:45,44 row_copy:47,48 row_copy:48,50 row_copy:49,51 row_copy:50,52 row_copy:51,52 row_copy:53,52 row_copy:54,52 row_copy:55,53
71, player_healthbar_gone row_copy:2,3 row_copy:3,5 row_copy:4,5 row_copy:5,6 row_copy:9,8 row_copy:13,14 row_copy:14,15 row_copy:15,17 row_copy:16,17 row_copy:17,18 row_copy:21,20 row_copy:22,21 row_copy:23,21 row_copy:24,23 row_copy:25,24 row_copy:29,30 row_copy:30,31 row_copy:31,33 row_copy:32,33 row_copy:33,34 row_copy:40,38 row_copy:41,39 row_copy:42,39 row_copy:43,41 row_copy:44,42 row_copy:45,44 row_copy:47,48 row_copy:48,50 row_copy:49,51 row_copy:50,52 row_copy:51,52 row_copy:53,52 row_copy:54,52 row_copy:55,53
72, player_healthbar_gone row_copy:2,3 row_copy:3,5 row_copy:4,5 row_copy:5,6 row_copy:9,8 row_copy:13,14 row_copy:14,15 row_copy:15,17 row_copy:16,17 row_copy:17,18 row_copy:21,20 row_copy:22,21 row_copy:23,21 row_copy:24,23 row_copy:25,24 row_copy:29,30 row_copy:30,31 row_copy:31,33 row_copy:32,33 row_copy:33,34 row_copy:40,38 row_copy:41,39 row_copy:42,39 row_copy:43,41 row_copy:44,42 row_copy:45,44 row_copy:47,48 row_copy:48,50 row_copy:49,51 row_copy:50,52 row_copy:51,52 row_copy:53,52 row_copy:54,52 row_copy:55,53
73, player_healthbar_gone row_copy:2,3 row_copy:3,4 row_copy:4,6 row_copy:5,6 row_copy:6,7 row_copy:12,13 row_copy:13,14 row_copy:14,16 row_copy:15,16 row_copy:16,17 row_copy:20,19 row_copy:21,20 row_copy:22,20 row_copy:23,22 row_copy:24,23 row_copy:28,29 row_copy:29,30 row_copy:30,32 row_copy:31,32 row_copy:32,33 row_copy:36,35 row_copy:37,36 row_copy:38,36 row_copy:40,39 row_copy:41,39 row_copy:42,40 row_copy:43,40 row_copy:44,42 row_copy:45,43 row_copy:46,45 row_copy:48,49 row_copy:49,51 row_copy:50,51 row_copy:52,51 row_copy:53,51 row_copy:54,52 row_copy:55,52
74, player_healthbar_gone
75, player_healthbar_gone
76, player_healthbar_gone
77, player_healthbar_gone row_copy:35,36 row_copy:36,37 row_copy:37,39 row_copy:38,39 row_copy:39,40 row_copy:43,42 row_copy:44,43 row_copy:45,43 row_copy:46,45 row_copy:47,46 row_copy:51,50 row_copy:52,51 row_copy:53,51 row_copy:54,53 row_copy:55,54
78, player_healthbar_gone row_copy:35,36 row_copy:36,37 row_copy:37,39 row_copy:38,39 row_copy:39,40 row_copy:43,42 row_copy:44,43 row_copy:45,43 row_copy:46,45 row_copy:47,46 row_copy:51,50 row_copy:52,51 row_copy:53,51 row_copy:54,53 row_copy:55,54
79, player_healthbar_gone row_copy:32,31 row_copy:36,37 row_copy:37,38 row_copy:38,40 row_copy:39,40 row_copy:40,41 row_copy:44,43 row_copy:45,44 row_copy:46,44 row_copy:47,46 row_copy:48,47 row_copy:50,49 row_copy:51,50 row_copy:52,50 row_copy:53,52 row_copy:54,53
80, player_healthbar_gone row_copy:32,31 row_copy:36,37 row_copy:37,38 row_copy:38,40 row_copy:39,40 row_copy:40,41 row_copy:44,43 row_copy:45,44 row_copy:46,44 row_copy:47,46 row_copy:48,47 row_copy:50,49 row_copy:51,50 row_copy:52,50 row_copy:53,52 row_copy:54,53
81, player_healthbar_gone row_copy:28,30 row_copy:29,30 row_copy:30,32 row_copy:31,29 row_copy:32,31 row_copy:33,32 row_copy:37,38 row_copy:38,39 row_copy:39,41 row_copy:40,41 row_copy:41,42 row_copy:45,44 row_copy:46,45 row_copy:47,45 row_copy:48,47 row_copy:49,48 row_copy:50,49 row_copy:51,49 row_copy:52,51 row_copy:53,52
82, player_healthbar_gone row_copy:28,30 row_copy:29,30 row_copy:30,32 row_copy:31,29 row_copy:32,31 row_copy:33,32 row_copy:37,38 row_copy:38,39 row_copy:39,41 row_copy:40,41 row_copy:41,42 row_copy:45,44 row_copy:46,45 row_copy:47,45 row_copy:48,47 row_copy:49,48 row_copy:50,49 row_copy:51,49 row_copy:52,51 row_copy:53,52
83, player_healthbar_gone row_copy:26,28 row_copy:27,30 row_copy:28,30 row_copy:29,31 row_copy:30,32 row_copy:31,34 row_copy:32,34 row_copy:33,32 row_copy:34,33 row_copy:38,39 row_copy:39,40 row_copy:40,42 row_copy:41,42 row_copy:42,43 row_copy:46,45 row_copy:47,46 row_copy:48,46 row_copy:49,48 row_copy:50,48 row_copy:51,50 row_copy:52,51
84, player_healthbar_gone row_copy:26,28 row_copy:27,30 row_copy:28,30 row_copy:29,31 row_copy:30,32 row_copy:31,34 row_copy:32,34 row_copy:33,32 row_copy:34,33 row_copy:38,39 row_copy:39,40 row_copy:40,42 row_copy:41,42 row_copy:42,43 row_copy:46,45 row_copy:47,46 row_copy:48,46 row_copy:49,48 row_copy:50,48 row_copy:51,50 row_copy:52,51
85, player_healthbar_gone row_copy:25,26 row_copy:26,28 row_copy:27,29 row_copy:28,31 row_copy:29,31 row_copy:30,33 row_copy:31,33 row_copy:32,34 row_copy:33,34 row_copy:35,34 row_copy:39,40 row_copy:40,41 row_copy:41,43 row_copy:42,43 row_copy:43,44 row_copy:47,46 row_copy:48,47 row_copy:49,47 row_copy:50,49 row_copy:51,50 row_copy:55,56
86, player_healthbar_gone row_copy:25,26 row_copy:26,28 row_copy:27,29 row_copy:28,31 row_copy:29,31 row_copy:30,33 row_copy:31,33 row_copy:32,34 row_copy:33,34 row_copy:35,34 row_copy:39,40 row_copy:40,41 row_copy:41,43 row_copy:42,43 row_copy:43,44 row_copy:47,46 row_copy:48,47 row_copy:49,47 row_copy:50,49 row_copy:51,50 row_copy:55,56
87, player_healthbar_gone row_copy:25,26 row_copy:26,28 row_copy:27,29 row_copy:28,31 row_copy:29,31 row_copy:30,33 row_copy:31,33 row_copy:32,34 row_copy:33,34 row_copy:35,34 row_copy:39,40 row_copy:40,41 row_copy:41,43 row_copy:42,43 row_copy:43,44 row_copy:47,46 row_copy:48,47 row_copy:49,47 row_copy:50,49 row_copy:51,50 row_copy:55,56
88, player_healthbar_gone row_copy:22,20 row_copy:23,21 row_copy:24,23 row_copy:26,27 row_copy:27,29 row_copy:28,30 row_copy:29,32 row_copy:30,32 row_copy:31,33 row_copy:32,33 row_copy:34,33 row_copy:35,33 row_copy:36,34 row_copy:40,41 row_copy:41,42 row_copy:42,44 row_copy:43,44 row_copy:44,45 row_copy:48,47 row_copy:49,48 row_copy:50,49 row_copy:54,55 row_copy:55,56
89, player_healthbar_gone row_copy:22,20 row_copy:23,21 row_copy:24,23 row_copy:26,27 row_copy:27,29 row_copy:28,30 row_copy:29,32 row_copy:30,32 row_copy:31,33 row_copy:32,33 row_copy:34,33 row_copy:35,33 row_copy:36,34 row_copy:40,41 row_copy:41,42 row_copy:42,44 row_copy:43,44 row_copy:44,45 row_copy:48,47 row_copy:49,48 row_copy:50,49 row_copy:54,55 row_copy:55,56
90, player_healthbar_gone row_copy:20,18 row_copy:21,19 row_copy:22,19 row_copy:23,21 row_copy:24,22 row_copy:25,24 row_copy:27,28 row_copy:28,30 row_copy:29,31 row_copy:30,32 row_copy:31,32 row_copy:33,32 row_copy:34,32 row_copy:35,33 row_copy:36,33 row_copy:37,35 row_copy:38,36 row_copy:41,42 row_copy:42,43 row_copy:43,45 row_copy:44,45 row_copy:45,46 row_copy:49,48 row_copy:53,54 row_copy:54,55 row_copy:55,56
91, player_healthbar_gone row_copy:20,18 row_copy:21,19 row_copy:22,19 row_copy:23,21 row_copy:24,22 row_copy:25,24 row_copy:27,28 row_copy:28,30 row_copy:29,31 row_copy:30,32 row_copy:31,32 row_copy:33,32 row_copy:34,32 row_copy:35,33 row_copy:36,33 row_copy:37,35 row_copy:38,36 row_copy:41,42 row_copy:42,43 row_copy:43,45 row_copy:44,45 row_copy:45,46 row_copy:49,48 row_copy:53,54 row_copy:54,55 row_copy:55,56
92, player_healthbar_gone row_copy:20,18 row_copy:21,19 row_copy:22,19 row_copy:23,21 row_copy:24,22 row_copy:25,24 row_copy:27,28 row_copy:28,30 row_copy:29,31 row_copy:30,32 row_copy:31,32 row_copy:33,32 row_copy:34,32 row_copy:35,33 row_copy:36,33 row_copy:37,35 row_copy:38,36 row_copy:41,42 row_copy:42,43 row_copy:43,45 row_copy:44,45 row_copy:45,46 row_copy:49,48 row_copy:53,54 row_copy:54,55 row_copy:55,56
93, player_healthbar_gone row_copy:18,19 row_copy:20,19 row_copy:21,19 row_copy:22,20 row_copy:23,20 row_copy:24,22 row_copy:25,23 row_copy:26,25 row_copy:28,29 row_copy:29,31 row_copy:30,31
94, player_healthbar_gone
95, player_healthbar_gone row_copy:16,19 row_copy:17,19 row_copy:18,20 row_copy:19,20 row_copy:21,20 row_copy:22,20 row_copy:23,21 row_copy:24,21 row_copy:25,23 row_copy:26,24 row_copy:27,26 row_copy:29,30 row_copy:31,30 row_copy:32,30 row_copy:33,31 row_copy:34,31 row_copy:35,33 row_copy:36,34 row_copy:37,36 row_copy:39,40 row_copy:40,42 row_copy:41,43 row_copy:42,45
96, player_healthbar_gone row_copy:16,19 row_copy:17,19 row_copy:18,20 row_copy:19,20 row_copy:21,20 row_copy:22,20 row_copy:23,21 row_copy:24,21 row_copy:25,23 row_copy:26,24 row_copy:27,26 row_copy:29,30 row_copy:31,30 row_copy:32,30 row_copy:33,31 row_copy:34,31 row_copy:35,33 row_copy:36,34 row_copy:37,36 row_copy:39,40 row_copy:40,42 row_copy:41,43 row_copy:42,45
97, player_healthbar_gone row_copy:15,16 row_copy:16,17 row_copy:17,19 row_copy:18,19 row_copy:19,20 row_copy:23,22 row_copy:24,23 row_copy:25,23 row_copy:26,25 row_copy:27,26 row_copy:31,30 row_copy:32,31 row_copy:33,31 row_copy:34,33 row_copy:35,34 row_copy:39,40 row_copy:40,41 row_copy:41,43 row_copy:42,43 row_copy:43,44
98, player_healthbar_gone row_copy:15,16 row_copy:16,17 row_copy:17,19 row_copy:18,19 row_copy:19,20 row_copy:23,22 row_copy:24,23 row_copy:25,23 row_copy:26,25 row_copy:27,26 row_copy:31,30 row_copy:32,31 row_copy:33,31 row_copy:34,33 row_copy:35,34 row_copy:39,40 row_copy:40,41 row_copy:41,43 row_copy:42,43 row_copy:43,44
99, player_healthbar_gone row_copy:12,11 row_copy:16,17 row_copy:17,18 row_copy:18,20 row_copy:19,20 row_copy:20,21 row_copy:24,23 row_copy:25,24 row_copy:26,24 row_copy:27,26 row_copy:28,27 row_copy:30,29 row_copy:31,30 row_copy:32,30 row_copy:33,32 row_copy:34,33 row_copy:38,39 row_copy:39,40 row_copy:40,42 row_copy:41,42 row_copy:42,43 row_copy:46,45
100, player_healthbar_gone row_copy:12,11 row_copy:16,17 row_copy:17,18 row_copy:18,20 row_copy:19,20 row_copy:20,21 row_copy:24,23 row_copy:25,24 row_copy:26,24 row_copy:27,26 row_copy:28,27 row_copy:30,29 row_copy:31,30 row_copy:32,30 row_copy:33,32 row_copy:34,33 row_copy:38,39 row_copy:39,40 row_copy:40,42 row_copy:41,42 row_copy:42,43 row_copy:46,45
101, player_healthbar_gone row_copy:8,10 row_copy:9,10 row_copy:10,9 row_copy:11,9 row_copy:12,11 row_copy:13,12 row_copy:17,18 row_copy:18,19 row_copy:19,21 row_copy:20,21 row_copy:21,22 row_copy:25,24 row_copy:26,25 row_copy:27,25 row_copy:28,27 row_copy:29,28 row_copy:30,29 row_copy:31,29 row_copy:32,31 row_copy:33,32 row_copy:37,38 row_copy:38,39 row_copy:39,41 row_copy:40,41 row_copy:41,42 row_copy:45,44 row_copy:46,45 row_copy:47,45 row_copy:48,47
102, player_healthbar_gone row_copy:8,10 row_copy:9,10 row_copy:10,9 row_copy:11,9 row_copy:12,11 row_copy:13,12 row_copy:17,18 row_copy:18,19 row_copy:19,21 row_copy:20,21 row_copy:21,22 row_copy:25,24 row_copy:26,25 row_copy:27,25 row_copy:28,27 row_copy:29,28 row_copy:30,29 row_copy:31,29 row_copy:32,31 row_copy:33,32 row_copy:37,38 row_copy:38,39 row_copy:39,41 row_copy:40,41 row_copy:41,42 row_copy:45,44 row_copy:46,45 row_copy:47,45 row_copy:48,47
103, player_healthbar_gone row_copy:6,8 row_copy:7,10 row_copy:10,9 row_copy:11,10 row_copy:12,10 row_copy:13,12 row_copy:14,13 row_copy:18,19 row_copy:19,20 row_copy:20,22 row_copy:21,22 row_copy:22,23 row_copy:26,25 row_copy:27,26 row_copy:28,26 row_copy:29,28 row_copy:30,28 row_copy:31,30 row_copy:32,31 row_copy:36,37 row_copy:37,38 row_copy:38,40 row_copy:39,40 row_copy:40,41 row_copy:44,43 row_copy:45,44 row_copy:46,44 row_copy:47,46 row_copy:48,47
104, player_healthbar_gone row_copy:6,8 row_copy:7,10 row_copy:10,9 row_copy:11,10 row_copy:12,10 row_copy:13,12 row_copy:14,13 row_copy:18,19 row_copy:19,20 row_copy:20,22 row_copy:21,22 row_copy:22,23 row_copy:26,25 row_copy:27,26 row_copy:28,26 row_copy:29,28 row_copy:30,28 row_copy:31,30 row_copy:32,31 row_copy:36,37 row_copy:37,38 row_copy:38,40 row_copy:39,40 row_copy:40,41 row_copy:44,43 row_copy:45,44 row_copy:46,44 row_copy:47,46 row_copy:48,47
105, player_healthbar_gone row_copy:5,6 row_copy:6,7 row_copy:7,8 row_copy:11,10 row_copy:12,11 row_copy:13,11 row_copy:14,13 row_copy:15,14 row_copy:19,20 row_copy:20,21 row_copy:21,23 row_copy:22,23 row_copy:23,24 row_copy:27,26 row_copy:28,27 row_copy:29,27 row_copy:30,29 row_copy:31,30 row_copy:35,36 row_copy:36,37 row_copy:37,39 row_copy:38,39 row_copy:39,40 row_copy:43,42 row_copy:44,43 row_copy:45,43 row_copy:46,45 row_copy:47,46 row_copy:51,52 row_copy:52,53
106, player_healthbar_gone row_copy:5,6 row_copy:6,7 row_copy:7,8 row_copy:11,10 row_copy:12,11 row_copy:13,11 row_copy:14,13 row_copy:15,14 row_copy:19,20 row_copy:20,21 row_copy:21,23 row_copy:22,23 row_copy:23,24 row_copy:27,26 row_copy:28,27 row_copy:29,27 row_copy:30,29 row_copy:31,30 row_copy:35,36 row_copy:36,37 row_copy:37,39 row_copy:38,39 row_copy:39,40 row_copy:43,42 row_copy:44,43 row_copy:45,43 row_copy:46,45 row_copy:47,46 row_copy:51,52 row_copy:52,53
107, player_healthbar_gone row_copy:5,6 row_copy:6,7 row_copy:7,8 row_copy:11,10 row_copy:12,11 row_copy:13,11 row_copy:14,13 row_copy:15,14 row_copy:19,20 row_copy:20,21 row_copy:21,23 row_copy:22,23 row_copy:23,24 row_copy:27,26 row_copy:28,27 row_copy:29,27 row_copy:30,29 row_copy:31,30 row_copy:35,36 row_copy:36,37 row_copy:37,39 row_copy:38,39 row_copy:39,40 row_copy:43,42 row_copy:44,43 row_copy:45,43 row_copy:46,45 row_copy:47,46 row_copy:51,52 row_copy:52,53
108, player_healthbar_gone row_copy:2,0 row_copy:3,1 row_copy:4,5 row_copy:5,6 row_copy:6,8 row_copy:7,8 row_copy:8,9 row_copy:12,11 row_copy:13,12 row_copy:14,12 row_copy:15,14 row_copy:16,15 row_copy:20,21 row_copy:21,22 row_copy:22,24 row_copy:23,24 row_copy:24,25 row_copy:28,27 row_copy:29,28 row_copy:30,29 row_copy:34,35 row_copy:35,36 row_copy:36,38 row_copy:37,38 row_copy:38,39 row_copy:42,41 row_copy:43,42 row_copy:44,42 row_copy:45,44 row_copy:46,45 row_copy:50,51 row_copy:51,52 row_copy:52,54 row_copy:53,54 row_copy:54,55
109, player_healthbar_gone row_copy:2,0 row_copy:3,1 row_copy:4,5 row_copy:5,6 row_copy:6,8 row_copy:7,8 row_copy:8,9 row_copy:12,11 row_copy:13,12 row_copy:14,12 row_copy:15,14 row_copy:16,15 row_copy:20,21 row_copy:21,22 row_copy:22,24 row_copy:23,24 row_copy:24,25 row_copy:28,27 row_copy:29,28 row_copy:30,29 row_copy:34,35 row_copy:35,36 row_copy:36,38 row_copy:37,38 row_copy:38,39 row_copy:42,41 row_copy:43,42 row_copy:44,42 row_copy:45,44 row_copy:46,45 row_copy:50,51 row_copy:51,52 row_copy:52,54 row_copy:53,54 row_copy:54,55
110, player_healthbar_gone row_copy:5,6 row_copy:6,7 row_copy:7,9 row_copy:8,9 row_copy:9,10 row_copy:13,12 row_copy:14,13 row_copy:15,13 row_copy:16,15 row_copy:17,16 row_copy:21,22 row_copy:22,23 row_copy:23,25 row_copy:24,25 row_copy:25,26 row_copy:29,28 row_copy:33,34 row_copy:34,35 row_copy:35,37 row_copy:36,37 row_copy:37,38 row_copy:41,40 row_copy:42,41 row_copy:43,41 row_copy:44,43 row_copy:45,44 row_copy:49,50 row_copy:50,51 row_copy:51,53 row_copy:52,53 row_copy:53,54
111, player_healthbar_gone row_copy:5,6 row_copy:6,7 row_copy:7,9 row_copy:8,9 row_copy:9,10 row_copy:13,12 row_copy:14,13 row_copy:15,13 row_copy:16,15 row_copy:17,16 row_copy:21,22 row_copy:22,23 row_copy:23,25 row_copy:24,25 row_copy:25,26 row_copy:29,28 row_copy:33,34 row_copy:34,35 row_copy:35,37 row_copy:36,37 row_copy:37,38 row_copy:41,40 row_copy:42,41 row_copy:43,41 row_copy:44,43 row_copy:45,44 row_copy:49,50 row_copy:50,51 row_copy:51,53 row_copy:52,53 row_copy:53,54
112, player_healthbar_gone row_copy:5,6 row_copy:6,7 row_copy:7,9 row_copy:8,9 row_copy:9,10 row_copy:13,12 row_copy:14,13 row_copy:15,13 row_copy:16,15 row_copy:17,16 row_copy:21,22 row_copy:22,23 row_copy:23,25 row_copy:24,25 row_copy:25,26 row_copy:29,28 row_copy:33,34 row_copy:34,35 row_copy:35,37 row_copy:36,37 row_copy:37,38 row_copy:41,40 row_copy:42,41 row_copy:43,41 row_copy:44,43 row_copy:45,44 row_copy:49,50 row_copy:50,51 row_copy:51,53 row_copy:52,53 row_copy:53,54
113, player_healthbar_gone row_copy:2,1 row_copy:6,7 row_copy:7,8 row_copy:8,10 row_copy:9,10 row_copy:10,11 row_copy:14,13 row_copy:15,14 row_copy:16,14 row_copy:17,16 row_copy:18,17 row_copy:22,23 row_copy:23,24 row_copy:24,26 row_copy:25,26 row_copy:26,27 row_copy:32,33 row_copy:33,34 row_copy:34,36 row_copy:35,36 row_copy:36,37 row_copy:40,39 row_copy:41,40 row_copy:42,40 row_copy:43,42 row_copy:44,43 row_copy:48,49 row_copy:49,50 row_copy:50,52 row_copy:51,52 row_copy:52,53
114, player_healthbar_gone
115, player_healthbar_gone
116, player_healthbar_gone
117, player_healthbar_gone row_copy:3,2 row_copy:4,3 row_copy:5,3 row_copy:6,5 row_copy:7,6 row_copy:11,10 row_copy:12,11 row_copy:13,11 row_copy:14,13 row_copy:15,14 row_copy:19,20 row_copy:20,21 row_copy:21,23 row_copy:22,23 row_copy:23,24
118, player_healthbar_gone row_copy:3,2 row_copy:4,3 row_copy:5,3 row_copy:6,5 row_copy:7,6 row_copy:11,10 row_copy:12,11 row_copy:13,11 row_copy:14,13 row_copy:15,14 row_copy:19,20 row_copy:20,21 row_copy:21,23 row_copy:22,23 row_copy:23,24
119, player_healthbar_gone row_copy:4,3 row_copy:5,4 row_copy:6,4 row_copy:7,6 row_copy:8,7 row_copy:10,9 row_copy:11,10 row_copy:12,10 row_copy:13,12 row_copy:14,13 row_copy:18,19 row_copy:19,20 row_copy:20,22 row_copy:21,22 row_copy:22,23 row_copy:26,25
120, player_healthbar_gone row_copy:4,3 row_copy:5,4 row_copy:6,4 row_copy:7,6 row_copy:8,7 row_copy:10,9 row_copy:11,10 row_copy:12,10 row_copy:13,12 row_copy:14,13 row_copy:18,19 row_copy:19,20 row_copy:20,22 row_copy:21,22 row_copy:22,23 row_copy:26,25
121, player_healthbar_gone row_copy:5,4 row_copy:6,5 row_copy:7,5 row_copy:8,7 row_copy:9,8 row_copy:10,9 row_copy:11,9 row_copy:12,11 row_copy:13,12 row_copy:17,18 row_copy:18,19 row_copy:19,21 row_copy:20,21 row_copy:21,22 row_copy:25,24 row_copy:26,25 row_copy:27,25 row_copy:28,27 row_copy:48,50 row_copy:49,50 row_copy:50,52
122, player_healthbar_gone row_copy:5,4 row_copy:6,5 row_copy:7,5 row_copy:8,7 row_copy:9,8 row_copy:10,9 row_copy:11,9 row_copy:12,11 row_copy:13,12 row_copy:17,18 row_copy:18,19 row_copy:19,21 row_copy:20,21 row_copy:21,22 row_copy:25,24 row_copy:26,25 row_copy:27,25 row_copy:28,27 row_copy:48,50 row_copy:49,50 row_copy:50,52
123, player_healthbar_gone row_copy:2,3 row_copy:6,5 row_copy:7,6 row_copy:8,6 row_copy:9,8 row_copy:10,8 row_copy:11,10 row_copy:12,11 row_copy:16,17 row_copy:17,18 row_copy:18,20 row_copy:19,20 row_copy:20,21 row_copy:24,23 row_copy:25,24 row_copy:26,24 row_copy:27,26 row_copy:28,27 row_copy:46,48 row_copy:47,50 row_copy:48,50 row_copy:49,51 row_copy:50,52 row_copy:51,54 row_copy:52,54
124, player_healthbar_gone row_copy:2,3 row_copy:6,5 row_copy:7,6 row_copy:8,6 row_copy:9,8 row_copy:10,8 row_copy:11,10 row_copy:12,11 row_copy:16,17 row_copy:17,18 row_copy:18,20 row_copy:19,20 row_copy:20,21 row_copy:24,23 row_copy:25,24 row_copy:26,24 row_copy:27,26 row_copy:28,27 row_copy:46,48 row_copy:47,50 row_copy:48,50 row_copy:49,51 row_copy:50,52 row_copy:51,54 row_copy:52,54
125, player_healthbar_gone row_copy:2,3 row_copy:3,4 row_copy:7,6 row_copy:8,7 row_copy:9,7 row_copy:10,9 row_copy:11,10 row_copy:15,16 row_copy:16,17 row_copy:17,19 row_copy:18,19 row_copy:19,20 row_copy:23,22 row_copy:24,23 row_copy:25,23 row_copy:26,25 row_copy:27,26 row_copy:31,32 row_copy:32,33 row_copy:45,46 row_copy:46,48 row_copy:47,49 row_copy:48,51 row_copy:49,51 row_copy:50,53 row_copy:51,53 row_copy:52,54 row_copy:53,54
126, player_healthbar_gone row_copy:2,3 row_copy:3,4 row_copy:7,6 row_copy:8,7 row_copy:9,7 row_copy:10,9 row_copy:11,10 row_copy:15,16 row_copy:16,17 row_copy:17,19 row_copy:18,19 row_copy:19,20 row_copy:23,22 row_copy:24,23 row_copy:25,23 row_copy:26,25 row_copy:27,26 row_copy:31,32 row_copy:32,33 row_copy:45,46 row_copy:46,48 row_copy:47,49 row_copy:48,51 row_copy:49,51 row_copy:50,53 row_copy:51,53 row_copy:52,54 row_copy:53,54
127, player_healthbar_gone row_copy:2,3 row_copy:3,4 row_copy:7,6 row_copy:8,7 row_copy:9,7 row_copy:10,9 row_copy:11,10 row_copy:15,16 row_copy:16,17 row_copy:17,19 row_copy:18,19 row_copy:19,20 row_copy:23,22 row_copy:24,23 row_copy:25,23 row_copy:26,25 row_copy:27,26 row_copy:31,32 row_copy:32,33 row_copy:45,46 row_copy:46,48 row_copy:47,49 row_copy:48,51 row_copy:49,51 row_copy:50,53 row_copy:51,53 row_copy:52,54 row_copy:53,54
128, player_healthbar_gone row_copy:2,4 row_copy:3,4 row_copy:4,5 row_copy:8,7 row_copy:9,8 row_copy:10,9 row_copy:14,15 row_copy:15,16 row_copy:16,18 row_copy:17,18 row_copy:18,19 row_copy:22,21 row_copy:23,22 row_copy:24,22 row_copy:25,24 row_copy:26,25 row_copy:30,31 row_copy:31,32 row_copy:32,34 row_copy:33,34 row_copy:34,35 row_copy:42,40 row_copy:43,41 row_copy:44,43 row_copy:46,47 row_copy:47,49 row_copy:48,50 row_copy:49,52 row_copy:50,52 row_copy:51,53 row_copy:52,53 row_copy:54,53 row_copy:55,53
129, player_healthbar_gone row_copy:2,4 row_copy:3,4 row_copy:4,5 row_copy:8,7 row_copy:9,8 row_copy:10,9 row_copy:14,15 row_copy:15,16 row_copy:16,18 row_copy:17,18 row_copy:18,19 row_copy:22,21 row_copy:23,22 row_copy:24,22 row_copy:25,24 row_copy:26,25 row_copy:30,31 row_copy:31,32 row_copy:32,34 row_copy:33,34 row_copy:34,35 row_copy:42,40 row_copy:43,41 row_copy:44,43 row_copy:46,47 row_copy:47,49 row_copy:48,50 row_copy:49,52 row_copy:50,52 row_copy:51,53 row_copy:52,53 row_copy:54,53 row_copy:55,53
130, player_healthbar_gone row_copy:2,3 row_copy:3,5 row_copy:4,5 row_copy:5,6 row_copy:9,8 row_copy:13,14 row_copy:14,15 row_copy:15,17 row_copy:16,17 row_copy:17,18 row_copy:21,20 row_copy:22,21 row_copy:23,21 row_copy:24,23 row_copy:25,24 row_copy:29,30 row_copy:30,31 row_copy:31,33 row_copy:32,33 row_copy:33,34 row_copy:40,38 row_copy:41,39 row_copy:42,39 row_copy:43,41 row_copy:44,42 row_copy:45,44 row_copy:47,48 row_copy:48,50 row_copy:49,51 row_copy:50,52 row_copy:51,52 row_copy:53,52 row_copy:54,52 row_copy:55,53
131, player_healthbar_gone row_copy:2,3 row_copy:3,5 row_copy:4,5 row_copy:5,6 row_copy:9,8 row_copy:13,14 row_copy:14,15 row_copy:15,17 row_copy:16,17 row_copy:17,18 row_copy:21,20 row_copy:22,21 row_copy:23,21 row_copy:24,23 row_copy:25,24 row_copy:29,30 row_copy:30,31 row_copy:31,33 row_copy:32,33 row_copy:33,34 row_copy:40,38 row_copy:41,39 row_copy:42,39 row_copy:43,41 row_copy:44,42 row_copy:45,44 row_copy:47,48 row_copy:48,50 row_copy:49,51 row_copy:50,52 row_copy:51,52 row_copy:53,52 row_copy:54,52 row_copy:55,53
132, player_healthbar_gone row_copy:2,3 row_copy:3,5 row_copy:4,5 row_copy:5,6 row_copy:9,8 row_copy:13,14 row_copy:14,15 row_copy:15,17 row_copy:16,17 row_copy:17,18 row_copy:21,20 row_copy:22,21 row_copy:23,21 row_copy:24,23 row_copy:25,24 row_copy:29,30 row_copy:30,31 row_copy:31,33 row_copy:32,33 row_copy:33,34 row_copy:40,38 row_copy:41,39 row_copy:42,39 row_copy:43,41 row_copy:44,42 row_copy:45,44 row_copy:47,48 row_copy:48,50 row_copy:49,51 row_copy:50,52 row_copy:51,52 row_copy:53,52 row_copy:54,52 row_copy:55,53
133, player_healthbar_gone row_copy:2,3 row_copy:3,4 row_copy:4,6 row_copy:5,6 row_copy:6,7 row_copy:12,13 row_copy:13,14 row_copy:14,16 row_copy:15,16 row_copy:16,17 row_copy:20,19 row_copy:21,20 row_copy:22,20 row_copy:23,22 row_copy:24,23 row_copy:28,29 row_copy:29,30
134, player_healthbar_gone
135, player_healthbar_gone row_copy:36,39 row_copy:37,39 row_copy:38,40 row_copy:39,40 row_copy:41,40 row_copy:42,40 row_copy:43,41 row_copy:44,41 row_copy:45,43 row_copy:46,44 row_copy:47,46 row_copy:49,50 row_copy:51,50 row_copy:52,50 row_copy:53,51 row_copy:54,51 row_copy:55,53
136, player_healthbar_gone row_copy:36,39 row_copy:37,39 row_copy:38,40 row_copy:39,40 row_copy:41,40 row_copy:42,40 row_copy:43,41 row_copy:44,41 row_copy:45,43 row_copy:46,44 row_copy:47,46 row_copy:49,50 row_copy:51,50 row_copy:52,50 row_copy:53,51 row_copy:54,51 row_copy:55,53
137, player_healthbar_gone row_copy:35,36 row_copy:36,37 row_copy:37,39 row_copy:38,39 row_copy:39,40 row_copy:43,42 row_copy:44,43 row_copy:45,43 row_copy:46,45 row_copy:47,46 row_copy:51,50 row_copy:52,51 row_copy:53,51 row_copy:54,53 row_copy:55,54
138, player_healthbar_gone row_copy:35,36 row_copy:36,37 row_copy:37,39 row_copy:38,39 row_copy:39,40 row_copy:43,42 row_copy:44,43 row_copy:45,43 row_copy:46,45 row_copy:47,46 row_copy:51,50 row_copy:52,51 row_copy:53,51 row_copy:54,53 row_copy:55,54
139, player_healthbar_gone row_copy:32,31 row_copy:36,37 row_copy:37,38 row_copy:38,40 row_copy:39,40 row_copy:40,41 row_copy:44,43 row_copy:45,44 row_copy:46,44 row_copy:47,46 row_copy:48,47 row_copy:50,49 row_copy:51,50 row_copy:52,50 row_copy:53,52 row_copy:54,53
140, player_healthbar_gone row_copy:32,31 row_copy:36,37 row_copy:37,38 row_copy:38,40 row_copy:39,40 row_copy:40,41 row_copy:44,43 row_copy:45,44 row_copy:46,44 row_copy:47,46 row_copy:48,47 row_copy:50,49 row_copy:51,50 row_copy:52,50 row_copy:53,52 row_copy:54,53
141, player_healthbar_gone row_copy:28,30 row_copy:29,30 row_copy:30,29 row_copy:31,29 row_copy:32,31 row_copy:33,32 row_copy:37,38 row_copy:38,39 row_copy:39,41 row_copy:40,41 row_copy:41,42 row_copy:45,44 row_copy:46,45 row_copy:47,45 row_copy:48,47 row_copy:49,48 row_copy:50,49 row_copy:51,49 row_copy:52,51 row_copy:53,52
142, player_healthbar_gone row_copy:28,30 row_copy:29,30 row_copy:30,29 row_copy:31,29 row_copy:32,31 row_copy:33,32 row_copy:37,38 row_copy:38,39 row_copy:39,41 row_copy:40,41 row_copy:41,42 row_copy:45,44 row_copy:46,45 row_copy:47,45 row_copy:48,47 row_copy:49,48 row_copy:50,49 row_copy:51,49 row_copy:52,51 row_copy:53,52
143, player_healthbar_gone row_copy:26,28 row_copy:27,30 row_copy:30,29 row_copy:31,30 row_copy:32,30 row_copy:33,32 row_copy:34,33 row_copy:38,39 row_copy:39,40 row_copy:40,42 row_copy:41,42 row_copy:42,43 row_copy:46,45 row_copy:47,46 row_copy:48,46 row_copy:49,48 row_copy:50,48 row_copy:51,50 row_copy:52,51
144, player_healthbar_gone row_copy:26,28 row_copy:27,30 row_copy:30,29 row_copy:31,30 row_copy:32,30 row_copy:33,32 row_copy:34,33 row_copy:38,39 row_copy:39,40 row_copy:40,42 row_copy:41,42 row_copy:42,43 row_copy:46,45 row_copy:47,46 row_copy:48,46 row_copy:49,48 row_copy:50,48 row_copy:51,50 row_copy:52,51
145, player_healthbar_gone row_copy:25,26 row_copy:26,27 row_copy:27,28 row_copy:31,30 row_copy:32,31 row_copy:33,31 row_copy:34,33 row_copy:35,34 row_copy:39,40 row_copy:40,41 row_copy:41,43 row_copy:42,43 row_copy:43,44 row_copy:47,46 row_copy:48,47 row_copy:49,47 row_copy:50,49 row_copy:51,50 row_copy:55,56
146, player_healthbar_gone row_copy:25,26 row_copy:26,27 row_copy:27,28 row_copy:31,30 row_copy:32,31 row_copy:33,31 row_copy:34,33 row_copy:35,34 row_copy:39,40 row_copy:40,41 row_copy:41,43 row_copy:42,43 row_copy:43,44 row_copy:47,46 row_copy:48,47 row_copy:49,47 row_copy:50,49 row_copy:51,50 row_copy:55,56
147, player_healthbar_gone row_copy:22,20 row_copy:23,21 row_copy:24,25 row_copy:25,26 row_copy:26,28 row_copy:27,28 row_copy:28,29 row_copy:32,31 row_copy:33,32 row_copy:34,32 row_copy:35,34 row_copy:36,35 row_copy:40,41 row_copy:41,42 row_copy:42,44 row_copy:43,44 row_copy:44,45 row_copy:48,47 row_copy:49,48 row_copy:50,49 row_copy:54,55 row_copy:55,56
148, player_healthbar_gone row_copy:22,20 row_copy:23,21 row_copy:24,25 row_copy:25,26 row_copy:26,28 row_copy:27,28 row_copy:28,29 row_copy:32,31 row_copy:33,32 row_copy:34,32 row_copy:35,34 row_copy:36,35 row_copy:40,41 row_copy:41,42 row_copy:42,44 row_copy:43,44 row_copy:44,45 row_copy:48,47 row_copy:49,48 row_copy:50,49 row_copy:54,55 row_copy:55,56
149, player_healthbar_gone row_copy:20,18 row_copy:21,19 row_copy:25,26 row_copy:26,27 row_copy:27,29 row_copy:28,29 row_copy:29,30 row_copy:33,32 row_copy:34,33 row_copy:35,33 row_copy:36,35 row_copy:37,36 row_copy:41,42 row_copy:42,43 row_copy:43,45 row_copy:44,45 row_copy:45,46 row_copy:49,48 row_copy:53,54 row_copy:54,55 row_copy:55,56
150, player_healthbar_gone row_copy:20,18 row_copy:21,19 row_copy:25,26 row_copy:26,27 row_copy:27,29 row_copy:28,29 row_copy:29,30 row_copy:33,32 row_copy:34,33 row_copy:35,33 row_copy:36,35 row_copy:37,36 row_copy:41,42 row_copy:42,43 row_copy:43,45 row_copy:44,45 row_copy:45,46 row_copy:49,48 row_copy:53,54 row_copy:54,55 row_copy:55,56
151, player_healthbar_gone row_copy:20,18 row_copy:21,19 row_copy:25,26 row_copy:26,27 row_copy:27,29 row_copy:28,29 row_copy:29,30 row_copy:33,32 row_copy:34,33 row_copy:35,33 row_copy:36,35 row_copy:37,36 row_copy:41,42 row_copy:42,43 row_copy:43,45 row_copy:44,45 row_copy:45,46 row_copy:49,48 row_copy:53,54 row_copy:54,55 row_copy:55,56
152, player_healthbar_gone row_copy:18,19 row_copy:20,18 row_copy:21,20 row_copy:22,21 row_copy:26,27 row_copy:27,28 row_copy:28,30 row_copy:29,30 row_copy:30,31 row_copy:34,33 row_copy:35,34 row_copy:36,34 row_copy:37,36 row_copy:38,37 row_copy:42,43 row_copy:43,44 row_copy:44,46 row_copy:45,46 row_copy:46,47 row_copy:52,53 row_copy:53,54 row_copy:54,56 row_copy:55,56
153, player_healthbar_gone
154, player_healthbar_gone
155, player_healthbar_gone
156, player_healthbar_gone row_copy:15,16 row_copy:16,17 row_copy:17,19 row_copy:18,19 row_copy:19,20 row_copy:23,22 row_copy:24,23 row_copy:25,23 row_copy:26,25 row_copy:27,26 row_copy:31,30 row_copy:32,31 row_copy:33,31 row_copy:34,33 row_copy:35,34 row_copy:39,40 row_copy:40,41 row_copy:41,43 row_copy:42,43 row_copy:43,44
157, player_healthbar_gone row_copy:15,16 row_copy:16,17 row_copy:17,19 row_copy:18,19 row_copy:19,20 row_copy:23,22 row_copy:24,23 row_copy:25,23 row_copy:26,25 row_copy:27,26 row_copy:31,30 row_copy:32,31 row_copy:33,31 row_copy:34,33 row_copy:35,34 row_copy:39,40 row_copy:40,41 row_copy:41,43 row_copy:42,43 row_copy:43,44
158, player_healthbar_gone row_copy:12,11 row_copy:16,17 row_copy:17,18 row_copy:18,20 row_copy:19,20 row_copy:20,21 row_copy:24,23 row_copy:25,24 row_copy:26,24 row_copy:27,26 row_copy:28,27 row_copy:30,29 row_copy:31,30 row_copy:32,30 row_copy:33,32 row_copy:34,33 row_copy:38,39 row_copy:39,40 row_copy:40,42 row_copy:41,42 row_copy:42,43 row_copy:46,45
159, player_healthbar_gone row_copy:12,11 row_copy:16,17 row_copy:17,18 row_copy:18,20 row_copy:19,20 row_copy:20,21 row_copy:24,23 row_copy:25,24 row_copy:26,24 row_copy:27,26 row_copy:28,27 row_copy:30,29 row_copy:31,30 row_copy:32,30 row_copy:33,32 row_copy:34,33 row_copy:38,39 row_copy:39,40 row_copy:40,42 row_copy:41,42 row_copy:42,43 row_copy:46,45
160, player_healthbar_gone row_copy:10,9 row_copy:11,9 row_copy:12,11 row_copy:13,12 row_copy:17,18 row_copy:18,19 row_copy:19,21 row_copy:20,21 row_copy:21,22 row_copy:25,24 row_copy:26,25 row_copy:27,25 row_copy:28,27 row_copy:29,28 row_copy:30,29 row_copy:31,29 row_copy:32,31 row_copy:33,32 row_copy:37,38 row_copy:38,39 row_copy:39,41 row_copy:40,41 row_copy:41,42 row_copy:45,44 row_copy:46,45 row_copy:47,45 row_copy:48,47
161, player_healthbar_gone row_copy:10,9 row_copy:11,9 row_copy:12,11 row_copy:13,12 row_copy:17,18 row_copy:18,19 row_copy:19,21 row_copy:20,21 row_copy:21,22 row_copy:25,24 row_copy:26,25 row_copy:27,25 row_copy:28,27 row_copy:29,28 row_copy:30,29 row_copy:31,29 row_copy:32,31 row_copy:33,32 row_copy:37,38 row_copy:38,39 row_copy:39,41 row_copy:40,41 row_copy:41,42 row_copy:45,44 row_copy:46,45 row_copy:47,45 row_copy:48,47
162, player_healthbar_gone row_copy:10,9 row_copy:11,10 row_copy:12,10 row_copy:13,12 row_copy:14,13 row_copy:18,19 row_copy:19,20 row_copy:20,22 row_copy:21,22 row_copy:22,23 row_copy:26,25 row_copy:27,26 row_copy:28,26 row_copy:29,28 row_copy:30,28 row_copy:31,30 row_copy:32,31 row_copy:36,37 row_copy:37,38 row_copy:38,40 row_copy:39,40 row_copy:40,41 row_copy:44,43 row_copy:45,44 row_copy:46,44 row_copy:47,46 row_copy:48,47
163, player_healthbar_gone row_copy:10,9 row_copy:11,10 row_copy:12,10 row_copy:13,12 row_copy:14,13 row_copy:18,19 row_copy:19,20 row_copy:20,22 row_copy:21,22 row_copy:22,23 row_copy:26,25 row_copy:27,26 row_copy:28,26 row_copy:29,28 row_copy:30,28 row_copy:31,30 row_copy:32,31 row_copy:36,37 row_copy:37,38 row_copy:38,40 row_copy:39,40 row_copy:40,41 row_copy:44,43 row_copy:45,44 row_copy:46,44 row_copy:47,46 row_copy:48,47
164, player_healthbar_gone row_copy:6,7 row_copy:7,8 row_copy:11,10 row_copy:12,11 row_copy:13,11 row_copy:14,13 row_copy:15,14 row_copy:19,20 row_copy:20,21 row_copy:21,23 row_copy:22,23 row_copy:23,24 row_copy:27,26 row_copy:28,27 row_copy:29,27 row_copy:30,29 row_copy:31,30 row_copy:35,36 row_copy:36,37 row_copy:37,39 row_copy:38,39 row_copy:39,40 row_copy:43,42 row_copy:44,43 row_copy:45,43 row_copy:46,45 row_copy:47,46 row_copy:51,52 row_copy:52,53
165, player_healthbar_gone row_copy:6,7 row_copy:7,8 row_copy:11,10 row_copy:12,11 row_copy:13,11 row_copy:14,13 row_copy:15,14 row_copy:19,20 row_copy:20,21 row_copy:21,23 row_copy:22,23 row_copy:23,24 row_copy:27,26 row_copy:28,27 row_copy:29,27 row_copy:30,29 row_copy:31,30 row_copy:35,36 row_copy:36,37 row_copy:37,39 row_copy:38,39 row_copy:39,40 row_copy:43,42 row_copy:44,43 row_copy:45,43 row_copy:46,45 row_copy:47,46 row_copy:51,52 row_copy:52,53
166, player_healthbar_gone row_copy:4,5 row_copy:5,6 row_copy:6,8 row_copy:7,8 row_copy:8,9 row_copy:12,11 row_copy:13,12 row_copy:14,12 row_copy:15,14 row_copy:16,15 row_copy:20,21 row_copy:21,22 row_copy:22,24 row_copy:23,24 row_copy:24,25 row_copy:28,27 row_copy:29,28 row_copy:30,29 row_copy:34,35 row_copy:35,36 row_copy:36,38 row_copy:37,38 row_copy:38,39 row_copy:42,41 row_copy:43,42 row_copy:44,42 row_copy:45,44 row_copy:46,45 row_copy:50,51 row_copy:51,52 row_copy:52,54 row_copy:53,54 row_copy:54,55
167, player_healthbar_gone row_copy:4,5 row_copy:5,6 row_copy:6,8 row_copy:7,8 row_copy:8,9 row_copy:12,11 row_copy:13,12 row_copy:14,12 row_copy:15,14 row_copy:16,15 row_copy:20,21 row_copy:21,22 row_copy:22,24 row_copy:23,24 row_copy:24,25 row_copy:28,27 row_copy:29,28 row_copy:30,29 row_copy:34,35 row_copy:35,36 row_copy:36,38 row_copy:37,38 row_copy:38,39 row_copy:42,41 row_copy:43,42 row_copy:44,42 row_copy:45,44 row_copy:46,45 row_copy:50,51 row_copy:51,52 row_copy:52,54 row_copy:53,54 row_copy:54,55
168, player_healthbar_gone row_copy:5,6 row_copy:6,7 row_copy:7,9 row_copy:8,9 row_copy:9,10 row_copy:13,12 row_copy:14,13 row_copy:15,13 row_copy:16,15 row_copy:17,16 row_copy:21,22 row_copy:22,23 row_copy:23,25 row_copy:24,25 row_copy:25,26 row_copy:29,28 row_copy:33,34 row_copy:34,35 row_copy:35,37 row_copy:36,37 row_copy:37,38 row_copy:41,40 row_copy:42,41 row_copy:43,41 row_copy:44,43 row_copy:45,44 row_copy:49,50 row_copy:50,51 row_copy:51,53 row_copy:52,53 row_copy:53,54
169, player_healthbar_gone row_copy:5,6 row_copy:6,7 row_copy:7,9 row_copy:8,9 row_copy:9,10 row_copy:13,12 row_copy:14,13 row_copy:15,13 row_copy:16,15 row_copy:17,16 row_copy:21,22 row_copy:22,23 row_copy:23,25 row_copy:24,25 row_copy:25,26 row_copy:29,28 row_copy:33,34 row_copy:34,35 row_copy:35,37 row_copy:36,37 row_copy:37,38 row_copy:41,40 row_copy:42,41 row_copy:43,41 row_copy:44,43 row_copy:45,44 row_copy:49,50 row_copy:50,51 row_copy:51,53 row_copy:52,53 row_copy:53,54 invisible_frame
170, player_healthbar_gone row_copy:2,1 row_copy:6,7 row_copy:7,8 row_copy:8,10 row_copy:9,10 row_copy:10,11 row_copy:14,13 row_copy:15,14 row_copy:16,14 row_copy:17,16 row_copy:18,17 row_copy:22,23 row_copy:23,24 row_copy:24,26 row_copy:25,26 row_copy:26,27 row_copy:32,33 row_copy:33,34 row_copy:34,36 row_copy:35,36 row_copy:36,37 row_copy:40,39 row_copy:41,40 row_copy:42,40 row_copy:43,42 row_copy:44,43 invisible_frame
171, player_healthbar_gone invisible_frame
172, player_healthbar_gone invisible_frame
173, player_healthbar_gone invisible_frame
174, player_healthbar_gone invisible_frame
175, player_healthbar_gone invisible_frame
176, player_healthbar_gone invisible_frame
177, player_healthbar_gone invisible_frame
178, player_healthbar_gone invisible_frame
179, player_healthbar_gone invisible_frame
180, player_healthbar_gone invisible_frame
181, player_healthbar_gone invisible_frame
182, player_healthbar_gone invisible_frame
183, player_healthbar_gone invisible_frame
184, player_healthbar_gone invisible_frame
185, player_healthbar_gone invisible_frame
186, player_healthbar_gone invisible_frame
187, player_healthbar_gone invisible_frame
188, player_healthbar_gone invisible_frame
189, player_healthbar_gone invisible_frame
190, player_healthbar_gone invisible_frame
191, player_healthbar_gone invisible_frame
192, player_healthbar_gone invisible_frame
193, player_healthbar_gone invisible_frame
194, player_healthbar_gone invisible_frame
195, player_healthbar_gone invisible_frame
196, player_healthbar_gone invisible_frame
197, player_healthbar_gone invisible_frame
198, player_healthbar_gone invisible_frame
199, player_healthbar_gone invisible_frame
200, player_healthbar_gone invisible_frame
201, player_healthbar_gone invisible_frame
202, player_healthbar_gone invisible_frame
203, player_healthbar_gone invisible_frame
204, player_healthbar_gone invisible_frame
205, player_healthbar_gone invisible_frame
206, player_healthbar_gone invisible_frame
207, player_healthbar_gone invisible_frame
208, player_healthbar_gone invisible_frame
209, player_healthbar_gone invisible_frame
210, player_healthbar_gone invisible_frame
211, player_healthbar_gone invisible_frame
212, player_healthbar_gone invisible_frame
213, player_healthbar_gone invisible_frame
214, player_healthbar_gone invisible_frame
215, player_healthbar_gone invisible_frame
216, player_healthbar_gone invisible_frame
217, player_healthbar_gone invisible_frame
218, player_healthbar_gone invisible_frame
219, invisible_frame
220, invisible_frame
221, invisible_frame
222, invisible_frame
223, invisible_frame
224, invisible_frame
225, invisible_frame
226, invisible_frame
227, invisible_frame
228, invisible_frame
229, invisible_frame
230, invisible_frame
231, invisible_frame
232, invisible_frame
233, invisible_frame
234, invisible_frame
235, invisible_frame
236, invisible_frame
237, invisible_frame
238, invisible_frame
239, invisible_frame
240, invisible_frame
241, invisible_frame
242, invisible_frame
243, invisible_frame
244, invisible_frame
245, invisible_frame