1, player_healthbar_gone invisible_frame
2, player_healthbar_gone invisible_frame
3, player_healthbar_gone invisible_frame
4, player_healthbar_gone invisible_frame
5, player_healthbar_gone invisible_frame
6, player_healthbar_gone invisible_frame
7, player_healthbar_gone invisible_frame
8, player_healthbar_gone invisible_frame
9, player_healthbar_gone invisible_frame
10, player_healthbar_gone
11, player_healthbar_gone
12, player_healthbar_gone
13, player_healthbar_gone
14, player_healthbar_gone
15, player_healthbar_gone inverse_colors
16, player_healthbar_gone inverse_colors
17, player_healthbar_gone inverse_colors
18, player_healthbar_gone inverse_colors
19, player_healthbar_gone inverse_colors
20, player_healthbar_gone
21, player_healthbar_gone
22, player_healthbar_gone
23, player_healthbar_gone
24, player_healthbar_gone
25, player_healthbar_gone
26, player_healthbar_gone
27, player_healthbar_gone
28, player_healthbar_gone
29, player_healthbar_gone
30, player_healthbar_gone
31, player_healthbar_gone inverse_colors
32, player_healthbar_gone inverse_colors
33, player_healthbar_gone inverse_colors
34, player_healthbar_gone inverse_colors invisible_frame
35, player_healthbar_gone inverse_colors invisible_frame
36, player_healthbar_gone inverse_colors invisible_frame
37, player_healthbar_gone inverse_colors
38, player_healthbar_gone inverse_colors
39, player_healthbar_gone inverse_colors
40, player_healthbar_gone inverse_colors invisible_frame
41, player_healthbar_gone inverse_colors invisible_frame
42, player_healthbar_gone inverse_colors invisible_frame
43, player_healthbar_gone inverse_colors
44, player_healthbar_gone inverse_colors
45, player_healthbar_gone inverse_colors
46, player_healthbar_gone inverse_colors invisible_frame
47, player_healthbar_gone inverse_colors invisible_frame
48, player_healthbar_gone inverse_colors invisible_frame
49, player_healthbar_gone inverse_colors
50, player_healthbar_gone inverse_colors
51, player_healthbar_gone inverse_colors
52, player_healthbar_gone inverse_colors invisible_frame
53, player_healthbar_gone inverse_colors invisible_frame
54, player_healthbar_gone inverse_colors invisible_frame
55, player_healthbar_gone inverse_colors
56, player_healthbar_gone inverse_colors
57, player_healthbar_gone inverse_colors
58, player_healthbar_gone inverse_colors invisible_frame
59, player_healthbar_gone inverse_colors invisible_frame
60, player_healthbar_gone inverse_colors invisible_frame
61, player_healthbar_gone inverse_colors
62, player_healthbar_gone inverse_colors
63, player_healthbar_gone inverse_colors
64, player_healthbar_gone inverse_colors invisible_frame
65, player_healthbar_gone inverse_colors invisible_frame
66, player_healthbar_gone inverse_colors invisible_frame
67, player_healthbar_gone inverse_colors
68, player_healthbar_gone inverse_colors
69, player_healthbar_gone inverse_colors
70, player_healthbar_gone inverse_colors invisible_frame
71, player_healthbar_gone inverse_colors invisible_frame
72, player_healthbar_gone inverse_colors invisible_frame
73, player_healthbar_gone inverse_colors
74, player_healthbar_gone inverse_colors
75, player_healthbar_gone inverse_colors
76, player_healthbar_gone inverse_colors invisible_frame
77, player_healthbar_gone inverse_colors invisible_frame
78, player_healthbar_gone inverse_colors invisible_frame
79, player_healthbar_gone inverse_colors
80, player_healthbar_gone inverse_colors
81, player_healthbar_gone inverse_colors
82, player_healthbar_gone inverse_colors invisible_frame
83, player_healthbar_gone inverse_colors invisible_frame
84, player_healthbar_gone inverse_colors invisible_frame
85, player_healthbar_gone inverse_colors
86, player_healthbar_gone inverse_colors
87, player_healthbar_gone inverse_colors
88, player_healthbar_gone inverse_colors invisible_frame
89, player_healthbar_gone inverse_colors invisible_frame
90, player_healthbar_gone inverse_colors invisible_frame
91, player_healthbar_gone inverse_colors
92, player_healthbar_gone inverse_colors
93, player_healthbar_gone inverse_colors
94, player_healthbar_gone inverse_colors invisible_frame
95, player_healthbar_gone inverse_colors invisible_frame
96, player_healthbar_gone inverse_colors invisible_frame
97, player_healthbar_gone inverse_colors
98, player_healthbar_gone inverse_colors
99, player_healthbar_gone inverse_colors
100, player_healthbar_gone inverse_colors invisible_frame
101, player_healthbar_gone inverse_colors invisible_frame
102, player_healthbar_gone inverse_colors invisible_frame
103, player_healthbar_gone inverse_colors
104, player_healthbar_gone inverse_colors
105, player_healthbar_gone inverse_colors
106, player_healthbar_gone inverse_colors invisible_frame
107, player_healthbar_gone inverse_colors invisible_frame
108, player_healthbar_gone inverse_colors invisible_frame
109, player_healthbar_gone inverse_colors
110, player_healthbar_gone inverse_colors
111, player_healthbar_gone inverse_colors
112, player_healthbar_gone inverse_colors invisible_frame
113, player_healthbar_gone inverse_colors invisible_frame
114, player_healthbar_gone inverse_colors invisible_frame
115, player_healthbar_gone inverse_colors
116, player_healthbar_gone inverse_colors
117, player_healthbar_gone inverse_colors
118, player_healthbar_gone inverse_colors invisible_frame
119, player_healthbar_gone inverse_colors invisible_frame
120, player_healthbar_gone inverse_colors invisible_frame
121, player_healthbar_gone inverse_colors
122, player_healthbar_gone inverse_colors
123, player_healthbar_gone inverse_colors
124, player_healthbar_gone inverse_colors invisible_frame
125, player_healthbar_gone inverse_colors invisible_frame
126, player_healthbar_gone inverse_colors invisible_frame
127, player_healthbar_gone inverse_colors
128, player_healthbar_gone inverse_colors
129, player_healthbar_gone
130, player_healthbar_gone invisible_frame
131, player_healthbar_gone invisible_frame
132, player_healthbar_gone invisible_frame
133, player_healthbar_gone invisible_frame
134, invisible_frame
135, invisible_frame
136, invisible_frame
137, invisible_frame