1, player_healthbar_gone invisible_frame
2, player_healthbar_gone invisible_frame
3, player_healthbar_gone invisible_frame
4, player_healthbar_gone invisible_frame
5, player_healthbar_gone invisible_frame
6, player_healthbar_gone invisible_frame
7, player_healthbar_gone invisible_frame
8, player_healthbar_gone invisible_frame
9, player_healthbar_gone invisible_frame
10, player_healthbar_gone inverse_colors invisible_frame
11, player_healthbar_gone inverse_colors
12, player_healthbar_gone inverse_colors
13, player_healthbar_gone inverse_colors
14, player_healthbar_gone inverse_colors
15, player_healthbar_gone inverse_colors
16, player_healthbar_gone inverse_colors
17, player_healthbar_gone inverse_colors
18, player_healthbar_gone inverse_colors
19, player_healthbar_gone inverse_colors
20, player_healthbar_gone inverse_colors
21, player_healthbar_gone inverse_colors
22, player_healthbar_gone inverse_colors
23, player_healthbar_gone inverse_colors
24, player_healthbar_gone inverse_colors
25, player_healthbar_gone inverse_colors
26, player_healthbar_gone inverse_colors
27, player_healthbar_gone inverse_colors
28, player_healthbar_gone inverse_colors
29, player_healthbar_gone inverse_colors
30, player_healthbar_gone inverse_colors
31, player_healthbar_gone inverse_colors
32, player_healthbar_gone inverse_colors
33, player_healthbar_gone inverse_colors
34, player_healthbar_gone inverse_colors
35, player_healthbar_gone inverse_colors
36, player_healthbar_gone inverse_colors
37, player_healthbar_gone inverse_colors
38, player_healthbar_gone inverse_colors
39, player_healthbar_gone inverse_colors
40, player_healthbar_gone inverse_colors
41, player_healthbar_gone inverse_colors
42, player_healthbar_gone inverse_colors
43, player_healthbar_gone inverse_colors
44, player_healthbar_gone inverse_colors
45, player_healthbar_gone inverse_colors
46, player_healthbar_gone inverse_colors
47, player_healthbar_gone inverse_colors
48, player_healthbar_gone inverse_colors
49, player_healthbar_gone inverse_colors
50, player_healthbar_gone inverse_colors
51, player_healthbar_gone inverse_colors
52, player_healthbar_gone inverse_colors
53, player_healthbar_gone inverse_colors
54, player_healthbar_gone inverse_colors
55, player_healthbar_gone inverse_colors
56, player_healthbar_gone inverse_colors
57, player_healthbar_gone inverse_colors
58, player_healthbar_gone inverse_colors
59, player_healthbar_gone inverse_colors
60, player_healthbar_gone inverse_colors
61, player_healthbar_gone inverse_colors
62, player_healthbar_gone inverse_colors
63, player_healthbar_gone inverse_colors
64, player_healthbar_gone inverse_colors
65, player_healthbar_gone inverse_colors
66, player_healthbar_gone inverse_colors
67, player_healthbar_gone inverse_colors
68, player_healthbar_gone inverse_colors
69, player_healthbar_gone inverse_colors
70, player_healthbar_gone inverse_colors
71, player_healthbar_gone inverse_colors
72, player_healthbar_gone inverse_colors
73, player_healthbar_gone inverse_colors
74, player_healthbar_gone inverse_colors
75, player_healthbar_gone inverse_colors
76, player_healthbar_gone inverse_colors
77, player_healthbar_gone inverse_colors
78, player_healthbar_gone inverse_colors
79, player_healthbar_gone inverse_colors
80, player_healthbar_gone inverse_colors
81, player_healthbar_gone inverse_colors
82, player_healthbar_gone inverse_colors
83, player_healthbar_gone inverse_colors
84, player_healthbar_gone inverse_colors
85, player_healthbar_gone inverse_colors
86, player_healthbar_gone inverse_colors invisible_frame
87, player_healthbar_gone invisible_frame
88, player_healthbar_gone invisible_frame
89, player_healthbar_gone invisible_frame
90, player_healthbar_gone invisible_frame
91, player_healthbar_gone invisible_frame
92, player_healthbar_gone invisible_frame
93, player_healthbar_gone invisible_frame
94, player_healthbar_gone invisible_frame
95, player_healthbar_gone invisible_frame
96, player_healthbar_gone invisible_frame
97, player_healthbar_gone invisible_frame
98, player_healthbar_gone invisible_frame
99, invisible_frame
100, invisible_frame
101, invisible_frame
102, invisible_frame
103, invisible_frame
104, invisible_frame
105, invisible_frame
106, invisible_frame
107, invisible_frame
108, invisible_frame
109, invisible_frame
110, invisible_frame
111, invisible_frame
112, invisible_frame
113, invisible_frame
114, invisible_frame
115, invisible_frame
116, invisible_frame
117, invisible_frame