1, player_healthbar_gone
2, player_healthbar_gone
3, player_healthbar_gone
4, player_healthbar_gone
5, player_healthbar_gone
6, player_healthbar_gone
7, player_healthbar_gone
8, player_healthbar_gone screen_translate_x:2
9, player_healthbar_gone screen_translate_x:-2
10, player_healthbar_gone screen_translate_x:2
11, player_healthbar_gone screen_translate_x:-2
12, player_healthbar_gone screen_translate_x:2
13, player_healthbar_gone screen_translate_x:-2
14, player_healthbar_gone screen_translate_x:2
15, player_healthbar_gone screen_translate_x:-2
16, player_healthbar_gone screen_translate_x:2
17, player_healthbar_gone screen_translate_x:-2
18, player_healthbar_gone screen_translate_x:2
19, player_healthbar_gone screen_translate_x:-2
20, player_healthbar_gone screen_translate_x:2
21, player_healthbar_gone screen_translate_x:-2
22, player_healthbar_gone screen_translate_x:2
23, player_healthbar_gone screen_translate_x:-2
24, player_healthbar_gone screen_translate_x:2
25, player_healthbar_gone screen_translate_x:-2
26, player_healthbar_gone screen_translate_x:2
27, player_healthbar_gone screen_translate_x:-2
28, player_healthbar_gone
29, player_healthbar_gone
30, player_healthbar_gone
31, player_healthbar_gone
32, player_healthbar_gone
33, player_healthbar_gone
34, player_healthbar_gone
35, player_healthbar_gone
36, player_healthbar_gone
37, player_healthbar_gone
38, player_healthbar_gone
39, player_healthbar_gone
40, player_healthbar_gone
41, player_healthbar_gone
42, player_healthbar_gone
43, player_healthbar_gone
44, player_healthbar_gone
45, player_healthbar_gone
46, player_healthbar_gone
47, player_healthbar_gone
48, player_healthbar_gone
49, player_healthbar_gone
50, player_healthbar_gone
51, player_healthbar_gone
52, player_healthbar_gone
53, player_healthbar_gone
54, player_healthbar_gone
55, player_healthbar_gone
56, player_healthbar_gone
57, player_healthbar_gone
58, player_healthbar_gone
59, player_healthbar_gone
60, player_healthbar_gone
61, player_healthbar_gone
62, player_healthbar_gone
63, player_healthbar_gone player_translate_x:2
64, player_healthbar_gone player_translate_x:4
65, player_healthbar_gone player_translate_x:6
66, player_healthbar_gone player_translate_x:8
67, player_healthbar_gone player_translate_x:10
68, player_healthbar_gone player_translate_x:8
69, player_healthbar_gone player_translate_x:6
70, player_healthbar_gone player_translate_x:4
71, player_healthbar_gone player_translate_x:2
72, player_healthbar_gone
73, player_healthbar_gone
74, player_healthbar_gone
75, player_healthbar_gone
76, player_healthbar_gone
77, player_healthbar_gone
78, player_healthbar_gone
79, player_healthbar_gone
80, player_healthbar_gone
81, player_healthbar_gone
82, player_healthbar_gone
83, player_healthbar_gone
84, player_healthbar_gone
85, player_healthbar_gone
86, player_healthbar_gone
87, player_healthbar_gone
88, player_healthbar_gone
89, player_healthbar_gone