1, player_healthbar_gone invisible_frame
2, player_healthbar_gone invisible_frame
3, player_healthbar_gone invisible_frame
4, player_healthbar_gone invisible_frame
5, player_healthbar_gone invisible_frame
6, player_healthbar_gone invisible_frame
7, player_healthbar_gone invisible_frame
8, player_healthbar_gone screen_translate_x:1
9, player_healthbar_gone screen_translate_x:-1
10, player_healthbar_gone screen_translate_x:1
11, player_healthbar_gone screen_translate_x:-1
12, player_healthbar_gone screen_translate_x:1
13, player_healthbar_gone screen_translate_x:-1
14, player_healthbar_gone screen_translate_x:1
15, player_healthbar_gone screen_translate_x:-1
16, player_healthbar_gone screen_translate_x:1
17, player_healthbar_gone screen_translate_x:-1
18, player_healthbar_gone screen_translate_x:1
19, player_healthbar_gone screen_translate_x:-1
20, player_healthbar_gone screen_translate_x:1
21, player_healthbar_gone screen_translate_x:-1
22, player_healthbar_gone screen_translate_x:1 invisible_frame
23, player_healthbar_gone screen_translate_x:-1 invisible_frame
24, player_healthbar_gone screen_translate_x:1 invisible_frame
25, player_healthbar_gone screen_translate_x:-1 invisible_frame
26, player_healthbar_gone screen_translate_x:1 invisible_frame
27, player_healthbar_gone screen_translate_x:-1 invisible_frame
28, player_healthbar_gone screen_translate_x:1 invisible_frame
29, player_healthbar_gone screen_translate_x:-1 invisible_frame
30, player_healthbar_gone screen_translate_x:1 invisible_frame
31, player_healthbar_gone screen_translate_x:-1 invisible_frame
32, player_healthbar_gone screen_translate_x:1 invisible_frame
33, player_healthbar_gone invisible_frame
34, player_healthbar_gone invisible_frame
35, player_healthbar_gone invisible_frame
36, player_healthbar_gone invisible_frame
37, player_healthbar_gone invisible_frame