1, enemy_healthbar_gone
2, enemy_healthbar_gone
3, enemy_healthbar_gone
4, enemy_healthbar_gone
5, enemy_healthbar_gone
6, enemy_healthbar_gone
7, enemy_healthbar_gone
8, enemy_healthbar_gone
9, enemy_healthbar_gone
10, enemy_healthbar_gone
11, enemy_healthbar_gone
12, enemy_healthbar_gone
13, enemy_healthbar_gone
14, enemy_healthbar_gone
15, enemy_healthbar_gone
16, enemy_healthbar_gone
17, enemy_healthbar_gone
18, enemy_healthbar_gone
19, enemy_healthbar_gone
20, enemy_healthbar_gone
21, enemy_healthbar_gone
22, enemy_healthbar_gone
23, enemy_healthbar_gone
24, enemy_healthbar_gone
25, enemy_healthbar_gone
26, enemy_healthbar_gone
27, enemy_healthbar_gone
28, enemy_healthbar_gone
29, enemy_healthbar_gone
30, enemy_healthbar_gone
31, enemy_healthbar_gone
32, enemy_healthbar_gone
33, enemy_healthbar_gone
34, enemy_healthbar_gone
35, enemy_healthbar_gone
36, enemy_healthbar_gone
37, enemy_healthbar_gone
38, enemy_healthbar_gone
39, enemy_healthbar_gone
40, enemy_healthbar_gone
41, enemy_healthbar_gone
42, enemy_healthbar_gone
43, enemy_healthbar_gone
44, enemy_healthbar_gone
45, enemy_healthbar_gone
46, screen_translate_x:0
47, screen_translate_x:0
48, screen_translate_x:0
49, screen_translate_x:0
50, screen_translate_x:0
51, screen_translate_x:0
52, screen_translate_x:0
53, screen_translate_x:0
54, screen_translate_x:0
55, screen_translate_x:0
56, screen_translate_x:0
57, screen_translate_x:0
58, screen_translate_x:0
59, screen_translate_x:0
60, screen_translate_x:0
61, screen_translate_x:0
62, screen_translate_x:0
63, screen_translate_x:0
64, screen_translate_x:0
65, screen_translate_x:0
66, screen_translate_x:0
67, screen_translate_x:0
68, screen_translate_x:0
69, screen_translate_x:0
70, screen_translate_x:0
71, screen_translate_x:0
72, screen_translate_x:0
73, screen_translate_x:0
74, screen_translate_x:0
75, screen_translate_x:0
76, screen_translate_x:0
77, screen_translate_x:0
78, screen_translate_x:0
79, screen_translate_x:0
80, screen_translate_x:0
81, screen_translate_x:0
82, screen_translate_x:0
83, screen_translate_x:0
84, screen_translate_x:0
85, screen_translate_x:0
86, screen_translate_x:0
87, screen_translate_x:0
88, screen_translate_x:0
89, screen_translate_x:0
90, screen_translate_x:0
91, screen_translate_x:0
92, screen_translate_x:0
93, screen_translate_x:0
94, screen_translate_x:0
95, screen_translate_x:0
96, screen_translate_x:0
97, screen_translate_x:0
98, screen_translate_x:0
99, screen_translate_x:0
100, screen_translate_x:0
101, screen_translate_x:0
102, screen_translate_x:0
103, screen_translate_x:0
104, screen_translate_x:0
105, screen_translate_x:0
106, screen_translate_x:0