1, player_healthbar_gone invisible_frame
2, player_healthbar_gone invisible_frame
3, player_healthbar_gone invisible_frame
4, player_healthbar_gone invisible_frame
5, player_healthbar_gone invisible_frame
6, player_healthbar_gone invisible_frame
7, player_healthbar_gone invisible_frame
8, player_healthbar_gone invisible_frame
9, player_healthbar_gone invisible_frame
10, player_healthbar_gone invisible_frame
11, player_healthbar_gone invisible_frame
12, player_healthbar_gone invisible_frame
13, player_healthbar_gone invisible_frame
14, player_healthbar_gone invisible_frame
15, player_healthbar_gone invisible_frame
16, player_healthbar_gone invisible_frame
17, player_healthbar_gone invisible_frame
18, player_healthbar_gone invisible_frame
19, player_healthbar_gone invisible_frame
20, player_healthbar_gone invisible_frame
21, player_healthbar_gone invisible_frame
22, player_healthbar_gone invisible_frame
23, player_healthbar_gone invisible_frame
24, player_healthbar_gone invisible_frame
25, player_healthbar_gone invisible_frame
26, player_healthbar_gone invisible_frame
27, player_healthbar_gone invisible_frame
28, player_healthbar_gone invisible_frame
29, player_healthbar_gone invisible_frame
30, player_healthbar_gone invisible_frame
31, player_healthbar_gone invisible_frame
32, player_healthbar_gone invisible_frame
33, player_healthbar_gone invisible_frame
34, player_healthbar_gone invisible_frame
35, player_healthbar_gone invisible_frame
36, player_healthbar_gone invisible_frame
37, player_healthbar_gone player_lighten_effect1 invisible_frame
38, player_healthbar_gone player_lighten_effect1 invisible_frame
39, player_healthbar_gone player_lighten_effect1 invisible_frame
40, player_healthbar_gone player_lighten_effect1 invisible_frame
41, player_healthbar_gone player_lighten_effect1 invisible_frame
42, player_healthbar_gone player_lighten_effect2 invisible_frame
43, player_healthbar_gone player_lighten_effect2 invisible_frame
44, player_healthbar_gone player_lighten_effect2 invisible_frame
45, player_healthbar_gone player_lighten_effect2 invisible_frame
46, player_healthbar_gone player_lighten_effect2 invisible_frame
47, player_healthbar_gone player_lighten_effect1 invisible_frame
48, player_healthbar_gone player_lighten_effect1 invisible_frame
49, player_healthbar_gone player_lighten_effect1 invisible_frame
50, player_healthbar_gone player_lighten_effect1 invisible_frame
51, player_healthbar_gone player_lighten_effect1 invisible_frame
52, player_healthbar_gone invisible_frame
53, player_healthbar_gone invisible_frame
54, player_healthbar_gone invisible_frame
55, player_healthbar_gone invisible_frame
56, player_healthbar_gone invisible_frame
57, player_healthbar_gone invisible_frame
58, player_healthbar_gone invisible_frame
59, player_healthbar_gone invisible_frame
60, player_healthbar_gone invisible_frame
61, player_healthbar_gone invisible_frame
62, player_healthbar_gone player_lighten_effect1 invisible_frame
63, player_healthbar_gone player_lighten_effect1 invisible_frame
64, player_healthbar_gone player_lighten_effect1 invisible_frame
65, player_healthbar_gone player_lighten_effect1 invisible_frame
66, player_healthbar_gone player_lighten_effect1 invisible_frame
67, player_healthbar_gone player_lighten_effect2 invisible_frame
68, player_healthbar_gone player_lighten_effect2 invisible_frame
69, player_healthbar_gone player_lighten_effect2 invisible_frame
70, player_healthbar_gone player_lighten_effect2 invisible_frame
71, player_healthbar_gone player_lighten_effect2 invisible_frame
72, player_healthbar_gone player_lighten_effect1 invisible_frame
73, player_healthbar_gone player_lighten_effect1 invisible_frame
74, player_healthbar_gone player_lighten_effect1 invisible_frame
75, player_healthbar_gone player_lighten_effect1 invisible_frame
76, player_healthbar_gone player_lighten_effect1 invisible_frame
77, player_healthbar_gone invisible_frame
78, player_healthbar_gone invisible_frame
79, player_healthbar_gone invisible_frame
80, player_healthbar_gone invisible_frame
81, player_healthbar_gone invisible_frame
82, player_healthbar_gone invisible_frame
83, player_healthbar_gone invisible_frame
84, player_healthbar_gone invisible_frame
85, player_healthbar_gone invisible_frame
86, player_healthbar_gone invisible_frame
87, player_healthbar_gone player_lighten_effect1 invisible_frame
88, player_healthbar_gone player_lighten_effect1 invisible_frame
89, player_healthbar_gone player_lighten_effect1 invisible_frame
90, player_healthbar_gone player_lighten_effect1 invisible_frame
91, player_healthbar_gone player_lighten_effect1 invisible_frame
92, player_healthbar_gone player_lighten_effect2 invisible_frame
93, player_healthbar_gone player_lighten_effect2 invisible_frame
94, player_healthbar_gone player_lighten_effect2 invisible_frame
95, player_healthbar_gone player_lighten_effect2 invisible_frame
96, player_healthbar_gone player_lighten_effect2 invisible_frame
97, player_healthbar_gone player_lighten_effect1 invisible_frame
98, player_healthbar_gone player_lighten_effect1 invisible_frame
99, player_healthbar_gone player_lighten_effect1 invisible_frame
100, player_healthbar_gone player_lighten_effect1 invisible_frame
101, player_healthbar_gone player_lighten_effect1 invisible_frame
102, player_healthbar_gone invisible_frame
103, player_healthbar_gone invisible_frame
104, player_healthbar_gone invisible_frame
105, player_healthbar_gone invisible_frame
106, player_healthbar_gone invisible_frame
107, player_healthbar_gone invisible_frame
108, player_healthbar_gone invisible_frame
109, player_healthbar_gone invisible_frame
110, player_healthbar_gone invisible_frame
111, player_healthbar_gone invisible_frame
112, player_healthbar_gone invisible_frame
113, player_healthbar_gone invisible_frame
114, player_healthbar_gone invisible_frame
115, player_healthbar_gone
116, player_healthbar_gone
117, player_healthbar_gone
118, player_healthbar_gone
119, player_healthbar_gone
120, player_healthbar_gone
121, player_healthbar_gone
122, player_healthbar_gone
123, player_healthbar_gone
124, player_healthbar_gone
125, player_healthbar_gone
126, player_healthbar_gone
127, player_healthbar_gone
128, player_healthbar_gone
129, player_healthbar_gone
130, player_healthbar_gone
131, player_healthbar_gone
132, player_healthbar_gone
133, player_healthbar_gone
134, player_healthbar_gone
135, player_healthbar_gone
136, player_healthbar_gone
137, player_healthbar_gone
138, player_healthbar_gone
139, player_healthbar_gone
140, player_healthbar_gone
141, player_healthbar_gone
142, player_healthbar_gone invisible_frame
143, player_healthbar_gone invisible_frame
144, player_healthbar_gone invisible_frame
145, player_healthbar_gone invisible_frame
146, player_healthbar_gone invisible_frame
147, player_healthbar_gone invisible_frame
148, player_healthbar_gone invisible_frame
149, player_healthbar_gone invisible_frame
150, player_healthbar_gone invisible_frame
151, player_healthbar_gone invisible_frame
152, player_healthbar_gone invisible_frame
153, player_healthbar_gone invisible_frame
154, player_healthbar_gone invisible_frame
155, invisible_frame
156, invisible_frame
157, invisible_frame
158, invisible_frame
159, invisible_frame
160, invisible_frame
161, invisible_frame
162, invisible_frame
163, invisible_frame
164, invisible_frame
165, invisible_frame
166, invisible_frame
167, invisible_frame
168, invisible_frame
169, invisible_frame
170, invisible_frame
171, invisible_frame
172, invisible_frame
173, invisible_frame
174, invisible_frame
175, invisible_frame
176, invisible_frame
177, invisible_frame
178, invisible_frame
179, invisible_frame
180, invisible_frame
181, invisible_frame
182, invisible_frame
183, invisible_frame
184, invisible_frame
185, invisible_frame
186, invisible_frame
187, invisible_frame
188, invisible_frame
189, invisible_frame
190, invisible_frame
191, invisible_frame