1, enemy_healthbar_gone invisible frame
2, enemy_healthbar_gone invisible frame
3, enemy_healthbar_gone invisible frame
4, enemy_healthbar_gone invisible frame
5, enemy_healthbar_gone invisible frame
6, enemy_healthbar_gone invisible frame
7, enemy_healthbar_gone invisible frame
8, enemy_healthbar_gone invisible frame
9, enemy_healthbar_gone invisible frame
11, enemy_healthbar_gone inverse_colors screen_translate_x:1 invisible frame
12, enemy_healthbar_gone inverse_colors screen_translate_x:-1 invisible frame
13, enemy_healthbar_gone inverse_colors screen_translate_x:1
14, enemy_healthbar_gone inverse_colors screen_translate_x:-1
15, enemy_healthbar_gone inverse_colors screen_translate_x:1
16, enemy_healthbar_gone inverse_colors screen_translate_x:-1
17, enemy_healthbar_gone inverse_colors screen_translate_x:1
18, enemy_healthbar_gone inverse_colors screen_translate_x:-1
19, enemy_healthbar_gone inverse_colors screen_translate_x:1
20, enemy_healthbar_gone inverse_colors screen_translate_x:-1
21, enemy_healthbar_gone inverse_colors screen_translate_x:1
22, enemy_healthbar_gone inverse_colors screen_translate_x:-1
23, enemy_healthbar_gone inverse_colors screen_translate_x:1
24, enemy_healthbar_gone inverse_colors screen_translate_x:-1
25, enemy_healthbar_gone inverse_colors screen_translate_x:1
26, enemy_healthbar_gone inverse_colors screen_translate_x:-1
27, enemy_healthbar_gone inverse_colors screen_translate_x:1
28, enemy_healthbar_gone inverse_colors screen_translate_x:-1
29, enemy_healthbar_gone inverse_colors screen_translate_x:1
30, enemy_healthbar_gone inverse_colors screen_translate_x:-1
31, enemy_healthbar_gone inverse_colors screen_translate_x:1
32, enemy_healthbar_gone inverse_colors screen_translate_x:-1
33, enemy_healthbar_gone inverse_colors screen_translate_x:1
34, enemy_healthbar_gone inverse_colors screen_translate_x:-1
35, enemy_healthbar_gone inverse_colors screen_translate_x:1
36, enemy_healthbar_gone inverse_colors screen_translate_x:-1
37, enemy_healthbar_gone inverse_colors screen_translate_x:1
38, enemy_healthbar_gone inverse_colors screen_translate_x:-1
39, enemy_healthbar_gone inverse_colors screen_translate_x:1
40, enemy_healthbar_gone inverse_colors screen_translate_x:-1
41, enemy_healthbar_gone inverse_colors screen_translate_x:1
42, enemy_healthbar_gone inverse_colors screen_translate_x:-1
43, enemy_healthbar_gone inverse_colors
44, enemy_healthbar_gone inverse_colors
45, enemy_healthbar_gone inverse_colors
46, enemy_healthbar_gone inverse_colors
47, enemy_healthbar_gone
48, enemy_healthbar_gone
49, enemy_healthbar_gone invisible frame
50, enemy_healthbar_gone invisible frame
51, enemy_healthbar_gone invisible frame