1, enemy_translate_x:1
2, enemy_translate_x:1
3, enemy_translate_x:-1
4, enemy_translate_x:-1
5, enemy_translate_x:1
6, enemy_translate_x:1
7, enemy_translate_x:-1
8, enemy_translate_x:-1
9, enemy_translate_x:1
10, enemy_translate_x:1
11, enemy_translate_x:-1
12, enemy_translate_x:-1
13, enemy_translate_x:1
14, enemy_translate_x:1
15, enemy_translate_x:-1
16, enemy_translate_x:-1
17, enemy_translate_x:1
18, enemy_translate_x:1
19, enemy_translate_x:-1
20, enemy_translate_x:-1
21, enemy_translate_x:1
22, enemy_translate_x:1
23, enemy_translate_x:-1
24, enemy_translate_x:-1
25, enemy_translate_x:1
26, enemy_translate_x:1
27, enemy_translate_x:-1
28, enemy_translate_x:-1
29, enemy_translate_x:1
30, enemy_translate_x:1
31, enemy_translate_x:-1