1, player_healthbar_gone invisible_frame
2, player_healthbar_gone invisible_frame
3, player_healthbar_gone invisible_frame
4, player_healthbar_gone invisible_frame
5, player_healthbar_gone invisible_frame
6, player_healthbar_gone invisible_frame
7, player_healthbar_gone invisible_frame
8, player_healthbar_gone invisible_frame
9, player_healthbar_gone invisible_frame
10, player_healthbar_gone inverse_colors screen_translate_x:1 invisible_frame
11, player_healthbar_gone inverse_colors screen_translate_x:-1
12, player_healthbar_gone inverse_colors screen_translate_x:1
13, player_healthbar_gone inverse_colors screen_translate_x:-1
14, player_healthbar_gone inverse_colors screen_translate_x:1
15, player_healthbar_gone inverse_colors screen_translate_x:-1
16, player_healthbar_gone inverse_colors screen_translate_x:1
17, player_healthbar_gone inverse_colors screen_translate_x:-1
18, player_healthbar_gone inverse_colors screen_translate_x:1
19, player_healthbar_gone inverse_colors screen_translate_x:-1
20, player_healthbar_gone inverse_colors screen_translate_x:1
21, player_healthbar_gone inverse_colors screen_translate_x:-1
22, player_healthbar_gone inverse_colors screen_translate_x:1
23, player_healthbar_gone inverse_colors screen_translate_x:-1
24, player_healthbar_gone inverse_colors screen_translate_x:1
25, player_healthbar_gone inverse_colors screen_translate_x:-1
26, player_healthbar_gone inverse_colors screen_translate_x:1
27, player_healthbar_gone inverse_colors screen_translate_x:-1
28, player_healthbar_gone inverse_colors screen_translate_x:1
29, player_healthbar_gone inverse_colors screen_translate_x:-1
30, player_healthbar_gone inverse_colors screen_translate_x:1
31, player_healthbar_gone inverse_colors screen_translate_x:-1
32, player_healthbar_gone inverse_colors screen_translate_x:1
33, player_healthbar_gone inverse_colors screen_translate_x:-1
34, player_healthbar_gone inverse_colors screen_translate_x:1
35, player_healthbar_gone inverse_colors screen_translate_x:-1
36, player_healthbar_gone inverse_colors screen_translate_x:1
37, player_healthbar_gone inverse_colors screen_translate_x:-1
38, player_healthbar_gone inverse_colors screen_translate_x:1
39, player_healthbar_gone inverse_colors screen_translate_x:-1
40, player_healthbar_gone inverse_colors screen_translate_x:1
41, player_healthbar_gone inverse_colors screen_translate_x:-1
42, player_healthbar_gone inverse_colors
43, player_healthbar_gone inverse_colors
44, player_healthbar_gone inverse_colors
45, player_healthbar_gone inverse_colors
46, player_healthbar_gone
47, player_healthbar_gone invisible_frame
48, player_healthbar_gone invisible_frame
49, player_healthbar_gone invisible_frame
50, player_healthbar_gone invisible_frame