1, enemy_healthbar_gone invisible frame
2, enemy_healthbar_gone screenshot:0,0,160,144 invisible frame
3, enemy_healthbar_gone invisible frame
4, enemy_healthbar_gone invisible frame
5, enemy_healthbar_gone invisible frame
6, enemy_healthbar_gone invisible frame
7, enemy_healthbar_gone invisible frame
8, enemy_healthbar_gone invisible frame
9, enemy_healthbar_gone invisible frame
10, enemy_healthbar_gone invisible frame
11, enemy_healthbar_gone invisible frame
12, enemy_healthbar_gone invisible frame
13, enemy_healthbar_gone invisible frame
14, enemy_healthbar_gone invisible frame
15, enemy_healthbar_gone invisible frame
16, enemy_healthbar_gone invisible frame
17, enemy_healthbar_gone invisible frame
18, enemy_healthbar_gone invisible frame
19, enemy_healthbar_gone invisible frame
20, enemy_healthbar_gone invisible frame
21, enemy_healthbar_gone invisible frame
22, enemy_healthbar_gone invisible frame
23, enemy_healthbar_gone invisible frame
24, enemy_healthbar_gone invisible frame
25, enemy_healthbar_gone invisible frame
26, enemy_healthbar_gone invisible frame
27, enemy_healthbar_gone
28, enemy_healthbar_gone
29, enemy_healthbar_gone
30, enemy_healthbar_gone
31, enemy_healthbar_gone
32, enemy_healthbar_gone
33, enemy_healthbar_gone
34, enemy_healthbar_gone
35, enemy_healthbar_gone
36, enemy_healthbar_gone
37, enemy_healthbar_gone
38, enemy_healthbar_gone
39, enemy_healthbar_gone
40, enemy_healthbar_gone
41, enemy_healthbar_gone
42, enemy_healthbar_gone
43, enemy_healthbar_gone
44, enemy_healthbar_gone
45, enemy_healthbar_gone
46, enemy_healthbar_gone
47, enemy_healthbar_gone
48, enemy_healthbar_gone
49, enemy_healthbar_gone
50, enemy_healthbar_gone
51, enemy_healthbar_gone
52, enemy_healthbar_gone
53, enemy_healthbar_gone
54, enemy_healthbar_gone
55, enemy_healthbar_gone
56, enemy_healthbar_gone
57, enemy_healthbar_gone
58, enemy_healthbar_gone
59, enemy_healthbar_gone
60, enemy_healthbar_gone
61, enemy_healthbar_gone
62, enemy_healthbar_gone
63, enemy_healthbar_gone
64, enemy_healthbar_gone
65, enemy_healthbar_gone
66, enemy_healthbar_gone
67, enemy_healthbar_gone
68, enemy_healthbar_gone
69, enemy_healthbar_gone
70, enemy_healthbar_gone
71, enemy_healthbar_gone row_copy:75,77 row_copy:76,77 row_copy:77,79
72, enemy_healthbar_gone row_copy:73,75 row_copy:74,77 row_copy:75,77 row_copy:76,78 row_copy:77,79 row_copy:78,81 row_copy:79,81
73, enemy_healthbar_gone row_copy:72,73 row_copy:73,75 row_copy:74,76 row_copy:75,78 row_copy:76,78 row_copy:77,80 row_copy:78,80 row_copy:79,81 row_copy:80,81
74, enemy_healthbar_gone row_copy:69,67 row_copy:70,68 row_copy:71,70 row_copy:73,74 row_copy:74,76 row_copy:75,77 row_copy:76,79 row_copy:77,79 row_copy:78,80 row_copy:79,80 row_copy:81,80 row_copy:82,80 row_copy:83,81
75, enemy_healthbar_gone row_copy:67,65 row_copy:68,66 row_copy:69,66 row_copy:70,68 row_copy:71,69 row_copy:72,71 row_copy:74,75 row_copy:75,77 row_copy:76,78 row_copy:77,79 row_copy:78,79 row_copy:80,79 row_copy:81,79 row_copy:82,80 row_copy:83,80 row_copy:84,82 row_copy:85,83
76, enemy_healthbar_gone row_copy:67,65 row_copy:68,66 row_copy:69,66 row_copy:70,68 row_copy:71,69 row_copy:72,71 row_copy:74,75 row_copy:75,77 row_copy:76,78 row_copy:77,79 row_copy:78,79 row_copy:80,79 row_copy:81,79 row_copy:82,80 row_copy:83,80 row_copy:84,82 row_copy:85,83
77, enemy_healthbar_gone row_copy:65,66 row_copy:67,66 row_copy:68,66 row_copy:69,67 row_copy:70,67 row_copy:71,69 row_copy:72,70 row_copy:73,72 row_copy:75,76 row_copy:76,78 row_copy:77,78 row_copy:79,78 row_copy:80,78 row_copy:81,79 row_copy:82,79 row_copy:83,81 row_copy:84,82 row_copy:85,84 row_copy:87,88
78, enemy_healthbar_gone row_copy:65,66 row_copy:67,66 row_copy:68,66 row_copy:69,67 row_copy:70,67 row_copy:71,69 row_copy:72,70 row_copy:73,72 row_copy:75,76 row_copy:76,78 row_copy:77,78 row_copy:79,78 row_copy:80,78 row_copy:81,79 row_copy:82,79 row_copy:83,81 row_copy:84,82 row_copy:85,84 row_copy:87,88
79, enemy_healthbar_gone row_copy:63,66 row_copy:64,66 row_copy:65,67 row_copy:66,67 row_copy:68,67 row_copy:69,67 row_copy:70,68 row_copy:71,68 row_copy:72,70 row_copy:73,71 row_copy:74,73 row_copy:76,77 row_copy:78,77 row_copy:79,77 row_copy:80,78 row_copy:81,78 row_copy:82,80 row_copy:83,81 row_copy:84,83 row_copy:86,87 row_copy:87,89 row_copy:88,90 row_copy:89,92
80, enemy_healthbar_gone row_copy:63,66 row_copy:64,66 row_copy:65,67 row_copy:66,67 row_copy:68,67 row_copy:69,67 row_copy:70,68 row_copy:71,68 row_copy:72,70 row_copy:73,71 row_copy:74,73 row_copy:76,77 row_copy:78,77 row_copy:79,77 row_copy:80,78 row_copy:81,78 row_copy:82,80 row_copy:83,81 row_copy:84,83 row_copy:86,87 row_copy:87,89 row_copy:88,90 row_copy:89,92
81, enemy_healthbar_gone row_copy:62,63 row_copy:63,64 row_copy:64,66 row_copy:65,66 row_copy:66,67 row_copy:70,69 row_copy:71,70 row_copy:72,70 row_copy:73,72 row_copy:74,73 row_copy:78,77 row_copy:79,78 row_copy:80,78 row_copy:81,80 row_copy:82,81 row_copy:86,87 row_copy:87,88 row_copy:88,90 row_copy:89,90 row_copy:90,91
82, enemy_healthbar_gone row_copy:62,63 row_copy:63,64 row_copy:64,66 row_copy:65,66 row_copy:66,67 row_copy:70,69 row_copy:71,70 row_copy:72,70 row_copy:73,72 row_copy:74,73 row_copy:78,77 row_copy:79,78 row_copy:80,78 row_copy:81,80 row_copy:82,81 row_copy:86,87 row_copy:87,88 row_copy:88,90 row_copy:89,90 row_copy:90,91
83, enemy_healthbar_gone row_copy:59,58 row_copy:63,64 row_copy:64,65 row_copy:65,67 row_copy:66,67 row_copy:67,68 row_copy:71,70 row_copy:72,71 row_copy:73,71 row_copy:74,73 row_copy:75,74 row_copy:77,76 row_copy:78,77 row_copy:79,77 row_copy:80,79 row_copy:81,80 row_copy:85,86 row_copy:86,87 row_copy:87,89 row_copy:88,89 row_copy:89,90 row_copy:93,92
84, enemy_healthbar_gone row_copy:59,58 row_copy:63,64 row_copy:64,65 row_copy:65,67 row_copy:66,67 row_copy:67,68 row_copy:71,70 row_copy:72,71 row_copy:73,71 row_copy:74,73 row_copy:75,74 row_copy:77,76 row_copy:78,77 row_copy:79,77 row_copy:80,79 row_copy:81,80 row_copy:85,86 row_copy:86,87 row_copy:87,89 row_copy:88,89 row_copy:89,90 row_copy:93,92
85, enemy_healthbar_gone row_copy:55,57 row_copy:56,57 row_copy:57,59 row_copy:58,56 row_copy:59,58 row_copy:60,59 row_copy:64,65 row_copy:65,66 row_copy:66,68 row_copy:67,68 row_copy:68,69 row_copy:72,71 row_copy:73,72 row_copy:74,72 row_copy:75,74 row_copy:76,75 row_copy:77,76 row_copy:78,76 row_copy:79,78 row_copy:80,79 row_copy:84,85 row_copy:85,86 row_copy:86,88 row_copy:87,88 row_copy:88,89 row_copy:92,91 row_copy:93,92 row_copy:94,92 row_copy:95,94
86, enemy_healthbar_gone row_copy:55,57 row_copy:56,57 row_copy:57,59 row_copy:58,56 row_copy:59,58 row_copy:60,59 row_copy:64,65 row_copy:65,66 row_copy:66,68 row_copy:67,68 row_copy:68,69 row_copy:72,71 row_copy:73,72 row_copy:74,72 row_copy:75,74 row_copy:76,75 row_copy:77,76 row_copy:78,76 row_copy:79,78 row_copy:80,79 row_copy:84,85 row_copy:85,86 row_copy:86,88 row_copy:87,88 row_copy:88,89 row_copy:92,91 row_copy:93,92 row_copy:94,92 row_copy:95,94
87, enemy_healthbar_gone row_copy:53,55 row_copy:54,57 row_copy:55,57 row_copy:56,58 row_copy:57,59 row_copy:58,61 row_copy:59,61 row_copy:60,59 row_copy:61,60 row_copy:65,66 row_copy:66,67 row_copy:67,69 row_copy:68,69 row_copy:69,70 row_copy:73,72 row_copy:74,73 row_copy:75,73 row_copy:76,75 row_copy:77,75 row_copy:78,77 row_copy:79,78 row_copy:83,84 row_copy:84,85 row_copy:85,87 row_copy:86,87 row_copy:87,88 row_copy:91,90 row_copy:92,91 row_copy:93,91 row_copy:94,93 row_copy:95,94
88, enemy_healthbar_gone row_copy:53,55 row_copy:54,57 row_copy:55,57 row_copy:56,58 row_copy:57,59 row_copy:58,61 row_copy:59,61 row_copy:60,59 row_copy:61,60 row_copy:65,66 row_copy:66,67 row_copy:67,69 row_copy:68,69 row_copy:69,70 row_copy:73,72 row_copy:74,73 row_copy:75,73 row_copy:76,75 row_copy:77,75 row_copy:78,77 row_copy:79,78 row_copy:83,84 row_copy:84,85 row_copy:85,87 row_copy:86,87 row_copy:87,88 row_copy:91,90 row_copy:92,91 row_copy:93,91 row_copy:94,93 row_copy:95,94
89, enemy_healthbar_gone row_copy:52,53 row_copy:53,55 row_copy:54,56 row_copy:55,58 row_copy:56,58 row_copy:57,60 row_copy:58,60 row_copy:59,61 row_copy:60,61 row_copy:62,61 row_copy:66,67 row_copy:67,68 row_copy:68,70 row_copy:69,70 row_copy:70,71 row_copy:74,73 row_copy:75,74 row_copy:76,74 row_copy:77,76 row_copy:78,77 row_copy:82,83 row_copy:83,84 row_copy:84,86 row_copy:85,86 row_copy:86,87 row_copy:90,89 row_copy:91,90 row_copy:92,90 row_copy:93,92 row_copy:94,93
90, enemy_healthbar_gone row_copy:52,53 row_copy:53,55 row_copy:54,56 row_copy:55,58 row_copy:56,58 row_copy:57,60 row_copy:58,60 row_copy:59,61 row_copy:60,61 row_copy:62,61 row_copy:66,67 row_copy:67,68 row_copy:68,70 row_copy:69,70 row_copy:70,71 row_copy:74,73 row_copy:75,74 row_copy:76,74 row_copy:77,76 row_copy:78,77 row_copy:82,83 row_copy:83,84 row_copy:84,86 row_copy:85,86 row_copy:86,87 row_copy:90,89 row_copy:91,90 row_copy:92,90 row_copy:93,92 row_copy:94,93
91, enemy_healthbar_gone row_copy:50,48 row_copy:51,50 row_copy:53,54 row_copy:54,56 row_copy:55,57 row_copy:56,59 row_copy:57,59 row_copy:58,60 row_copy:59,60 row_copy:61,60 row_copy:62,60 row_copy:63,61 row_copy:67,68 row_copy:68,69 row_copy:69,71 row_copy:70,71 row_copy:71,72 row_copy:75,74 row_copy:76,75 row_copy:77,76 row_copy:81,82 row_copy:82,83 row_copy:83,85 row_copy:84,85 row_copy:85,86 row_copy:89,88 row_copy:90,89 row_copy:91,89 row_copy:92,91 row_copy:93,92
92, enemy_healthbar_gone row_copy:50,48 row_copy:51,50 row_copy:53,54 row_copy:54,56 row_copy:55,57 row_copy:56,59 row_copy:57,59 row_copy:58,60 row_copy:59,60 row_copy:61,60 row_copy:62,60 row_copy:63,61 row_copy:67,68 row_copy:68,69 row_copy:69,71 row_copy:70,71 row_copy:71,72 row_copy:75,74 row_copy:76,75 row_copy:77,76 row_copy:81,82 row_copy:82,83 row_copy:83,85 row_copy:84,85 row_copy:85,86 row_copy:89,88 row_copy:90,89 row_copy:91,89 row_copy:92,91 row_copy:93,92
93, enemy_healthbar_gone row_copy:50,48 row_copy:51,49 row_copy:52,51 row_copy:54,55 row_copy:55,57 row_copy:56,58 row_copy:57,59 row_copy:58,59 row_copy:60,59 row_copy:61,59 row_copy:62,60 row_copy:63,60 row_copy:64,62 row_copy:65,63 row_copy:68,69 row_copy:69,70 row_copy:70,72 row_copy:71,72 row_copy:72,73 row_copy:76,75 row_copy:80,81 row_copy:81,82 row_copy:82,84 row_copy:83,84 row_copy:84,85 row_copy:88,87 row_copy:89,88 row_copy:90,88 row_copy:91,90 row_copy:92,91
94, enemy_healthbar_gone row_copy:50,48 row_copy:51,49 row_copy:52,51 row_copy:54,55 row_copy:55,57 row_copy:56,58 row_copy:57,59 row_copy:58,59 row_copy:60,59 row_copy:61,59 row_copy:62,60 row_copy:63,60 row_copy:64,62 row_copy:65,63 row_copy:68,69 row_copy:69,70 row_copy:70,72 row_copy:71,72 row_copy:72,73 row_copy:76,75 row_copy:80,81 row_copy:81,82 row_copy:82,84 row_copy:83,84 row_copy:84,85 row_copy:88,87 row_copy:89,88 row_copy:90,88 row_copy:91,90 row_copy:92,91
95, enemy_healthbar_gone
96, enemy_healthbar_gone
97, enemy_healthbar_gone row_copy:50,48 row_copy:51,48 row_copy:52,50 row_copy:53,51 row_copy:54,53 row_copy:56,57 row_copy:58,57 row_copy:59,57 row_copy:60,58 row_copy:61,58 row_copy:62,60 row_copy:63,61 row_copy:64,63 row_copy:66,67 row_copy:67,69 row_copy:68,70 row_copy:69,72
98, enemy_healthbar_gone row_copy:50,48 row_copy:51,48 row_copy:52,50 row_copy:53,51 row_copy:54,53 row_copy:56,57 row_copy:58,57 row_copy:59,57 row_copy:60,58 row_copy:61,58 row_copy:62,60 row_copy:63,61 row_copy:64,63 row_copy:66,67 row_copy:67,69 row_copy:68,70 row_copy:69,72
99, enemy_healthbar_gone row_copy:50,49 row_copy:51,50 row_copy:52,50 row_copy:53,52 row_copy:54,53 row_copy:58,57 row_copy:59,58 row_copy:60,58 row_copy:61,60 row_copy:62,61 row_copy:66,67 row_copy:67,68 row_copy:68,70 row_copy:69,70 row_copy:70,71
100, enemy_healthbar_gone row_copy:50,49 row_copy:51,50 row_copy:52,50 row_copy:53,52 row_copy:54,53 row_copy:58,57 row_copy:59,58 row_copy:60,58 row_copy:61,60 row_copy:62,61 row_copy:66,67 row_copy:67,68 row_copy:68,70 row_copy:69,70 row_copy:70,71
101, enemy_healthbar_gone row_copy:51,50 row_copy:52,51 row_copy:53,51 row_copy:54,53 row_copy:55,54 row_copy:57,56 row_copy:58,57 row_copy:59,57 row_copy:60,59 row_copy:61,60 row_copy:65,66 row_copy:66,67 row_copy:67,69 row_copy:68,69 row_copy:69,70 row_copy:73,72
102, enemy_healthbar_gone row_copy:51,50 row_copy:52,51 row_copy:53,51 row_copy:54,53 row_copy:55,54 row_copy:57,56 row_copy:58,57 row_copy:59,57 row_copy:60,59 row_copy:61,60 row_copy:65,66 row_copy:66,67 row_copy:67,69 row_copy:68,69 row_copy:69,70 row_copy:73,72
103, enemy_healthbar_gone row_copy:52,51 row_copy:53,52 row_copy:54,52 row_copy:55,54 row_copy:56,55 row_copy:57,56 row_copy:58,56 row_copy:59,58 row_copy:60,59 row_copy:64,65 row_copy:65,66 row_copy:66,68 row_copy:67,68 row_copy:68,69 row_copy:72,71 row_copy:73,72 row_copy:74,72 row_copy:75,74 row_copy:95,96
104, enemy_healthbar_gone row_copy:52,51 row_copy:53,52 row_copy:54,52 row_copy:55,54 row_copy:56,55 row_copy:57,56 row_copy:58,56 row_copy:59,58 row_copy:60,59 row_copy:64,65 row_copy:65,66 row_copy:66,68 row_copy:67,68 row_copy:68,69 row_copy:72,71 row_copy:73,72 row_copy:74,72 row_copy:75,74 row_copy:95,96
105, enemy_healthbar_gone row_copy:49,50 row_copy:53,52 row_copy:54,53 row_copy:55,53 row_copy:56,55 row_copy:57,55 row_copy:58,57 row_copy:59,58 row_copy:63,64 row_copy:64,65 row_copy:65,67 row_copy:66,67 row_copy:67,68 row_copy:71,70 row_copy:72,71 row_copy:73,71 row_copy:74,73 row_copy:75,74 row_copy:93,95 row_copy:94,96 row_copy:95,96
106, enemy_healthbar_gone row_copy:49,50 row_copy:53,52 row_copy:54,53 row_copy:55,53 row_copy:56,55 row_copy:57,55 row_copy:58,57 row_copy:59,58 row_copy:63,64 row_copy:64,65 row_copy:65,67 row_copy:66,67 row_copy:67,68 row_copy:71,70 row_copy:72,71 row_copy:73,71 row_copy:74,73 row_copy:75,74 row_copy:93,95 row_copy:94,96 row_copy:95,96
107, enemy_healthbar_gone row_copy:49,50 row_copy:50,51 row_copy:54,53 row_copy:55,54 row_copy:56,54 row_copy:57,56 row_copy:58,57 row_copy:62,63 row_copy:63,64 row_copy:64,66 row_copy:65,66 row_copy:66,67 row_copy:70,69 row_copy:71,70 row_copy:72,70 row_copy:73,72 row_copy:74,73 row_copy:78,79 row_copy:79,80 row_copy:92,93 row_copy:93,95 row_copy:94,96 row_copy:95,96
108, enemy_healthbar_gone row_copy:49,50 row_copy:50,51 row_copy:54,53 row_copy:55,54 row_copy:56,54 row_copy:57,56 row_copy:58,57 row_copy:62,63 row_copy:63,64 row_copy:64,66 row_copy:65,66 row_copy:66,67 row_copy:70,69 row_copy:71,70 row_copy:72,70 row_copy:73,72 row_copy:74,73 row_copy:78,79 row_copy:79,80 row_copy:92,93 row_copy:93,95 row_copy:94,96 row_copy:95,96
109, enemy_healthbar_gone row_copy:49,51 row_copy:50,51 row_copy:51,52 row_copy:55,54 row_copy:56,55 row_copy:57,56 row_copy:61,62 row_copy:62,63 row_copy:63,65 row_copy:64,65 row_copy:65,66 row_copy:69,68 row_copy:70,69 row_copy:71,69 row_copy:72,71 row_copy:73,72 row_copy:77,78 row_copy:78,79 row_copy:79,81 row_copy:80,81 row_copy:81,82 row_copy:89,87 row_copy:90,88 row_copy:91,90 row_copy:93,94 row_copy:94,96 row_copy:95,96
110, enemy_healthbar_gone row_copy:49,51 row_copy:50,51 row_copy:51,52 row_copy:55,54 row_copy:56,55 row_copy:57,56 row_copy:61,62 row_copy:62,63 row_copy:63,65 row_copy:64,65 row_copy:65,66 row_copy:69,68 row_copy:70,69 row_copy:71,69 row_copy:72,71 row_copy:73,72 row_copy:77,78 row_copy:78,79 row_copy:79,81 row_copy:80,81 row_copy:81,82 row_copy:89,87 row_copy:90,88 row_copy:91,90 row_copy:93,94 row_copy:94,96 row_copy:95,96
111, enemy_healthbar_gone row_copy:49,50 row_copy:50,52 row_copy:51,52 row_copy:52,53 row_copy:56,55 row_copy:60,61 row_copy:61,62 row_copy:62,64 row_copy:63,64 row_copy:64,65 row_copy:68,67 row_copy:69,68 row_copy:70,68 row_copy:71,70 row_copy:72,71 row_copy:76,77 row_copy:77,78 row_copy:78,80 row_copy:79,80 row_copy:80,81 row_copy:87,85 row_copy:88,86 row_copy:89,86 row_copy:90,88 row_copy:91,89 row_copy:92,91 row_copy:94,95 row_copy:95,96
112, enemy_healthbar_gone row_copy:49,50 row_copy:50,52 row_copy:51,52 row_copy:52,53 row_copy:56,55 row_copy:60,61 row_copy:61,62 row_copy:62,64 row_copy:63,64 row_copy:64,65 row_copy:68,67 row_copy:69,68 row_copy:70,68 row_copy:71,70 row_copy:72,71 row_copy:76,77 row_copy:77,78 row_copy:78,80 row_copy:79,80 row_copy:80,81 row_copy:87,85 row_copy:88,86 row_copy:89,86 row_copy:90,88 row_copy:91,89 row_copy:92,91 row_copy:94,95 row_copy:95,96
113, enemy_healthbar_gone row_copy:49,50 row_copy:50,51 row_copy:51,53 row_copy:52,53 row_copy:53,54 row_copy:59,60 row_copy:60,61 row_copy:61,63 row_copy:62,63 row_copy:63,64 row_copy:67,66 row_copy:68,67 row_copy:69,67 row_copy:70,69 row_copy:71,70 row_copy:75,76 row_copy:76,77 row_copy:77,79 row_copy:78,79 row_copy:79,80 row_copy:83,82
114, enemy_healthbar_gone
115, enemy_healthbar_gone
116, enemy_healthbar_gone
117, enemy_healthbar_gone row_copy:82,83 row_copy:83,84 row_copy:84,86 row_copy:85,86 row_copy:86,87 row_copy:90,89 row_copy:91,90 row_copy:92,90 row_copy:93,92 row_copy:94,93
118, enemy_healthbar_gone row_copy:82,83 row_copy:83,84 row_copy:84,86 row_copy:85,86 row_copy:86,87 row_copy:90,89 row_copy:91,90 row_copy:92,90 row_copy:93,92 row_copy:94,93
119, enemy_healthbar_gone row_copy:79,78 row_copy:83,84 row_copy:84,85 row_copy:85,87 row_copy:86,87 row_copy:87,88 row_copy:91,90 row_copy:92,91 row_copy:93,91 row_copy:94,93 row_copy:95,94
120, enemy_healthbar_gone row_copy:79,78 row_copy:83,84 row_copy:84,85 row_copy:85,87 row_copy:86,87 row_copy:87,88 row_copy:91,90 row_copy:92,91 row_copy:93,91 row_copy:94,93 row_copy:95,94
121, enemy_healthbar_gone row_copy:77,76 row_copy:78,76 row_copy:79,78 row_copy:80,79 row_copy:84,85 row_copy:85,86 row_copy:86,88 row_copy:87,88 row_copy:88,89 row_copy:92,91 row_copy:93,92 row_copy:94,92 row_copy:95,94 row_copy:96,95
122, enemy_healthbar_gone row_copy:77,76 row_copy:78,76 row_copy:79,78 row_copy:80,79 row_copy:84,85 row_copy:85,86 row_copy:86,88 row_copy:87,88 row_copy:88,89 row_copy:92,91 row_copy:93,92 row_copy:94,92 row_copy:95,94 row_copy:96,95
123, enemy_healthbar_gone row_copy:77,76 row_copy:78,77 row_copy:79,77 row_copy:80,79 row_copy:81,80 row_copy:85,86 row_copy:86,87 row_copy:87,89 row_copy:88,89 row_copy:89,90 row_copy:93,92 row_copy:94,93 row_copy:95,93 row_copy:96,95
124, enemy_healthbar_gone row_copy:77,76 row_copy:78,77 row_copy:79,77 row_copy:80,79 row_copy:81,80 row_copy:85,86 row_copy:86,87 row_copy:87,89 row_copy:88,89 row_copy:89,90 row_copy:93,92 row_copy:94,93 row_copy:95,93 row_copy:96,95
125, enemy_healthbar_gone row_copy:73,74 row_copy:74,75 row_copy:78,77 row_copy:79,78 row_copy:80,78 row_copy:81,80 row_copy:82,81 row_copy:86,87 row_copy:87,88 row_copy:88,90 row_copy:89,90 row_copy:90,91 row_copy:94,93 row_copy:95,94 row_copy:96,94
126, enemy_healthbar_gone row_copy:73,74 row_copy:74,75 row_copy:78,77 row_copy:79,78 row_copy:80,78 row_copy:81,80 row_copy:82,81 row_copy:86,87 row_copy:87,88 row_copy:88,90 row_copy:89,90 row_copy:90,91 row_copy:94,93 row_copy:95,94 row_copy:96,94
127, enemy_healthbar_gone row_copy:71,72 row_copy:72,73 row_copy:73,75 row_copy:74,75 row_copy:75,76 row_copy:79,78 row_copy:80,79 row_copy:81,79 row_copy:82,81 row_copy:83,82 row_copy:87,88 row_copy:88,89 row_copy:89,91 row_copy:90,91 row_copy:91,92 row_copy:95,94 row_copy:96,95
128, enemy_healthbar_gone row_copy:71,72 row_copy:72,73 row_copy:73,75 row_copy:74,75 row_copy:75,76 row_copy:79,78 row_copy:80,79 row_copy:81,79 row_copy:82,81 row_copy:83,82 row_copy:87,88 row_copy:88,89 row_copy:89,91 row_copy:90,91 row_copy:91,92 row_copy:95,94 row_copy:96,95
129, enemy_healthbar_gone row_copy:72,73 row_copy:73,74 row_copy:74,76 row_copy:75,76 row_copy:76,77 row_copy:80,79 row_copy:81,80 row_copy:82,80 row_copy:83,82 row_copy:84,83 row_copy:88,89 row_copy:89,90 row_copy:90,92 row_copy:91,92 row_copy:92,93 row_copy:96,95
130, enemy_healthbar_gone row_copy:72,73 row_copy:73,74 row_copy:74,76 row_copy:75,76 row_copy:76,77 row_copy:80,79 row_copy:81,80 row_copy:82,80 row_copy:83,82 row_copy:84,83 row_copy:88,89 row_copy:89,90 row_copy:90,92 row_copy:91,92 row_copy:92,93 row_copy:96,95
131, enemy_healthbar_gone
132, enemy_healthbar_gone
133, enemy_healthbar_gone
134, enemy_healthbar_gone
135, enemy_healthbar_gone
136, enemy_healthbar_gone
137, enemy_healthbar_gone
138, enemy_healthbar_gone
139, enemy_healthbar_gone
140, enemy_healthbar_gone
141, enemy_healthbar_gone
142, enemy_healthbar_gone
143, enemy_healthbar_gone
144, enemy_healthbar_gone
145, enemy_healthbar_gone
146, enemy_healthbar_gone
147, enemy_healthbar_gone
148, enemy_healthbar_gone
149, enemy_healthbar_gone
150, enemy_healthbar_gone
151, enemy_healthbar_gone invisible frame
152, enemy_healthbar_gone invisible frame
153, enemy_healthbar_gone invisible frame
154, enemy_healthbar_gone invisible frame
155, enemy_healthbar_gone invisible frame
156, enemy_healthbar_gone invisible frame
157, enemy_healthbar_gone invisible frame
158, enemy_healthbar_gone invisible frame
159, enemy_healthbar_gone invisible frame
160, enemy_healthbar_gone invisible frame
161, enemy_healthbar_gone invisible frame
162, enemy_healthbar_gone invisible frame
163, enemy_healthbar_gone invisible frame
164, enemy_healthbar_gone invisible frame
165, enemy_healthbar_gone invisible frame
166, enemy_healthbar_gone invisible frame
167, enemy_healthbar_gone invisible frame
168, enemy_healthbar_gone invisible frame
169, enemy_healthbar_gone invisible frame
170, enemy_healthbar_gone invisible frame
171, enemy_healthbar_gone invisible frame
172, enemy_healthbar_gone invisible frame
173, enemy_healthbar_gone invisible frame
174, enemy_healthbar_gone invisible frame
175, enemy_healthbar_gone invisible frame
176, enemy_healthbar_gone invisible frame
177, enemy_healthbar_gone invisible frame
178, enemy_healthbar_gone invisible frame
179, enemy_healthbar_gone invisible frame
180, enemy_healthbar_gone invisible frame
181, enemy_healthbar_gone invisible frame
182, enemy_healthbar_gone invisible frame
183, enemy_healthbar_gone invisible frame
184, enemy_healthbar_gone invisible frame
185, enemy_healthbar_gone invisible frame