6, screen_translate_y:2
7, screen_translate_y:2
8, screen_translate_y:2
9, screen_translate_y:-2
10, screen_translate_y:-2
11, screen_translate_y:-2
12, screen_translate_y:2
13, screen_translate_y:2
14, screen_translate_y:2
15, screen_translate_y:-2
16, screen_translate_y:-2
17, screen_translate_y:-2
18, screen_translate_y:2
19, screen_translate_y:2
20, screen_translate_y:2
21, screen_translate_y:-2
22, screen_translate_y:-2
23, screen_translate_y:-2
24, screen_translate_y:2
25, screen_translate_y:2
26, screen_translate_y:2
27, screen_translate_y:-2
28, screen_translate_y:-2
29, screen_translate_y:-2
30, screen_translate_y:2
31, screen_translate_y:2
32, screen_translate_y:2
33, screen_translate_y:-2
34, screen_translate_y:-2
35, screen_translate_y:-2
36, screen_translate_y:2
37, screen_translate_y:2