1, player_healthbar_gone
2, player_healthbar_gone
3, player_healthbar_gone
4, player_healthbar_gone
5, player_healthbar_gone
6, player_healthbar_gone
7, player_healthbar_gone
8, player_healthbar_gone
9, player_healthbar_gone
10, player_healthbar_gone
11, player_healthbar_gone
12, player_healthbar_gone
13, player_healthbar_gone
14, player_healthbar_gone
15, player_healthbar_gone
16, player_healthbar_gone
17, player_healthbar_gone
18, player_healthbar_gone
19, player_healthbar_gone
20, player_healthbar_gone
21, player_healthbar_gone
22, player_healthbar_gone
23, player_healthbar_gone
24, player_healthbar_gone
25, player_healthbar_gone
26, player_healthbar_gone
27, player_healthbar_gone
28, player_healthbar_gone
29, player_healthbar_gone
30, player_healthbar_gone
31, player_healthbar_gone
32, player_healthbar_gone
33, player_healthbar_gone
34, player_healthbar_gone
35, player_healthbar_gone
36, player_healthbar_gone
37, player_healthbar_gone
38, player_healthbar_gone
39, player_healthbar_gone
40, player_healthbar_gone
41, player_healthbar_gone
42, player_healthbar_gone
43, player_healthbar_gone
44, player_healthbar_gone
45, player_healthbar_gone
46, player_healthbar_gone
47, player_healthbar_gone
48, player_healthbar_gone
49, player_healthbar_gone
50, player_healthbar_gone
51, player_healthbar_gone
52, player_healthbar_gone
53, player_healthbar_gone
54, player_healthbar_gone
55, player_healthbar_gone
56, player_healthbar_gone
57, player_healthbar_gone
58, player_healthbar_gone
59, player_healthbar_gone
60, player_healthbar_gone
61, player_healthbar_gone
62, player_healthbar_gone
63, player_healthbar_gone
64, player_healthbar_gone
65, player_healthbar_gone
66, player_healthbar_gone
67, player_healthbar_gone
68, player_healthbar_gone
69, player_healthbar_gone
70, player_healthbar_gone
71, player_healthbar_gone
72, player_healthbar_gone
73, player_healthbar_gone
74, player_healthbar_gone
75, player_healthbar_gone
76, player_healthbar_gone
77, player_healthbar_gone
78, player_healthbar_gone
79, player_healthbar_gone
80, player_healthbar_gone
81, player_healthbar_gone
82, player_healthbar_gone
83, player_healthbar_gone
84, player_healthbar_gone
85, player_healthbar_gone
86, player_healthbar_gone
87, player_healthbar_gone
88, player_healthbar_gone
89, player_healthbar_gone
90, player_healthbar_gone
91, player_healthbar_gone
92, player_healthbar_gone
93, player_healthbar_gone
94, player_healthbar_gone
95, player_healthbar_gone
96, player_healthbar_gone
97, player_healthbar_gone
98, player_healthbar_gone
99, player_healthbar_gone
100, player_healthbar_gone
101, player_healthbar_gone
102, player_healthbar_gone
103, player_healthbar_gone
104, player_healthbar_gone
105, player_healthbar_gone
106, player_healthbar_gone
107, player_healthbar_gone
108, player_healthbar_gone
109, player_healthbar_gone
110, player_healthbar_gone
111, player_healthbar_gone
112, player_healthbar_gone
113, player_healthbar_gone
114, player_healthbar_gone
115, player_healthbar_gone
116, player_healthbar_gone
117, player_healthbar_gone
118, player_healthbar_gone
119, player_healthbar_gone
120, player_healthbar_gone
121, player_healthbar_gone
122, player_healthbar_gone
123, player_healthbar_gone
124, player_healthbar_gone
125, player_healthbar_gone
126, player_healthbar_gone
127, player_healthbar_gone
128, player_healthbar_gone
129, player_healthbar_gone
130, player_healthbar_gone
131, player_healthbar_gone
132, player_healthbar_gone
133, player_healthbar_gone
134, player_healthbar_gone
135, player_healthbar_gone
136, player_healthbar_gone
137, player_healthbar_gone
138, player_healthbar_gone
139, player_healthbar_gone
140, player_healthbar_gone
141, player_healthbar_gone
142, player_healthbar_gone
143, player_healthbar_gone
144, player_healthbar_gone
145, player_healthbar_gone
146, player_healthbar_gone
147, player_healthbar_gone
148, player_healthbar_gone
149, player_healthbar_gone
150, player_healthbar_gone
151, _
152, _
153, _
154, _
155, _
156, _
157, _
158, _
159, _
160, _
161, _
162, _
163, _
164, _
165, _
166, _
167, _
168, _
169, _
170, _
171, _
172, _
173, _
174, _
175, _
176, _
177, _
178, _
179, _
180, _
181, _
182, _
183, _
184, _
185, _
186, _
187, _
188, _
189, _
190, _
191, _
192, _
193, _
194, _
195, _
196, _
197, _
198, _
199, _
200, _
201, _
202, _
203, _
204, _
205, _
206, _
207, _
208, _
209, _
210, _
211, _
212, _
213, _
214, _
215, _
216, _
217, _
218, _
219, _