1, player_healthbar_gone
2, player_healthbar_gone
3, player_healthbar_gone
4, player_healthbar_gone
5, player_healthbar_gone
6, player_healthbar_gone
7, player_healthbar_gone
8, player_healthbar_gone
9, player_healthbar_gone
10, player_healthbar_gone
11, player_healthbar_gone
12, player_healthbar_gone
13, player_healthbar_gone
14, player_healthbar_gone
15, player_healthbar_gone
16, player_healthbar_gone
17, player_healthbar_gone
18, player_healthbar_gone
19, player_healthbar_gone
20, player_healthbar_gone
21, player_healthbar_gone
22, player_healthbar_gone
23, player_healthbar_gone
24, player_healthbar_gone
25, player_healthbar_gone
26, player_healthbar_gone
27, player_healthbar_gone
28, player_healthbar_gone
29, player_healthbar_gone
30, player_healthbar_gone
31, player_healthbar_gone
32, player_healthbar_gone
33, player_healthbar_gone
34, player_healthbar_gone
35, player_healthbar_gone
36, player_healthbar_gone
37, player_healthbar_gone
38, player_healthbar_gone
39, player_healthbar_gone
40, player_healthbar_gone
41, player_healthbar_gone
42, player_healthbar_gone
43, player_healthbar_gone
44, player_healthbar_gone
45, player_healthbar_gone
46, player_healthbar_gone
47, player_healthbar_gone
48, player_healthbar_gone
49, player_healthbar_gone
50, player_healthbar_gone
51, player_healthbar_gone
52, player_healthbar_gone
53, player_healthbar_gone
54, player_healthbar_gone
55, player_healthbar_gone
56, player_healthbar_gone
57, player_healthbar_gone
58, player_healthbar_gone
59, player_healthbar_gone
60, player_healthbar_gone
61, player_healthbar_gone
62, player_healthbar_gone
63, player_healthbar_gone
64, player_healthbar_gone
65, player_healthbar_gone
66, player_healthbar_gone
67, player_healthbar_gone
68, player_healthbar_gone
69, player_healthbar_gone
70, player_healthbar_gone
71, player_healthbar_gone
72, player_healthbar_gone
73, player_healthbar_gone
74, player_healthbar_gone
75, player_healthbar_gone
76, player_healthbar_gone
77, player_healthbar_gone
78, player_healthbar_gone
79, player_healthbar_gone
80, player_healthbar_gone
81, player_healthbar_gone
82, player_healthbar_gone
83, player_healthbar_gone
84, player_healthbar_gone
85, player_healthbar_gone
86, player_healthbar_gone
87, player_healthbar_gone
88, player_healthbar_gone
89, player_healthbar_gone
90, player_healthbar_gone
91, player_healthbar_gone
92, player_healthbar_gone
93, player_healthbar_gone
94, player_healthbar_gone
95, player_healthbar_gone
96, player_healthbar_gone
97, player_healthbar_gone
98, player_healthbar_gone
99, player_healthbar_gone
100, player_healthbar_gone
101, player_healthbar_gone
102, player_healthbar_gone
103, player_healthbar_gone
104, player_healthbar_gone
105, player_healthbar_gone
106, player_healthbar_gone
107, player_healthbar_gone
108, player_healthbar_gone
109, player_healthbar_gone
110, player_healthbar_gone
111, player_healthbar_gone
112, player_healthbar_gone
113, player_healthbar_gone
114, player_healthbar_gone
115, player_healthbar_gone
116, player_healthbar_gone
117, player_healthbar_gone
118, player_healthbar_gone
119, player_healthbar_gone
120, player_healthbar_gone
121, player_healthbar_gone
122, player_healthbar_gone
123, player_healthbar_gone
124, player_healthbar_gone
125, player_healthbar_gone
126, player_healthbar_gone
127, player_healthbar_gone
128, player_healthbar_gone
129, player_healthbar_gone
130, player_healthbar_gone
131, player_healthbar_gone
132, player_healthbar_gone
133, player_healthbar_gone
134, player_healthbar_gone
135, player_healthbar_gone
136, player_healthbar_gone
137, player_healthbar_gone
138, player_healthbar_gone
139, player_healthbar_gone
140, player_healthbar_gone
141, player_healthbar_gone
142, player_healthbar_gone
143, player_healthbar_gone
144, player_healthbar_gone
145, player_healthbar_gone
146, player_healthbar_gone
147, player_healthbar_gone
148, player_healthbar_gone
149, player_healthbar_gone
150, player_healthbar_gone
151, player_healthbar_gone
152, player_healthbar_gone
153, player_healthbar_gone
154, player_healthbar_gone
155, player_healthbar_gone
156, player_healthbar_gone
157, player_healthbar_gone
158, player_healthbar_gone
159, player_healthbar_gone
160, player_healthbar_gone
161, player_healthbar_gone
162, player_healthbar_gone
163, player_healthbar_gone
164, player_healthbar_gone
165, player_healthbar_gone
166, player_healthbar_gone
167, player_healthbar_gone
168, player_healthbar_gone
169, player_healthbar_gone
170, player_healthbar_gone
171, player_healthbar_gone
172, player_healthbar_gone
173, player_healthbar_gone
174, player_healthbar_gone
175, player_healthbar_gone
176, player_healthbar_gone
177, player_healthbar_gone
178, player_healthbar_gone
179, player_healthbar_gone
180, player_healthbar_gone
181, player_healthbar_gone
182, player_healthbar_gone
183, player_healthbar_gone
184, player_healthbar_gone
185, player_healthbar_gone
186, player_healthbar_gone
187, player_healthbar_gone
188, player_healthbar_gone
189, player_healthbar_gone
190, player_healthbar_gone
191, player_healthbar_gone
192, player_healthbar_gone
193, player_healthbar_gone
194, player_healthbar_gone
195, player_healthbar_gone
196, player_healthbar_gone
197, player_healthbar_gone
198, player_healthbar_gone
199, player_healthbar_gone
200, player_healthbar_gone
201, player_healthbar_gone
202, player_healthbar_gone
203, player_healthbar_gone
204, player_healthbar_gone
205, player_healthbar_gone
206, player_healthbar_gone
207, player_healthbar_gone
208, player_healthbar_gone
209, player_healthbar_gone
210, player_healthbar_gone
211, player_healthbar_gone
212, player_healthbar_gone
213, player_healthbar_gone
214, player_healthbar_gone
215, player_healthbar_gone
216, player_healthbar_gone
217, player_healthbar_gone
218, player_healthbar_gone
219, player_healthbar_gone
220, player_healthbar_gone
221, player_healthbar_gone
222, player_healthbar_gone
223, player_healthbar_gone
224, player_healthbar_gone
225, player_healthbar_gone
226, player_healthbar_gone
227, player_healthbar_gone
228, player_healthbar_gone
229, player_healthbar_gone
230, player_healthbar_gone
231, player_healthbar_gone
232, player_healthbar_gone
233, player_healthbar_gone
234, player_healthbar_gone
235, player_healthbar_gone
236, player_healthbar_gone
237, player_healthbar_gone
238, player_healthbar_gone
239, player_healthbar_gone
240, player_healthbar_gone
241, player_healthbar_gone
242, player_healthbar_gone
243, player_healthbar_gone