1, player_healthbar_gone invisible_frame
2, player_healthbar_gone invisible_frame
3, player_healthbar_gone invisible_frame
4, player_healthbar_gone invisible_frame
5, player_healthbar_gone invisible_frame
6, player_healthbar_gone invisible_frame
7, player_healthbar_gone invisible_frame
8, player_healthbar_gone invisible_frame
9, player_healthbar_gone invisible_frame
10, player_healthbar_gone invisible_frame
11, player_healthbar_gone invisible_frame
12, player_healthbar_gone invisible_frame
13, player_healthbar_gone invisible_frame
14, player_healthbar_gone invisible_frame
15, player_healthbar_gone invisible_frame
16, player_healthbar_gone invisible_frame
17, player_healthbar_gone invisible_frame
18, player_healthbar_gone invisible_frame
19, player_healthbar_gone invisible_frame
20, player_healthbar_gone invisible_frame
21, player_healthbar_gone lighten_effect1 invisible_frame
22, player_healthbar_gone lighten_effect1 invisible_frame
23, player_healthbar_gone lighten_effect1 invisible_frame
24, player_healthbar_gone lighten_effect2 invisible_frame
25, player_healthbar_gone lighten_effect2 invisible_frame
26, player_healthbar_gone lighten_effect2 invisible_frame
27, player_healthbar_gone lighten_effect1 invisible_frame
28, player_healthbar_gone lighten_effect1 invisible_frame
29, player_healthbar_gone lighten_effect1 invisible_frame
30, player_healthbar_gone invisible_frame
31, player_healthbar_gone invisible_frame
32, player_healthbar_gone invisible_frame
33, player_healthbar_gone darken_effect1 invisible_frame
34, player_healthbar_gone darken_effect1 invisible_frame
35, player_healthbar_gone darken_effect1 invisible_frame
36, player_healthbar_gone darken_effect2 invisible_frame
37, player_healthbar_gone darken_effect2 invisible_frame
38, player_healthbar_gone darken_effect2 invisible_frame
39, player_healthbar_gone darken_effect1 invisible_frame
40, player_healthbar_gone darken_effect1 invisible_frame
41, player_healthbar_gone darken_effect1 invisible_frame
42, player_healthbar_gone invisible_frame
43, player_healthbar_gone invisible_frame
44, player_healthbar_gone invisible_frame
45, player_healthbar_gone lighten_effect1 invisible_frame
46, player_healthbar_gone lighten_effect1 invisible_frame
47, player_healthbar_gone lighten_effect1 invisible_frame
48, player_healthbar_gone lighten_effect2 invisible_frame
49, player_healthbar_gone lighten_effect2 invisible_frame
50, player_healthbar_gone lighten_effect2 invisible_frame
51, player_healthbar_gone lighten_effect1 invisible_frame
52, player_healthbar_gone lighten_effect1 invisible_frame
53, player_healthbar_gone lighten_effect1 invisible_frame
54, player_healthbar_gone invisible_frame
55, player_healthbar_gone invisible_frame
56, player_healthbar_gone invisible_frame
57, player_healthbar_gone darken_effect1 invisible_frame
58, player_healthbar_gone darken_effect1 invisible_frame
59, player_healthbar_gone darken_effect1 invisible_frame
60, player_healthbar_gone darken_effect2 invisible_frame
61, player_healthbar_gone darken_effect2 invisible_frame
62, player_healthbar_gone darken_effect2 invisible_frame
63, player_healthbar_gone darken_effect1 invisible_frame
64, player_healthbar_gone darken_effect1 invisible_frame
65, player_healthbar_gone darken_effect1 invisible_frame
66, player_healthbar_gone invisible_frame
67, player_healthbar_gone invisible_frame
68, player_healthbar_gone invisible_frame
69, player_healthbar_gone lighten_effect1 invisible_frame
70, player_healthbar_gone lighten_effect1 invisible_frame
71, player_healthbar_gone lighten_effect1 invisible_frame
72, player_healthbar_gone lighten_effect2 invisible_frame
73, player_healthbar_gone lighten_effect2
74, player_healthbar_gone lighten_effect2
75, player_healthbar_gone lighten_effect1
76, player_healthbar_gone lighten_effect1
77, player_healthbar_gone lighten_effect1
78, player_healthbar_gone
79, player_healthbar_gone
80, player_healthbar_gone
81, player_healthbar_gone darken_effect1
82, player_healthbar_gone darken_effect1
83, player_healthbar_gone darken_effect1
84, player_healthbar_gone darken_effect2
85, player_healthbar_gone darken_effect2
86, player_healthbar_gone darken_effect2
87, player_healthbar_gone darken_effect1
88, player_healthbar_gone darken_effect1
89, player_healthbar_gone darken_effect1
90, player_healthbar_gone
91, player_healthbar_gone
92, player_healthbar_gone
93, player_healthbar_gone lighten_effect1
94, player_healthbar_gone lighten_effect1
95, player_healthbar_gone lighten_effect1
96, player_healthbar_gone lighten_effect2
97, player_healthbar_gone lighten_effect2
98, player_healthbar_gone lighten_effect2
99, player_healthbar_gone lighten_effect1
100, player_healthbar_gone lighten_effect1
101, player_healthbar_gone lighten_effect1
102, player_healthbar_gone
103, player_healthbar_gone
104, player_healthbar_gone
105, player_healthbar_gone darken_effect1
106, player_healthbar_gone darken_effect1
107, player_healthbar_gone darken_effect1
108, player_healthbar_gone darken_effect2
109, player_healthbar_gone darken_effect2
110, player_healthbar_gone darken_effect2
111, player_healthbar_gone darken_effect1
112, player_healthbar_gone darken_effect1
113, player_healthbar_gone darken_effect1
114, player_healthbar_gone
115, player_healthbar_gone
116, player_healthbar_gone
117, player_healthbar_gone lighten_effect1
118, player_healthbar_gone lighten_effect1
119, player_healthbar_gone lighten_effect1
120, player_healthbar_gone lighten_effect2
121, player_healthbar_gone lighten_effect2
122, player_healthbar_gone lighten_effect2
123, player_healthbar_gone lighten_effect1
124, player_healthbar_gone lighten_effect1
125, player_healthbar_gone lighten_effect1
126, player_healthbar_gone
127, player_healthbar_gone
128, player_healthbar_gone
129, player_healthbar_gone darken_effect1
130, player_healthbar_gone darken_effect1
131, player_healthbar_gone darken_effect1
132, player_healthbar_gone darken_effect2
133, player_healthbar_gone darken_effect2
134, player_healthbar_gone darken_effect2
135, player_healthbar_gone darken_effect1
136, player_healthbar_gone darken_effect1
137, player_healthbar_gone darken_effect1
138, player_healthbar_gone
139, player_healthbar_gone invisible_frame
140, player_healthbar_gone invisible_frame
141, player_healthbar_gone lighten_effect1 invisible_frame
142, player_healthbar_gone lighten_effect1 invisible_frame
143, player_healthbar_gone lighten_effect1 invisible_frame
144, player_healthbar_gone lighten_effect2 invisible_frame
145, player_healthbar_gone lighten_effect2 invisible_frame
146, player_healthbar_gone lighten_effect2 invisible_frame
147, player_healthbar_gone lighten_effect1 invisible_frame
148, player_healthbar_gone lighten_effect1 invisible_frame
149, player_healthbar_gone lighten_effect1 invisible_frame
150, player_healthbar_gone invisible_frame
151, player_healthbar_gone invisible_frame
152, player_healthbar_gone invisible_frame
153, player_healthbar_gone darken_effect1 invisible_frame
154, player_healthbar_gone darken_effect1 invisible_frame
155, player_healthbar_gone darken_effect1 invisible_frame
156, player_healthbar_gone darken_effect2 invisible_frame
157, player_healthbar_gone darken_effect2 invisible_frame
158, player_healthbar_gone darken_effect2 invisible_frame
159, player_healthbar_gone darken_effect1 invisible_frame
160, player_healthbar_gone darken_effect1 invisible_frame
161, player_healthbar_gone darken_effect1 invisible_frame
162, player_healthbar_gone invisible_frame
163, player_healthbar_gone invisible_frame
164, player_healthbar_gone invisible_frame
165, player_healthbar_gone lighten_effect1 invisible_frame
166, player_healthbar_gone lighten_effect1 invisible_frame
167, player_healthbar_gone lighten_effect1 invisible_frame
168, player_healthbar_gone lighten_effect2 invisible_frame
169, player_healthbar_gone lighten_effect2 invisible_frame
170, player_healthbar_gone lighten_effect2 invisible_frame
171, player_healthbar_gone lighten_effect1 invisible_frame
172, player_healthbar_gone lighten_effect1 invisible_frame
173, player_healthbar_gone lighten_effect1 invisible_frame
174, player_healthbar_gone invisible_frame
175, player_healthbar_gone invisible_frame
176, player_healthbar_gone invisible_frame
177, player_healthbar_gone darken_effect1 invisible_frame
178, player_healthbar_gone darken_effect1 invisible_frame
179, player_healthbar_gone darken_effect1 invisible_frame
180, player_healthbar_gone darken_effect2 invisible_frame
181, player_healthbar_gone darken_effect2 invisible_frame
182, player_healthbar_gone darken_effect2 invisible_frame
183, player_healthbar_gone darken_effect1 invisible_frame
184, player_healthbar_gone darken_effect1 invisible_frame
185, player_healthbar_gone darken_effect1 invisible_frame
186, player_healthbar_gone invisible_frame
187, player_healthbar_gone invisible_frame
188, player_healthbar_gone invisible_frame
189, player_healthbar_gone lighten_effect1 invisible_frame
190, player_healthbar_gone lighten_effect1 invisible_frame
191, player_healthbar_gone lighten_effect1 invisible_frame
192, player_healthbar_gone lighten_effect2 invisible_frame
193, player_healthbar_gone lighten_effect2 invisible_frame
194, player_healthbar_gone lighten_effect2 invisible_frame
195, player_healthbar_gone lighten_effect1 invisible_frame
196, player_healthbar_gone lighten_effect1 invisible_frame
197, player_healthbar_gone lighten_effect1 invisible_frame
198, player_healthbar_gone invisible_frame
199, player_healthbar_gone invisible_frame
200, player_healthbar_gone invisible_frame
201, player_healthbar_gone darken_effect1 invisible_frame
202, player_healthbar_gone darken_effect1 invisible_frame
203, player_healthbar_gone invisible_frame
204, player_healthbar_gone invisible_frame
205, player_healthbar_gone invisible_frame
206, player_healthbar_gone invisible_frame
207, player_healthbar_gone invisible_frame