1, enemy_healthbar_gone invisible frame
2, enemy_healthbar_gone screenshot:0,0,160,144 invisible frame
3, enemy_healthbar_gone invisible frame
4, enemy_healthbar_gone invisible frame
5, enemy_healthbar_gone invisible frame
6, enemy_healthbar_gone invisible frame
7, enemy_healthbar_gone invisible frame
8, enemy_healthbar_gone invisible frame
9, enemy_healthbar_gone invisible frame
10, enemy_healthbar_gone invisible frame
11, enemy_healthbar_gone invisible frame
12, enemy_healthbar_gone invisible frame
13, enemy_healthbar_gone invisible frame
14, enemy_healthbar_gone invisible frame
15, enemy_healthbar_gone invisible frame
16, enemy_healthbar_gone invisible frame
17, enemy_healthbar_gone invisible frame
18, enemy_healthbar_gone invisible frame
19, enemy_healthbar_gone invisible frame
20, enemy_healthbar_gone invisible frame
21, enemy_healthbar_gone invisible frame
22, enemy_healthbar_gone invisible frame
23, enemy_healthbar_gone invisible frame
24, enemy_healthbar_gone invisible frame
25, enemy_healthbar_gone invisible frame
26, enemy_healthbar_gone invisible frame
27, enemy_healthbar_gone invisible frame
28, enemy_healthbar_gone invisible frame
29, enemy_healthbar_gone invisible frame
30, enemy_healthbar_gone row_displace:1.0 displace_target:enemy invisible frame
31, enemy_healthbar_gone row_displace:1.0 displace_target:enemy invisible frame
32, enemy_healthbar_gone row_displace:1.0 displace_target:enemy invisible frame
33, enemy_healthbar_gone row_displace:1.0 displace_target:enemy invisible frame
34, enemy_healthbar_gone row_displace:1.0 displace_target:enemy invisible frame
35, enemy_healthbar_gone row_displace:1.0 displace_target:enemy invisible frame
36, enemy_healthbar_gone row_displace:1.0 displace_target:enemy invisible frame
37, enemy_healthbar_gone row_displace:1.0 displace_target:enemy invisible frame
38, enemy_healthbar_gone row_displace:1.0 displace_target:enemy invisible frame
39, enemy_healthbar_gone row_displace:1.0 displace_target:enemy invisible frame
40, enemy_healthbar_gone row_displace:1.0 displace_target:enemy invisible frame
41, enemy_healthbar_gone row_displace:1.0 displace_target:enemy invisible frame
42, enemy_healthbar_gone row_displace:1.0 displace_target:enemy invisible frame
43, enemy_healthbar_gone row_displace:1.0 displace_target:enemy invisible frame
44, enemy_healthbar_gone row_displace:1.0 displace_target:enemy invisible frame
45, enemy_healthbar_gone row_displace:1.0 displace_target:enemy invisible frame
46, enemy_healthbar_gone row_displace:1.0 displace_target:enemy invisible frame
47, enemy_healthbar_gone row_displace:1.0 displace_target:enemy invisible frame
48, enemy_healthbar_gone row_displace:1.0 displace_target:enemy invisible frame
49, enemy_healthbar_gone row_displace:1.0 displace_target:enemy invisible frame
50, enemy_healthbar_gone row_displace:1.0 displace_target:enemy invisible frame
51, enemy_healthbar_gone row_displace:1.0 displace_target:enemy invisible frame
52, enemy_healthbar_gone row_displace:1.0 displace_target:enemy invisible frame
53, enemy_healthbar_gone row_displace:1.0 displace_target:enemy invisible frame
54, enemy_healthbar_gone row_displace:1.0 displace_target:enemy invisible frame
55, enemy_healthbar_gone row_displace:1.0 displace_target:enemy invisible frame
56, enemy_healthbar_gone row_displace:1.0 displace_target:enemy invisible frame
57, enemy_healthbar_gone row_displace:1.0 displace_target:enemy invisible frame
58, enemy_healthbar_gone row_displace:1.0 displace_target:enemy invisible frame
59, enemy_healthbar_gone row_displace:1.0 displace_target:enemy invisible frame
60, enemy_healthbar_gone row_displace:1.0 displace_target:enemy invisible frame
61, enemy_healthbar_gone row_displace:1.0 displace_target:enemy invisible frame
62, enemy_healthbar_gone row_displace:1.0 displace_target:enemy invisible frame
63, enemy_healthbar_gone enemy_sprite_gone invisible frame
64, enemy_healthbar_gone enemy_sprite_gone invisible frame
65, enemy_healthbar_gone enemy_sprite_gone invisible frame
66, enemy_healthbar_gone enemy_sprite_gone invisible frame
67, enemy_healthbar_gone enemy_sprite_gone invisible frame
68, enemy_healthbar_gone enemy_sprite_gone invisible frame
69, enemy_healthbar_gone enemy_sprite_gone invisible frame
70, enemy_healthbar_gone enemy_sprite_gone invisible frame
71, enemy_healthbar_gone enemy_sprite_gone invisible frame
72, enemy_healthbar_gone enemy_sprite_gone invisible frame
73, enemy_healthbar_gone enemy_sprite_gone invisible frame
74, enemy_healthbar_gone enemy_sprite_gone invisible frame
75, enemy_healthbar_gone enemy_sprite_gone invisible frame
76, enemy_healthbar_gone enemy_sprite_gone invisible frame
77, enemy_healthbar_gone enemy_sprite_gone invisible frame
78, enemy_healthbar_gone enemy_sprite_gone
79, enemy_healthbar_gone enemy_sprite_gone
80, enemy_healthbar_gone enemy_sprite_gone
81, enemy_healthbar_gone enemy_sprite_gone
82, enemy_healthbar_gone enemy_sprite_gone
83, enemy_healthbar_gone enemy_sprite_gone
84, enemy_healthbar_gone enemy_sprite_gone
85, enemy_healthbar_gone enemy_sprite_gone
86, enemy_healthbar_gone enemy_sprite_gone
87, enemy_healthbar_gone enemy_sprite_gone
88, enemy_healthbar_gone enemy_sprite_gone
89, enemy_healthbar_gone enemy_sprite_gone invisible frame
90, enemy_healthbar_gone enemy_sprite_gone invisible frame
91, enemy_healthbar_gone enemy_sprite_gone invisible frame
92, enemy_healthbar_gone enemy_sprite_gone invisible frame
93, enemy_healthbar_gone enemy_sprite_gone invisible frame
94, enemy_healthbar_gone enemy_sprite_gone invisible frame
95, enemy_healthbar_gone enemy_sprite_gone invisible frame
96, enemy_healthbar_gone enemy_sprite_gone invisible frame
97, enemy_healthbar_gone enemy_sprite_gone invisible frame
98, enemy_healthbar_gone enemy_sprite_gone invisible frame
99, enemy_healthbar_gone enemy_sprite_gone invisible frame
100, enemy_healthbar_gone enemy_sprite_gone invisible frame
101, enemy_healthbar_gone enemy_sprite_gone invisible frame
102, enemy_healthbar_gone enemy_sprite_gone invisible frame
103, enemy_healthbar_gone enemy_sprite_gone invisible frame
104, enemy_healthbar_gone enemy_sprite_gone invisible frame
105, enemy_healthbar_gone enemy_sprite_gone invisible frame
106, enemy_healthbar_gone enemy_sprite_gone invisible frame
107, enemy_healthbar_gone enemy_sprite_gone invisible frame
108, enemy_healthbar_gone enemy_sprite_gone invisible frame
109, enemy_healthbar_gone enemy_sprite_gone invisible frame
110, enemy_healthbar_gone enemy_sprite_gone invisible frame
111, enemy_healthbar_gone enemy_sprite_gone invisible frame
112, enemy_healthbar_gone enemy_sprite_gone invisible frame
113, enemy_healthbar_gone enemy_sprite_gone invisible frame
114, enemy_healthbar_gone enemy_sprite_gone invisible frame
115, enemy_healthbar_gone enemy_sprite_gone invisible frame
116, enemy_healthbar_gone enemy_sprite_gone invisible frame
117, enemy_healthbar_gone enemy_sprite_gone invisible frame
118, enemy_healthbar_gone enemy_sprite_gone invisible frame
119, enemy_healthbar_gone enemy_sprite_gone invisible frame
120, enemy_healthbar_gone enemy_sprite_gone invisible frame
121, enemy_healthbar_gone enemy_sprite_gone invisible frame
122, enemy_healthbar_gone enemy_sprite_gone invisible frame
123, enemy_healthbar_gone enemy_sprite_gone invisible frame
124, enemy_healthbar_gone enemy_sprite_gone invisible frame
125, enemy_healthbar_gone enemy_sprite_gone invisible frame
126, enemy_healthbar_gone enemy_sprite_gone invisible frame
127, enemy_healthbar_gone enemy_sprite_gone invisible frame
128, enemy_healthbar_gone enemy_sprite_gone invisible frame
129, enemy_healthbar_gone enemy_sprite_gone invisible frame
130, enemy_healthbar_gone enemy_sprite_gone invisible frame
131, enemy_healthbar_gone enemy_sprite_gone invisible frame
132, enemy_healthbar_gone enemy_sprite_gone invisible frame
133, enemy_healthbar_gone enemy_sprite_gone invisible frame
134, enemy_healthbar_gone enemy_sprite_gone invisible frame
135, enemy_healthbar_gone enemy_sprite_gone invisible frame
136, enemy_healthbar_gone enemy_sprite_gone invisible frame
137, enemy_healthbar_gone enemy_sprite_gone invisible frame
138, enemy_healthbar_gone enemy_sprite_gone invisible frame
139, enemy_healthbar_gone enemy_sprite_gone invisible frame
140, enemy_healthbar_gone enemy_sprite_gone invisible frame
141, enemy_healthbar_gone enemy_sprite_gone invisible frame
142, enemy_healthbar_gone enemy_sprite_gone invisible frame
143, enemy_healthbar_gone enemy_sprite_gone invisible frame
144, enemy_healthbar_gone enemy_sprite_gone invisible frame
145, enemy_healthbar_gone enemy_sprite_gone invisible frame
146, enemy_healthbar_gone enemy_sprite_gone invisible frame
147, enemy_healthbar_gone enemy_sprite_gone invisible frame
148, enemy_healthbar_gone enemy_sprite_gone invisible frame
149, enemy_healthbar_gone enemy_sprite_gone invisible frame