1, player_healthbar_gone invisible_frame
2, player_healthbar_gone invisible_frame
3, player_healthbar_gone invisible_frame
4, player_healthbar_gone invisible_frame
5, player_healthbar_gone invisible_frame
6, player_healthbar_gone invisible_frame
7, player_healthbar_gone invisible_frame
8, player_healthbar_gone invisible_frame
9, player_healthbar_gone invisible_frame
10, player_healthbar_gone invisible_frame
11, player_healthbar_gone invisible_frame
12, player_healthbar_gone invisible_frame
13, player_healthbar_gone invisible_frame
14, player_healthbar_gone invisible_frame
15, player_healthbar_gone invisible_frame
16, player_healthbar_gone invisible_frame
17, player_healthbar_gone invisible_frame
18, player_healthbar_gone invisible_frame
19, player_healthbar_gone invisible_frame
20, player_healthbar_gone invisible_frame
21, player_healthbar_gone invisible_frame
22, player_healthbar_gone invisible_frame
23, player_healthbar_gone invisible_frame
24, player_healthbar_gone invisible_frame
25, player_healthbar_gone invisible_frame
26, player_healthbar_gone invisible_frame
27, player_healthbar_gone invisible_frame
28, player_healthbar_gone invisible_frame
29, player_healthbar_gone player_translate_y:-2 invisible_frame
30, player_healthbar_gone player_translate_y:-3 invisible_frame
31, player_healthbar_gone player_translate_y:-4 invisible_frame
32, player_healthbar_gone player_translate_y:-5 invisible_frame
33, player_healthbar_gone player_translate_y:-7 invisible_frame
34, player_healthbar_gone player_translate_y:-10 invisible_frame
35, player_healthbar_gone player_translate_y:-12 invisible_frame
36, player_healthbar_gone player_translate_y:-15 invisible_frame
37, player_healthbar_gone player_translate_y:-18 invisible_frame
38, player_healthbar_gone player_translate_y:-21 invisible_frame
39, player_healthbar_gone player_translate_y:-24 invisible_frame
40, player_healthbar_gone player_translate_y:-26 invisible_frame
41, player_healthbar_gone player_translate_y:-29 invisible_frame
42, player_healthbar_gone player_translate_y:-31 invisible_frame
43, player_healthbar_gone player_translate_y:-32 invisible_frame
44, player_healthbar_gone player_translate_y:-33 invisible_frame
45, player_healthbar_gone player_translate_y:-34 invisible_frame
46, player_healthbar_gone player_translate_y:-33 invisible_frame
47, player_healthbar_gone player_translate_y:-32 invisible_frame
48, player_healthbar_gone player_translate_y:-31 invisible_frame
49, player_healthbar_gone player_translate_y:-29 invisible_frame
50, player_healthbar_gone player_translate_y:-26 invisible_frame
51, player_healthbar_gone player_translate_y:-24 invisible_frame
52, player_healthbar_gone player_translate_y:-21 invisible_frame
53, player_healthbar_gone player_translate_y:-18 invisible_frame
54, player_healthbar_gone player_translate_y:-15 invisible_frame
55, player_healthbar_gone player_translate_y:-12 invisible_frame
56, player_healthbar_gone player_translate_y:-10 invisible_frame
57, player_healthbar_gone player_translate_y:-7 invisible_frame
58, player_healthbar_gone player_translate_y:-5 invisible_frame
59, player_healthbar_gone player_translate_y:-4 invisible_frame
60, player_healthbar_gone invisible_frame
61, player_healthbar_gone invisible_frame
62, player_healthbar_gone invisible_frame
63, player_healthbar_gone invisible_frame
64, player_healthbar_gone invisible_frame
65, player_healthbar_gone invisible_frame
66, player_healthbar_gone invisible_frame
67, player_healthbar_gone invisible_frame
68, player_healthbar_gone player_translate_x:2 invisible_frame
69, player_healthbar_gone player_translate_x:4 invisible_frame
70, player_healthbar_gone player_translate_x:6
71, player_healthbar_gone player_translate_x:8
72, player_healthbar_gone player_translate_x:10
73, player_healthbar_gone player_translate_x:8
74, player_healthbar_gone player_translate_x:6
75, player_healthbar_gone player_translate_x:4
76, player_healthbar_gone player_translate_x:2
77, player_healthbar_gone
78, player_healthbar_gone
79, player_healthbar_gone
80, player_healthbar_gone
81, player_healthbar_gone
82, player_healthbar_gone
83, player_healthbar_gone
84, player_healthbar_gone invisible_frame
85, player_healthbar_gone invisible_frame
86, player_healthbar_gone invisible_frame
87, player_healthbar_gone invisible_frame
88, player_healthbar_gone invisible_frame
89, player_healthbar_gone invisible_frame
90, player_healthbar_gone invisible_frame
91, player_healthbar_gone invisible_frame
92, player_healthbar_gone invisible_frame
93, player_healthbar_gone invisible_frame
94, player_healthbar_gone invisible_frame
95, player_healthbar_gone invisible_frame
96, invisible_frame
97, invisible_frame
98, invisible_frame