1, player_healthbar_gone
2, player_healthbar_gone screenshot:0,0,160,144
3, player_healthbar_gone
4, player_healthbar_gone
5, player_healthbar_gone
6, player_healthbar_gone
7, player_healthbar_gone
8, player_healthbar_gone
9, player_healthbar_gone
10, player_healthbar_gone
11, player_healthbar_gone
12, player_healthbar_gone
13, player_healthbar_gone
14, player_healthbar_gone
15, player_healthbar_gone
16, player_healthbar_gone
17, player_healthbar_gone
18, player_healthbar_gone
19, player_healthbar_gone
20, player_healthbar_gone
21, player_healthbar_gone
22, player_healthbar_gone
23, player_healthbar_gone
24, player_healthbar_gone
25, player_healthbar_gone
26, player_healthbar_gone
27, player_healthbar_gone
28, player_healthbar_gone
29, player_healthbar_gone
30, player_healthbar_gone
31, player_healthbar_gone
32, player_healthbar_gone
33, player_healthbar_gone
34, player_healthbar_gone
35, player_healthbar_gone
36, player_healthbar_gone
37, player_healthbar_gone
38, player_healthbar_gone
39, player_healthbar_gone
40, player_healthbar_gone
41, player_healthbar_gone
42, player_healthbar_gone
43, player_healthbar_gone
44, player_healthbar_gone
45, player_healthbar_gone
46, player_healthbar_gone
47, player_healthbar_gone
48, player_healthbar_gone
49, player_healthbar_gone
50, player_healthbar_gone
51, player_healthbar_gone
52, player_healthbar_gone
53, player_healthbar_gone
54, player_healthbar_gone
55, player_healthbar_gone
56, player_healthbar_gone
57, player_healthbar_gone
58, player_healthbar_gone
59, player_healthbar_gone
60, player_healthbar_gone
61, player_healthbar_gone
62, player_healthbar_gone
63, player_healthbar_gone
64, player_healthbar_gone
65, player_healthbar_gone
66, player_healthbar_gone
67, player_healthbar_gone
68, player_healthbar_gone
69, player_healthbar_gone
70, player_healthbar_gone
71, player_healthbar_gone
72, player_healthbar_gone
73, player_healthbar_gone
74, player_healthbar_gone
75, player_healthbar_gone
76, player_healthbar_gone
77, player_healthbar_gone
78, player_healthbar_gone
79, player_healthbar_gone
80, player_healthbar_gone
81, player_healthbar_gone
82, player_healthbar_gone
83, player_healthbar_gone
84, player_healthbar_gone
85, player_healthbar_gone
86, player_healthbar_gone
87, player_healthbar_gone
88, player_healthbar_gone
89, player_healthbar_gone
90, player_healthbar_gone
91, player_healthbar_gone
92, player_healthbar_gone
93, player_healthbar_gone
94, player_healthbar_gone
95, player_healthbar_gone
96, player_healthbar_gone
97, player_healthbar_gone
98, player_healthbar_gone
99, player_healthbar_gone
100, player_healthbar_gone
101, player_healthbar_gone
102, player_healthbar_gone
103, player_healthbar_gone
104, player_healthbar_gone
105, player_healthbar_gone
106, player_healthbar_gone
107, player_healthbar_gone
108, player_healthbar_gone
109, player_healthbar_gone
110, player_healthbar_gone
111, player_healthbar_gone
112, player_healthbar_gone
113, player_healthbar_gone
114, player_healthbar_gone
115, player_healthbar_gone
116, player_healthbar_gone
117, player_healthbar_gone
118, player_healthbar_gone
119, player_healthbar_gone
120, player_healthbar_gone
121, player_healthbar_gone
122, player_healthbar_gone
123, player_healthbar_gone
124, player_healthbar_gone
125, player_healthbar_gone
126, player_healthbar_gone
127, player_healthbar_gone
128, player_healthbar_gone
129, player_healthbar_gone
130, player_healthbar_gone
131, player_healthbar_gone
132, player_healthbar_gone
133, player_healthbar_gone
134, player_healthbar_gone
135, player_healthbar_gone
136, player_healthbar_gone
137, player_healthbar_gone
138, player_healthbar_gone
139, player_healthbar_gone
140, player_healthbar_gone
141, player_healthbar_gone
142, player_healthbar_gone
143, player_healthbar_gone
144, player_healthbar_gone
145, player_healthbar_gone
146, player_healthbar_gone
147, player_healthbar_gone
148, player_healthbar_gone
149, player_healthbar_gone
150, player_healthbar_gone
151, player_healthbar_gone
152, player_healthbar_gone
153, player_healthbar_gone
154, player_healthbar_gone
155, player_healthbar_gone
156, player_healthbar_gone
157, player_healthbar_gone
158, player_healthbar_gone
159, player_healthbar_gone
160, player_healthbar_gone
161, player_healthbar_gone
162, player_healthbar_gone row_copy:28,30 row_copy:29,30 row_copy:30,32
163, player_healthbar_gone row_copy:26,28 row_copy:27,30 row_copy:28,30 row_copy:29,31 row_copy:30,32 row_copy:31,34 row_copy:32,34
164, player_healthbar_gone row_copy:25,26 row_copy:26,28 row_copy:27,29 row_copy:28,31 row_copy:29,31 row_copy:30,33 row_copy:31,33 row_copy:32,34 row_copy:33,34
165, player_healthbar_gone row_copy:22,20 row_copy:23,21 row_copy:24,23 row_copy:26,27 row_copy:27,29 row_copy:28,30 row_copy:29,32 row_copy:30,32 row_copy:31,33 row_copy:32,33 row_copy:34,33 row_copy:35,33 row_copy:36,34
166, player_healthbar_gone row_copy:20,18 row_copy:21,19 row_copy:22,19 row_copy:23,21 row_copy:24,22 row_copy:25,24 row_copy:27,28 row_copy:28,30 row_copy:29,31 row_copy:30,32 row_copy:31,32 row_copy:33,32 row_copy:34,32 row_copy:35,33 row_copy:36,33 row_copy:37,35 row_copy:38,36
167, player_healthbar_gone row_copy:20,18 row_copy:21,19 row_copy:22,19 row_copy:23,21 row_copy:24,22 row_copy:25,24 row_copy:27,28 row_copy:28,30 row_copy:29,31 row_copy:30,32 row_copy:31,32 row_copy:33,32 row_copy:34,32 row_copy:35,33 row_copy:36,33 row_copy:37,35 row_copy:38,36
168, player_healthbar_gone row_copy:18,19 row_copy:20,19 row_copy:21,19 row_copy:22,20 row_copy:23,20 row_copy:24,22 row_copy:25,23 row_copy:26,25 row_copy:28,29 row_copy:29,31 row_copy:30,31 row_copy:32,31 row_copy:33,31 row_copy:34,32 row_copy:35,32 row_copy:36,34 row_copy:37,35 row_copy:38,37 row_copy:40,41
169, player_healthbar_gone row_copy:18,19 row_copy:20,19 row_copy:21,19 row_copy:22,20 row_copy:23,20 row_copy:24,22 row_copy:25,23 row_copy:26,25 row_copy:28,29 row_copy:29,31 row_copy:30,31 row_copy:32,31 row_copy:33,31 row_copy:34,32 row_copy:35,32 row_copy:36,34 row_copy:37,35 row_copy:38,37 row_copy:40,41
170, player_healthbar_gone row_copy:16,19 row_copy:17,19 row_copy:18,20 row_copy:19,20 row_copy:21,20 row_copy:22,20 row_copy:23,21 row_copy:24,21 row_copy:25,23 row_copy:26,24 row_copy:27,26 row_copy:29,30 row_copy:31,30 row_copy:32,30 row_copy:33,31 row_copy:34,31 row_copy:35,33 row_copy:36,34 row_copy:37,36 row_copy:39,40 row_copy:40,42 row_copy:41,43 row_copy:42,45
171, player_healthbar_gone row_copy:16,19 row_copy:17,19 row_copy:18,20 row_copy:19,20 row_copy:21,20 row_copy:22,20 row_copy:23,21 row_copy:24,21 row_copy:25,23 row_copy:26,24 row_copy:27,26 row_copy:29,30 row_copy:31,30 row_copy:32,30 row_copy:33,31 row_copy:34,31 row_copy:35,33 row_copy:36,34 row_copy:37,36 row_copy:39,40 row_copy:40,42 row_copy:41,43 row_copy:42,45
172, player_healthbar_gone row_copy:15,16 row_copy:16,17 row_copy:17,19 row_copy:18,19 row_copy:19,20 row_copy:23,22 row_copy:24,23 row_copy:25,23 row_copy:26,25 row_copy:27,26 row_copy:31,30 row_copy:32,31 row_copy:33,31 row_copy:34,33 row_copy:35,34 row_copy:39,40 row_copy:40,41 row_copy:41,43 row_copy:42,43 row_copy:43,44
173, player_healthbar_gone row_copy:15,16 row_copy:16,17 row_copy:17,19 row_copy:18,19 row_copy:19,20 row_copy:23,22 row_copy:24,23 row_copy:25,23 row_copy:26,25 row_copy:27,26 row_copy:31,30 row_copy:32,31 row_copy:33,31 row_copy:34,33 row_copy:35,34 row_copy:39,40 row_copy:40,41 row_copy:41,43 row_copy:42,43 row_copy:43,44
174, player_healthbar_gone row_copy:12,11 row_copy:16,17 row_copy:17,18 row_copy:18,20 row_copy:19,20 row_copy:20,21 row_copy:24,23 row_copy:25,24 row_copy:26,24 row_copy:27,26 row_copy:28,27 row_copy:30,29 row_copy:31,30 row_copy:32,30 row_copy:33,32 row_copy:34,33 row_copy:38,39 row_copy:39,40 row_copy:40,42 row_copy:41,42 row_copy:42,43 row_copy:46,45
175, player_healthbar_gone row_copy:12,11 row_copy:16,17 row_copy:17,18 row_copy:18,20 row_copy:19,20 row_copy:20,21 row_copy:24,23 row_copy:25,24 row_copy:26,24 row_copy:27,26 row_copy:28,27 row_copy:30,29 row_copy:31,30 row_copy:32,30 row_copy:33,32 row_copy:34,33 row_copy:38,39 row_copy:39,40 row_copy:40,42 row_copy:41,42 row_copy:42,43 row_copy:46,45
176, player_healthbar_gone row_copy:10,9 row_copy:11,9 row_copy:12,11 row_copy:13,12 row_copy:17,18 row_copy:18,19 row_copy:19,21 row_copy:20,21 row_copy:21,22 row_copy:25,24 row_copy:26,25 row_copy:27,25 row_copy:28,27 row_copy:29,28 row_copy:30,29 row_copy:31,29 row_copy:32,31 row_copy:33,32 row_copy:37,38 row_copy:38,39 row_copy:39,41 row_copy:40,41 row_copy:41,42 row_copy:45,44 row_copy:46,45 row_copy:47,45 row_copy:48,47
177, player_healthbar_gone row_copy:10,9 row_copy:11,9 row_copy:12,11 row_copy:13,12 row_copy:17,18 row_copy:18,19 row_copy:19,21 row_copy:20,21 row_copy:21,22 row_copy:25,24 row_copy:26,25 row_copy:27,25 row_copy:28,27 row_copy:29,28 row_copy:30,29 row_copy:31,29 row_copy:32,31 row_copy:33,32 row_copy:37,38 row_copy:38,39 row_copy:39,41 row_copy:40,41 row_copy:41,42 row_copy:45,44 row_copy:46,45 row_copy:47,45 row_copy:48,47
178, player_healthbar_gone row_copy:10,9 row_copy:11,10 row_copy:12,10 row_copy:13,12 row_copy:14,13 row_copy:18,19 row_copy:19,20 row_copy:20,22 row_copy:21,22 row_copy:22,23 row_copy:26,25 row_copy:27,26 row_copy:28,26 row_copy:29,28 row_copy:30,28 row_copy:31,30 row_copy:32,31 row_copy:36,37 row_copy:37,38 row_copy:38,40 row_copy:39,40 row_copy:40,41 row_copy:44,43 row_copy:45,44 row_copy:46,44 row_copy:47,46 row_copy:48,47
179, player_healthbar_gone row_copy:10,9 row_copy:11,10 row_copy:12,10 row_copy:13,12 row_copy:14,13 row_copy:18,19 row_copy:19,20 row_copy:20,22 row_copy:21,22 row_copy:22,23 row_copy:26,25 row_copy:27,26 row_copy:28,26 row_copy:29,28 row_copy:30,28 row_copy:31,30 row_copy:32,31 row_copy:36,37 row_copy:37,38 row_copy:38,40 row_copy:39,40 row_copy:40,41 row_copy:44,43 row_copy:45,44 row_copy:46,44 row_copy:47,46 row_copy:48,47
180, player_healthbar_gone row_copy:6,7 row_copy:7,8 row_copy:11,10 row_copy:12,11 row_copy:13,11 row_copy:14,13 row_copy:15,14 row_copy:19,20 row_copy:20,21 row_copy:21,23 row_copy:22,23 row_copy:23,24 row_copy:27,26 row_copy:28,27 row_copy:29,27 row_copy:30,29 row_copy:31,30 row_copy:35,36 row_copy:36,37 row_copy:37,39 row_copy:38,39 row_copy:39,40 row_copy:43,42 row_copy:44,43 row_copy:45,43 row_copy:46,45 row_copy:47,46 row_copy:51,52 row_copy:52,53
181, player_healthbar_gone row_copy:6,7 row_copy:7,8 row_copy:11,10 row_copy:12,11 row_copy:13,11 row_copy:14,13 row_copy:15,14 row_copy:19,20 row_copy:20,21 row_copy:21,23 row_copy:22,23 row_copy:23,24 row_copy:27,26 row_copy:28,27 row_copy:29,27 row_copy:30,29 row_copy:31,30 row_copy:35,36 row_copy:36,37 row_copy:37,39 row_copy:38,39 row_copy:39,40 row_copy:43,42 row_copy:44,43 row_copy:45,43 row_copy:46,45 row_copy:47,46 row_copy:51,52 row_copy:52,53
182, player_healthbar_gone row_copy:4,5 row_copy:5,6 row_copy:6,8 row_copy:7,8 row_copy:8,9 row_copy:12,11 row_copy:13,12 row_copy:14,12 row_copy:15,14 row_copy:16,15 row_copy:20,21 row_copy:21,22 row_copy:22,24 row_copy:23,24 row_copy:24,25 row_copy:28,27 row_copy:29,28 row_copy:30,29 row_copy:34,35 row_copy:35,36 row_copy:36,38 row_copy:37,38 row_copy:38,39 row_copy:42,41 row_copy:43,42 row_copy:44,42 row_copy:45,44 row_copy:46,45 row_copy:50,51 row_copy:51,52 row_copy:52,54 row_copy:53,54 row_copy:54,55
183, player_healthbar_gone row_copy:4,5 row_copy:5,6 row_copy:6,8 row_copy:7,8 row_copy:8,9 row_copy:12,11 row_copy:13,12 row_copy:14,12 row_copy:15,14 row_copy:16,15 row_copy:20,21 row_copy:21,22 row_copy:22,24 row_copy:23,24 row_copy:24,25 row_copy:28,27 row_copy:29,28 row_copy:30,29 row_copy:34,35 row_copy:35,36 row_copy:36,38 row_copy:37,38 row_copy:38,39 row_copy:42,41 row_copy:43,42 row_copy:44,42 row_copy:45,44 row_copy:46,45 row_copy:50,51 row_copy:51,52 row_copy:52,54 row_copy:53,54 row_copy:54,55
184, player_healthbar_gone row_copy:5,6 row_copy:6,7 row_copy:7,9 row_copy:8,9 row_copy:9,10 row_copy:13,12 row_copy:14,13 row_copy:15,13 row_copy:16,15 row_copy:17,16 row_copy:21,22 row_copy:22,23 row_copy:23,25 row_copy:24,25 row_copy:25,26 row_copy:29,28 row_copy:33,34 row_copy:34,35 row_copy:35,37 row_copy:36,37 row_copy:37,38 row_copy:41,40 row_copy:42,41 row_copy:43,41 row_copy:44,43 row_copy:45,44 row_copy:49,50 row_copy:50,51 row_copy:51,53 row_copy:52,53 row_copy:53,54
185, player_healthbar_gone row_copy:5,6 row_copy:6,7 row_copy:7,9 row_copy:8,9 row_copy:9,10 row_copy:13,12 row_copy:14,13 row_copy:15,13 row_copy:16,15 row_copy:17,16 row_copy:21,22 row_copy:22,23 row_copy:23,25 row_copy:24,25 row_copy:25,26 row_copy:29,28 row_copy:33,34 row_copy:34,35 row_copy:35,37 row_copy:36,37 row_copy:37,38 row_copy:41,40 row_copy:42,41 row_copy:43,41 row_copy:44,43 row_copy:45,44 row_copy:49,50 row_copy:50,51 row_copy:51,53 row_copy:52,53 row_copy:53,54
186, player_healthbar_gone row_copy:2,1 row_copy:6,7 row_copy:7,8 row_copy:8,10 row_copy:9,10 row_copy:10,11 row_copy:14,13 row_copy:15,14 row_copy:16,14 row_copy:17,16 row_copy:18,17 row_copy:22,23 row_copy:23,24 row_copy:24,26
187, player_healthbar_gone
188, player_healthbar_gone
189, player_healthbar_gone
190, player_healthbar_gone
191, player_healthbar_gone
192, player_healthbar_gone
193, player_healthbar_gone
194, player_healthbar_gone
195, player_healthbar_gone
196, player_healthbar_gone
197, player_healthbar_gone
198, player_healthbar_gone
199, player_healthbar_gone
200, player_healthbar_gone
201, player_healthbar_gone
202, player_healthbar_gone
203, player_healthbar_gone
204, player_healthbar_gone
205, player_healthbar_gone
206, player_healthbar_gone
207, player_healthbar_gone
208, player_healthbar_gone
209, player_healthbar_gone
210, player_healthbar_gone
211, player_healthbar_gone
212, player_healthbar_gone
213, player_healthbar_gone