1, player_healthbar_gone invisible frame
2, player_healthbar_gone invisible frame
3, player_healthbar_gone invisible frame
4, player_healthbar_gone invisible frame
5, player_healthbar_gone invisible frame
6, player_healthbar_gone invisible frame
7, player_healthbar_gone invisible frame
8, player_healthbar_gone screen_translate_x:2 invisible frame
9, player_healthbar_gone screen_translate_x:-2 invisible frame
10, player_healthbar_gone screen_translate_x:2 invisible frame
11, player_healthbar_gone screen_translate_x:-2 invisible frame
12, player_healthbar_gone screen_translate_x:2 invisible frame
13, player_healthbar_gone screen_translate_x:-2 invisible frame
14, player_healthbar_gone screen_translate_x:2 invisible frame
15, player_healthbar_gone screen_translate_x:-2 invisible frame
16, player_healthbar_gone screen_translate_x:2 invisible frame
17, player_healthbar_gone screen_translate_x:-2 invisible frame
18, player_healthbar_gone screen_translate_x:2 invisible frame
19, player_healthbar_gone screen_translate_x:-2 invisible frame
20, player_healthbar_gone screen_translate_x:2 invisible frame
21, player_healthbar_gone screen_translate_x:-2 invisible frame
22, player_healthbar_gone screen_translate_x:2 invisible frame
23, player_healthbar_gone screen_translate_x:-2 invisible frame
24, player_healthbar_gone screen_translate_x:2 invisible frame
25, player_healthbar_gone screen_translate_x:-2 invisible frame
26, player_healthbar_gone screen_translate_x:2 invisible frame
27, player_healthbar_gone screen_translate_x:-2 invisible frame
28, player_healthbar_gone screen_translate_x:2 invisible frame
29, player_healthbar_gone screen_translate_x:-2 invisible frame
30, player_healthbar_gone screen_translate_x:2 invisible frame
31, player_healthbar_gone screen_translate_x:-2 invisible frame
32, player_healthbar_gone screen_translate_x:2 invisible frame
33, player_healthbar_gone screen_translate_x:-2 invisible frame
34, player_healthbar_gone screen_translate_x:2 invisible frame
35, player_healthbar_gone screen_translate_x:-2 invisible frame
36, player_healthbar_gone screen_translate_x:2 invisible frame
37, player_healthbar_gone screen_translate_x:-2 invisible frame
38, player_healthbar_gone screen_translate_x:2 invisible frame
39, player_healthbar_gone screen_translate_x:-2 invisible frame
40, player_healthbar_gone screen_translate_x:2 invisible frame
41, player_healthbar_gone screen_translate_x:-2 invisible frame
42, player_healthbar_gone screen_translate_x:2 invisible frame
43, player_healthbar_gone screen_translate_x:-2 invisible frame
44, player_healthbar_gone screen_translate_x:2 invisible frame
45, player_healthbar_gone screen_translate_x:-2 invisible frame
46, player_healthbar_gone screen_translate_x:2 invisible frame
47, player_healthbar_gone screen_translate_x:-2 invisible frame
48, player_healthbar_gone screen_translate_x:2 invisible frame
49, player_healthbar_gone screen_translate_x:-2 invisible frame
50, player_healthbar_gone screen_translate_x:2 invisible frame
51, player_healthbar_gone screen_translate_x:-2 invisible frame
52, player_healthbar_gone screen_translate_x:2 invisible frame
53, player_healthbar_gone screen_translate_x:-2 invisible frame
54, player_healthbar_gone screen_translate_x:2 invisible frame
55, player_healthbar_gone screen_translate_x:-2 invisible frame
56, player_healthbar_gone screen_translate_x:2 invisible frame
57, player_healthbar_gone screen_translate_x:-2
58, player_healthbar_gone screen_translate_x:2
59, player_healthbar_gone screen_translate_x:-2
60, player_healthbar_gone screen_translate_x:2
61, player_healthbar_gone screen_translate_x:-2
62, player_healthbar_gone screen_translate_x:2
63, player_healthbar_gone screen_translate_x:-2
64, player_healthbar_gone screen_translate_x:2
65, player_healthbar_gone screen_translate_x:-2
66, player_healthbar_gone screen_translate_x:2 inverse_colors
67, player_healthbar_gone screen_translate_x:-2 inverse_colors
68, player_healthbar_gone screen_translate_x:2 inverse_colors
69, player_healthbar_gone screen_translate_x:-2 inverse_colors
70, player_healthbar_gone screen_translate_x:2 inverse_colors
71, player_healthbar_gone screen_translate_x:-2 inverse_colors
72, player_healthbar_gone inverse_colors
73, player_healthbar_gone inverse_colors
74, player_healthbar_gone inverse_colors
75, player_healthbar_gone
76, player_healthbar_gone
77, player_healthbar_gone
78, player_healthbar_gone
79, player_healthbar_gone
80, player_healthbar_gone
81, player_healthbar_gone
82, player_healthbar_gone
83, player_healthbar_gone
84, player_healthbar_gone
85, player_healthbar_gone
86, player_healthbar_gone
87, player_healthbar_gone
88, player_healthbar_gone
89, player_healthbar_gone
90, player_healthbar_gone
91, player_healthbar_gone
92, player_healthbar_gone
93, player_healthbar_gone
94, player_healthbar_gone
95, player_healthbar_gone
96, player_healthbar_gone
97, player_healthbar_gone
98, player_healthbar_gone
99, player_healthbar_gone invisible frame
100, player_healthbar_gone invisible frame
101, player_healthbar_gone invisible frame
102, player_healthbar_gone invisible frame
103, player_healthbar_gone invisible frame
104, player_healthbar_gone invisible frame
105, player_healthbar_gone invisible frame
106, player_healthbar_gone invisible frame
107, player_healthbar_gone invisible frame
108, player_healthbar_gone invisible frame
109, player_healthbar_gone invisible frame
110, player_healthbar_gone invisible frame
111, player_healthbar_gone invisible frame
112, player_healthbar_gone invisible frame
113, player_healthbar_gone invisible frame
114, player_healthbar_gone invisible frame
115, player_healthbar_gone invisible frame
116, player_healthbar_gone invisible frame
117, player_healthbar_gone invisible frame
118, player_healthbar_gone invisible frame
119, player_healthbar_gone invisible frame