1, player_healthbar_gone invisible frame
2, player_healthbar_gone invisible frame
3, player_healthbar_gone invisible frame
4, player_healthbar_gone invisible frame
5, player_healthbar_gone invisible frame
6, player_healthbar_gone invisible frame
7, player_healthbar_gone invisible frame
8, player_healthbar_gone
9, player_healthbar_gone darken_effect2
10, player_healthbar_gone darken_effect2
11, player_healthbar_gone darken_effect2
12, player_healthbar_gone darken_effect2
13, player_healthbar_gone darken_effect3
14, player_healthbar_gone darken_effect3
15, player_healthbar_gone darken_effect3
16, player_healthbar_gone darken_effect3
17, player_healthbar_gone darken_effect2
18, player_healthbar_gone darken_effect2
19, player_healthbar_gone darken_effect2
20, player_healthbar_gone darken_effect2
21, player_healthbar_gone
22, player_healthbar_gone
23, player_healthbar_gone
24, player_healthbar_gone
25, player_healthbar_gone lighten_effect1
26, player_healthbar_gone lighten_effect1
27, player_healthbar_gone lighten_effect1
28, player_healthbar_gone lighten_effect1
29, player_healthbar_gone lighten_effect2
30, player_healthbar_gone lighten_effect2
31, player_healthbar_gone lighten_effect2
32, player_healthbar_gone lighten_effect1
33, player_healthbar_gone lighten_effect1
34, player_healthbar_gone lighten_effect1
35, player_healthbar_gone lighten_effect1
36, player_healthbar_gone
37, player_healthbar_gone
38, player_healthbar_gone
39, player_healthbar_gone darken_effect2
40, player_healthbar_gone darken_effect2
41, player_healthbar_gone darken_effect2
42, player_healthbar_gone darken_effect3
43, player_healthbar_gone darken_effect3
44, player_healthbar_gone darken_effect3
45, player_healthbar_gone darken_effect2
46, player_healthbar_gone darken_effect2
47, player_healthbar_gone darken_effect2
48, player_healthbar_gone
49, player_healthbar_gone
50, player_healthbar_gone
51, player_healthbar_gone lighten_effect1
52, player_healthbar_gone lighten_effect1
53, player_healthbar_gone lighten_effect1
54, player_healthbar_gone lighten_effect2
55, player_healthbar_gone lighten_effect2
56, player_healthbar_gone lighten_effect2
57, player_healthbar_gone lighten_effect1
58, player_healthbar_gone lighten_effect1
59, player_healthbar_gone lighten_effect1
60, player_healthbar_gone
61, player_healthbar_gone
62, player_healthbar_gone
63, player_healthbar_gone darken_effect2
64, player_healthbar_gone darken_effect2
65, player_healthbar_gone darken_effect2
66, player_healthbar_gone darken_effect3
67, player_healthbar_gone darken_effect3
68, player_healthbar_gone darken_effect3
69, player_healthbar_gone darken_effect2
70, player_healthbar_gone darken_effect2
71, player_healthbar_gone darken_effect2
72, player_healthbar_gone
73, player_healthbar_gone
74, player_healthbar_gone
75, player_healthbar_gone lighten_effect1
76, player_healthbar_gone lighten_effect1
77, player_healthbar_gone lighten_effect1
78, player_healthbar_gone lighten_effect2
79, player_healthbar_gone lighten_effect2
80, player_healthbar_gone lighten_effect2
81, player_healthbar_gone
82, player_healthbar_gone invisible frame
83, player_healthbar_gone invisible frame
84, player_healthbar_gone invisible frame
85, player_healthbar_gone invisible frame
86, player_healthbar_gone invisible frame
87, player_healthbar_gone invisible frame
88, player_healthbar_gone invisible frame
89, player_healthbar_gone invisible frame
90, player_healthbar_gone invisible frame
91, player_healthbar_gone invisible frame
92, player_healthbar_gone invisible frame
93, player_healthbar_gone invisible frame
94, player_healthbar_gone invisible frame
95, player_healthbar_gone invisible frame
96, player_healthbar_gone invisible frame
97, player_healthbar_gone invisible frame
98, player_healthbar_gone invisible frame
99, player_healthbar_gone invisible frame
100, player_healthbar_gone invisible frame
101, player_healthbar_gone invisible frame
102, player_healthbar_gone invisible frame
103, player_healthbar_gone invisible frame
104, player_healthbar_gone invisible frame
105, player_healthbar_gone invisible frame
106, player_healthbar_gone invisible frame
107, player_healthbar_gone invisible frame
108, player_healthbar_gone invisible frame
109, player_healthbar_gone invisible frame
110, player_healthbar_gone invisible frame