1, enemy_healthbar_gone invisible_frame
2, enemy_healthbar_gone invisible_frame
3, enemy_healthbar_gone invisible_frame
4, enemy_healthbar_gone invisible_frame
5, enemy_healthbar_gone invisible_frame
6, enemy_healthbar_gone invisible_frame
7, enemy_healthbar_gone invisible_frame
8, enemy_healthbar_gone inverse_colors invisible_frame
9, enemy_healthbar_gone confuseray_effect1 invisible_frame
10, enemy_healthbar_gone confuseray_effect1
11, enemy_healthbar_gone confuseray_effect1
12, enemy_healthbar_gone confuseray_effect1
13, enemy_healthbar_gone confuseray_effect1
14, enemy_healthbar_gone confuseray_effect2
15, enemy_healthbar_gone confuseray_effect2
16, enemy_healthbar_gone confuseray_effect2
17, enemy_healthbar_gone confuseray_effect2
18, enemy_healthbar_gone confuseray_effect2
19, enemy_healthbar_gone inverse_colors
20, enemy_healthbar_gone inverse_colors
21, enemy_healthbar_gone inverse_colors
22, enemy_healthbar_gone inverse_colors
23, enemy_healthbar_gone inverse_colors
24, enemy_healthbar_gone confuseray_effect1
25, enemy_healthbar_gone confuseray_effect1
26, enemy_healthbar_gone confuseray_effect1
27, enemy_healthbar_gone confuseray_effect1
28, enemy_healthbar_gone confuseray_effect1
29, enemy_healthbar_gone confuseray_effect2
30, enemy_healthbar_gone confuseray_effect2
31, enemy_healthbar_gone confuseray_effect2
32, enemy_healthbar_gone confuseray_effect2
33, enemy_healthbar_gone confuseray_effect2
34, enemy_healthbar_gone inverse_colors
35, enemy_healthbar_gone inverse_colors
36, enemy_healthbar_gone inverse_colors
37, enemy_healthbar_gone inverse_colors
38, enemy_healthbar_gone inverse_colors
39, enemy_healthbar_gone confuseray_effect1
40, enemy_healthbar_gone confuseray_effect1
41, enemy_healthbar_gone confuseray_effect1
42, enemy_healthbar_gone confuseray_effect1
43, enemy_healthbar_gone confuseray_effect1
44, enemy_healthbar_gone confuseray_effect2
45, enemy_healthbar_gone confuseray_effect2
46, enemy_healthbar_gone confuseray_effect2
47, enemy_healthbar_gone confuseray_effect2
48, enemy_healthbar_gone confuseray_effect2
49, enemy_healthbar_gone inverse_colors
50, enemy_healthbar_gone inverse_colors
51, enemy_healthbar_gone inverse_colors
52, enemy_healthbar_gone inverse_colors
53, enemy_healthbar_gone inverse_colors
54, enemy_healthbar_gone confuseray_effect1
55, enemy_healthbar_gone confuseray_effect1
56, enemy_healthbar_gone confuseray_effect1
57, enemy_healthbar_gone confuseray_effect1
58, enemy_healthbar_gone confuseray_effect1
59, enemy_healthbar_gone confuseray_effect2
60, enemy_healthbar_gone confuseray_effect2
61, enemy_healthbar_gone confuseray_effect2
62, enemy_healthbar_gone confuseray_effect2
63, enemy_healthbar_gone confuseray_effect2
64, enemy_healthbar_gone inverse_colors
65, enemy_healthbar_gone inverse_colors
66, enemy_healthbar_gone inverse_colors
67, enemy_healthbar_gone inverse_colors
68, enemy_healthbar_gone inverse_colors
69, enemy_healthbar_gone confuseray_effect1
70, enemy_healthbar_gone confuseray_effect1
71, enemy_healthbar_gone confuseray_effect1
72, enemy_healthbar_gone confuseray_effect1
73, enemy_healthbar_gone confuseray_effect1 invisible_frame
74, enemy_healthbar_gone confuseray_effect2 invisible_frame
75, enemy_healthbar_gone confuseray_effect2 invisible_frame
76, enemy_healthbar_gone confuseray_effect2 invisible_frame
77, enemy_healthbar_gone confuseray_effect2 invisible_frame
78, enemy_healthbar_gone confuseray_effect2 invisible_frame
79, enemy_healthbar_gone inverse_colors invisible_frame
80, enemy_healthbar_gone inverse_colors invisible_frame
81, enemy_healthbar_gone inverse_colors invisible_frame
82, enemy_healthbar_gone inverse_colors invisible_frame
83, enemy_healthbar_gone inverse_colors invisible_frame
84, enemy_healthbar_gone confuseray_effect1 invisible_frame
85, enemy_healthbar_gone confuseray_effect1 invisible_frame
86, enemy_healthbar_gone confuseray_effect1 invisible_frame
87, enemy_healthbar_gone confuseray_effect1 invisible_frame
88, enemy_healthbar_gone confuseray_effect1 invisible_frame
89, enemy_healthbar_gone confuseray_effect2 invisible_frame
90, enemy_healthbar_gone confuseray_effect2 invisible_frame
91, enemy_healthbar_gone confuseray_effect2 invisible_frame
92, enemy_healthbar_gone confuseray_effect2 invisible_frame
93, enemy_healthbar_gone confuseray_effect2 invisible_frame
94, enemy_healthbar_gone inverse_colors invisible_frame
95, enemy_healthbar_gone inverse_colors invisible_frame
96, enemy_healthbar_gone inverse_colors invisible_frame
97, enemy_healthbar_gone inverse_colors invisible_frame
98, enemy_healthbar_gone inverse_colors invisible_frame
99, enemy_healthbar_gone confuseray_effect1 invisible_frame
100, enemy_healthbar_gone confuseray_effect1 invisible_frame
101, enemy_healthbar_gone confuseray_effect1 invisible_frame
102, enemy_healthbar_gone confuseray_effect1 invisible_frame
103, enemy_healthbar_gone confuseray_effect1 invisible_frame
104, enemy_healthbar_gone confuseray_effect2 invisible_frame
105, enemy_healthbar_gone confuseray_effect2 invisible_frame
106, enemy_healthbar_gone confuseray_effect2 invisible_frame
107, enemy_healthbar_gone confuseray_effect2 invisible_frame
108, enemy_healthbar_gone invisible_frame
109, enemy_healthbar_gone invisible_frame
110, enemy_healthbar_gone invisible_frame
111, enemy_healthbar_gone invisible_frame
112, enemy_healthbar_gone invisible_frame
113, enemy_healthbar_gone invisible_frame
114, invisible_frame
115, invisible_frame
116, invisible_frame
117, invisible_frame
118, invisible_frame
119, invisible_frame
120, invisible_frame
121, invisible_frame
122, invisible_frame
123, invisible_frame
124, invisible_frame
125, invisible_frame
126, invisible_frame
127, invisible_frame
128, invisible_frame
129, invisible_frame
130, invisible_frame
131, invisible_frame
132, invisible_frame
133, invisible_frame
134, invisible_frame
135, invisible_frame
136, invisible_frame
137, invisible_frame
138, invisible_frame
139, invisible_frame
140, invisible_frame
141, invisible_frame
142, invisible_frame
143, invisible_frame
144, invisible_frame
145, invisible_frame
146, invisible_frame
147, invisible_frame
148, invisible_frame
149, invisible_frame
150, invisible_frame
151, invisible_frame
152, invisible_frame
153, invisible_frame
154, invisible_frame
155, invisible_frame
156, invisible_frame
157, invisible_frame
158, invisible_frame
159, invisible_frame
160, invisible_frame
161, invisible_frame
162, invisible_frame
163, invisible_frame
164, invisible_frame
165, invisible_frame
166, invisible_frame
167, invisible_frame
168, invisible_frame
169, invisible_frame
170, invisible_frame
171, invisible_frame
172, invisible_frame
173, invisible_frame
174, invisible_frame
175, invisible_frame
176, invisible_frame
177, invisible_frame
178, invisible_frame
179, invisible_frame
180, invisible_frame
181, invisible_frame
182, invisible_frame
183, invisible_frame
184, invisible_frame
185, invisible_frame
186, invisible_frame
187, invisible_frame
188, invisible_frame
189, invisible_frame
190, invisible_frame
191, invisible_frame
192, invisible_frame
193, invisible_frame
194, invisible_frame
195, invisible_frame
196, invisible_frame
197, invisible_frame
198, invisible_frame
199, invisible_frame
200, invisible_frame
201, invisible_frame
202, invisible_frame
203, invisible_frame
204, invisible_frame
205, invisible_frame
206, invisible_frame
207, invisible_frame
208, invisible_frame
209, invisible_frame
210, invisible_frame
211, invisible_frame
212, invisible_frame
213, invisible_frame
214, invisible_frame
215, invisible_frame
216, invisible_frame
217, invisible_frame
218, invisible_frame
219, invisible_frame
220, invisible_frame
221, invisible_frame
222, invisible_frame
223, invisible_frame
224, invisible_frame
225, invisible_frame
226, invisible_frame
227, invisible_frame
228, invisible_frame