1, player_healthbar_gone invisible_frame
2, player_healthbar_gone invisible_frame
3, player_healthbar_gone invisible_frame
4, player_healthbar_gone invisible_frame
5, player_healthbar_gone invisible_frame
6, player_healthbar_gone invisible_frame
7, player_healthbar_gone invisible_frame
8, player_healthbar_gone invisible_frame
9, player_healthbar_gone invisible_frame
10, player_healthbar_gone screen_translate_x:2 invisible_frame
11, player_healthbar_gone screen_translate_x:-2 invisible_frame
12, player_healthbar_gone screen_translate_x:2 invisible_frame
13, player_healthbar_gone screen_translate_x:-2 invisible_frame
14, player_healthbar_gone screen_translate_x:2 invisible_frame
15, player_healthbar_gone screen_translate_x:-2 invisible_frame
16, player_healthbar_gone screen_translate_x:2 invisible_frame
17, player_healthbar_gone screen_translate_x:-2 invisible_frame
18, player_healthbar_gone screen_translate_x:2 invisible_frame
19, player_healthbar_gone screen_translate_x:-2 invisible_frame
20, player_healthbar_gone screen_translate_x:2 invisible_frame
21, player_healthbar_gone screen_translate_x:-2 invisible_frame
22, player_healthbar_gone screen_translate_x:2 invisible_frame
23, player_healthbar_gone screen_translate_x:-2 invisible_frame
24, player_healthbar_gone screen_translate_x:2 invisible_frame
25, player_healthbar_gone screen_translate_x:-2 invisible_frame
26, player_healthbar_gone screen_translate_x:2 invisible_frame
27, player_healthbar_gone screen_translate_x:-2 invisible_frame
28, player_healthbar_gone screen_translate_x:2 invisible_frame
29, player_healthbar_gone screen_translate_x:-2 invisible_frame
30, player_healthbar_gone screen_translate_x:2 invisible_frame
31, player_healthbar_gone screen_translate_x:-2 invisible_frame
32, player_healthbar_gone screen_translate_x:2 invisible_frame
33, player_healthbar_gone screen_translate_x:-2 invisible_frame
34, player_healthbar_gone screen_translate_x:2 invisible_frame
35, player_healthbar_gone screen_translate_x:-2 invisible_frame
36, player_healthbar_gone screen_translate_x:2 invisible_frame
37, player_healthbar_gone screen_translate_x:-2 invisible_frame
38, player_healthbar_gone screen_translate_x:2 invisible_frame
39, player_healthbar_gone screen_translate_x:-2 invisible_frame
40, player_healthbar_gone screen_translate_x:2 invisible_frame
41, player_healthbar_gone screen_translate_x:-2 invisible_frame
42, player_healthbar_gone screen_translate_x:2 invisible_frame
43, player_healthbar_gone screen_translate_x:-2 invisible_frame
44, player_healthbar_gone screen_translate_x:2 invisible_frame
45, player_healthbar_gone screen_translate_x:-2 invisible_frame
46, player_healthbar_gone screen_translate_x:2 invisible_frame
47, player_healthbar_gone screen_translate_x:-2 invisible_frame
48, player_healthbar_gone screen_translate_x:2 invisible_frame
49, player_healthbar_gone screen_translate_x:-2 invisible_frame
50, player_healthbar_gone screen_translate_x:2 invisible_frame
51, player_healthbar_gone screen_translate_x:-2 invisible_frame
52, player_healthbar_gone screen_translate_x:2 invisible_frame
53, player_healthbar_gone screen_translate_x:-2 invisible_frame
54, player_healthbar_gone screen_translate_x:2 invisible_frame
55, player_healthbar_gone screen_translate_x:-2 invisible_frame
56, player_healthbar_gone screen_translate_x:2 invisible_frame
57, player_healthbar_gone screen_translate_x:-2 invisible_frame
58, player_healthbar_gone screen_translate_x:2 invisible_frame
59, player_healthbar_gone screen_translate_x:-2
60, player_healthbar_gone screen_translate_x:2
61, player_healthbar_gone screen_translate_x:-2
62, player_healthbar_gone screen_translate_x:2
63, player_healthbar_gone screen_translate_x:-2
64, player_healthbar_gone screen_translate_x:2
65, player_healthbar_gone screen_translate_x:-2
66, player_healthbar_gone screen_translate_x:2
67, player_healthbar_gone screen_translate_x:-2
68, player_healthbar_gone screen_translate_x:2 inverse_colors
69, player_healthbar_gone screen_translate_x:-2 inverse_colors
70, player_healthbar_gone screen_translate_x:2 inverse_colors
71, player_healthbar_gone screen_translate_x:-2 inverse_colors
72, player_healthbar_gone screen_translate_x:2 inverse_colors
73, player_healthbar_gone screen_translate_x:-2 inverse_colors
74, player_healthbar_gone inverse_colors
75, player_healthbar_gone inverse_colors
76, player_healthbar_gone inverse_colors
77, player_healthbar_gone
78, player_healthbar_gone
79, player_healthbar_gone
80, player_healthbar_gone
81, player_healthbar_gone
82, player_healthbar_gone
83, player_healthbar_gone
84, player_healthbar_gone
85, player_healthbar_gone
86, player_healthbar_gone
87, player_healthbar_gone
88, player_healthbar_gone
89, player_healthbar_gone
90, player_healthbar_gone
91, player_healthbar_gone
92, player_healthbar_gone
93, player_healthbar_gone
94, player_healthbar_gone
95, player_healthbar_gone invisible_frame
96, player_healthbar_gone invisible_frame
97, player_healthbar_gone invisible_frame
98, player_healthbar_gone invisible_frame