1, enemy_healthbar_gone invisible_frame
2, enemy_healthbar_gone invisible_frame
3, enemy_healthbar_gone invisible_frame
4, enemy_healthbar_gone invisible_frame
5, enemy_healthbar_gone invisible_frame
6, enemy_healthbar_gone invisible_frame
7, enemy_healthbar_gone invisible_frame
8, enemy_healthbar_gone invisible_frame
9, enemy_healthbar_gone screen_translate_x:2 invisible_frame
10, enemy_healthbar_gone screen_translate_x:-2 invisible_frame
11, enemy_healthbar_gone screen_translate_x:2 invisible_frame
12, enemy_healthbar_gone screen_translate_x:-2 invisible_frame
13, enemy_healthbar_gone screen_translate_x:2 invisible_frame
14, enemy_healthbar_gone screen_translate_x:-2 invisible_frame
15, enemy_healthbar_gone screen_translate_x:2 invisible_frame
16, enemy_healthbar_gone screen_translate_x:-2 invisible_frame
17, enemy_healthbar_gone screen_translate_x:2 invisible_frame
18, enemy_healthbar_gone screen_translate_x:-2 invisible_frame
19, enemy_healthbar_gone screen_translate_x:2 invisible_frame
20, enemy_healthbar_gone screen_translate_x:-2 invisible_frame
21, enemy_healthbar_gone screen_translate_x:2 invisible_frame
22, enemy_healthbar_gone screen_translate_x:-2 invisible_frame
23, enemy_healthbar_gone screen_translate_x:2 invisible_frame
24, enemy_healthbar_gone screen_translate_x:-2 invisible_frame
25, enemy_healthbar_gone screen_translate_x:2 invisible_frame
26, enemy_healthbar_gone screen_translate_x:-2 invisible_frame
27, enemy_healthbar_gone screen_translate_x:2 invisible_frame
28, enemy_healthbar_gone screen_translate_x:-2 invisible_frame
29, enemy_healthbar_gone invisible_frame
30, enemy_healthbar_gone invisible_frame
31, enemy_healthbar_gone invisible_frame
32, enemy_healthbar_gone invisible_frame
33, enemy_healthbar_gone invisible_frame
34, enemy_healthbar_gone invisible_frame
35, enemy_healthbar_gone invisible_frame
36, enemy_healthbar_gone invisible_frame
37, enemy_healthbar_gone invisible_frame
38, enemy_healthbar_gone invisible_frame
39, enemy_healthbar_gone invisible_frame
40, enemy_healthbar_gone invisible_frame
41, enemy_healthbar_gone invisible_frame
42, enemy_healthbar_gone invisible_frame
43, enemy_healthbar_gone invisible_frame
44, enemy_healthbar_gone invisible_frame
45, enemy_healthbar_gone invisible_frame
46, enemy_healthbar_gone invisible_frame
47, enemy_healthbar_gone invisible_frame
48, enemy_healthbar_gone invisible_frame
49, enemy_healthbar_gone invisible_frame
50, enemy_healthbar_gone invisible_frame
51, enemy_healthbar_gone invisible_frame
52, enemy_healthbar_gone invisible_frame
53, enemy_healthbar_gone invisible_frame
54, enemy_healthbar_gone invisible_frame
55, enemy_healthbar_gone invisible_frame
56, enemy_healthbar_gone invisible_frame
57, enemy_healthbar_gone invisible_frame
58, enemy_healthbar_gone invisible_frame
59, enemy_healthbar_gone invisible_frame
60, enemy_healthbar_gone invisible_frame
61, enemy_healthbar_gone invisible_frame
62, enemy_healthbar_gone invisible_frame
63, enemy_healthbar_gone invisible_frame
64, enemy_healthbar_gone enemy_translate_x:-2 invisible_frame
65, enemy_healthbar_gone enemy_translate_x:-4 invisible_frame
66, enemy_healthbar_gone enemy_translate_x:-6 invisible_frame
67, enemy_healthbar_gone enemy_translate_x:-8
68, enemy_healthbar_gone enemy_translate_x:-10
69, enemy_healthbar_gone enemy_translate_x:-8
70, enemy_healthbar_gone enemy_translate_x:-6
71, enemy_healthbar_gone enemy_translate_x:-4
72, enemy_healthbar_gone enemy_translate_x:-2
73, enemy_healthbar_gone
74, enemy_healthbar_gone invisible_frame
75, enemy_healthbar_gone invisible_frame
76, enemy_healthbar_gone invisible_frame
77, enemy_healthbar_gone invisible_frame
78, enemy_healthbar_gone invisible_frame
79, enemy_healthbar_gone invisible_frame
80, enemy_healthbar_gone invisible_frame
81, enemy_healthbar_gone invisible_frame
82, enemy_healthbar_gone invisible_frame
83, enemy_healthbar_gone invisible_frame
84, enemy_healthbar_gone invisible_frame
85, enemy_healthbar_gone invisible_frame
86, enemy_healthbar_gone invisible_frame
87, enemy_healthbar_gone invisible_frame
88, enemy_healthbar_gone invisible_frame
89, enemy_healthbar_gone invisible_frame
90, enemy_healthbar_gone invisible_frame
91, enemy_healthbar_gone invisible_frame
92, enemy_healthbar_gone invisible_frame