139, invisible_frame
140, invisible_frame
141, invisible_frame
142, invisible_frame
143, invisible_frame
144, invisible_frame
145, invisible_frame
146, invisible_frame
147, invisible_frame
148, invisible_frame
149, invisible_frame
150, invisible_frame
151, invisible_frame
152, invisible_frame
153, invisible_frame
154, invisible_frame
155, invisible_frame
156, invisible_frame
157, invisible_frame
158, invisible_frame
159, invisible_frame
160, invisible_frame
161, invisible_frame
162, invisible_frame
163, invisible_frame
164, invisible_frame
165, invisible_frame
166, invisible_frame
167, invisible_frame
168, invisible_frame
169, invisible_frame
170, invisible_frame
171, invisible_frame
172, invisible_frame
173, invisible_frame
174, invisible_frame
175, invisible_frame
176, invisible_frame
177, invisible_frame
178, invisible_frame