1, player_healthbar_gone invisible_frame
2, player_healthbar_gone invisible_frame
3, player_healthbar_gone invisible_frame
4, player_healthbar_gone invisible_frame
5, player_healthbar_gone invisible_frame
6, player_healthbar_gone invisible_frame
7, player_healthbar_gone invisible_frame
8, player_healthbar_gone inverse_colors invisible_frame
9, player_healthbar_gone inverse_colors
10, player_healthbar_gone inverse_colors
11, player_healthbar_gone inverse_colors
12, player_healthbar_gone inverse_colors
13, player_healthbar_gone inverse_colors
14, player_healthbar_gone inverse_colors
15, player_healthbar_gone inverse_colors
16, player_healthbar_gone inverse_colors
17, player_healthbar_gone inverse_colors
18, player_healthbar_gone inverse_colors
19, player_healthbar_gone inverse_colors
20, player_healthbar_gone inverse_colors
21, player_healthbar_gone inverse_colors
22, player_healthbar_gone inverse_colors
23, player_healthbar_gone inverse_colors
24, player_healthbar_gone inverse_colors
25, player_healthbar_gone inverse_colors
26, player_healthbar_gone inverse_colors
27, player_healthbar_gone
28, player_healthbar_gone
29, player_healthbar_gone invisible_frame
30, player_healthbar_gone invisible_frame
31, player_healthbar_gone invisible_frame
32, player_healthbar_gone invisible_frame
33, player_healthbar_gone invisible_frame
34, player_healthbar_gone invisible_frame
35, player_healthbar_gone invisible_frame
36, player_healthbar_gone invisible_frame
37, player_healthbar_gone invisible_frame
38, player_healthbar_gone invisible_frame
39, player_healthbar_gone invisible_frame
40, player_healthbar_gone invisible_frame
41, player_healthbar_gone invisible_frame
42, player_healthbar_gone invisible_frame
43, player_healthbar_gone invisible_frame
44, player_healthbar_gone invisible_frame