1, enemy_healthbar_gone invisible frame
2, enemy_healthbar_gone invisible frame
3, enemy_healthbar_gone invisible frame
4, enemy_healthbar_gone invisible frame
5, enemy_healthbar_gone invisible frame
6, enemy_healthbar_gone invisible frame
7, enemy_healthbar_gone invisible frame
8, enemy_healthbar_gone invisible frame
9, enemy_healthbar_gone invisible frame
10, enemy_healthbar_gone invisible frame
11, enemy_healthbar_gone
12, enemy_healthbar_gone
13, enemy_healthbar_gone
14, enemy_healthbar_gone
15, enemy_healthbar_gone
16, enemy_healthbar_gone inverse_colors
17, enemy_healthbar_gone inverse_colors
18, enemy_healthbar_gone inverse_colors
19, enemy_healthbar_gone inverse_colors
20, enemy_healthbar_gone inverse_colors
21, enemy_healthbar_gone
22, enemy_healthbar_gone
23, enemy_healthbar_gone
24, enemy_healthbar_gone
25, enemy_healthbar_gone
26, enemy_healthbar_gone
27, enemy_healthbar_gone
28, enemy_healthbar_gone
29, enemy_healthbar_gone
30, enemy_healthbar_gone
31, enemy_healthbar_gone
32, enemy_healthbar_gone inverse_colors
33, enemy_healthbar_gone inverse_colors
34, enemy_healthbar_gone inverse_colors
35, enemy_healthbar_gone inverse_colors invisible frame
36, enemy_healthbar_gone inverse_colors invisible frame
37, enemy_healthbar_gone inverse_colors invisible frame
38, enemy_healthbar_gone inverse_colors
39, enemy_healthbar_gone inverse_colors
40, enemy_healthbar_gone inverse_colors
41, enemy_healthbar_gone inverse_colors invisible frame
42, enemy_healthbar_gone inverse_colors invisible frame
43, enemy_healthbar_gone inverse_colors invisible frame
44, enemy_healthbar_gone inverse_colors
45, enemy_healthbar_gone inverse_colors
46, enemy_healthbar_gone inverse_colors
47, enemy_healthbar_gone inverse_colors invisible frame
48, enemy_healthbar_gone inverse_colors invisible frame
49, enemy_healthbar_gone inverse_colors invisible frame
50, enemy_healthbar_gone inverse_colors
51, enemy_healthbar_gone inverse_colors
52, enemy_healthbar_gone inverse_colors
53, enemy_healthbar_gone inverse_colors invisible frame
54, enemy_healthbar_gone inverse_colors invisible frame
55, enemy_healthbar_gone inverse_colors invisible frame
56, enemy_healthbar_gone inverse_colors
57, enemy_healthbar_gone inverse_colors
58, enemy_healthbar_gone inverse_colors
59, enemy_healthbar_gone inverse_colors invisible frame
60, enemy_healthbar_gone inverse_colors invisible frame
61, enemy_healthbar_gone inverse_colors invisible frame
62, enemy_healthbar_gone inverse_colors
63, enemy_healthbar_gone inverse_colors
64, enemy_healthbar_gone inverse_colors
65, enemy_healthbar_gone inverse_colors invisible frame
66, enemy_healthbar_gone inverse_colors invisible frame
67, enemy_healthbar_gone inverse_colors invisible frame
68, enemy_healthbar_gone inverse_colors
69, enemy_healthbar_gone inverse_colors
70, enemy_healthbar_gone inverse_colors
71, enemy_healthbar_gone inverse_colors invisible frame
72, enemy_healthbar_gone inverse_colors invisible frame
73, enemy_healthbar_gone inverse_colors invisible frame
74, enemy_healthbar_gone inverse_colors
75, enemy_healthbar_gone inverse_colors
76, enemy_healthbar_gone inverse_colors
77, enemy_healthbar_gone inverse_colors invisible frame
78, enemy_healthbar_gone inverse_colors invisible frame
79, enemy_healthbar_gone inverse_colors invisible frame
80, enemy_healthbar_gone inverse_colors
81, enemy_healthbar_gone inverse_colors
82, enemy_healthbar_gone inverse_colors
83, enemy_healthbar_gone inverse_colors invisible frame
84, enemy_healthbar_gone inverse_colors invisible frame
85, enemy_healthbar_gone inverse_colors invisible frame
86, enemy_healthbar_gone inverse_colors
87, enemy_healthbar_gone inverse_colors
88, enemy_healthbar_gone inverse_colors
89, enemy_healthbar_gone inverse_colors invisible frame
90, enemy_healthbar_gone inverse_colors invisible frame
91, enemy_healthbar_gone inverse_colors invisible frame
92, enemy_healthbar_gone inverse_colors
93, enemy_healthbar_gone inverse_colors
94, enemy_healthbar_gone inverse_colors
95, enemy_healthbar_gone inverse_colors invisible frame
96, enemy_healthbar_gone inverse_colors invisible frame
97, enemy_healthbar_gone inverse_colors invisible frame
98, enemy_healthbar_gone inverse_colors
99, enemy_healthbar_gone inverse_colors
100, enemy_healthbar_gone inverse_colors
101, enemy_healthbar_gone inverse_colors invisible frame
102, enemy_healthbar_gone inverse_colors invisible frame
103, enemy_healthbar_gone inverse_colors invisible frame
104, enemy_healthbar_gone inverse_colors
105, enemy_healthbar_gone inverse_colors
106, enemy_healthbar_gone inverse_colors
107, enemy_healthbar_gone inverse_colors invisible frame
108, enemy_healthbar_gone inverse_colors invisible frame
109, enemy_healthbar_gone inverse_colors invisible frame
110, enemy_healthbar_gone inverse_colors
111, enemy_healthbar_gone inverse_colors
112, enemy_healthbar_gone inverse_colors
113, enemy_healthbar_gone inverse_colors invisible frame
114, enemy_healthbar_gone inverse_colors invisible frame
115, enemy_healthbar_gone inverse_colors invisible frame
116, enemy_healthbar_gone inverse_colors
117, enemy_healthbar_gone inverse_colors
118, enemy_healthbar_gone inverse_colors
119, enemy_healthbar_gone inverse_colors invisible frame
120, enemy_healthbar_gone inverse_colors invisible frame
121, enemy_healthbar_gone inverse_colors invisible frame
122, enemy_healthbar_gone inverse_colors
123, enemy_healthbar_gone inverse_colors
124, enemy_healthbar_gone inverse_colors
125, enemy_healthbar_gone inverse_colors invisible frame
126, enemy_healthbar_gone inverse_colors invisible frame
127, enemy_healthbar_gone inverse_colors invisible frame
128, enemy_healthbar_gone inverse_colors
129, enemy_healthbar_gone inverse_colors
130, enemy_healthbar_gone
131, enemy_healthbar_gone invisible frame
132, enemy_healthbar_gone invisible frame
133, enemy_healthbar_gone invisible frame
134, enemy_healthbar_gone invisible frame
135, enemy_healthbar_gone invisible frame
136, enemy_healthbar_gone invisible frame
137, enemy_healthbar_gone invisible frame
138, enemy_healthbar_gone invisible frame