1, enemy_healthbar_gone invisible_frame
2, enemy_healthbar_gone invisible_frame
3, enemy_healthbar_gone invisible_frame
4, enemy_healthbar_gone invisible_frame
5, enemy_healthbar_gone invisible_frame
6, enemy_healthbar_gone invisible_frame
7, enemy_healthbar_gone invisible_frame
8, enemy_healthbar_gone invisible_frame
9, enemy_healthbar_gone invisible_frame
10, enemy_healthbar_gone invisible_frame
11, enemy_healthbar_gone inverse_colors invisible_frame
12, enemy_healthbar_gone inverse_colors
13, enemy_healthbar_gone inverse_colors
14, enemy_healthbar_gone inverse_colors
15, enemy_healthbar_gone inverse_colors
16, enemy_healthbar_gone inverse_colors
17, enemy_healthbar_gone inverse_colors
18, enemy_healthbar_gone inverse_colors
19, enemy_healthbar_gone inverse_colors
20, enemy_healthbar_gone inverse_colors
21, enemy_healthbar_gone inverse_colors
22, enemy_healthbar_gone inverse_colors
23, enemy_healthbar_gone inverse_colors
24, enemy_healthbar_gone inverse_colors
25, enemy_healthbar_gone inverse_colors
26, enemy_healthbar_gone inverse_colors
27, enemy_healthbar_gone inverse_colors
28, enemy_healthbar_gone inverse_colors
29, enemy_healthbar_gone inverse_colors
30, enemy_healthbar_gone inverse_colors
31, enemy_healthbar_gone inverse_colors
32, enemy_healthbar_gone inverse_colors
33, enemy_healthbar_gone inverse_colors
34, enemy_healthbar_gone inverse_colors
35, enemy_healthbar_gone inverse_colors
36, enemy_healthbar_gone inverse_colors
37, enemy_healthbar_gone inverse_colors
38, enemy_healthbar_gone inverse_colors
39, enemy_healthbar_gone inverse_colors
40, enemy_healthbar_gone inverse_colors
41, enemy_healthbar_gone inverse_colors
42, enemy_healthbar_gone inverse_colors
43, enemy_healthbar_gone inverse_colors
44, enemy_healthbar_gone inverse_colors
45, enemy_healthbar_gone inverse_colors
46, enemy_healthbar_gone inverse_colors
47, enemy_healthbar_gone inverse_colors
48, enemy_healthbar_gone inverse_colors
49, enemy_healthbar_gone inverse_colors
50, enemy_healthbar_gone inverse_colors
51, enemy_healthbar_gone inverse_colors
52, enemy_healthbar_gone inverse_colors
53, enemy_healthbar_gone inverse_colors
54, enemy_healthbar_gone inverse_colors
55, enemy_healthbar_gone inverse_colors
56, enemy_healthbar_gone inverse_colors
57, enemy_healthbar_gone inverse_colors
58, enemy_healthbar_gone inverse_colors
59, enemy_healthbar_gone inverse_colors
60, enemy_healthbar_gone inverse_colors
61, enemy_healthbar_gone inverse_colors
62, enemy_healthbar_gone inverse_colors
63, enemy_healthbar_gone inverse_colors
64, enemy_healthbar_gone inverse_colors
65, enemy_healthbar_gone inverse_colors
66, enemy_healthbar_gone inverse_colors
67, enemy_healthbar_gone inverse_colors
68, enemy_healthbar_gone inverse_colors
69, enemy_healthbar_gone inverse_colors
70, enemy_healthbar_gone inverse_colors
71, enemy_healthbar_gone inverse_colors
72, enemy_healthbar_gone inverse_colors
73, enemy_healthbar_gone inverse_colors
74, enemy_healthbar_gone
75, enemy_healthbar_gone
76, enemy_healthbar_gone
77, enemy_healthbar_gone
78, enemy_healthbar_gone
79, enemy_healthbar_gone
80, enemy_healthbar_gone
81, enemy_healthbar_gone
82, enemy_healthbar_gone
83, enemy_healthbar_gone
84, enemy_healthbar_gone
85, enemy_healthbar_gone
86, enemy_healthbar_gone
87, enemy_healthbar_gone invisible_frame
88, enemy_healthbar_gone invisible_frame
89, enemy_healthbar_gone invisible_frame
90, enemy_healthbar_gone invisible_frame
91, enemy_healthbar_gone invisible_frame
92, enemy_healthbar_gone invisible_frame
93, enemy_healthbar_gone invisible_frame
94, enemy_healthbar_gone invisible_frame
95, enemy_healthbar_gone invisible_frame
96, enemy_healthbar_gone invisible_frame
97, enemy_healthbar_gone invisible_frame
98, enemy_healthbar_gone invisible_frame
99, invisible_frame
100, invisible_frame
101, invisible_frame
102, invisible_frame
103, invisible_frame
104, invisible_frame
105, invisible_frame
106, invisible_frame
107, invisible_frame
108, invisible_frame
109, invisible_frame
110, invisible_frame
111, invisible_frame
112, invisible_frame
113, invisible_frame
114, invisible_frame
115, invisible_frame
116, invisible_frame
117, invisible_frame