1, invisible_frame
2, invisible_frame
3, invisible_frame
4, invisible_frame
5, invisible_frame
6, invisible_frame
7, invisible_frame
8, invisible_frame
9, invisible_frame
10, invisible_frame
11, invisible_frame
12, invisible_frame
13, invisible_frame
14, invisible_frame
15, invisible_frame
16, invisible_frame
17, invisible_frame
18, invisible_frame
19, invisible_frame
20, invisible_frame
21, invisible_frame
22, invisible_frame
23, invisible_frame
24, invisible_frame
155, invisible_frame
156, invisible_frame
157, invisible_frame
158, invisible_frame
159, invisible_frame
160, invisible_frame
161, invisible_frame
162, invisible_frame
163, invisible_frame
164, invisible_frame
165, invisible_frame
166, invisible_frame