1, player_healthbar_gone invisible frame
2, player_healthbar_gone invisible frame
3, player_healthbar_gone invisible frame
4, player_healthbar_gone invisible frame
5, player_healthbar_gone invisible frame
6, player_healthbar_gone invisible frame
7, player_healthbar_gone
8, player_healthbar_gone darken_effect1
9, player_healthbar_gone darken_effect1
10, player_healthbar_gone darken_effect1
11, player_healthbar_gone darken_effect2
12, player_healthbar_gone darken_effect2
13, player_healthbar_gone darken_effect2
14, player_healthbar_gone darken_effect1
15, player_healthbar_gone darken_effect1
16, player_healthbar_gone darken_effect1
17, player_healthbar_gone
18, player_healthbar_gone
19, player_healthbar_gone
20, player_healthbar_gone lighten_effect1
21, player_healthbar_gone lighten_effect1
22, player_healthbar_gone lighten_effect1
23, player_healthbar_gone lighten_effect2
24, player_healthbar_gone lighten_effect2
25, player_healthbar_gone lighten_effect2
26, player_healthbar_gone lighten_effect1
27, player_healthbar_gone lighten_effect1
28, player_healthbar_gone lighten_effect1
29, player_healthbar_gone
30, player_healthbar_gone
31, player_healthbar_gone
32, player_healthbar_gone darken_effect1
33, player_healthbar_gone darken_effect1
34, player_healthbar_gone darken_effect1
35, player_healthbar_gone darken_effect2
36, player_healthbar_gone darken_effect2
37, player_healthbar_gone darken_effect2
38, player_healthbar_gone darken_effect1
39, player_healthbar_gone darken_effect1
40, player_healthbar_gone darken_effect1
41, player_healthbar_gone
42, player_healthbar_gone
43, player_healthbar_gone
44, player_healthbar_gone lighten_effect1
45, player_healthbar_gone lighten_effect1
46, player_healthbar_gone lighten_effect1
47, player_healthbar_gone lighten_effect2
48, player_healthbar_gone lighten_effect2
49, player_healthbar_gone lighten_effect2
50, player_healthbar_gone lighten_effect1
51, player_healthbar_gone lighten_effect1
52, player_healthbar_gone lighten_effect1
53, player_healthbar_gone
54, player_healthbar_gone
55, player_healthbar_gone
56, player_healthbar_gone darken_effect1
57, player_healthbar_gone darken_effect1
58, player_healthbar_gone darken_effect1
59, player_healthbar_gone darken_effect2
60, player_healthbar_gone darken_effect2
61, player_healthbar_gone darken_effect2
62, player_healthbar_gone darken_effect1
63, player_healthbar_gone darken_effect1
64, player_healthbar_gone darken_effect1
65, player_healthbar_gone
66, player_healthbar_gone
67, player_healthbar_gone
68, player_healthbar_gone lighten_effect1
69, player_healthbar_gone lighten_effect1
70, player_healthbar_gone lighten_effect1
71, player_healthbar_gone lighten_effect2
72, player_healthbar_gone lighten_effect2
73, player_healthbar_gone lighten_effect2
74, player_healthbar_gone lighten_effect1
75, player_healthbar_gone lighten_effect1
76, player_healthbar_gone lighten_effect1
77, player_healthbar_gone
78, player_healthbar_gone
79, player_healthbar_gone
80, player_healthbar_gone darken_effect1
81, player_healthbar_gone darken_effect1
82, player_healthbar_gone darken_effect1
83, player_healthbar_gone darken_effect2
84, player_healthbar_gone darken_effect2
85, player_healthbar_gone darken_effect2
86, player_healthbar_gone darken_effect1
87, player_healthbar_gone darken_effect1
88, player_healthbar_gone darken_effect1
89, player_healthbar_gone
90, player_healthbar_gone
91, player_healthbar_gone
92, player_healthbar_gone lighten_effect1
93, player_healthbar_gone lighten_effect1
94, player_healthbar_gone lighten_effect1
95, player_healthbar_gone lighten_effect2
96, player_healthbar_gone lighten_effect2
97, player_healthbar_gone lighten_effect2
98, player_healthbar_gone lighten_effect1
99, player_healthbar_gone lighten_effect1
100, player_healthbar_gone lighten_effect1
101, player_healthbar_gone
102, player_healthbar_gone
103, player_healthbar_gone
104, player_healthbar_gone darken_effect1
105, player_healthbar_gone darken_effect1
106, player_healthbar_gone darken_effect1
107, player_healthbar_gone darken_effect2
108, player_healthbar_gone darken_effect2
109, player_healthbar_gone darken_effect2
110, player_healthbar_gone darken_effect1
111, player_healthbar_gone darken_effect1
112, player_healthbar_gone darken_effect1
113, player_healthbar_gone
114, player_healthbar_gone
115, player_healthbar_gone
116, player_healthbar_gone lighten_effect1
117, player_healthbar_gone lighten_effect1
118, player_healthbar_gone lighten_effect1
119, player_healthbar_gone lighten_effect2
120, player_healthbar_gone lighten_effect2 invisible frame
121, player_healthbar_gone lighten_effect2 invisible frame
122, player_healthbar_gone lighten_effect1 invisible frame
123, player_healthbar_gone lighten_effect1 invisible frame
124, player_healthbar_gone lighten_effect1 invisible frame
125, player_healthbar_gone invisible frame
126, player_healthbar_gone invisible frame
127, player_healthbar_gone invisible frame
128, player_healthbar_gone darken_effect1 invisible frame
129, player_healthbar_gone darken_effect1 invisible frame
130, player_healthbar_gone darken_effect1 invisible frame
131, player_healthbar_gone darken_effect2 invisible frame
132, player_healthbar_gone darken_effect2 invisible frame
133, player_healthbar_gone darken_effect2 invisible frame
134, player_healthbar_gone darken_effect1 invisible frame
135, player_healthbar_gone darken_effect1 invisible frame
136, player_healthbar_gone darken_effect1 invisible frame
137, player_healthbar_gone invisible frame
138, player_healthbar_gone invisible frame
139, player_healthbar_gone invisible frame
140, player_healthbar_gone lighten_effect1 invisible frame
141, player_healthbar_gone lighten_effect1 invisible frame
142, player_healthbar_gone lighten_effect1 invisible frame
143, player_healthbar_gone lighten_effect2 invisible frame
144, player_healthbar_gone lighten_effect2 invisible frame
145, player_healthbar_gone lighten_effect2 invisible frame
146, player_healthbar_gone lighten_effect1 invisible frame
147, player_healthbar_gone lighten_effect1 invisible frame
148, player_healthbar_gone lighten_effect1 invisible frame
149, player_healthbar_gone invisible frame
150, player_healthbar_gone invisible frame
151, player_healthbar_gone invisible frame
152, player_healthbar_gone darken_effect1 invisible frame
153, player_healthbar_gone darken_effect1 invisible frame
154, player_healthbar_gone darken_effect1 invisible frame
155, player_healthbar_gone darken_effect2 invisible frame
156, player_healthbar_gone darken_effect2 invisible frame
157, player_healthbar_gone darken_effect2 invisible frame
158, player_healthbar_gone darken_effect1 invisible frame
159, player_healthbar_gone darken_effect1 invisible frame
160, player_healthbar_gone darken_effect1 invisible frame
161, player_healthbar_gone invisible frame
162, player_healthbar_gone invisible frame
163, player_healthbar_gone invisible frame
164, player_healthbar_gone lighten_effect1 invisible frame
165, player_healthbar_gone lighten_effect1 invisible frame
166, player_healthbar_gone lighten_effect1 invisible frame
167, player_healthbar_gone lighten_effect2 invisible frame
168, player_healthbar_gone lighten_effect2 invisible frame
169, player_healthbar_gone lighten_effect2 invisible frame
170, player_healthbar_gone lighten_effect1 invisible frame
171, player_healthbar_gone lighten_effect1 invisible frame
172, player_healthbar_gone lighten_effect1 invisible frame
173, player_healthbar_gone invisible frame
174, player_healthbar_gone invisible frame
175, player_healthbar_gone invisible frame
176, player_healthbar_gone darken_effect1 invisible frame
177, player_healthbar_gone darken_effect1 invisible frame
178, player_healthbar_gone darken_effect1 invisible frame
179, player_healthbar_gone darken_effect2 invisible frame
180, player_healthbar_gone darken_effect2 invisible frame
181, player_healthbar_gone darken_effect2 invisible frame
182, player_healthbar_gone darken_effect1 invisible frame
183, player_healthbar_gone darken_effect1 invisible frame
184, player_healthbar_gone darken_effect1 invisible frame
185, player_healthbar_gone invisible frame
186, player_healthbar_gone invisible frame
187, player_healthbar_gone invisible frame
188, player_healthbar_gone lighten_effect1 invisible frame
189, player_healthbar_gone lighten_effect1 invisible frame
190, player_healthbar_gone lighten_effect1 invisible frame
191, player_healthbar_gone lighten_effect2 invisible frame
192, player_healthbar_gone lighten_effect2 invisible frame
193, player_healthbar_gone lighten_effect2 invisible frame
194, player_healthbar_gone lighten_effect1 invisible frame
195, player_healthbar_gone lighten_effect1 invisible frame
196, player_healthbar_gone lighten_effect1 invisible frame
197, player_healthbar_gone invisible frame
198, player_healthbar_gone invisible frame
199, player_healthbar_gone invisible frame
200, player_healthbar_gone invisible frame
201, player_healthbar_gone
202, player_healthbar_gone lighten_effect1
203, player_healthbar_gone lighten_effect1
204, player_healthbar_gone lighten_effect1
205, player_healthbar_gone lighten_effect2
206, player_healthbar_gone lighten_effect2
207, player_healthbar_gone lighten_effect2
208, player_healthbar_gone lighten_effect1
209, player_healthbar_gone lighten_effect1
210, player_healthbar_gone lighten_effect1
211, player_healthbar_gone
212, player_healthbar_gone
213, player_healthbar_gone
214, player_healthbar_gone darken_effect1
215, player_healthbar_gone darken_effect1
216, player_healthbar_gone darken_effect1
217, player_healthbar_gone darken_effect2
218, player_healthbar_gone darken_effect2
219, player_healthbar_gone darken_effect2
220, player_healthbar_gone darken_effect1
221, player_healthbar_gone darken_effect1
222, player_healthbar_gone darken_effect1
223, player_healthbar_gone
224, player_healthbar_gone
225, player_healthbar_gone
226, player_healthbar_gone
227, player_healthbar_gone invisible frame
228, player_healthbar_gone invisible frame
229, player_healthbar_gone invisible frame
230, player_healthbar_gone invisible frame
231, player_healthbar_gone invisible frame
232, player_healthbar_gone invisible frame
233, player_healthbar_gone invisible frame
234, player_healthbar_gone invisible frame
235, player_healthbar_gone invisible frame
236, player_healthbar_gone invisible frame
237, player_healthbar_gone invisible frame
238, player_healthbar_gone invisible frame
239, player_healthbar_gone invisible frame
240, player_healthbar_gone invisible frame
241, player_healthbar_gone invisible frame
242, player_healthbar_gone invisible frame
243, player_healthbar_gone invisible frame
244, player_healthbar_gone invisible frame
245, player_healthbar_gone invisible frame
246, player_healthbar_gone invisible frame
247, player_healthbar_gone invisible frame
248, player_healthbar_gone invisible frame
249, player_healthbar_gone invisible frame
250, player_healthbar_gone invisible frame
251, player_healthbar_gone invisible frame
252, player_healthbar_gone invisible frame
253, player_healthbar_gone invisible frame
254, player_healthbar_gone invisible frame
255, player_healthbar_gone invisible frame
256, player_healthbar_gone invisible frame
257, player_healthbar_gone invisible frame
258, player_healthbar_gone invisible frame
259, player_healthbar_gone invisible frame
260, player_healthbar_gone invisible frame
261, player_healthbar_gone invisible frame
262, player_healthbar_gone invisible frame
263, player_healthbar_gone invisible frame
264, player_healthbar_gone invisible frame
265, player_healthbar_gone invisible frame
266, player_healthbar_gone invisible frame
267, player_healthbar_gone invisible frame
268, player_healthbar_gone invisible frame
269, player_healthbar_gone invisible frame
270, player_healthbar_gone invisible frame
271, player_healthbar_gone invisible frame
272, player_healthbar_gone invisible frame
273, player_healthbar_gone invisible frame
274, player_healthbar_gone invisible frame
275, player_healthbar_gone invisible frame
276, player_healthbar_gone invisible frame
277, player_healthbar_gone invisible frame
278, player_healthbar_gone invisible frame
279, player_healthbar_gone invisible frame
280, player_healthbar_gone invisible frame
281, player_healthbar_gone invisible frame
282, player_healthbar_gone invisible frame
283, player_healthbar_gone invisible frame
284, player_healthbar_gone invisible frame
285, player_healthbar_gone invisible frame
286, player_healthbar_gone invisible frame
287, player_healthbar_gone invisible frame
288, player_healthbar_gone invisible frame
289, player_healthbar_gone invisible frame
290, player_healthbar_gone invisible frame
291, player_healthbar_gone invisible frame
292, player_healthbar_gone invisible frame
293, player_healthbar_gone invisible frame
294, player_healthbar_gone invisible frame
295, player_healthbar_gone invisible frame
296, player_healthbar_gone invisible frame
297, player_healthbar_gone invisible frame
298, player_healthbar_gone invisible frame
299, player_healthbar_gone invisible frame
300, player_healthbar_gone invisible frame
301, player_healthbar_gone invisible frame
302, player_healthbar_gone invisible frame
303, player_healthbar_gone invisible frame
304, player_healthbar_gone invisible frame
305, player_healthbar_gone invisible frame
306, player_healthbar_gone invisible frame
307, player_healthbar_gone invisible frame
308, player_healthbar_gone invisible frame
309, player_healthbar_gone invisible frame
310, player_healthbar_gone invisible frame
311, player_healthbar_gone invisible frame
312, player_healthbar_gone invisible frame
313, player_healthbar_gone invisible frame
314, player_healthbar_gone invisible frame
315, player_healthbar_gone invisible frame
316, player_healthbar_gone invisible frame
317, player_healthbar_gone invisible frame
318, player_healthbar_gone invisible frame
319, player_healthbar_gone invisible frame
320, player_healthbar_gone invisible frame
321, player_healthbar_gone invisible frame
322, player_healthbar_gone invisible frame
323, player_healthbar_gone invisible frame
324, player_healthbar_gone invisible frame
325, player_healthbar_gone invisible frame
326, player_healthbar_gone invisible frame
327, player_healthbar_gone invisible frame
328, player_healthbar_gone invisible frame
329, player_healthbar_gone invisible frame
330, player_healthbar_gone invisible frame
331, player_healthbar_gone invisible frame
332, player_healthbar_gone invisible frame
333, player_healthbar_gone invisible frame
334, player_healthbar_gone invisible frame
335, player_healthbar_gone invisible frame
336, player_healthbar_gone invisible frame
337, player_healthbar_gone invisible frame
338, player_healthbar_gone invisible frame
339, player_healthbar_gone invisible frame
340, player_healthbar_gone invisible frame
341, player_healthbar_gone invisible frame
342, player_healthbar_gone invisible frame
343, player_healthbar_gone invisible frame
344, player_healthbar_gone invisible frame
345, player_healthbar_gone invisible frame
346, player_healthbar_gone invisible frame