1, player_healthbar_gone invisible_frame
2, player_healthbar_gone invisible_frame
3, player_healthbar_gone invisible_frame
4, player_healthbar_gone invisible_frame
5, player_healthbar_gone invisible_frame
6, player_healthbar_gone invisible_frame
7, player_healthbar_gone invisible_frame
8, player_healthbar_gone screen_translate_x:1 invisible_frame
9, player_healthbar_gone screen_translate_x:-1 invisible_frame
10, player_healthbar_gone screen_translate_x:1 invisible_frame
11, player_healthbar_gone screen_translate_x:-1 invisible_frame
12, player_healthbar_gone screen_translate_x:1 invisible_frame
13, player_healthbar_gone screen_translate_x:-1 invisible_frame
14, player_healthbar_gone screen_translate_x:1 invisible_frame
15, player_healthbar_gone screen_translate_x:-1 invisible_frame
16, player_healthbar_gone screen_translate_x:1
17, player_healthbar_gone screen_translate_x:-1
18, player_healthbar_gone screen_translate_x:1
19, player_healthbar_gone screen_translate_x:-1
20, player_healthbar_gone screen_translate_x:1
21, player_healthbar_gone screen_translate_x:-1
22, player_healthbar_gone screen_translate_x:1
23, player_healthbar_gone screen_translate_x:-1
24, player_healthbar_gone screen_translate_x:1
25, player_healthbar_gone screen_translate_x:-1
26, player_healthbar_gone screen_translate_x:1
27, player_healthbar_gone screen_translate_x:-1
28, player_healthbar_gone screen_translate_x:1
29, player_healthbar_gone screen_translate_x:-1
30, player_healthbar_gone screen_translate_x:1
31, player_healthbar_gone screen_translate_x:-1
32, player_healthbar_gone screen_translate_x:1
33, player_healthbar_gone screen_translate_x:-1
34, player_healthbar_gone screen_translate_x:1
35, player_healthbar_gone screen_translate_x:-1
36, player_healthbar_gone screen_translate_x:1
37, player_healthbar_gone screen_translate_x:-1
38, player_healthbar_gone screen_translate_x:1
39, player_healthbar_gone screen_translate_x:-1
40, player_healthbar_gone screen_translate_x:1
41, player_healthbar_gone screen_translate_x:-1
42, player_healthbar_gone screen_translate_x:1
43, player_healthbar_gone screen_translate_x:-1
44, player_healthbar_gone screen_translate_x:1
45, player_healthbar_gone screen_translate_x:-1
46, player_healthbar_gone screen_translate_x:1
47, player_healthbar_gone screen_translate_x:-1
48, player_healthbar_gone screen_translate_x:1
49, player_healthbar_gone screen_translate_x:-1
50, player_healthbar_gone screen_translate_x:1
51, player_healthbar_gone screen_translate_x:-1
52, player_healthbar_gone screen_translate_x:1
53, player_healthbar_gone screen_translate_x:-1
54, player_healthbar_gone screen_translate_x:1
55, player_healthbar_gone screen_translate_x:-1
56, player_healthbar_gone screen_translate_x:1
57, player_healthbar_gone screen_translate_x:-1
58, player_healthbar_gone screen_translate_x:1
59, player_healthbar_gone screen_translate_x:-1
60, player_healthbar_gone screen_translate_x:1
61, player_healthbar_gone screen_translate_x:-1
62, player_healthbar_gone screen_translate_x:1
63, player_healthbar_gone screen_translate_x:-1
64, player_healthbar_gone screen_translate_x:1
65, player_healthbar_gone screen_translate_x:-1
66, player_healthbar_gone screen_translate_x:1
67, player_healthbar_gone screen_translate_x:-1
68, player_healthbar_gone screen_translate_x:1
69, player_healthbar_gone screen_translate_x:-1
70, player_healthbar_gone screen_translate_x:1
71, player_healthbar_gone screen_translate_x:-1
72, player_healthbar_gone screen_translate_x:1
73, player_healthbar_gone screen_translate_x:-1
74, player_healthbar_gone screen_translate_x:1
75, player_healthbar_gone screen_translate_x:-1
76, player_healthbar_gone screen_translate_x:1
77, player_healthbar_gone screen_translate_x:-1
78, player_healthbar_gone screen_translate_x:1
79, player_healthbar_gone screen_translate_x:-1
80, player_healthbar_gone screen_translate_x:1
81, player_healthbar_gone screen_translate_x:-1
82, player_healthbar_gone screen_translate_x:1
83, player_healthbar_gone screen_translate_x:-1
84, player_healthbar_gone screen_translate_x:1
85, player_healthbar_gone screen_translate_x:-1
86, player_healthbar_gone screen_translate_x:1
87, player_healthbar_gone screen_translate_x:-1
88, player_healthbar_gone screen_translate_x:1
89, player_healthbar_gone screen_translate_x:-1
90, player_healthbar_gone screen_translate_x:1
91, player_healthbar_gone screen_translate_x:-1
92, player_healthbar_gone screen_translate_x:1
93, player_healthbar_gone screen_translate_x:-1
94, player_healthbar_gone screen_translate_x:1
95, player_healthbar_gone screen_translate_x:-1
96, player_healthbar_gone screen_translate_x:1
97, player_healthbar_gone screen_translate_x:-1
98, player_healthbar_gone screen_translate_x:1
99, player_healthbar_gone screen_translate_x:-1
100, player_healthbar_gone screen_translate_x:1
101, player_healthbar_gone screen_translate_x:-1
102, player_healthbar_gone screen_translate_x:1
103, player_healthbar_gone screen_translate_x:-1
104, player_healthbar_gone screen_translate_x:1
105, player_healthbar_gone screen_translate_x:-1
106, player_healthbar_gone screen_translate_x:1
107, player_healthbar_gone screen_translate_x:-1
108, player_healthbar_gone screen_translate_x:1
109, player_healthbar_gone screen_translate_x:-1
110, player_healthbar_gone screen_translate_x:1
111, player_healthbar_gone screen_translate_x:-1
112, player_healthbar_gone screen_translate_x:1
113, player_healthbar_gone screen_translate_x:-1
114, player_healthbar_gone screen_translate_x:1
115, player_healthbar_gone screen_translate_x:-1
116, player_healthbar_gone screen_translate_x:1
117, player_healthbar_gone screen_translate_x:-1
118, player_healthbar_gone screen_translate_x:1
119, player_healthbar_gone screen_translate_x:-1
120, player_healthbar_gone screen_translate_x:1
121, player_healthbar_gone screen_translate_x:-1
122, player_healthbar_gone screen_translate_x:1
123, player_healthbar_gone screen_translate_x:-1
124, player_healthbar_gone screen_translate_x:1
125, player_healthbar_gone screen_translate_x:-1
126, player_healthbar_gone screen_translate_x:1
127, player_healthbar_gone screen_translate_x:-1
128, player_healthbar_gone screen_translate_x:1
129, player_healthbar_gone screen_translate_x:-1
130, player_healthbar_gone screen_translate_x:1
131, player_healthbar_gone screen_translate_x:-1
132, player_healthbar_gone screen_translate_x:1
133, player_healthbar_gone screen_translate_x:-1
134, player_healthbar_gone screen_translate_x:1
135, player_healthbar_gone screen_translate_x:-1
136, player_healthbar_gone screen_translate_x:1
137, player_healthbar_gone screen_translate_x:-1
138, player_healthbar_gone screen_translate_x:1
139, player_healthbar_gone screen_translate_x:-1
140, player_healthbar_gone screen_translate_x:1
141, player_healthbar_gone screen_translate_x:-1
142, player_healthbar_gone screen_translate_x:1
143, player_healthbar_gone screen_translate_x:-1
144, player_healthbar_gone screen_translate_x:1
145, player_healthbar_gone screen_translate_x:-1
146, player_healthbar_gone screen_translate_x:1
147, player_healthbar_gone screen_translate_x:-1
148, player_healthbar_gone screen_translate_x:1
149, player_healthbar_gone screen_translate_x:-1
150, player_healthbar_gone screen_translate_x:1
151, player_healthbar_gone screen_translate_x:-1
152, player_healthbar_gone screen_translate_x:1
153, player_healthbar_gone screen_translate_x:-1
154, player_healthbar_gone screen_translate_x:1
155, player_healthbar_gone screen_translate_x:-1
156, player_healthbar_gone screen_translate_x:1
157, player_healthbar_gone screen_translate_x:-1
158, player_healthbar_gone screen_translate_x:1
159, player_healthbar_gone screen_translate_x:-1
160, player_healthbar_gone screen_translate_x:1
161, player_healthbar_gone screen_translate_x:-1
162, player_healthbar_gone screen_translate_x:1
163, player_healthbar_gone screen_translate_x:-1
164, player_healthbar_gone screen_translate_x:1
165, player_healthbar_gone screen_translate_x:-1
166, player_healthbar_gone screen_translate_x:1
167, player_healthbar_gone screen_translate_x:-1
168, player_healthbar_gone screen_translate_x:1
169, player_healthbar_gone screen_translate_x:-1
170, player_healthbar_gone screen_translate_x:1
171, player_healthbar_gone screen_translate_x:-1
172, player_healthbar_gone screen_translate_x:1
173, player_healthbar_gone screen_translate_x:-1
174, player_healthbar_gone screen_translate_x:1
175, player_healthbar_gone screen_translate_x:-1
176, player_healthbar_gone screen_translate_x:1
177, player_healthbar_gone screen_translate_x:-1
178, player_healthbar_gone screen_translate_x:1
179, player_healthbar_gone screen_translate_x:-1
180, player_healthbar_gone screen_translate_x:1
181, player_healthbar_gone screen_translate_x:-1
182, player_healthbar_gone screen_translate_x:1
183, player_healthbar_gone screen_translate_x:-1
184, player_healthbar_gone screen_translate_x:1
185, player_healthbar_gone screen_translate_x:-1
186, player_healthbar_gone screen_translate_x:1
187, player_healthbar_gone screen_translate_x:-1 invisible_frame
188, player_healthbar_gone screen_translate_x:1 invisible_frame
189, player_healthbar_gone screen_translate_x:-1 invisible_frame
190, player_healthbar_gone screen_translate_x:1 invisible_frame
191, player_healthbar_gone screen_translate_x:-1 invisible_frame
192, player_healthbar_gone screen_translate_x:1 invisible_frame
193, player_healthbar_gone screen_translate_x:-1 invisible_frame
194, player_healthbar_gone screen_translate_x:1 invisible_frame
195, player_healthbar_gone screen_translate_x:-1 invisible_frame
196, player_healthbar_gone screen_translate_x:1 invisible_frame
197, player_healthbar_gone screen_translate_x:-1 invisible_frame
198, player_healthbar_gone screen_translate_x:1 invisible_frame
199, player_healthbar_gone screen_translate_x:-1 invisible_frame
200, player_healthbar_gone invisible_frame
201, player_healthbar_gone invisible_frame
202, player_healthbar_gone invisible_frame
203, player_healthbar_gone invisible_frame
204, player_healthbar_gone invisible_frame
205, player_healthbar_gone invisible_frame
206, player_healthbar_gone invisible_frame
207, player_healthbar_gone invisible_frame
208, player_healthbar_gone invisible_frame
209, player_healthbar_gone invisible_frame
210, player_healthbar_gone invisible_frame
211, player_healthbar_gone invisible_frame
212, player_healthbar_gone invisible_frame
213, player_healthbar_gone invisible_frame
214, player_healthbar_gone invisible_frame
215, player_healthbar_gone invisible_frame
216, player_healthbar_gone invisible_frame
217, player_healthbar_gone invisible_frame
218, player_healthbar_gone invisible_frame
219, player_healthbar_gone invisible_frame
220, player_healthbar_gone invisible_frame
221, player_healthbar_gone invisible_frame
222, player_healthbar_gone invisible_frame
223, player_healthbar_gone invisible_frame
224, player_healthbar_gone invisible_frame
225, player_healthbar_gone invisible_frame
226, player_healthbar_gone invisible_frame
227, player_healthbar_gone invisible_frame
228, player_healthbar_gone invisible_frame
229, player_healthbar_gone invisible_frame
230, player_healthbar_gone invisible_frame
231, player_healthbar_gone invisible_frame
232, player_healthbar_gone invisible_frame
233, player_healthbar_gone invisible_frame
234, player_healthbar_gone invisible_frame
235, player_healthbar_gone invisible_frame
236, player_healthbar_gone invisible_frame
237, player_healthbar_gone invisible_frame
238, player_healthbar_gone invisible_frame
239, player_healthbar_gone invisible_frame
240, player_healthbar_gone invisible_frame
241, player_healthbar_gone invisible_frame
242, player_healthbar_gone invisible_frame
243, player_healthbar_gone invisible_frame
244, player_healthbar_gone invisible_frame
245, player_healthbar_gone invisible_frame
246, player_healthbar_gone invisible_frame
247, player_healthbar_gone invisible_frame
248, player_healthbar_gone invisible_frame
249, player_healthbar_gone invisible_frame
250, player_healthbar_gone invisible_frame
251, player_healthbar_gone invisible_frame
252, player_healthbar_gone invisible_frame
253, player_healthbar_gone invisible_frame
254, player_healthbar_gone invisible_frame
255, player_healthbar_gone invisible_frame
256, player_healthbar_gone invisible_frame
257, player_healthbar_gone invisible_frame
258, player_healthbar_gone invisible_frame