1, enemy_healthbar_gone invisible_frame
2, enemy_healthbar_gone invisible_frame
3, enemy_healthbar_gone invisible_frame
4, enemy_healthbar_gone invisible_frame
5, enemy_healthbar_gone invisible_frame
6, enemy_healthbar_gone invisible_frame
7, enemy_healthbar_gone invisible_frame
8, enemy_healthbar_gone invisible_frame
9, enemy_healthbar_gone invisible_frame
10, enemy_healthbar_gone invisible_frame
11, enemy_healthbar_gone invisible_frame
12, enemy_healthbar_gone invisible_frame
13, enemy_healthbar_gone invisible_frame
14, enemy_healthbar_gone enemy_translate_x:8 invisible_frame
15, enemy_healthbar_gone enemy_translate_x:8 invisible_frame
16, enemy_healthbar_gone enemy_translate_x:8 invisible_frame
17, enemy_healthbar_gone enemy_translate_x:8 invisible_frame
18, enemy_healthbar_gone enemy_translate_x:16 invisible_frame
19, enemy_healthbar_gone enemy_translate_x:16 invisible_frame
20, enemy_healthbar_gone enemy_translate_x:16 invisible_frame
21, enemy_healthbar_gone enemy_translate_x:16 invisible_frame
22, enemy_healthbar_gone enemy_translate_x:24 invisible_frame
23, enemy_healthbar_gone enemy_translate_x:24 invisible_frame
24, enemy_healthbar_gone enemy_translate_x:24 invisible_frame
25, enemy_healthbar_gone enemy_translate_x:24 invisible_frame
26, enemy_healthbar_gone enemy_translate_x:32 invisible_frame
27, enemy_healthbar_gone enemy_translate_x:32 invisible_frame
28, enemy_healthbar_gone enemy_translate_x:32 invisible_frame
29, enemy_healthbar_gone enemy_translate_x:32 invisible_frame
30, enemy_healthbar_gone enemy_translate_x:40 invisible_frame
31, enemy_healthbar_gone enemy_translate_x:40 invisible_frame
32, enemy_healthbar_gone enemy_translate_x:40 invisible_frame
33, enemy_healthbar_gone enemy_translate_x:40 invisible_frame
34, enemy_healthbar_gone enemy_translate_x:48 invisible_frame
35, enemy_healthbar_gone enemy_translate_x:48 invisible_frame
36, enemy_healthbar_gone enemy_translate_x:48 invisible_frame
37, enemy_healthbar_gone enemy_translate_x:48 invisible_frame
38, enemy_healthbar_gone enemy_translate_x:48 invisible_frame
39, enemy_healthbar_gone enemy_translate_x:56 invisible_frame
40, enemy_healthbar_gone enemy_translate_x:64 invisible_frame
41, enemy_healthbar_gone enemy_translate_x:64 invisible_frame
42, enemy_healthbar_gone enemy_translate_x:64 invisible_frame
43, enemy_healthbar_gone enemy_translate_x:64 invisible_frame
44, enemy_healthbar_gone enemy_translate_x:64 invisible_frame
45, enemy_healthbar_gone enemy_translate_x:64 invisible_frame
46, enemy_healthbar_gone enemy_translate_x:64
47, enemy_healthbar_gone enemy_translate_x:64
48, enemy_healthbar_gone enemy_translate_x:64
49, enemy_healthbar_gone enemy_translate_x:64
50, enemy_healthbar_gone enemy_translate_x:64
51, enemy_healthbar_gone enemy_translate_x:64
52, enemy_healthbar_gone enemy_translate_x:64
53, enemy_healthbar_gone enemy_translate_x:64
54, enemy_healthbar_gone enemy_translate_x:64
55, enemy_healthbar_gone enemy_translate_x:64
56, enemy_healthbar_gone enemy_translate_x:64
57, enemy_healthbar_gone enemy_translate_x:64
58, enemy_healthbar_gone enemy_translate_x:64
59, enemy_healthbar_gone enemy_translate_x:64
60, enemy_healthbar_gone enemy_translate_x:64
61, enemy_healthbar_gone enemy_translate_x:64
62, enemy_healthbar_gone enemy_translate_x:64
63, enemy_healthbar_gone enemy_translate_x:64
64, enemy_healthbar_gone enemy_translate_x:64
65, enemy_healthbar_gone enemy_translate_x:64
66, enemy_healthbar_gone enemy_translate_x:64
67, enemy_healthbar_gone enemy_translate_x:64
68, enemy_healthbar_gone enemy_translate_x:64
69, enemy_healthbar_gone enemy_translate_x:64
70, enemy_healthbar_gone enemy_translate_x:64
71, enemy_healthbar_gone enemy_translate_x:64
72, enemy_healthbar_gone enemy_translate_x:64
73, enemy_healthbar_gone enemy_translate_x:64
74, enemy_healthbar_gone enemy_translate_x:64
75, enemy_healthbar_gone enemy_translate_x:64
76, enemy_healthbar_gone enemy_translate_x:64
77, enemy_healthbar_gone enemy_translate_x:64
78, enemy_healthbar_gone enemy_translate_x:64
79, enemy_healthbar_gone enemy_translate_x:64
80, enemy_healthbar_gone enemy_translate_x:64
81, enemy_healthbar_gone enemy_translate_x:64
82, enemy_healthbar_gone enemy_translate_x:64
83, enemy_healthbar_gone enemy_translate_x:64
84, enemy_healthbar_gone enemy_translate_x:64
85, enemy_healthbar_gone enemy_translate_x:64
86, enemy_healthbar_gone enemy_translate_x:64
87, enemy_healthbar_gone enemy_translate_x:64
88, enemy_healthbar_gone enemy_translate_x:64
89, enemy_healthbar_gone enemy_translate_x:64
90, enemy_healthbar_gone enemy_translate_x:64
91, enemy_healthbar_gone enemy_translate_x:64
92, enemy_healthbar_gone enemy_translate_x:64
93, enemy_healthbar_gone enemy_translate_x:64
94, enemy_healthbar_gone enemy_translate_x:64
95, enemy_healthbar_gone enemy_translate_x:64
96, enemy_healthbar_gone enemy_translate_x:64
97, enemy_healthbar_gone enemy_translate_x:64
98, enemy_healthbar_gone enemy_translate_x:64
99, enemy_healthbar_gone enemy_translate_x:64
100, enemy_healthbar_gone enemy_translate_x:64
101, enemy_healthbar_gone enemy_translate_x:64
102, enemy_healthbar_gone enemy_translate_x:64
103, enemy_healthbar_gone enemy_translate_x:64
104, enemy_healthbar_gone enemy_translate_x:64
105, enemy_healthbar_gone enemy_translate_x:64
106, enemy_healthbar_gone enemy_translate_x:64
107, enemy_healthbar_gone enemy_translate_x:64
108, enemy_healthbar_gone enemy_translate_x:64
109, enemy_healthbar_gone enemy_translate_x:64
110, enemy_healthbar_gone enemy_translate_x:64
111, enemy_healthbar_gone enemy_translate_x:64
112, enemy_healthbar_gone enemy_translate_x:64
113, enemy_healthbar_gone enemy_translate_x:64
114, enemy_healthbar_gone enemy_translate_x:64
115, enemy_healthbar_gone enemy_translate_x:64
116, enemy_healthbar_gone enemy_translate_x:64
117, enemy_healthbar_gone enemy_translate_x:64
118, enemy_healthbar_gone enemy_translate_x:64
119, enemy_healthbar_gone enemy_translate_x:64
120, enemy_healthbar_gone enemy_translate_x:64
121, enemy_healthbar_gone enemy_translate_x:64
122, enemy_healthbar_gone enemy_translate_x:64
123, enemy_healthbar_gone enemy_translate_x:64
124, enemy_healthbar_gone enemy_translate_x:64
125, enemy_healthbar_gone enemy_translate_x:64
126, enemy_healthbar_gone enemy_translate_x:64
127, enemy_healthbar_gone enemy_translate_x:64
128, enemy_healthbar_gone enemy_translate_x:64
129, enemy_healthbar_gone enemy_translate_x:64
130, enemy_healthbar_gone enemy_translate_x:64
131, enemy_healthbar_gone enemy_translate_x:64
132, enemy_healthbar_gone enemy_translate_x:64
133, enemy_healthbar_gone enemy_translate_x:64
134, enemy_healthbar_gone enemy_translate_x:64 player_darken_effect1
135, enemy_healthbar_gone enemy_translate_x:64 player_darken_effect1
136, enemy_healthbar_gone enemy_translate_x:64 player_darken_effect1
137, enemy_healthbar_gone enemy_translate_x:64 player_darken_effect2
138, enemy_healthbar_gone enemy_translate_x:64 player_darken_effect2
139, enemy_healthbar_gone enemy_translate_x:64 player_darken_effect2
140, enemy_healthbar_gone enemy_translate_x:64 player_darken_effect1
141, enemy_healthbar_gone enemy_translate_x:64 player_darken_effect1
142, enemy_healthbar_gone enemy_translate_x:64 player_darken_effect1
143, enemy_healthbar_gone enemy_translate_x:64
144, enemy_healthbar_gone enemy_translate_x:64
145, enemy_healthbar_gone enemy_translate_x:64
146, enemy_healthbar_gone enemy_translate_x:64 player_lighten_effect1
147, enemy_healthbar_gone enemy_translate_x:64 player_lighten_effect1
148, enemy_healthbar_gone enemy_translate_x:64 player_lighten_effect1
149, enemy_healthbar_gone enemy_translate_x:64 player_lighten_effect2
150, enemy_healthbar_gone enemy_translate_x:64 player_lighten_effect2
151, enemy_healthbar_gone enemy_translate_x:64 player_lighten_effect2
152, enemy_healthbar_gone enemy_translate_x:64 player_lighten_effect1
153, enemy_healthbar_gone enemy_translate_x:64 player_lighten_effect1
154, enemy_healthbar_gone enemy_translate_x:64 player_lighten_effect1
155, enemy_healthbar_gone enemy_translate_x:64
156, enemy_healthbar_gone enemy_translate_x:64
157, enemy_healthbar_gone enemy_translate_x:64
158, enemy_healthbar_gone enemy_translate_x:64 player_darken_effect1
159, enemy_healthbar_gone enemy_translate_x:64 player_darken_effect1
160, enemy_healthbar_gone enemy_translate_x:64 player_darken_effect1
161, enemy_healthbar_gone enemy_translate_x:64 player_darken_effect2
162, enemy_healthbar_gone enemy_translate_x:64 player_darken_effect2
163, enemy_healthbar_gone enemy_translate_x:64 player_darken_effect2
164, enemy_healthbar_gone enemy_translate_x:64 player_darken_effect1
165, enemy_healthbar_gone enemy_translate_x:64 player_darken_effect1
166, enemy_healthbar_gone enemy_translate_x:64 player_darken_effect1
167, enemy_healthbar_gone enemy_translate_x:64
168, enemy_healthbar_gone enemy_translate_x:64
169, enemy_healthbar_gone enemy_translate_x:64
170, enemy_healthbar_gone enemy_translate_x:64 player_lighten_effect1
171, enemy_healthbar_gone enemy_translate_x:64 player_lighten_effect1
172, enemy_healthbar_gone enemy_translate_x:64 player_lighten_effect1
173, enemy_healthbar_gone enemy_translate_x:64 player_lighten_effect2
174, enemy_healthbar_gone enemy_translate_x:64 player_lighten_effect2
175, enemy_healthbar_gone enemy_translate_x:64 player_lighten_effect2
176, enemy_healthbar_gone enemy_translate_x:64 player_lighten_effect1
177, enemy_healthbar_gone enemy_translate_x:64 player_lighten_effect1
178, enemy_healthbar_gone enemy_translate_x:64 player_lighten_effect1
179, enemy_healthbar_gone enemy_translate_x:64
180, enemy_healthbar_gone enemy_translate_x:64
181, enemy_healthbar_gone enemy_translate_x:64
182, enemy_healthbar_gone enemy_translate_x:64 player_darken_effect1
183, enemy_healthbar_gone enemy_translate_x:64 player_darken_effect1
184, enemy_healthbar_gone enemy_translate_x:64 player_darken_effect1
185, enemy_healthbar_gone enemy_translate_x:64 player_darken_effect2
186, enemy_healthbar_gone enemy_translate_x:64 player_darken_effect2
187, enemy_healthbar_gone enemy_translate_x:64 player_darken_effect2
188, enemy_healthbar_gone enemy_translate_x:64 player_darken_effect1
189, enemy_healthbar_gone enemy_translate_x:64 player_darken_effect1
190, enemy_healthbar_gone enemy_translate_x:64 player_darken_effect1
191, enemy_healthbar_gone enemy_translate_x:64
192, enemy_healthbar_gone enemy_translate_x:64
193, enemy_healthbar_gone enemy_translate_x:64
194, enemy_healthbar_gone enemy_translate_x:64 player_lighten_effect1
195, enemy_healthbar_gone enemy_translate_x:64 player_lighten_effect1
196, enemy_healthbar_gone enemy_translate_x:64 player_lighten_effect1
197, enemy_healthbar_gone enemy_translate_x:64 player_lighten_effect2
198, enemy_healthbar_gone enemy_translate_x:64 player_lighten_effect2
199, enemy_healthbar_gone enemy_translate_x:64 player_lighten_effect2
200, enemy_healthbar_gone enemy_translate_x:64 player_lighten_effect1
201, enemy_healthbar_gone enemy_translate_x:64 player_lighten_effect1
202, enemy_healthbar_gone enemy_translate_x:64 player_lighten_effect1
203, enemy_healthbar_gone enemy_translate_x:64
204, enemy_healthbar_gone enemy_translate_x:64
205, enemy_healthbar_gone enemy_translate_x:64
206, enemy_healthbar_gone enemy_translate_x:64 player_darken_effect1
207, enemy_healthbar_gone enemy_translate_x:64 player_darken_effect1
208, enemy_healthbar_gone enemy_translate_x:64 player_darken_effect1
209, enemy_healthbar_gone enemy_translate_x:64 player_darken_effect2
210, enemy_healthbar_gone enemy_translate_x:64 player_darken_effect2
211, enemy_healthbar_gone enemy_translate_x:64 player_darken_effect2
212, enemy_healthbar_gone enemy_translate_x:64 player_darken_effect1
213, enemy_healthbar_gone enemy_translate_x:64 player_darken_effect1
214, enemy_healthbar_gone enemy_translate_x:64 player_darken_effect1
215, enemy_healthbar_gone enemy_translate_x:64
216, enemy_healthbar_gone enemy_translate_x:64
217, enemy_healthbar_gone enemy_translate_x:64
218, enemy_healthbar_gone enemy_translate_x:64 player_lighten_effect1
219, enemy_healthbar_gone enemy_translate_x:64 player_lighten_effect1 invisible_frame
220, enemy_healthbar_gone enemy_translate_x:64 player_lighten_effect1 invisible_frame
221, enemy_healthbar_gone enemy_translate_x:64 player_lighten_effect2 invisible_frame
222, enemy_healthbar_gone enemy_translate_x:64 player_lighten_effect2 invisible_frame
223, enemy_healthbar_gone enemy_translate_x:64 player_lighten_effect2 invisible_frame
224, enemy_healthbar_gone enemy_translate_x:64 player_lighten_effect1 invisible_frame
225, enemy_healthbar_gone enemy_translate_x:64 player_lighten_effect1 invisible_frame
226, enemy_healthbar_gone enemy_translate_x:64 player_lighten_effect1 invisible_frame
227, enemy_healthbar_gone enemy_translate_x:64 invisible_frame
228, enemy_healthbar_gone enemy_translate_x:64 invisible_frame
229, enemy_healthbar_gone enemy_translate_x:64 invisible_frame
230, enemy_healthbar_gone enemy_translate_x:64 player_darken_effect1 invisible_frame
231, enemy_healthbar_gone enemy_translate_x:64 player_darken_effect1 invisible_frame
232, enemy_healthbar_gone enemy_translate_x:64 player_darken_effect1 invisible_frame
233, enemy_healthbar_gone enemy_translate_x:64 player_darken_effect2 invisible_frame
234, enemy_healthbar_gone enemy_translate_x:64 player_darken_effect2 invisible_frame
235, enemy_healthbar_gone enemy_translate_x:64 player_darken_effect2 invisible_frame
236, enemy_healthbar_gone enemy_translate_x:64 player_darken_effect1 invisible_frame
237, enemy_healthbar_gone enemy_translate_x:64 player_darken_effect1 invisible_frame
238, enemy_healthbar_gone enemy_translate_x:64 player_darken_effect1 invisible_frame
239, enemy_healthbar_gone enemy_translate_x:64 invisible_frame
240, enemy_healthbar_gone enemy_translate_x:64 invisible_frame
241, enemy_healthbar_gone enemy_translate_x:64 invisible_frame
242, enemy_healthbar_gone enemy_translate_x:64 player_lighten_effect1 invisible_frame
243, enemy_healthbar_gone enemy_translate_x:64 player_lighten_effect1 invisible_frame
244, enemy_healthbar_gone enemy_translate_x:64 player_lighten_effect1 invisible_frame
245, enemy_healthbar_gone enemy_translate_x:64 player_lighten_effect2 invisible_frame
246, enemy_healthbar_gone enemy_translate_x:64 player_lighten_effect2 invisible_frame
247, enemy_healthbar_gone enemy_translate_x:64 player_lighten_effect2 invisible_frame
248, enemy_healthbar_gone enemy_translate_x:64 player_lighten_effect1 invisible_frame
249, enemy_healthbar_gone enemy_translate_x:64 invisible_frame
250, enemy_healthbar_gone enemy_translate_x:64 invisible_frame
251, enemy_healthbar_gone enemy_translate_x:64 invisible_frame
252, enemy_healthbar_gone enemy_translate_x:64 invisible_frame
253, enemy_healthbar_gone invisible_frame