1, enemy_healthbar_gone
2, enemy_healthbar_gone
3, enemy_healthbar_gone
4, enemy_healthbar_gone
5, enemy_healthbar_gone
6, enemy_healthbar_gone
7, enemy_healthbar_gone
8, enemy_healthbar_gone
9, enemy_healthbar_gone inverse_colors
10, enemy_healthbar_gone confuseray_effect1
11, enemy_healthbar_gone confuseray_effect1
12, enemy_healthbar_gone confuseray_effect1
13, enemy_healthbar_gone confuseray_effect1
14, enemy_healthbar_gone confuseray_effect1
15, enemy_healthbar_gone confuseray_effect1
16, enemy_healthbar_gone confuseray_effect2
17, enemy_healthbar_gone confuseray_effect2
18, enemy_healthbar_gone confuseray_effect2
19, enemy_healthbar_gone confuseray_effect2
20, enemy_healthbar_gone confuseray_effect2
21, enemy_healthbar_gone inverse_colors
22, enemy_healthbar_gone inverse_colors
23, enemy_healthbar_gone inverse_colors
24, enemy_healthbar_gone inverse_colors
25, enemy_healthbar_gone inverse_colors
26, enemy_healthbar_gone inverse_colors
27, enemy_healthbar_gone inverse_colors
28, enemy_healthbar_gone confuseray_effect1
29, enemy_healthbar_gone confuseray_effect1
30, enemy_healthbar_gone confuseray_effect1
31, enemy_healthbar_gone confuseray_effect1
32, enemy_healthbar_gone confuseray_effect1
33, enemy_healthbar_gone confuseray_effect2
34, enemy_healthbar_gone confuseray_effect2
35, enemy_healthbar_gone confuseray_effect2
36, enemy_healthbar_gone confuseray_effect2
37, enemy_healthbar_gone confuseray_effect2
38, enemy_healthbar_gone confuseray_effect2
39, enemy_healthbar_gone inverse_colors
40, enemy_healthbar_gone inverse_colors
41, enemy_healthbar_gone inverse_colors
42, enemy_healthbar_gone inverse_colors
43, enemy_healthbar_gone inverse_colors
44, enemy_healthbar_gone confuseray_effect1
45, enemy_healthbar_gone confuseray_effect1
46, enemy_healthbar_gone confuseray_effect1
47, enemy_healthbar_gone confuseray_effect1
48, enemy_healthbar_gone confuseray_effect1
49, enemy_healthbar_gone confuseray_effect1
50, enemy_healthbar_gone confuseray_effect1
51, enemy_healthbar_gone confuseray_effect1
52, enemy_healthbar_gone confuseray_effect2
53, enemy_healthbar_gone confuseray_effect2
54, enemy_healthbar_gone confuseray_effect2
55, enemy_healthbar_gone confuseray_effect2
56, enemy_healthbar_gone confuseray_effect2
57, enemy_healthbar_gone confuseray_effect2
58, enemy_healthbar_gone inverse_colors
59, enemy_healthbar_gone inverse_colors
60, enemy_healthbar_gone inverse_colors
61, enemy_healthbar_gone inverse_colors
62, enemy_healthbar_gone inverse_colors
63, enemy_healthbar_gone inverse_colors
64, enemy_healthbar_gone confuseray_effect1
65, enemy_healthbar_gone confuseray_effect1
66, enemy_healthbar_gone confuseray_effect1
67, enemy_healthbar_gone confuseray_effect1
68, enemy_healthbar_gone confuseray_effect1
69, enemy_healthbar_gone confuseray_effect1
70, enemy_healthbar_gone confuseray_effect2
71, enemy_healthbar_gone confuseray_effect2
72, enemy_healthbar_gone confuseray_effect2
73, enemy_healthbar_gone confuseray_effect2
74, enemy_healthbar_gone confuseray_effect2
75, enemy_healthbar_gone confuseray_effect2
76, enemy_healthbar_gone inverse_colors
77, enemy_healthbar_gone inverse_colors
78, enemy_healthbar_gone inverse_colors
79, enemy_healthbar_gone inverse_colors
80, enemy_healthbar_gone inverse_colors
81, enemy_healthbar_gone confuseray_effect1
82, enemy_healthbar_gone confuseray_effect1
83, enemy_healthbar_gone confuseray_effect1
84, enemy_healthbar_gone confuseray_effect1
85, enemy_healthbar_gone confuseray_effect1
86, enemy_healthbar_gone confuseray_effect2
87, enemy_healthbar_gone confuseray_effect2
88, enemy_healthbar_gone confuseray_effect2
89, enemy_healthbar_gone confuseray_effect2
90, enemy_healthbar_gone confuseray_effect2
91, enemy_healthbar_gone confuseray_effect2
92, enemy_healthbar_gone confuseray_effect2
93, enemy_healthbar_gone inverse_colors
94, enemy_healthbar_gone inverse_colors
95, enemy_healthbar_gone inverse_colors
96, enemy_healthbar_gone inverse_colors
97, enemy_healthbar_gone inverse_colors
98, enemy_healthbar_gone confuseray_effect1
99, enemy_healthbar_gone confuseray_effect1
100, enemy_healthbar_gone confuseray_effect1
101, enemy_healthbar_gone confuseray_effect1
102, enemy_healthbar_gone confuseray_effect1
103, enemy_healthbar_gone confuseray_effect1
104, enemy_healthbar_gone confuseray_effect1
105, enemy_healthbar_gone confuseray_effect2
106, enemy_healthbar_gone confuseray_effect2
107, enemy_healthbar_gone confuseray_effect2
108, enemy_healthbar_gone confuseray_effect2
109, enemy_healthbar_gone confuseray_effect2
110, enemy_healthbar_gone confuseray_effect2
111, enemy_healthbar_gone confuseray_effect2
112, enemy_healthbar_gone inverse_colors
113, enemy_healthbar_gone inverse_colors
114, enemy_healthbar_gone inverse_colors
115, enemy_healthbar_gone inverse_colors
116, enemy_healthbar_gone inverse_colors
117, enemy_healthbar_gone inverse_colors
118, enemy_healthbar_gone confuseray_effect1
119, enemy_healthbar_gone confuseray_effect1
120, enemy_healthbar_gone confuseray_effect1
121, enemy_healthbar_gone confuseray_effect1
122, enemy_healthbar_gone confuseray_effect1
123, enemy_healthbar_gone confuseray_effect2
124, enemy_healthbar_gone confuseray_effect2
125, enemy_healthbar_gone confuseray_effect2
126, enemy_healthbar_gone confuseray_effect2
127, enemy_healthbar_gone confuseray_effect2
128, enemy_healthbar_gone confuseray_effect2
129, enemy_healthbar_gone inverse_colors
130, enemy_healthbar_gone inverse_colors
131, enemy_healthbar_gone inverse_colors
132, enemy_healthbar_gone inverse_colors
133, enemy_healthbar_gone inverse_colors
134, enemy_healthbar_gone inverse_colors
135, enemy_healthbar_gone confuseray_effect1
136, enemy_healthbar_gone confuseray_effect1
137, enemy_healthbar_gone confuseray_effect1
138, enemy_healthbar_gone confuseray_effect1
139, enemy_healthbar_gone confuseray_effect1
140, enemy_healthbar_gone confuseray_effect1
141, enemy_healthbar_gone confuseray_effect2
142, enemy_healthbar_gone confuseray_effect2
143, enemy_healthbar_gone confuseray_effect2
144, enemy_healthbar_gone confuseray_effect2
145, enemy_healthbar_gone confuseray_effect2
146, enemy_healthbar_gone confuseray_effect2
147, enemy_healthbar_gone inverse_colors
148, enemy_healthbar_gone inverse_colors
149, enemy_healthbar_gone inverse_colors
150, enemy_healthbar_gone inverse_colors
151, enemy_healthbar_gone inverse_colors
152, enemy_healthbar_gone inverse_colors
153, enemy_healthbar_gone inverse_colors
154, enemy_healthbar_gone confuseray_effect1
155, enemy_healthbar_gone confuseray_effect1
156, enemy_healthbar_gone confuseray_effect1
157, enemy_healthbar_gone confuseray_effect1
158, enemy_healthbar_gone confuseray_effect1
159, enemy_healthbar_gone confuseray_effect1  
160, enemy_healthbar_gone confuseray_effect2
161, enemy_healthbar_gone confuseray_effect2
162, enemy_healthbar_gone confuseray_effect2
163, enemy_healthbar_gone confuseray_effect2
164, enemy_healthbar_gone confuseray_effect2
165, enemy_healthbar_gone inverse_colors
166, enemy_healthbar_gone inverse_colors
167, enemy_healthbar_gone inverse_colors
168, enemy_healthbar_gone inverse_colors
169, enemy_healthbar_gone inverse_colors
170, enemy_healthbar_gone confuseray_effect1
171, enemy_healthbar_gone confuseray_effect1
172, enemy_healthbar_gone confuseray_effect1
173, enemy_healthbar_gone confuseray_effect1
174, enemy_healthbar_gone confuseray_effect1
175, enemy_healthbar_gone confuseray_effect1
176, enemy_healthbar_gone confuseray_effect2
177, enemy_healthbar_gone confuseray_effect2
178, enemy_healthbar_gone confuseray_effect2
179, enemy_healthbar_gone confuseray_effect2
180, enemy_healthbar_gone confuseray_effect2
181, enemy_healthbar_gone inverse_colors
182, enemy_healthbar_gone inverse_colors
183, enemy_healthbar_gone inverse_colors
184, enemy_healthbar_gone inverse_colors
185, enemy_healthbar_gone inverse_colors
186, enemy_healthbar_gone confuseray_effect1
187, enemy_healthbar_gone confuseray_effect1
188, enemy_healthbar_gone confuseray_effect1
189, enemy_healthbar_gone confuseray_effect1
190, enemy_healthbar_gone confuseray_effect1
191, enemy_healthbar_gone confuseray_effect1
192, enemy_healthbar_gone confuseray_effect2
193, enemy_healthbar_gone confuseray_effect2
194, enemy_healthbar_gone confuseray_effect2
195, enemy_healthbar_gone confuseray_effect2
196, enemy_healthbar_gone confuseray_effect2
197, enemy_healthbar_gone inverse_colors
198, enemy_healthbar_gone inverse_colors
199, enemy_healthbar_gone inverse_colors
200, enemy_healthbar_gone inverse_colors
201, enemy_healthbar_gone inverse_colors
202, enemy_healthbar_gone inverse_colors
203, enemy_healthbar_gone confuseray_effect1
204, enemy_healthbar_gone confuseray_effect1
205, enemy_healthbar_gone confuseray_effect1
206, enemy_healthbar_gone confuseray_effect1
207, enemy_healthbar_gone