1, invisible frame
2, invisible frame
3, invisible frame
4, invisible frame
5, invisible frame
6, invisible frame
7, invisible frame
8, invisible frame
9, invisible frame
10, invisible frame
11, invisible frame
12, invisible frame
13, invisible frame
14, invisible frame
15,
16,
17,
18, invisible frame
19, invisible frame
20,
21,
22,
23,
24,
25,
26,
27,
28,
29,
30,
31,
32,
33,
34,
35,
36,
37,
38,
39,
40,
41,
42,
43,
44,
45,
46,
47,
48,
49,
50,
51,
52,
53,
54,
55,
56,
57,
58,
59,
60,
61,
62,
63,
64,
65,
66,
67,
68,
69,
70,
71,
72,
73,
74,
75,
76,
77,
78,
79,
80,
81,
82,
83,
84,
85,
86,
87,
88,
89,
90,
91,
92,
93,
94,
95,
96,
97,
98,
99,
100,
101,
102,
103,
104,
105,
106,
107,
108,
109,
110,
111,
112,
113,
114,
115,
116,
117,
118,
119,
120,
121,
122,
123,
124,
125,
126,
127,
128,
129,
130,
131,
132,
133,
134,
135,
136,
137,
138,
139,
140,
141,
142,
143,
144,
145,
146,
147,
148,
149,
150,
151,
152,
153,
154,
155,
156,
157,
158,
159,
160,
161,
162,
163,
164,
165,
166,
167,
168,
169,
170,
171,
172,
173,
174,
175,
176,
177,
178,
179,
180,
181,
182,
183,
184,
185,
186,
187,
188,
189,
190,
191,
192,
193,
194,
195,
196,
197,
198,
199,
200,
201,
202,
203,
204,
205,
206,
207,
208,
209,
210,
211,
212,
213,
214,
215,
216,
217,
218,
219,
220,
221,
222,
223,
224,
225,
226,
227,
228,
229,
230,
231,
232,
233,
234,
235,
236,
237,
238,
239,
240,
241,
242,
243,
244,
245,
246,
247,
248,
249,
250,
251,
252,
253,
254,
255,
256,
257,
258,
259,
260,
261,
262,
263,
264,
265,
266,
267,
268,
269,
270,
271,
272,
273,
274,
275,
276,
277,
278,
279,
280,
281,
282,
283,
284,
285,
286,
287,
288,
289,
290,
291,
292,
293,
294,
295,
296,
297,
298,
299,
300,
301,
302,
303,
304,
305,
306,
307,
308,
309,
310,
311,
312,
313,
314,
315,
316,
317,
318,
319,
320,
321,
322,
323,
324,
325,
326,
327,
328,
329,
330,
331,
332,
333,
334,
335,
336,
337,
338,
339,
340,
341,
342,
343,
344,
345,
346,
347,
348,
349,
350,
351,
352,
353,
354,
355,
356,
357,
358,
359,
360,
361,
362,
363,
364,
365,
366,
367,
368,
369,
370,
371,
372,
373,
374,
375,
376,
377,
378,
379,
380,
381,
382,
383,
384,
385,
386,
387,
388,
389,
390,
391,
392,
393,
394,
395,
396,
397,
398,
399,
400,
401,
402,
403,
404,
405,
406,
407,
408,
409,
410,
411,
412,
413,
414,
415,
416,
417,
418,
419,
420,
421,
422,
423,
424,
425,
426,
427,
428,
429,
430,
431,
432,
433,
434,
435,
436,
437,
438,
439,
440,
441,
442,
443,
444,
445,
446,
447,
448,
449,
450,
451,
452,
453, draw_hatch_bottom_sprite
454,
455, draw_hatch_top_sprite
456,
457,
458,
459,
460,
461,
462,
463,
464,
465,
466,
467,
468,
469,
470, invisible frame
471, invisible frame
472, invisible frame
473, invisible frame
474, invisible frame
475, invisible frame
476, invisible frame
477, invisible frame
478, invisible frame
479, invisible frame
480, invisible frame
481, invisible frame
482, invisible frame
483, invisible frame
484, invisible frame
485, invisible frame
486, invisible frame
487, invisible frame
488, invisible frame
489, invisible frame
490, invisible frame
491, invisible frame
492, invisible frame
493, invisible frame
494, invisible frame
495, invisible frame
496, invisible frame
497, invisible frame
498, invisible frame
499, invisible frame
500, invisible frame
501, invisible frame
502, invisible frame
503, invisible frame
504, invisible frame
505, invisible frame
506, invisible frame
507, invisible frame
508, invisible frame
509, invisible frame
510, invisible frame
511, invisible frame
512, invisible frame
513, invisible frame
514, invisible frame
515, invisible frame
516, invisible frame
517, invisible frame
518, invisible frame
519, invisible frame
520, invisible frame
521, invisible frame
522, invisible frame
523, invisible frame
524, invisible frame
525, invisible frame
526, invisible frame
527, invisible frame
528, invisible frame
529, invisible frame
530, invisible frame
531, invisible frame
532, invisible frame
533, invisible frame
534, invisible frame
535, invisible frame
536, invisible frame
537, invisible frame
538, invisible frame
539, invisible frame
540, invisible frame
541, invisible frame
542, invisible frame
543, invisible frame
544, invisible frame
545, invisible frame
546, invisible frame
547, invisible frame
548, invisible frame
549, invisible frame
550, invisible frame
551, invisible frame
552, invisible frame
553, invisible frame
554, invisible frame
555, invisible frame
556, invisible frame
557, invisible frame
558, invisible frame
559, invisible frame
560, invisible frame
561, invisible frame
562, invisible frame
563, invisible frame
564, invisible frame
565, invisible frame
566, invisible frame
567, invisible frame
568, invisible frame
569, invisible frame
570, invisible frame
571, invisible frame
572, invisible frame
573, invisible frame
574, invisible frame
575, invisible frame
576, invisible frame
577, invisible frame
578, invisible frame
579, invisible frame
580, invisible frame
581, invisible frame
582, invisible frame
583, invisible frame
584, invisible frame
585, invisible frame
586, invisible frame
587, invisible frame
588, invisible frame